[0.062s] DEBUG:colcon:Command line arguments: ['/usr/bin/colcon', 'build']
[0.062s] DEBUG:colcon:Parsed command line arguments: Namespace(log_base=None, log_level=None, verb_name='build', build_base='build', install_base='install', merge_install=False, symlink_install=False, test_result_base=None, continue_on_error=False, executor='parallel', parallel_workers=24, event_handlers=None, ignore_user_meta=False, metas=['./colcon.meta'], base_paths=['.'], packages_ignore=None, packages_ignore_regex=None, paths=None, packages_up_to=None, packages_up_to_regex=None, packages_above=None, packages_above_and_dependencies=None, packages_above_depth=None, packages_select_by_dep=None, packages_skip_by_dep=None, packages_skip_up_to=None, packages_select_build_failed=False, packages_skip_build_finished=False, packages_select_test_failures=False, packages_skip_test_passed=False, packages_select=None, packages_skip=None, packages_select_regex=None, packages_skip_regex=None, packages_start=None, packages_end=None, allow_overriding=[], cmake_args=None, cmake_target=None, cmake_target_skip_unavailable=False, cmake_clean_cache=False, cmake_clean_first=False, cmake_force_configure=False, ament_cmake_args=None, catkin_cmake_args=None, catkin_skip_building_tests=False, verb_parser=<colcon_defaults.argument_parser.defaults.DefaultArgumentsDecorator object at 0x7c1b2f3676d0>, verb_extension=<colcon_core.verb.build.BuildVerb object at 0x7c1b2f4acb50>, main=<bound method BuildVerb.main of <colcon_core.verb.build.BuildVerb object at 0x7c1b2f4acb50>>)
[0.082s] Level 1:colcon.colcon_core.package_discovery:discover_packages(colcon_meta) check parameters
[0.082s] Level 1:colcon.colcon_core.package_discovery:discover_packages(recursive) check parameters
[0.082s] Level 1:colcon.colcon_core.package_discovery:discover_packages(ignore) check parameters
[0.082s] Level 1:colcon.colcon_core.package_discovery:discover_packages(path) check parameters
[0.083s] Level 1:colcon.colcon_core.package_discovery:discover_packages(colcon_meta) discover
[0.083s] Level 1:colcon.colcon_core.package_discovery:discover_packages(recursive) discover
[0.083s] INFO:colcon.colcon_core.package_discovery:Crawling recursively for packages in '/home/jienan/automatic_move'
[0.083s] Level 1:colcon.colcon_core.package_identification:_identify(.) by extensions ['ignore', 'ignore_ament_install']
[0.083s] Level 1:colcon.colcon_core.package_identification:_identify(.) by extension 'ignore'
[0.083s] Level 1:colcon.colcon_core.package_identification:_identify(.) by extension 'ignore_ament_install'
[0.083s] Level 1:colcon.colcon_core.package_identification:_identify(.) by extensions ['colcon_pkg']
[0.083s] Level 1:colcon.colcon_core.package_identification:_identify(.) by extension 'colcon_pkg'
[0.083s] Level 1:colcon.colcon_core.package_identification:_identify(.) by extensions ['colcon_meta']
[0.083s] Level 1:colcon.colcon_core.package_identification:_identify(.) by extension 'colcon_meta'
[0.083s] Level 1:colcon.colcon_core.package_identification:_identify(.) by extensions ['ros']
[0.083s] Level 1:colcon.colcon_core.package_identification:_identify(.) by extension 'ros'
[0.091s] Level 1:colcon.colcon_core.package_identification:_identify(.) by extensions ['cmake', 'python']
[0.091s] Level 1:colcon.colcon_core.package_identification:_identify(.) by extension 'cmake'
[0.091s] Level 1:colcon.colcon_core.package_identification:_identify(.) by extension 'python'
[0.091s] Level 1:colcon.colcon_core.package_identification:_identify(.) by extensions ['python_setup_py']
[0.091s] Level 1:colcon.colcon_core.package_identification:_identify(.) by extension 'python_setup_py'
[0.091s] Level 1:colcon.colcon_core.package_identification:_identify(build) by extensions ['ignore', 'ignore_ament_install']
[0.091s] Level 1:colcon.colcon_core.package_identification:_identify(build) by extension 'ignore'
[0.091s] Level 1:colcon.colcon_core.package_identification:_identify(build) ignored
[0.091s] Level 1:colcon.colcon_core.package_identification:_identify(install) by extensions ['ignore', 'ignore_ament_install']
[0.092s] Level 1:colcon.colcon_core.package_identification:_identify(install) by extension 'ignore'
[0.092s] Level 1:colcon.colcon_core.package_identification:_identify(install) ignored
[0.092s] Level 1:colcon.colcon_core.package_identification:_identify(log) by extensions ['ignore', 'ignore_ament_install']
[0.092s] Level 1:colcon.colcon_core.package_identification:_identify(log) by extension 'ignore'
[0.092s] Level 1:colcon.colcon_core.package_identification:_identify(log) ignored
[0.092s] Level 1:colcon.colcon_core.package_identification:_identify(src) by extensions ['ignore', 'ignore_ament_install']
[0.092s] Level 1:colcon.colcon_core.package_identification:_identify(src) by extension 'ignore'
[0.092s] Level 1:colcon.colcon_core.package_identification:_identify(src) by extension 'ignore_ament_install'
[0.092s] Level 1:colcon.colcon_core.package_identification:_identify(src) by extensions ['colcon_pkg']
[0.092s] Level 1:colcon.colcon_core.package_identification:_identify(src) by extension 'colcon_pkg'
[0.092s] Level 1:colcon.colcon_core.package_identification:_identify(src) by extensions ['colcon_meta']
[0.092s] Level 1:colcon.colcon_core.package_identification:_identify(src) by extension 'colcon_meta'
[0.092s] Level 1:colcon.colcon_core.package_identification:_identify(src) by extensions ['ros']
[0.092s] Level 1:colcon.colcon_core.package_identification:_identify(src) by extension 'ros'
[0.092s] Level 1:colcon.colcon_core.package_identification:_identify(src) by extensions ['cmake', 'python']
[0.092s] Level 1:colcon.colcon_core.package_identification:_identify(src) by extension 'cmake'
[0.092s] Level 1:colcon.colcon_core.package_identification:_identify(src) by extension 'python'
[0.092s] Level 1:colcon.colcon_core.package_identification:_identify(src) by extensions ['python_setup_py']
[0.092s] Level 1:colcon.colcon_core.package_identification:_identify(src) by extension 'python_setup_py'
[0.092s] Level 1:colcon.colcon_core.package_identification:_identify(src/Livox-SDK2) by extensions ['ignore', 'ignore_ament_install']
[0.092s] Level 1:colcon.colcon_core.package_identification:_identify(src/Livox-SDK2) by extension 'ignore'
[0.092s] Level 1:colcon.colcon_core.package_identification:_identify(src/Livox-SDK2) by extension 'ignore_ament_install'
[0.092s] Level 1:colcon.colcon_core.package_identification:_identify(src/Livox-SDK2) by extensions ['colcon_pkg']
[0.092s] Level 1:colcon.colcon_core.package_identification:_identify(src/Livox-SDK2) by extension 'colcon_pkg'
[0.092s] Level 1:colcon.colcon_core.package_identification:_identify(src/Livox-SDK2) by extensions ['colcon_meta']
[0.092s] Level 1:colcon.colcon_core.package_identification:_identify(src/Livox-SDK2) by extension 'colcon_meta'
[0.092s] Level 1:colcon.colcon_core.package_identification:_identify(src/Livox-SDK2) by extensions ['ros']
[0.092s] Level 1:colcon.colcon_core.package_identification:_identify(src/Livox-SDK2) by extension 'ros'
[0.092s] Level 1:colcon.colcon_core.package_identification:_identify(src/Livox-SDK2) by extensions ['cmake', 'python']
[0.092s] Level 1:colcon.colcon_core.package_identification:_identify(src/Livox-SDK2) by extension 'cmake'
[0.097s] Level 1:colcon.colcon_core.package_identification:_identify(src/Livox-SDK2) by extension 'python'
[0.097s] DEBUG:colcon.colcon_core.package_identification:Package 'src/Livox-SDK2' with type 'cmake' and name 'livox_sdk2'
[0.097s] Level 1:colcon.colcon_core.package_identification:_identify(src/automove_engine) by extensions ['ignore', 'ignore_ament_install']
[0.097s] Level 1:colcon.colcon_core.package_identification:_identify(src/automove_engine) by extension 'ignore'
[0.097s] Level 1:colcon.colcon_core.package_identification:_identify(src/automove_engine) by extension 'ignore_ament_install'
[0.097s] Level 1:colcon.colcon_core.package_identification:_identify(src/automove_engine) by extensions ['colcon_pkg']
[0.097s] Level 1:colcon.colcon_core.package_identification:_identify(src/automove_engine) by extension 'colcon_pkg'
[0.097s] Level 1:colcon.colcon_core.package_identification:_identify(src/automove_engine) by extensions ['colcon_meta']
[0.097s] Level 1:colcon.colcon_core.package_identification:_identify(src/automove_engine) by extension 'colcon_meta'
[0.097s] Level 1:colcon.colcon_core.package_identification:_identify(src/automove_engine) by extensions ['ros']
[0.097s] Level 1:colcon.colcon_core.package_identification:_identify(src/automove_engine) by extension 'ros'
[0.099s] DEBUG:colcon.colcon_core.package_identification:Package 'src/automove_engine' with type 'ros.ament_python' and name 'automove_engine'
[0.099s] Level 1:colcon.colcon_core.package_identification:_identify(src/livox_laser_simulation_ros2) by extensions ['ignore', 'ignore_ament_install']
[0.099s] Level 1:colcon.colcon_core.package_identification:_identify(src/livox_laser_simulation_ros2) by extension 'ignore'
[0.099s] Level 1:colcon.colcon_core.package_identification:_identify(src/livox_laser_simulation_ros2) by extension 'ignore_ament_install'
[0.099s] Level 1:colcon.colcon_core.package_identification:_identify(src/livox_laser_simulation_ros2) by extensions ['colcon_pkg']
[0.099s] Level 1:colcon.colcon_core.package_identification:_identify(src/livox_laser_simulation_ros2) by extension 'colcon_pkg'
[0.099s] Level 1:colcon.colcon_core.package_identification:_identify(src/livox_laser_simulation_ros2) by extensions ['colcon_meta']
[0.099s] Level 1:colcon.colcon_core.package_identification:_identify(src/livox_laser_simulation_ros2) by extension 'colcon_meta'
[0.099s] Level 1:colcon.colcon_core.package_identification:_identify(src/livox_laser_simulation_ros2) by extensions ['ros']
[0.099s] Level 1:colcon.colcon_core.package_identification:_identify(src/livox_laser_simulation_ros2) by extension 'ros'
[0.099s] DEBUG:colcon.colcon_core.package_identification:Package 'src/livox_laser_simulation_ros2' with type 'ros.ament_cmake' and name 'ros2_livox_simulation'
[0.100s] Level 1:colcon.colcon_core.package_identification:_identify(src/livox_ros_driver2) by extensions ['ignore', 'ignore_ament_install']
[0.100s] Level 1:colcon.colcon_core.package_identification:_identify(src/livox_ros_driver2) by extension 'ignore'
[0.100s] Level 1:colcon.colcon_core.package_identification:_identify(src/livox_ros_driver2) by extension 'ignore_ament_install'
[0.100s] Level 1:colcon.colcon_core.package_identification:_identify(src/livox_ros_driver2) by extensions ['colcon_pkg']
[0.100s] Level 1:colcon.colcon_core.package_identification:_identify(src/livox_ros_driver2) by extension 'colcon_pkg'
[0.100s] Level 1:colcon.colcon_core.package_identification:_identify(src/livox_ros_driver2) by extensions ['colcon_meta']
[0.100s] Level 1:colcon.colcon_core.package_identification:_identify(src/livox_ros_driver2) by extension 'colcon_meta'
[0.100s] Level 1:colcon.colcon_core.package_identification:_identify(src/livox_ros_driver2) by extensions ['ros']
[0.100s] Level 1:colcon.colcon_core.package_identification:_identify(src/livox_ros_driver2) by extension 'ros'
[0.100s] DEBUG:colcon.colcon_core.package_identification:Package 'src/livox_ros_driver2' with type 'ros.ament_cmake' and name 'livox_ros_driver2'
[0.100s] Level 1:colcon.colcon_core.package_identification:_identify(src/world_models) by extensions ['ignore', 'ignore_ament_install']
[0.100s] Level 1:colcon.colcon_core.package_identification:_identify(src/world_models) by extension 'ignore'
[0.100s] Level 1:colcon.colcon_core.package_identification:_identify(src/world_models) by extension 'ignore_ament_install'
[0.100s] Level 1:colcon.colcon_core.package_identification:_identify(src/world_models) by extensions ['colcon_pkg']
[0.100s] Level 1:colcon.colcon_core.package_identification:_identify(src/world_models) by extension 'colcon_pkg'
[0.100s] Level 1:colcon.colcon_core.package_identification:_identify(src/world_models) by extensions ['colcon_meta']
[0.101s] Level 1:colcon.colcon_core.package_identification:_identify(src/world_models) by extension 'colcon_meta'
[0.101s] Level 1:colcon.colcon_core.package_identification:_identify(src/world_models) by extensions ['ros']
[0.101s] Level 1:colcon.colcon_core.package_identification:_identify(src/world_models) by extension 'ros'
[0.101s] DEBUG:colcon.colcon_core.package_identification:Package 'src/world_models' with type 'ros.ament_cmake' and name 'world_models'
[0.101s] Level 1:colcon.colcon_core.package_discovery:discover_packages(recursive) using defaults
[0.101s] Level 1:colcon.colcon_core.package_discovery:discover_packages(ignore) discover
[0.101s] Level 1:colcon.colcon_core.package_discovery:discover_packages(ignore) using defaults
[0.101s] Level 1:colcon.colcon_core.package_discovery:discover_packages(path) discover
[0.101s] Level 1:colcon.colcon_core.package_discovery:discover_packages(path) using defaults
[0.112s] Level 1:colcon.colcon_core.package_discovery:discover_packages(prefix_path) check parameters
[0.112s] Level 1:colcon.colcon_core.package_discovery:discover_packages(prefix_path) discover
[0.113s] DEBUG:colcon.colcon_installed_package_information.package_discovery:Found 5 installed packages in /home/jienan/automatic_move/install
[0.114s] DEBUG:colcon.colcon_installed_package_information.package_discovery:Found 284 installed packages in /opt/ros/humble
[0.114s] Level 1:colcon.colcon_core.package_discovery:discover_packages(prefix_path) using defaults
[0.132s] Level 5:colcon.colcon_core.verb:set package 'automove_engine' build argument 'cmake_args' from command line to 'None'
[0.132s] Level 5:colcon.colcon_core.verb:set package 'automove_engine' build argument 'cmake_target' from command line to 'None'
[0.132s] Level 5:colcon.colcon_core.verb:set package 'automove_engine' build argument 'cmake_target_skip_unavailable' from command line to 'False'
[0.132s] Level 5:colcon.colcon_core.verb:set package 'automove_engine' build argument 'cmake_clean_cache' from command line to 'False'
[0.132s] Level 5:colcon.colcon_core.verb:set package 'automove_engine' build argument 'cmake_clean_first' from command line to 'False'
[0.132s] Level 5:colcon.colcon_core.verb:set package 'automove_engine' build argument 'cmake_force_configure' from command line to 'False'
[0.132s] Level 5:colcon.colcon_core.verb:set package 'automove_engine' build argument 'ament_cmake_args' from command line to 'None'
[0.132s] Level 5:colcon.colcon_core.verb:set package 'automove_engine' build argument 'catkin_cmake_args' from command line to 'None'
[0.132s] Level 5:colcon.colcon_core.verb:set package 'automove_engine' build argument 'catkin_skip_building_tests' from command line to 'False'
[0.132s] DEBUG:colcon.colcon_core.verb:Building package 'automove_engine' with the following arguments: {'ament_cmake_args': None, 'build_base': '/home/jienan/automatic_move/build/automove_engine', 'catkin_cmake_args': None, 'catkin_skip_building_tests': False, 'cmake_args': None, 'cmake_clean_cache': False, 'cmake_clean_first': False, 'cmake_force_configure': False, 'cmake_target': None, 'cmake_target_skip_unavailable': False, 'install_base': '/home/jienan/automatic_move/install/automove_engine', 'merge_install': False, 'path': '/home/jienan/automatic_move/src/automove_engine', 'symlink_install': False, 'test_result_base': None}
[0.132s] Level 5:colcon.colcon_core.verb:set package 'livox_ros_driver2' build argument 'cmake_args' from command line to 'None'
[0.133s] Level 5:colcon.colcon_core.verb:set package 'livox_ros_driver2' build argument 'cmake_target' from command line to 'None'
[0.133s] Level 5:colcon.colcon_core.verb:set package 'livox_ros_driver2' build argument 'cmake_target_skip_unavailable' from command line to 'False'
[0.133s] Level 5:colcon.colcon_core.verb:set package 'livox_ros_driver2' build argument 'cmake_clean_cache' from command line to 'False'
[0.133s] Level 5:colcon.colcon_core.verb:set package 'livox_ros_driver2' build argument 'cmake_clean_first' from command line to 'False'
[0.133s] Level 5:colcon.colcon_core.verb:set package 'livox_ros_driver2' build argument 'cmake_force_configure' from command line to 'False'
[0.133s] Level 5:colcon.colcon_core.verb:set package 'livox_ros_driver2' build argument 'ament_cmake_args' from command line to 'None'
[0.133s] Level 5:colcon.colcon_core.verb:set package 'livox_ros_driver2' build argument 'catkin_cmake_args' from command line to 'None'
[0.133s] Level 5:colcon.colcon_core.verb:set package 'livox_ros_driver2' build argument 'catkin_skip_building_tests' from command line to 'False'
[0.133s] DEBUG:colcon.colcon_core.verb:Building package 'livox_ros_driver2' with the following arguments: {'ament_cmake_args': None, 'build_base': '/home/jienan/automatic_move/build/livox_ros_driver2', 'catkin_cmake_args': None, 'catkin_skip_building_tests': False, 'cmake_args': None, 'cmake_clean_cache': False, 'cmake_clean_first': False, 'cmake_force_configure': False, 'cmake_target': None, 'cmake_target_skip_unavailable': False, 'install_base': '/home/jienan/automatic_move/install/livox_ros_driver2', 'merge_install': False, 'path': '/home/jienan/automatic_move/src/livox_ros_driver2', 'symlink_install': False, 'test_result_base': None}
[0.133s] Level 5:colcon.colcon_core.verb:set package 'livox_sdk2' build argument 'cmake_args' from command line to 'None'
[0.133s] Level 5:colcon.colcon_core.verb:set package 'livox_sdk2' build argument 'cmake_target' from command line to 'None'
[0.133s] Level 5:colcon.colcon_core.verb:set package 'livox_sdk2' build argument 'cmake_target_skip_unavailable' from command line to 'False'
[0.133s] Level 5:colcon.colcon_core.verb:set package 'livox_sdk2' build argument 'cmake_clean_cache' from command line to 'False'
[0.133s] Level 5:colcon.colcon_core.verb:set package 'livox_sdk2' build argument 'cmake_clean_first' from command line to 'False'
[0.133s] Level 5:colcon.colcon_core.verb:set package 'livox_sdk2' build argument 'cmake_force_configure' from command line to 'False'
[0.133s] Level 5:colcon.colcon_core.verb:set package 'livox_sdk2' build argument 'ament_cmake_args' from command line to 'None'
[0.133s] Level 5:colcon.colcon_core.verb:set package 'livox_sdk2' build argument 'catkin_cmake_args' from command line to 'None'
[0.133s] Level 5:colcon.colcon_core.verb:set package 'livox_sdk2' build argument 'catkin_skip_building_tests' from command line to 'False'
[0.133s] DEBUG:colcon.colcon_core.verb:Building package 'livox_sdk2' with the following arguments: {'ament_cmake_args': None, 'build_base': '/home/jienan/automatic_move/build/livox_sdk2', 'catkin_cmake_args': None, 'catkin_skip_building_tests': False, 'cmake_args': None, 'cmake_clean_cache': False, 'cmake_clean_first': False, 'cmake_force_configure': False, 'cmake_target': None, 'cmake_target_skip_unavailable': False, 'install_base': '/home/jienan/automatic_move/install/livox_sdk2', 'merge_install': False, 'path': '/home/jienan/automatic_move/src/Livox-SDK2', 'symlink_install': False, 'test_result_base': None}
[0.133s] Level 5:colcon.colcon_core.verb:set package 'world_models' build argument 'cmake_args' from command line to 'None'
[0.133s] Level 5:colcon.colcon_core.verb:set package 'world_models' build argument 'cmake_target' from command line to 'None'
[0.133s] Level 5:colcon.colcon_core.verb:set package 'world_models' build argument 'cmake_target_skip_unavailable' from command line to 'False'
[0.133s] Level 5:colcon.colcon_core.verb:set package 'world_models' build argument 'cmake_clean_cache' from command line to 'False'
[0.133s] Level 5:colcon.colcon_core.verb:set package 'world_models' build argument 'cmake_clean_first' from command line to 'False'
[0.133s] Level 5:colcon.colcon_core.verb:set package 'world_models' build argument 'cmake_force_configure' from command line to 'False'
[0.133s] Level 5:colcon.colcon_core.verb:set package 'world_models' build argument 'ament_cmake_args' from command line to 'None'
[0.133s] Level 5:colcon.colcon_core.verb:set package 'world_models' build argument 'catkin_cmake_args' from command line to 'None'
[0.133s] Level 5:colcon.colcon_core.verb:set package 'world_models' build argument 'catkin_skip_building_tests' from command line to 'False'
[0.133s] DEBUG:colcon.colcon_core.verb:Building package 'world_models' with the following arguments: {'ament_cmake_args': None, 'build_base': '/home/jienan/automatic_move/build/world_models', 'catkin_cmake_args': None, 'catkin_skip_building_tests': False, 'cmake_args': None, 'cmake_clean_cache': False, 'cmake_clean_first': False, 'cmake_force_configure': False, 'cmake_target': None, 'cmake_target_skip_unavailable': False, 'install_base': '/home/jienan/automatic_move/install/world_models', 'merge_install': False, 'path': '/home/jienan/automatic_move/src/world_models', 'symlink_install': False, 'test_result_base': None}
[0.133s] Level 5:colcon.colcon_core.verb:set package 'ros2_livox_simulation' build argument 'cmake_args' from command line to 'None'
[0.133s] Level 5:colcon.colcon_core.verb:set package 'ros2_livox_simulation' build argument 'cmake_target' from command line to 'None'
[0.133s] Level 5:colcon.colcon_core.verb:set package 'ros2_livox_simulation' build argument 'cmake_target_skip_unavailable' from command line to 'False'
[0.133s] Level 5:colcon.colcon_core.verb:set package 'ros2_livox_simulation' build argument 'cmake_clean_cache' from command line to 'False'
[0.133s] Level 5:colcon.colcon_core.verb:set package 'ros2_livox_simulation' build argument 'cmake_clean_first' from command line to 'False'
[0.133s] Level 5:colcon.colcon_core.verb:set package 'ros2_livox_simulation' build argument 'cmake_force_configure' from command line to 'False'
[0.133s] Level 5:colcon.colcon_core.verb:set package 'ros2_livox_simulation' build argument 'ament_cmake_args' from command line to 'None'
[0.133s] Level 5:colcon.colcon_core.verb:set package 'ros2_livox_simulation' build argument 'catkin_cmake_args' from command line to 'None'
[0.133s] Level 5:colcon.colcon_core.verb:set package 'ros2_livox_simulation' build argument 'catkin_skip_building_tests' from command line to 'False'
[0.133s] DEBUG:colcon.colcon_core.verb:Building package 'ros2_livox_simulation' with the following arguments: {'ament_cmake_args': None, 'build_base': '/home/jienan/automatic_move/build/ros2_livox_simulation', 'catkin_cmake_args': None, 'catkin_skip_building_tests': False, 'cmake_args': None, 'cmake_clean_cache': False, 'cmake_clean_first': False, 'cmake_force_configure': False, 'cmake_target': None, 'cmake_target_skip_unavailable': False, 'install_base': '/home/jienan/automatic_move/install/ros2_livox_simulation', 'merge_install': False, 'path': '/home/jienan/automatic_move/src/livox_laser_simulation_ros2', 'symlink_install': False, 'test_result_base': None}
[0.133s] INFO:colcon.colcon_core.executor:Executing jobs using 'parallel' executor
[0.134s] DEBUG:colcon.colcon_parallel_executor.executor.parallel:run_until_complete
[0.134s] INFO:colcon.colcon_ros.task.ament_cmake.build:Building ROS package in '/home/jienan/automatic_move/src/livox_ros_driver2' with build type 'ament_cmake'
[0.134s] INFO:colcon.colcon_cmake.task.cmake.build:Building CMake package in '/home/jienan/automatic_move/src/livox_ros_driver2'
[0.136s] INFO:colcon.colcon_core.plugin_system:Skipping extension 'colcon_core.shell.bat': Not used on non-Windows systems
[0.136s] INFO:colcon.colcon_core.shell:Skip shell extension 'powershell' for command environment: Not usable outside of PowerShell
[0.136s] DEBUG:colcon.colcon_core.shell:Skip shell extension 'dsv' for command environment
[0.138s] INFO:colcon.colcon_ros.task.ament_python.build:Building ROS package in '/home/jienan/automatic_move/src/automove_engine' with build type 'ament_python'
[0.138s] Level 1:colcon.colcon_core.shell:create_environment_hook('automove_engine', 'ament_prefix_path')
[0.138s] INFO:colcon.colcon_core.shell:Creating environment hook '/home/jienan/automatic_move/install/automove_engine/share/automove_engine/hook/ament_prefix_path.ps1'
[0.138s] INFO:colcon.colcon_core.shell:Creating environment descriptor '/home/jienan/automatic_move/install/automove_engine/share/automove_engine/hook/ament_prefix_path.dsv'
[0.138s] INFO:colcon.colcon_core.shell:Creating environment hook '/home/jienan/automatic_move/install/automove_engine/share/automove_engine/hook/ament_prefix_path.sh'
[0.139s] INFO:colcon.colcon_core.shell:Skip shell extension 'powershell' for command environment: Not usable outside of PowerShell
[0.139s] DEBUG:colcon.colcon_core.shell:Skip shell extension 'dsv' for command environment
[0.140s] INFO:colcon.colcon_cmake.task.cmake.build:Building CMake package in '/home/jienan/automatic_move/src/Livox-SDK2'
[0.141s] INFO:colcon.colcon_core.shell:Skip shell extension 'powershell' for command environment: Not usable outside of PowerShell
[0.141s] DEBUG:colcon.colcon_core.shell:Skip shell extension 'dsv' for command environment
[0.143s] INFO:colcon.colcon_ros.task.ament_cmake.build:Building ROS package in '/home/jienan/automatic_move/src/world_models' with build type 'ament_cmake'
[0.143s] INFO:colcon.colcon_cmake.task.cmake.build:Building CMake package in '/home/jienan/automatic_move/src/world_models'
[0.143s] INFO:colcon.colcon_core.shell:Skip shell extension 'powershell' for command environment: Not usable outside of PowerShell
[0.143s] DEBUG:colcon.colcon_core.shell:Skip shell extension 'dsv' for command environment
[0.149s] DEBUG:colcon.colcon_core.event_handler.log_command:Invoking command in '/home/jienan/automatic_move/build/livox_ros_driver2': CMAKE_PREFIX_PATH=${CMAKE_PREFIX_PATH}:/home/jienan/automatic_move/install/automove_engine:/opt/ros/humble /usr/bin/cmake --build /home/jienan/automatic_move/build/livox_ros_driver2 -- -j24 -l24
[0.300s] INFO:colcon.colcon_core.task.python.build:Building Python package in '/home/jienan/automatic_move/src/automove_engine'
[0.301s] INFO:colcon.colcon_core.shell:Skip shell extension 'powershell' for command environment: Not usable outside of PowerShell
[0.301s] DEBUG:colcon.colcon_core.shell:Skip shell extension 'dsv' for command environment
[0.305s] DEBUG:colcon.colcon_core.event_handler.log_command:Invoking command in '/home/jienan/automatic_move/build/livox_sdk2': /usr/bin/cmake --build /home/jienan/automatic_move/build/livox_sdk2 -- -j24 -l24
[0.310s] DEBUG:colcon.colcon_core.event_handler.log_command:Invoking command in '/home/jienan/automatic_move/build/world_models': CMAKE_PREFIX_PATH=${CMAKE_PREFIX_PATH}:/home/jienan/automatic_move/install/automove_engine:/opt/ros/humble /usr/bin/cmake --build /home/jienan/automatic_move/build/world_models -- -j24 -l24
[0.335s] DEBUG:colcon.colcon_core.event_handler.log_command:Invoked command in '/home/jienan/automatic_move/build/world_models' returned '0': CMAKE_PREFIX_PATH=${CMAKE_PREFIX_PATH}:/home/jienan/automatic_move/install/automove_engine:/opt/ros/humble /usr/bin/cmake --build /home/jienan/automatic_move/build/world_models -- -j24 -l24
[0.344s] DEBUG:colcon.colcon_core.event_handler.log_command:Invoking command in '/home/jienan/automatic_move/build/world_models': CMAKE_PREFIX_PATH=${CMAKE_PREFIX_PATH}:/home/jienan/automatic_move/install/automove_engine:/opt/ros/humble /usr/bin/cmake --install /home/jienan/automatic_move/build/world_models
[0.353s] Level 1:colcon.colcon_core.environment:create_environment_scripts_only(world_models)
[0.354s] DEBUG:colcon.colcon_core.event_handler.log_command:Invoked command in '/home/jienan/automatic_move/build/world_models' returned '0': CMAKE_PREFIX_PATH=${CMAKE_PREFIX_PATH}:/home/jienan/automatic_move/install/automove_engine:/opt/ros/humble /usr/bin/cmake --install /home/jienan/automatic_move/build/world_models
[0.357s] Level 1:colcon.colcon_core.environment:checking '/home/jienan/automatic_move/install/world_models' for CMake module files
[0.357s] Level 1:colcon.colcon_core.environment:checking '/home/jienan/automatic_move/install/world_models' for CMake config files
[0.357s] Level 1:colcon.colcon_core.shell:create_environment_hook('world_models', 'cmake_prefix_path')
[0.358s] INFO:colcon.colcon_core.shell:Creating environment hook '/home/jienan/automatic_move/install/world_models/share/world_models/hook/cmake_prefix_path.ps1'
[0.358s] INFO:colcon.colcon_core.shell:Creating environment descriptor '/home/jienan/automatic_move/install/world_models/share/world_models/hook/cmake_prefix_path.dsv'
[0.359s] INFO:colcon.colcon_core.shell:Creating environment hook '/home/jienan/automatic_move/install/world_models/share/world_models/hook/cmake_prefix_path.sh'
[0.359s] Level 1:colcon.colcon_core.environment:checking '/home/jienan/automatic_move/install/world_models/lib'
[0.360s] Level 1:colcon.colcon_core.environment:checking '/home/jienan/automatic_move/install/world_models/bin'
[0.360s] Level 1:colcon.colcon_core.environment:checking '/home/jienan/automatic_move/install/world_models/lib/pkgconfig/world_models.pc'
[0.360s] Level 1:colcon.colcon_core.environment:checking '/home/jienan/automatic_move/install/world_models/lib/python3.10/site-packages'
[0.360s] Level 1:colcon.colcon_core.environment:checking '/home/jienan/automatic_move/install/world_models/bin'
[0.361s] INFO:colcon.colcon_core.shell:Creating package script '/home/jienan/automatic_move/install/world_models/share/world_models/package.ps1'
[0.362s] INFO:colcon.colcon_core.shell:Creating package descriptor '/home/jienan/automatic_move/install/world_models/share/world_models/package.dsv'
[0.362s] INFO:colcon.colcon_core.shell:Creating package script '/home/jienan/automatic_move/install/world_models/share/world_models/package.sh'
[0.363s] INFO:colcon.colcon_core.shell:Creating package script '/home/jienan/automatic_move/install/world_models/share/world_models/package.bash'
[0.364s] INFO:colcon.colcon_core.shell:Creating package script '/home/jienan/automatic_move/install/world_models/share/world_models/package.zsh'
[0.365s] Level 1:colcon.colcon_core.environment:create_file_with_runtime_dependencies(/home/jienan/automatic_move/install/world_models/share/colcon-core/packages/world_models)
[0.365s] Level 1:colcon.colcon_core.environment:create_environment_scripts_only(world_models)
[0.366s] Level 1:colcon.colcon_core.environment:checking '/home/jienan/automatic_move/install/world_models' for CMake module files
[0.366s] Level 1:colcon.colcon_core.environment:checking '/home/jienan/automatic_move/install/world_models' for CMake config files
[0.366s] Level 1:colcon.colcon_core.shell:create_environment_hook('world_models', 'cmake_prefix_path')
[0.366s] INFO:colcon.colcon_core.shell:Creating environment hook '/home/jienan/automatic_move/install/world_models/share/world_models/hook/cmake_prefix_path.ps1'
[0.367s] INFO:colcon.colcon_core.shell:Creating environment descriptor '/home/jienan/automatic_move/install/world_models/share/world_models/hook/cmake_prefix_path.dsv'
[0.367s] INFO:colcon.colcon_core.shell:Creating environment hook '/home/jienan/automatic_move/install/world_models/share/world_models/hook/cmake_prefix_path.sh'
[0.367s] Level 1:colcon.colcon_core.environment:checking '/home/jienan/automatic_move/install/world_models/lib'
[0.367s] Level 1:colcon.colcon_core.environment:checking '/home/jienan/automatic_move/install/world_models/bin'
[0.367s] Level 1:colcon.colcon_core.environment:checking '/home/jienan/automatic_move/install/world_models/lib/pkgconfig/world_models.pc'
[0.367s] Level 1:colcon.colcon_core.environment:checking '/home/jienan/automatic_move/install/world_models/lib/python3.10/site-packages'
[0.368s] Level 1:colcon.colcon_core.environment:checking '/home/jienan/automatic_move/install/world_models/bin'
[0.368s] INFO:colcon.colcon_core.shell:Creating package script '/home/jienan/automatic_move/install/world_models/share/world_models/package.ps1'
[0.368s] INFO:colcon.colcon_core.shell:Creating package descriptor '/home/jienan/automatic_move/install/world_models/share/world_models/package.dsv'
[0.369s] INFO:colcon.colcon_core.shell:Creating package script '/home/jienan/automatic_move/install/world_models/share/world_models/package.sh'
[0.369s] INFO:colcon.colcon_core.shell:Creating package script '/home/jienan/automatic_move/install/world_models/share/world_models/package.bash'
[0.369s] INFO:colcon.colcon_core.shell:Creating package script '/home/jienan/automatic_move/install/world_models/share/world_models/package.zsh'
[0.370s] Level 1:colcon.colcon_core.environment:create_file_with_runtime_dependencies(/home/jienan/automatic_move/install/world_models/share/colcon-core/packages/world_models)
[0.381s] DEBUG:colcon.colcon_core.event_handler.log_command:Invoked command in '/home/jienan/automatic_move/build/livox_sdk2' returned '0': /usr/bin/cmake --build /home/jienan/automatic_move/build/livox_sdk2 -- -j24 -l24
[0.382s] DEBUG:colcon.colcon_core.event_handler.log_command:Invoking command in '/home/jienan/automatic_move/build/livox_sdk2': /usr/bin/cmake --install /home/jienan/automatic_move/build/livox_sdk2
[0.395s] Level 1:colcon.colcon_core.environment:create_environment_scripts_only(livox_sdk2)
[0.395s] Level 1:colcon.colcon_core.environment:checking '/home/jienan/automatic_move/install/livox_sdk2' for CMake module files
[0.395s] DEBUG:colcon.colcon_core.event_handler.log_command:Invoked command in '/home/jienan/automatic_move/build/livox_sdk2' returned '0': /usr/bin/cmake --install /home/jienan/automatic_move/build/livox_sdk2
[0.396s] Level 1:colcon.colcon_core.environment:checking '/home/jienan/automatic_move/install/livox_sdk2' for CMake config files
[0.396s] Level 1:colcon.colcon_core.environment:checking '/home/jienan/automatic_move/install/livox_sdk2/lib'
[0.396s] Level 1:colcon.colcon_core.shell:create_environment_hook('livox_sdk2', 'ld_library_path_lib')
[0.396s] INFO:colcon.colcon_core.shell:Creating environment hook '/home/jienan/automatic_move/install/livox_sdk2/share/livox_sdk2/hook/ld_library_path_lib.ps1'
[0.397s] INFO:colcon.colcon_core.shell:Creating environment descriptor '/home/jienan/automatic_move/install/livox_sdk2/share/livox_sdk2/hook/ld_library_path_lib.dsv'
[0.397s] INFO:colcon.colcon_core.shell:Creating environment hook '/home/jienan/automatic_move/install/livox_sdk2/share/livox_sdk2/hook/ld_library_path_lib.sh'
[0.398s] Level 1:colcon.colcon_core.environment:checking '/home/jienan/automatic_move/install/livox_sdk2/bin'
[0.398s] Level 1:colcon.colcon_core.environment:checking '/home/jienan/automatic_move/install/livox_sdk2/lib/pkgconfig/livox_sdk2.pc'
[0.398s] Level 1:colcon.colcon_core.environment:checking '/home/jienan/automatic_move/install/livox_sdk2/lib/python3.10/site-packages'
[0.398s] Level 1:colcon.colcon_core.environment:checking '/home/jienan/automatic_move/install/livox_sdk2/bin'
[0.399s] INFO:colcon.colcon_core.shell:Creating package script '/home/jienan/automatic_move/install/livox_sdk2/share/livox_sdk2/package.ps1'
[0.400s] INFO:colcon.colcon_core.shell:Creating package descriptor '/home/jienan/automatic_move/install/livox_sdk2/share/livox_sdk2/package.dsv'
[0.402s] INFO:colcon.colcon_core.shell:Creating package script '/home/jienan/automatic_move/install/livox_sdk2/share/livox_sdk2/package.sh'
[0.402s] INFO:colcon.colcon_core.shell:Creating package script '/home/jienan/automatic_move/install/livox_sdk2/share/livox_sdk2/package.bash'
[0.403s] INFO:colcon.colcon_core.shell:Creating package script '/home/jienan/automatic_move/install/livox_sdk2/share/livox_sdk2/package.zsh'
[0.404s] Level 1:colcon.colcon_core.environment:create_file_with_runtime_dependencies(/home/jienan/automatic_move/install/livox_sdk2/share/colcon-core/packages/livox_sdk2)
[0.428s] DEBUG:colcon.colcon_core.event_handler.log_command:Invoked command in '/home/jienan/automatic_move/build/livox_ros_driver2' returned '0': CMAKE_PREFIX_PATH=${CMAKE_PREFIX_PATH}:/home/jienan/automatic_move/install/automove_engine:/opt/ros/humble /usr/bin/cmake --build /home/jienan/automatic_move/build/livox_ros_driver2 -- -j24 -l24
[0.432s] DEBUG:colcon.colcon_core.event_handler.log_command:Invoking command in '/home/jienan/automatic_move/build/livox_ros_driver2': CMAKE_PREFIX_PATH=${CMAKE_PREFIX_PATH}:/home/jienan/automatic_move/install/automove_engine:/opt/ros/humble /usr/bin/cmake --install /home/jienan/automatic_move/build/livox_ros_driver2
[0.486s] Level 1:colcon.colcon_core.environment:create_environment_scripts_only(livox_ros_driver2)
[0.486s] Level 1:colcon.colcon_core.environment:checking '/home/jienan/automatic_move/install/livox_ros_driver2' for CMake module files
[0.486s] DEBUG:colcon.colcon_core.event_handler.log_command:Invoked command in '/home/jienan/automatic_move/build/livox_ros_driver2' returned '0': CMAKE_PREFIX_PATH=${CMAKE_PREFIX_PATH}:/home/jienan/automatic_move/install/automove_engine:/opt/ros/humble /usr/bin/cmake --install /home/jienan/automatic_move/build/livox_ros_driver2
[0.487s] Level 1:colcon.colcon_core.environment:checking '/home/jienan/automatic_move/install/livox_ros_driver2' for CMake config files
[0.487s] Level 1:colcon.colcon_core.shell:create_environment_hook('livox_ros_driver2', 'cmake_prefix_path')
[0.488s] INFO:colcon.colcon_core.shell:Creating environment hook '/home/jienan/automatic_move/install/livox_ros_driver2/share/livox_ros_driver2/hook/cmake_prefix_path.ps1'
[0.488s] INFO:colcon.colcon_core.shell:Creating environment descriptor '/home/jienan/automatic_move/install/livox_ros_driver2/share/livox_ros_driver2/hook/cmake_prefix_path.dsv'
[0.488s] INFO:colcon.colcon_core.shell:Creating environment hook '/home/jienan/automatic_move/install/livox_ros_driver2/share/livox_ros_driver2/hook/cmake_prefix_path.sh'
[0.489s] Level 1:colcon.colcon_core.environment:checking '/home/jienan/automatic_move/install/livox_ros_driver2/lib'
[0.489s] Level 1:colcon.colcon_core.shell:create_environment_hook('livox_ros_driver2', 'ld_library_path_lib')
[0.489s] INFO:colcon.colcon_core.shell:Creating environment hook '/home/jienan/automatic_move/install/livox_ros_driver2/share/livox_ros_driver2/hook/ld_library_path_lib.ps1'
[0.490s] INFO:colcon.colcon_core.shell:Creating environment descriptor '/home/jienan/automatic_move/install/livox_ros_driver2/share/livox_ros_driver2/hook/ld_library_path_lib.dsv'
[0.490s] INFO:colcon.colcon_core.shell:Creating environment hook '/home/jienan/automatic_move/install/livox_ros_driver2/share/livox_ros_driver2/hook/ld_library_path_lib.sh'
[0.490s] Level 1:colcon.colcon_core.environment:checking '/home/jienan/automatic_move/install/livox_ros_driver2/bin'
[0.490s] Level 1:colcon.colcon_core.environment:checking '/home/jienan/automatic_move/install/livox_ros_driver2/lib/pkgconfig/livox_ros_driver2.pc'
[0.491s] Level 1:colcon.colcon_core.environment:checking '/home/jienan/automatic_move/install/livox_ros_driver2/lib/python3.10/site-packages'
[0.491s] Level 1:colcon.colcon_core.environment:checking '/home/jienan/automatic_move/install/livox_ros_driver2/bin'
[0.491s] INFO:colcon.colcon_core.shell:Creating package script '/home/jienan/automatic_move/install/livox_ros_driver2/share/livox_ros_driver2/package.ps1'
[0.491s] INFO:colcon.colcon_core.shell:Creating package descriptor '/home/jienan/automatic_move/install/livox_ros_driver2/share/livox_ros_driver2/package.dsv'
[0.492s] INFO:colcon.colcon_core.shell:Creating package script '/home/jienan/automatic_move/install/livox_ros_driver2/share/livox_ros_driver2/package.sh'
[0.492s] INFO:colcon.colcon_core.shell:Creating package script '/home/jienan/automatic_move/install/livox_ros_driver2/share/livox_ros_driver2/package.bash'
[0.493s] INFO:colcon.colcon_core.shell:Creating package script '/home/jienan/automatic_move/install/livox_ros_driver2/share/livox_ros_driver2/package.zsh'
[0.493s] Level 1:colcon.colcon_core.environment:create_file_with_runtime_dependencies(/home/jienan/automatic_move/install/livox_ros_driver2/share/colcon-core/packages/livox_ros_driver2)
[0.493s] Level 1:colcon.colcon_core.environment:create_environment_scripts_only(livox_ros_driver2)
[0.493s] Level 1:colcon.colcon_core.environment:checking '/home/jienan/automatic_move/install/livox_ros_driver2' for CMake module files
[0.493s] Level 1:colcon.colcon_core.environment:checking '/home/jienan/automatic_move/install/livox_ros_driver2' for CMake config files
[0.494s] Level 1:colcon.colcon_core.shell:create_environment_hook('livox_ros_driver2', 'cmake_prefix_path')
[0.494s] INFO:colcon.colcon_core.shell:Creating environment hook '/home/jienan/automatic_move/install/livox_ros_driver2/share/livox_ros_driver2/hook/cmake_prefix_path.ps1'
[0.494s] INFO:colcon.colcon_core.shell:Creating environment descriptor '/home/jienan/automatic_move/install/livox_ros_driver2/share/livox_ros_driver2/hook/cmake_prefix_path.dsv'
[0.494s] INFO:colcon.colcon_core.shell:Creating environment hook '/home/jienan/automatic_move/install/livox_ros_driver2/share/livox_ros_driver2/hook/cmake_prefix_path.sh'
[0.494s] Level 1:colcon.colcon_core.environment:checking '/home/jienan/automatic_move/install/livox_ros_driver2/lib'
[0.494s] Level 1:colcon.colcon_core.shell:create_environment_hook('livox_ros_driver2', 'ld_library_path_lib')
[0.495s] INFO:colcon.colcon_core.shell:Creating environment hook '/home/jienan/automatic_move/install/livox_ros_driver2/share/livox_ros_driver2/hook/ld_library_path_lib.ps1'
[0.495s] INFO:colcon.colcon_core.shell:Creating environment descriptor '/home/jienan/automatic_move/install/livox_ros_driver2/share/livox_ros_driver2/hook/ld_library_path_lib.dsv'
[0.495s] INFO:colcon.colcon_core.shell:Creating environment hook '/home/jienan/automatic_move/install/livox_ros_driver2/share/livox_ros_driver2/hook/ld_library_path_lib.sh'
[0.495s] Level 1:colcon.colcon_core.environment:checking '/home/jienan/automatic_move/install/livox_ros_driver2/bin'
[0.495s] Level 1:colcon.colcon_core.environment:checking '/home/jienan/automatic_move/install/livox_ros_driver2/lib/pkgconfig/livox_ros_driver2.pc'
[0.495s] Level 1:colcon.colcon_core.environment:checking '/home/jienan/automatic_move/install/livox_ros_driver2/lib/python3.10/site-packages'
[0.495s] Level 1:colcon.colcon_core.environment:checking '/home/jienan/automatic_move/install/livox_ros_driver2/bin'
[0.496s] INFO:colcon.colcon_core.shell:Creating package script '/home/jienan/automatic_move/install/livox_ros_driver2/share/livox_ros_driver2/package.ps1'
[0.496s] INFO:colcon.colcon_core.shell:Creating package descriptor '/home/jienan/automatic_move/install/livox_ros_driver2/share/livox_ros_driver2/package.dsv'
[0.496s] INFO:colcon.colcon_core.shell:Creating package script '/home/jienan/automatic_move/install/livox_ros_driver2/share/livox_ros_driver2/package.sh'
[0.496s] INFO:colcon.colcon_core.shell:Creating package script '/home/jienan/automatic_move/install/livox_ros_driver2/share/livox_ros_driver2/package.bash'
[0.496s] INFO:colcon.colcon_core.shell:Creating package script '/home/jienan/automatic_move/install/livox_ros_driver2/share/livox_ros_driver2/package.zsh'
[0.497s] Level 1:colcon.colcon_core.environment:create_file_with_runtime_dependencies(/home/jienan/automatic_move/install/livox_ros_driver2/share/colcon-core/packages/livox_ros_driver2)
[0.497s] INFO:colcon.colcon_ros.task.ament_cmake.build:Building ROS package in '/home/jienan/automatic_move/src/livox_laser_simulation_ros2' with build type 'ament_cmake'
[0.497s] INFO:colcon.colcon_cmake.task.cmake.build:Building CMake package in '/home/jienan/automatic_move/src/livox_laser_simulation_ros2'
[0.497s] INFO:colcon.colcon_core.shell:Skip shell extension 'powershell' for command environment: Not usable outside of PowerShell
[0.497s] DEBUG:colcon.colcon_core.shell:Skip shell extension 'dsv' for command environment
[0.505s] DEBUG:colcon.colcon_core.event_handler.log_command:Invoking command in '/home/jienan/automatic_move/build/ros2_livox_simulation': CMAKE_PREFIX_PATH=/home/jienan/automatic_move/install/livox_ros_driver2:/home/jienan/automatic_move/install/world_models:/home/jienan/automatic_move/install/ros2_livox_simulation:/home/jienan/automatic_move/install/automove_engine:/opt/ros/humble LD_LIBRARY_PATH=/home/jienan/automatic_move/install/livox_ros_driver2/lib:/home/jienan/automatic_move/install/ros2_livox_simulation/lib:/usr/lib/x86_64-linux-gnu/gazebo-11/plugins:/opt/ros/humble/opt/rviz_ogre_vendor/lib:/opt/ros/humble/lib/x86_64-linux-gnu:/opt/ros/humble/lib:/home/jienan/automatic_move/install/livox_sdk2/lib:/home/jienan/automatic_move/install/livox_sdk2/lib /usr/bin/cmake --build /home/jienan/automatic_move/build/ros2_livox_simulation -- -j24 -l24
[0.584s] DEBUG:colcon.colcon_core.event_handler.log_command:Invoked command in '/home/jienan/automatic_move/build/ros2_livox_simulation' returned '0': CMAKE_PREFIX_PATH=/home/jienan/automatic_move/install/livox_ros_driver2:/home/jienan/automatic_move/install/world_models:/home/jienan/automatic_move/install/ros2_livox_simulation:/home/jienan/automatic_move/install/automove_engine:/opt/ros/humble LD_LIBRARY_PATH=/home/jienan/automatic_move/install/livox_ros_driver2/lib:/home/jienan/automatic_move/install/ros2_livox_simulation/lib:/usr/lib/x86_64-linux-gnu/gazebo-11/plugins:/opt/ros/humble/opt/rviz_ogre_vendor/lib:/opt/ros/humble/lib/x86_64-linux-gnu:/opt/ros/humble/lib:/home/jienan/automatic_move/install/livox_sdk2/lib:/home/jienan/automatic_move/install/livox_sdk2/lib /usr/bin/cmake --build /home/jienan/automatic_move/build/ros2_livox_simulation -- -j24 -l24
[0.587s] DEBUG:colcon.colcon_core.event_handler.log_command:Invoking command in '/home/jienan/automatic_move/build/ros2_livox_simulation': CMAKE_PREFIX_PATH=/home/jienan/automatic_move/install/livox_ros_driver2:/home/jienan/automatic_move/install/world_models:/home/jienan/automatic_move/install/ros2_livox_simulation:/home/jienan/automatic_move/install/automove_engine:/opt/ros/humble LD_LIBRARY_PATH=/home/jienan/automatic_move/install/livox_ros_driver2/lib:/home/jienan/automatic_move/install/ros2_livox_simulation/lib:/usr/lib/x86_64-linux-gnu/gazebo-11/plugins:/opt/ros/humble/opt/rviz_ogre_vendor/lib:/opt/ros/humble/lib/x86_64-linux-gnu:/opt/ros/humble/lib:/home/jienan/automatic_move/install/livox_sdk2/lib:/home/jienan/automatic_move/install/livox_sdk2/lib /usr/bin/cmake --install /home/jienan/automatic_move/build/ros2_livox_simulation
[0.598s] Level 1:colcon.colcon_core.environment:create_environment_scripts_only(ros2_livox_simulation)
[0.598s] Level 1:colcon.colcon_core.environment:checking '/home/jienan/automatic_move/install/ros2_livox_simulation' for CMake module files
[0.599s] DEBUG:colcon.colcon_core.event_handler.log_command:Invoked command in '/home/jienan/automatic_move/build/ros2_livox_simulation' returned '0': CMAKE_PREFIX_PATH=/home/jienan/automatic_move/install/livox_ros_driver2:/home/jienan/automatic_move/install/world_models:/home/jienan/automatic_move/install/ros2_livox_simulation:/home/jienan/automatic_move/install/automove_engine:/opt/ros/humble LD_LIBRARY_PATH=/home/jienan/automatic_move/install/livox_ros_driver2/lib:/home/jienan/automatic_move/install/ros2_livox_simulation/lib:/usr/lib/x86_64-linux-gnu/gazebo-11/plugins:/opt/ros/humble/opt/rviz_ogre_vendor/lib:/opt/ros/humble/lib/x86_64-linux-gnu:/opt/ros/humble/lib:/home/jienan/automatic_move/install/livox_sdk2/lib:/home/jienan/automatic_move/install/livox_sdk2/lib /usr/bin/cmake --install /home/jienan/automatic_move/build/ros2_livox_simulation
[0.599s] Level 1:colcon.colcon_core.environment:checking '/home/jienan/automatic_move/install/ros2_livox_simulation' for CMake config files
[0.599s] Level 1:colcon.colcon_core.shell:create_environment_hook('ros2_livox_simulation', 'cmake_prefix_path')
[0.599s] INFO:colcon.colcon_core.shell:Creating environment hook '/home/jienan/automatic_move/install/ros2_livox_simulation/share/ros2_livox_simulation/hook/cmake_prefix_path.ps1'
[0.599s] INFO:colcon.colcon_core.shell:Creating environment descriptor '/home/jienan/automatic_move/install/ros2_livox_simulation/share/ros2_livox_simulation/hook/cmake_prefix_path.dsv'
[0.600s] INFO:colcon.colcon_core.shell:Creating environment hook '/home/jienan/automatic_move/install/ros2_livox_simulation/share/ros2_livox_simulation/hook/cmake_prefix_path.sh'
[0.600s] Level 1:colcon.colcon_core.environment:checking '/home/jienan/automatic_move/install/ros2_livox_simulation/lib'
[0.600s] Level 1:colcon.colcon_core.shell:create_environment_hook('ros2_livox_simulation', 'ld_library_path_lib')
[0.600s] INFO:colcon.colcon_core.shell:Creating environment hook '/home/jienan/automatic_move/install/ros2_livox_simulation/share/ros2_livox_simulation/hook/ld_library_path_lib.ps1'
[0.600s] INFO:colcon.colcon_core.shell:Creating environment descriptor '/home/jienan/automatic_move/install/ros2_livox_simulation/share/ros2_livox_simulation/hook/ld_library_path_lib.dsv'
[0.600s] INFO:colcon.colcon_core.shell:Creating environment hook '/home/jienan/automatic_move/install/ros2_livox_simulation/share/ros2_livox_simulation/hook/ld_library_path_lib.sh'
[0.601s] Level 1:colcon.colcon_core.environment:checking '/home/jienan/automatic_move/install/ros2_livox_simulation/bin'
[0.601s] Level 1:colcon.colcon_core.environment:checking '/home/jienan/automatic_move/install/ros2_livox_simulation/lib/pkgconfig/ros2_livox_simulation.pc'
[0.601s] Level 1:colcon.colcon_core.environment:checking '/home/jienan/automatic_move/install/ros2_livox_simulation/lib/python3.10/site-packages'
[0.601s] Level 1:colcon.colcon_core.environment:checking '/home/jienan/automatic_move/install/ros2_livox_simulation/bin'
[0.601s] INFO:colcon.colcon_core.shell:Creating package script '/home/jienan/automatic_move/install/ros2_livox_simulation/share/ros2_livox_simulation/package.ps1'
[0.601s] INFO:colcon.colcon_core.shell:Creating package descriptor '/home/jienan/automatic_move/install/ros2_livox_simulation/share/ros2_livox_simulation/package.dsv'
[0.602s] INFO:colcon.colcon_core.shell:Creating package script '/home/jienan/automatic_move/install/ros2_livox_simulation/share/ros2_livox_simulation/package.sh'
[0.602s] INFO:colcon.colcon_core.shell:Creating package script '/home/jienan/automatic_move/install/ros2_livox_simulation/share/ros2_livox_simulation/package.bash'
[0.602s] INFO:colcon.colcon_core.shell:Creating package script '/home/jienan/automatic_move/install/ros2_livox_simulation/share/ros2_livox_simulation/package.zsh'
[0.602s] Level 1:colcon.colcon_core.environment:create_file_with_runtime_dependencies(/home/jienan/automatic_move/install/ros2_livox_simulation/share/colcon-core/packages/ros2_livox_simulation)
[0.602s] Level 1:colcon.colcon_core.environment:create_environment_scripts_only(ros2_livox_simulation)
[0.603s] Level 1:colcon.colcon_core.environment:checking '/home/jienan/automatic_move/install/ros2_livox_simulation' for CMake module files
[0.603s] Level 1:colcon.colcon_core.environment:checking '/home/jienan/automatic_move/install/ros2_livox_simulation' for CMake config files
[0.603s] Level 1:colcon.colcon_core.shell:create_environment_hook('ros2_livox_simulation', 'cmake_prefix_path')
[0.603s] INFO:colcon.colcon_core.shell:Creating environment hook '/home/jienan/automatic_move/install/ros2_livox_simulation/share/ros2_livox_simulation/hook/cmake_prefix_path.ps1'
[0.603s] INFO:colcon.colcon_core.shell:Creating environment descriptor '/home/jienan/automatic_move/install/ros2_livox_simulation/share/ros2_livox_simulation/hook/cmake_prefix_path.dsv'
[0.603s] INFO:colcon.colcon_core.shell:Creating environment hook '/home/jienan/automatic_move/install/ros2_livox_simulation/share/ros2_livox_simulation/hook/cmake_prefix_path.sh'
[0.604s] Level 1:colcon.colcon_core.environment:checking '/home/jienan/automatic_move/install/ros2_livox_simulation/lib'
[0.604s] Level 1:colcon.colcon_core.shell:create_environment_hook('ros2_livox_simulation', 'ld_library_path_lib')
[0.604s] INFO:colcon.colcon_core.shell:Creating environment hook '/home/jienan/automatic_move/install/ros2_livox_simulation/share/ros2_livox_simulation/hook/ld_library_path_lib.ps1'
[0.604s] INFO:colcon.colcon_core.shell:Creating environment descriptor '/home/jienan/automatic_move/install/ros2_livox_simulation/share/ros2_livox_simulation/hook/ld_library_path_lib.dsv'
[0.604s] INFO:colcon.colcon_core.shell:Creating environment hook '/home/jienan/automatic_move/install/ros2_livox_simulation/share/ros2_livox_simulation/hook/ld_library_path_lib.sh'
[0.604s] Level 1:colcon.colcon_core.environment:checking '/home/jienan/automatic_move/install/ros2_livox_simulation/bin'
[0.604s] Level 1:colcon.colcon_core.environment:checking '/home/jienan/automatic_move/install/ros2_livox_simulation/lib/pkgconfig/ros2_livox_simulation.pc'
[0.604s] Level 1:colcon.colcon_core.environment:checking '/home/jienan/automatic_move/install/ros2_livox_simulation/lib/python3.10/site-packages'
[0.605s] Level 1:colcon.colcon_core.environment:checking '/home/jienan/automatic_move/install/ros2_livox_simulation/bin'
[0.605s] INFO:colcon.colcon_core.shell:Creating package script '/home/jienan/automatic_move/install/ros2_livox_simulation/share/ros2_livox_simulation/package.ps1'
[0.605s] INFO:colcon.colcon_core.shell:Creating package descriptor '/home/jienan/automatic_move/install/ros2_livox_simulation/share/ros2_livox_simulation/package.dsv'
[0.605s] INFO:colcon.colcon_core.shell:Creating package script '/home/jienan/automatic_move/install/ros2_livox_simulation/share/ros2_livox_simulation/package.sh'
[0.606s] INFO:colcon.colcon_core.shell:Creating package script '/home/jienan/automatic_move/install/ros2_livox_simulation/share/ros2_livox_simulation/package.bash'
[0.606s] INFO:colcon.colcon_core.shell:Creating package script '/home/jienan/automatic_move/install/ros2_livox_simulation/share/ros2_livox_simulation/package.zsh'
[0.606s] Level 1:colcon.colcon_core.environment:create_file_with_runtime_dependencies(/home/jienan/automatic_move/install/ros2_livox_simulation/share/colcon-core/packages/ros2_livox_simulation)
[0.740s] DEBUG:colcon.colcon_core.event_handler.log_command:Invoking command in '/home/jienan/automatic_move/src/automove_engine': PYTHONPATH=/home/jienan/automatic_move/build/automove_engine/prefix_override:/usr/lib/python3/dist-packages/colcon_core/task/python/colcon_distutils_commands:/home/jienan/automatic_move/install/automove_engine/lib/python3.10/site-packages:${PYTHONPATH} /usr/bin/python3 -W ignore:setup.py install is deprecated -W ignore:easy_install command is deprecated setup.py egg_info --egg-base ../../build/automove_engine build --build-base /home/jienan/automatic_move/build/automove_engine/build install --record /home/jienan/automatic_move/build/automove_engine/install.log --single-version-externally-managed install_data
[1.057s] Level 1:colcon.colcon_core.environment:checking '/home/jienan/automatic_move/install/automove_engine' for CMake module files
[1.059s] DEBUG:colcon.colcon_core.event_handler.log_command:Invoked command in '/home/jienan/automatic_move/src/automove_engine' returned '0': PYTHONPATH=/home/jienan/automatic_move/build/automove_engine/prefix_override:/usr/lib/python3/dist-packages/colcon_core/task/python/colcon_distutils_commands:/home/jienan/automatic_move/install/automove_engine/lib/python3.10/site-packages:${PYTHONPATH} /usr/bin/python3 -W ignore:setup.py install is deprecated -W ignore:easy_install command is deprecated setup.py egg_info --egg-base ../../build/automove_engine build --build-base /home/jienan/automatic_move/build/automove_engine/build install --record /home/jienan/automatic_move/build/automove_engine/install.log --single-version-externally-managed install_data
[1.059s] Level 1:colcon.colcon_core.environment:checking '/home/jienan/automatic_move/install/automove_engine' for CMake config files
[1.060s] Level 1:colcon.colcon_core.environment:checking '/home/jienan/automatic_move/install/automove_engine/lib'
[1.060s] Level 1:colcon.colcon_core.environment:checking '/home/jienan/automatic_move/install/automove_engine/bin'
[1.060s] Level 1:colcon.colcon_core.environment:checking '/home/jienan/automatic_move/install/automove_engine/lib/pkgconfig/automove_engine.pc'
[1.060s] Level 1:colcon.colcon_core.environment:checking '/home/jienan/automatic_move/install/automove_engine/lib/python3.10/site-packages'
[1.060s] Level 1:colcon.colcon_core.shell:create_environment_hook('automove_engine', 'pythonpath')
[1.061s] INFO:colcon.colcon_core.shell:Creating environment hook '/home/jienan/automatic_move/install/automove_engine/share/automove_engine/hook/pythonpath.ps1'
[1.062s] INFO:colcon.colcon_core.shell:Creating environment descriptor '/home/jienan/automatic_move/install/automove_engine/share/automove_engine/hook/pythonpath.dsv'
[1.063s] INFO:colcon.colcon_core.shell:Creating environment hook '/home/jienan/automatic_move/install/automove_engine/share/automove_engine/hook/pythonpath.sh'
[1.064s] Level 1:colcon.colcon_core.environment:checking '/home/jienan/automatic_move/install/automove_engine/bin'
[1.064s] Level 1:colcon.colcon_core.environment:create_environment_scripts_only(automove_engine)
[1.064s] INFO:colcon.colcon_core.shell:Creating package script '/home/jienan/automatic_move/install/automove_engine/share/automove_engine/package.ps1'
[1.065s] INFO:colcon.colcon_core.shell:Creating package descriptor '/home/jienan/automatic_move/install/automove_engine/share/automove_engine/package.dsv'
[1.066s] INFO:colcon.colcon_core.shell:Creating package script '/home/jienan/automatic_move/install/automove_engine/share/automove_engine/package.sh'
[1.066s] INFO:colcon.colcon_core.shell:Creating package script '/home/jienan/automatic_move/install/automove_engine/share/automove_engine/package.bash'
[1.067s] INFO:colcon.colcon_core.shell:Creating package script '/home/jienan/automatic_move/install/automove_engine/share/automove_engine/package.zsh'
[1.067s] Level 1:colcon.colcon_core.environment:create_file_with_runtime_dependencies(/home/jienan/automatic_move/install/automove_engine/share/colcon-core/packages/automove_engine)
[1.068s] DEBUG:colcon.colcon_parallel_executor.executor.parallel:closing loop
[1.068s] DEBUG:colcon.colcon_parallel_executor.executor.parallel:loop closed
[1.068s] DEBUG:colcon.colcon_parallel_executor.executor.parallel:run_until_complete finished with '0'
[1.068s] DEBUG:colcon.colcon_core.event_reactor:joining thread
[1.071s] INFO:colcon.colcon_core.plugin_system:Skipping extension 'colcon_notification.desktop_notification.terminal_notifier': Not used on non-Darwin systems
[1.071s] INFO:colcon.colcon_core.plugin_system:Skipping extension 'colcon_notification.desktop_notification.win32': Not used on non-Windows systems
[1.071s] INFO:colcon.colcon_notification.desktop_notification:Sending desktop notification using 'notify2'
[1.090s] DEBUG:colcon.colcon_core.event_reactor:joined thread
[1.091s] INFO:colcon.colcon_core.shell:Creating prefix script '/home/jienan/automatic_move/install/local_setup.ps1'
[1.091s] INFO:colcon.colcon_core.shell:Creating prefix util module '/home/jienan/automatic_move/install/_local_setup_util_ps1.py'
[1.092s] INFO:colcon.colcon_core.shell:Creating prefix chain script '/home/jienan/automatic_move/install/setup.ps1'
[1.093s] INFO:colcon.colcon_core.shell:Creating prefix script '/home/jienan/automatic_move/install/local_setup.sh'
[1.093s] INFO:colcon.colcon_core.shell:Creating prefix util module '/home/jienan/automatic_move/install/_local_setup_util_sh.py'
[1.094s] INFO:colcon.colcon_core.shell:Creating prefix chain script '/home/jienan/automatic_move/install/setup.sh'
[1.094s] INFO:colcon.colcon_core.shell:Creating prefix script '/home/jienan/automatic_move/install/local_setup.bash'
[1.094s] INFO:colcon.colcon_core.shell:Creating prefix chain script '/home/jienan/automatic_move/install/setup.bash'
[1.095s] INFO:colcon.colcon_core.shell:Creating prefix script '/home/jienan/automatic_move/install/local_setup.zsh'
[1.095s] INFO:colcon.colcon_core.shell:Creating prefix chain script '/home/jienan/automatic_move/install/setup.zsh'
