[0.008s] Invoking command in '/home/jienan/automatic_move/build/livox_ros_driver2': CMAKE_PREFIX_PATH=${CMAKE_PREFIX_PATH}:/opt/ros/humble /usr/bin/cmake /home/jienan/automatic_move/src/livox_ros_driver2 -DROS_EDITION=ROS2 -DHUMBLE_ROS=humble -DCMAKE_INSTALL_PREFIX=/home/jienan/automatic_move/install/livox_ros_driver2
[0.049s] -- The C compiler identification is GNU 11.4.0
[0.095s] -- The CXX compiler identification is GNU 11.4.0
[0.100s] -- Detecting C compiler ABI info
[0.155s] -- Detecting C compiler ABI info - done
[0.161s] -- Check for working C compiler: /usr/bin/cc - skipped
[0.161s] -- Detecting C compile features
[0.161s] -- Detecting C compile features - done
[0.163s] -- Detecting CXX compiler ABI info
[0.225s] -- Detecting CXX compiler ABI info - done
[0.229s] -- Check for working CXX compiler: /usr/bin/c++ - skipped
[0.229s] -- Detecting CXX compile features
[0.230s] -- Detecting CXX compile features - done
[0.230s] -- livox_ros_driver2 version: 1.2.4
[0.231s] -- Found ament_cmake_auto: 1.3.12 (/opt/ros/humble/share/ament_cmake_auto/cmake)
[0.768s] -- Found Python3: /usr/bin/python3 (found version "3.10.12") found components: Interpreter 
[1.142s] -- Using all available rosidl_typesupport_c: rosidl_typesupport_fastrtps_c;rosidl_typesupport_introspection_c
[1.156s] -- Found rosidl_adapter: 3.1.7 (/opt/ros/humble/share/rosidl_adapter/cmake)
[1.259s] -- Using all available rosidl_typesupport_cpp: rosidl_typesupport_fastrtps_cpp;rosidl_typesupport_introspection_cpp
[1.404s] -- Found rmw_implementation_cmake: 6.1.2 (/opt/ros/humble/share/rmw_implementation_cmake/cmake)
[1.409s] -- Found rmw_fastrtps_cpp: 6.2.8 (/opt/ros/humble/share/rmw_fastrtps_cpp/cmake)
[1.564s] -- Found OpenSSL: /usr/lib/x86_64-linux-gnu/libcrypto.so (found version "3.0.2")  
[1.621s] -- Found FastRTPS: /opt/ros/humble/include  
[1.678s] -- Using RMW implementation 'rmw_fastrtps_cpp' as default
[1.693s] -- Looking for pthread.h
[1.835s] -- Looking for pthread.h - found
[1.835s] -- Performing Test CMAKE_HAVE_LIBC_PTHREAD
[1.980s] -- Performing Test CMAKE_HAVE_LIBC_PTHREAD - Success
[1.981s] -- Found Threads: TRUE  
[2.143s] -- Checking for module 'eigen3'
[2.159s] --   Found eigen3, version 3.4.0
[2.208s] -- Found Eigen: /usr/include/eigen3 (Required is at least version "3.1") 
[2.210s] -- Eigen found (include: /usr/include/eigen3, version: 3.4.0)
[2.286s] -- Checking for module 'flann'
[2.322s] --   Found flann, version 1.9.1
[2.419s] -- Found FLANN: /usr/lib/x86_64-linux-gnu/libflann_cpp.so  
[2.419s] -- FLANN found (include: /usr/include, lib: /usr/lib/x86_64-linux-gnu/libflann_cpp.so)
[4.233s] -- Checking for module 'libusb-1.0'
[4.250s] --   Found libusb-1.0, version 1.0.25
[4.289s] -- Found libusb: /usr/lib/x86_64-linux-gnu/libusb-1.0.so  
[4.290s] -- OpenNI found (version: 1.5.4.0, include: /usr/include/ni, lib: /usr/lib/libOpenNI.so;libusb::libusb)
[4.332s] -- OpenNI2 found (version: 2.2.0.33, include: /usr/include/openni2, lib: /usr/lib/x86_64-linux-gnu/libOpenNI2.so;libusb::libusb)
[4.506s] -- Eigen found (include: /usr/include/eigen3, version: 3.4.0)
[4.513s] -- OpenNI found (version: 1.5.4.0, include: /usr/include/ni, lib: /usr/lib/libOpenNI.so;libusb::libusb)
[4.521s] -- OpenNI2 found (version: 2.2.0.33, include: /usr/include/openni2, lib: /usr/lib/x86_64-linux-gnu/libOpenNI2.so;libusb::libusb)
[4.646s] -- Found Qhull version 8.0.2
[4.802s] -- OpenNI found (version: 1.5.4.0, include: /usr/include/ni, lib: /usr/lib/libOpenNI.so;libusb::libusb)
[4.980s] -- Found PCL_COMMON: /usr/lib/x86_64-linux-gnu/libpcl_common.so  
[4.981s] -- Found PCL_KDTREE: /usr/lib/x86_64-linux-gnu/libpcl_kdtree.so  
[4.983s] -- Found PCL_OCTREE: /usr/lib/x86_64-linux-gnu/libpcl_octree.so  
[4.984s] -- Found PCL_SEARCH: /usr/lib/x86_64-linux-gnu/libpcl_search.so  
[4.985s] -- Found PCL_SAMPLE_CONSENSUS: /usr/lib/x86_64-linux-gnu/libpcl_sample_consensus.so  
[4.987s] -- Found PCL_FILTERS: /usr/lib/x86_64-linux-gnu/libpcl_filters.so  
[4.987s] -- Found PCL_2D: /usr/include/pcl-1.12  
[4.987s] -- Found PCL_GEOMETRY: /usr/include/pcl-1.12  
[4.989s] -- Found PCL_IO: /usr/lib/x86_64-linux-gnu/libpcl_io.so  
[4.990s] -- Found PCL_FEATURES: /usr/lib/x86_64-linux-gnu/libpcl_features.so  
[4.992s] -- Found PCL_ML: /usr/lib/x86_64-linux-gnu/libpcl_ml.so  
[4.993s] -- Found PCL_SEGMENTATION: /usr/lib/x86_64-linux-gnu/libpcl_segmentation.so  
[4.994s] -- Found PCL_VISUALIZATION: /usr/lib/x86_64-linux-gnu/libpcl_visualization.so  
[4.996s] -- Found PCL_SURFACE: /usr/lib/x86_64-linux-gnu/libpcl_surface.so  
[4.997s] -- Found PCL_REGISTRATION: /usr/lib/x86_64-linux-gnu/libpcl_registration.so  
[4.999s] -- Found PCL_KEYPOINTS: /usr/lib/x86_64-linux-gnu/libpcl_keypoints.so  
[5.000s] -- Found PCL_TRACKING: /usr/lib/x86_64-linux-gnu/libpcl_tracking.so  
[5.001s] -- Found PCL_RECOGNITION: /usr/lib/x86_64-linux-gnu/libpcl_recognition.so  
[5.003s] -- Found PCL_STEREO: /usr/lib/x86_64-linux-gnu/libpcl_stereo.so  
[5.005s] -- Found PCL_APPS: /usr/lib/x86_64-linux-gnu/libpcl_apps.so  
[5.006s] -- Found PCL_IN_HAND_SCANNER: /usr/include/pcl-1.12  
[5.006s] -- Found PCL_MODELER: /usr/include/pcl-1.12  
[5.006s] -- Found PCL_POINT_CLOUD_EDITOR: /usr/include/pcl-1.12  
[5.008s] -- Found PCL_OUTOFCORE: /usr/lib/x86_64-linux-gnu/libpcl_outofcore.so  
[5.009s] -- Found PCL_PEOPLE: /usr/lib/x86_64-linux-gnu/libpcl_people.so  
[5.065s] -- Found PkgConfig: /usr/bin/pkg-config (found version "0.29.2") 
[5.066s] -- Checking for module 'apr-1'
[5.082s] --   Found apr-1, version 1.7.0
[5.119s] [0m/usr/include/apr-1.0[0m
[5.119s] [0mapr-1[0m
[5.386s] -- Found ament_cmake_ros: 0.10.0 (/opt/ros/humble/share/ament_cmake_ros/cmake)
[5.566s] -- Using all available rosidl_typesupport_c: rosidl_typesupport_fastrtps_c;rosidl_typesupport_introspection_c
[5.805s] -- Using all available rosidl_typesupport_cpp: rosidl_typesupport_fastrtps_cpp;rosidl_typesupport_introspection_cpp
[5.821s] -- Found PythonInterp: /usr/bin/python3 (found suitable version "3.10.12", minimum required is "3.6") 
[5.822s] -- Found python_cmake_module: 0.10.0 (/opt/ros/humble/share/python_cmake_module/cmake)
[5.844s] -- Found PythonLibs: /usr/lib/x86_64-linux-gnu/libpython3.10.so (found suitable version "3.10.12", minimum required is "3.5") 
[5.844s] -- Using PYTHON_EXECUTABLE: /usr/bin/python3
[5.844s] -- Using PYTHON_INCLUDE_DIRS: /usr/include/python3.10
[5.844s] -- Using PYTHON_LIBRARIES: /usr/lib/x86_64-linux-gnu/libpython3.10.so
[5.860s] -- Found PythonExtra: .so  
[5.900s] -- Found ament_lint_auto: 0.12.14 (/opt/ros/humble/share/ament_lint_auto/cmake)
[5.910s] -- Added test 'copyright' to check source files copyright and LICENSE
[5.922s] -- Added test 'cppcheck' to perform static code analysis on C / C++ code
[5.922s] -- Configured cppcheck include dirs: /home/jienan/automatic_move/src/livox_ros_driver2/3rdparty;/home/jienan/automatic_move/src/livox_ros_driver2/src
[5.922s] -- Configured cppcheck exclude dirs and/or files: 
[5.933s] -- Added test 'cpplint' to check C / C++ code against the Google style
[5.934s] -- Configured cpplint exclude dirs and/or files: 
[5.935s] -- Added test 'flake8' to check Python code syntax and style conventions
[5.938s] -- Added test 'lint_cmake' to check CMake code style
[5.940s] -- Added test 'pep257' to check Python code against some of the docstring style conventions in PEP 257
[5.950s] -- Added test 'uncrustify' to check C / C++ code style
[5.950s] -- Configured uncrustify additional arguments: 
[5.952s] -- Added test 'xmllint' to check XML markup files
[5.954s] -- Configuring done
[5.992s] -- Generating done
[6.004s] -- Build files have been written to: /home/jienan/automatic_move/build/livox_ros_driver2
[6.018s] Invoked command in '/home/jienan/automatic_move/build/livox_ros_driver2' returned '0': CMAKE_PREFIX_PATH=${CMAKE_PREFIX_PATH}:/opt/ros/humble /usr/bin/cmake /home/jienan/automatic_move/src/livox_ros_driver2 -DROS_EDITION=ROS2 -DHUMBLE_ROS=humble -DCMAKE_INSTALL_PREFIX=/home/jienan/automatic_move/install/livox_ros_driver2
[6.020s] Invoking command in '/home/jienan/automatic_move/build/livox_ros_driver2': CMAKE_PREFIX_PATH=${CMAKE_PREFIX_PATH}:/opt/ros/humble /usr/bin/cmake --build /home/jienan/automatic_move/build/livox_ros_driver2 -- -j24 -l24
[6.054s] [  1%] [34m[1mGenerating C code for ROS interfaces[0m
[6.064s] [  3%] [32mBuilding CXX object CMakeFiles/livox_ros_driver2_node.dir/rclcpp_components/node_main_livox_ros_driver2_node.cpp.o[0m
[6.065s] [  5%] [34m[1mGenerating C++ code for ROS interfaces[0m
[6.071s] [  5%] Built target ament_cmake_python_copy_livox_ros_driver2
[6.209s] running egg_info
[6.210s] creating livox_ros_driver2.egg-info
[6.219s] writing livox_ros_driver2.egg-info/PKG-INFO
[6.219s] writing dependency_links to livox_ros_driver2.egg-info/dependency_links.txt
[6.220s] writing top-level names to livox_ros_driver2.egg-info/top_level.txt
[6.220s] writing manifest file 'livox_ros_driver2.egg-info/SOURCES.txt'
[6.248s] reading manifest file 'livox_ros_driver2.egg-info/SOURCES.txt'
[6.248s] writing manifest file 'livox_ros_driver2.egg-info/SOURCES.txt'
[6.269s] [  5%] Built target ament_cmake_python_build_livox_ros_driver2_egg
[6.328s] [  5%] Built target livox_interfaces2__cpp
[6.328s] [  7%] [32mBuilding C object CMakeFiles/livox_interfaces2__rosidl_generator_c.dir/rosidl_generator_c/livox_ros_driver2/msg/detail/custom_msg__functions.c.o[0m
[6.330s] [  8%] [32mBuilding C object CMakeFiles/livox_interfaces2__rosidl_generator_c.dir/rosidl_generator_c/livox_ros_driver2/msg/detail/custom_point__functions.c.o[0m
[6.334s] [ 10%] [34m[1mGenerating C++ type support dispatch for ROS interfaces[0m
[6.335s] [ 12%] [34m[1mGenerating C++ introspection for ROS interfaces[0m
[6.338s] [ 14%] [34m[1mGenerating C++ type support for eProsima Fast-RTPS[0m
[6.368s] [ 15%] [32m[1mLinking C shared library liblivox_ros_driver2__rosidl_generator_c.so[0m
[6.400s] [ 15%] Built target livox_interfaces2__rosidl_generator_c
[6.408s] [ 19%] [34m[1mGenerating C type support dispatch for ROS interfaces[0m
[6.408s] [ 19%] [34m[1mGenerating C introspection for ROS interfaces[0m
[6.409s] [ 21%] [34m[1mGenerating C type support for eProsima Fast-RTPS[0m
[6.690s] [ 22%] [32mBuilding C object CMakeFiles/livox_interfaces2__rosidl_typesupport_introspection_c.dir/rosidl_typesupport_introspection_c/livox_ros_driver2/msg/detail/custom_point__type_support.c.o[0m
[6.691s] [ 24%] [32mBuilding C object CMakeFiles/livox_interfaces2__rosidl_typesupport_introspection_c.dir/rosidl_typesupport_introspection_c/livox_ros_driver2/msg/detail/custom_msg__type_support.c.o[0m
[6.698s] [ 26%] [32mBuilding CXX object CMakeFiles/livox_interfaces2__rosidl_typesupport_cpp.dir/rosidl_typesupport_cpp/livox_ros_driver2/msg/custom_point__type_support.cpp.o[0m
[6.698s] [ 28%] [32mBuilding CXX object CMakeFiles/livox_interfaces2__rosidl_typesupport_cpp.dir/rosidl_typesupport_cpp/livox_ros_driver2/msg/custom_msg__type_support.cpp.o[0m
[6.724s] [ 29%] [32m[1mLinking C shared library liblivox_ros_driver2__rosidl_typesupport_introspection_c.so[0m
[6.745s] [ 29%] Built target livox_interfaces2__rosidl_typesupport_introspection_c
[6.750s] [ 31%] [32mBuilding CXX object CMakeFiles/livox_interfaces2__rosidl_typesupport_fastrtps_cpp.dir/rosidl_typesupport_fastrtps_cpp/livox_ros_driver2/msg/detail/dds_fastrtps/custom_msg__type_support.cpp.o[0m
[6.751s] [ 33%] [32mBuilding CXX object CMakeFiles/livox_interfaces2__rosidl_typesupport_fastrtps_cpp.dir/rosidl_typesupport_fastrtps_cpp/livox_ros_driver2/msg/detail/dds_fastrtps/custom_point__type_support.cpp.o[0m
[6.810s] [ 36%] [32mBuilding CXX object CMakeFiles/livox_interfaces2__rosidl_typesupport_introspection_cpp.dir/rosidl_typesupport_introspection_cpp/livox_ros_driver2/msg/detail/custom_point__type_support.cpp.o[0m
[6.810s] [ 36%] [32mBuilding CXX object CMakeFiles/livox_interfaces2__rosidl_typesupport_introspection_cpp.dir/rosidl_typesupport_introspection_cpp/livox_ros_driver2/msg/detail/custom_msg__type_support.cpp.o[0m
[6.870s] [ 38%] [32mBuilding CXX object CMakeFiles/livox_interfaces2__rosidl_typesupport_c.dir/rosidl_typesupport_c/livox_ros_driver2/msg/custom_point__type_support.cpp.o[0m
[6.871s] [ 40%] [32mBuilding CXX object CMakeFiles/livox_interfaces2__rosidl_typesupport_c.dir/rosidl_typesupport_c/livox_ros_driver2/msg/custom_msg__type_support.cpp.o[0m
[6.903s] [ 42%] [32m[1mLinking CXX shared library liblivox_ros_driver2__rosidl_typesupport_c.so[0m
[6.907s] [ 45%] [32mBuilding CXX object CMakeFiles/livox_interfaces2__rosidl_typesupport_fastrtps_c.dir/rosidl_typesupport_fastrtps_c/livox_ros_driver2/msg/detail/custom_msg__type_support_c.cpp.o[0m
[6.907s] [ 45%] [32mBuilding CXX object CMakeFiles/livox_interfaces2__rosidl_typesupport_fastrtps_c.dir/rosidl_typesupport_fastrtps_c/livox_ros_driver2/msg/detail/custom_point__type_support_c.cpp.o[0m
[6.947s] [ 45%] Built target livox_interfaces2__rosidl_typesupport_c
[7.007s] [ 47%] [32m[1mLinking CXX shared library liblivox_ros_driver2__rosidl_typesupport_cpp.so[0m
[7.052s] [ 47%] Built target livox_interfaces2__rosidl_typesupport_cpp
[7.074s] [ 54%] [32mBuilding CXX object CMakeFiles/livox_ros_driver2.dir/src/lds_lidar.cpp.o[0m
[7.074s] [ 54%] [32mBuilding CXX object CMakeFiles/livox_ros_driver2.dir/src/driver_node.cpp.o[0m
[7.074s] [ 54%] [32mBuilding CXX object CMakeFiles/livox_ros_driver2.dir/src/lds.cpp.o[0m
[7.074s] [ 54%] [32mBuilding CXX object CMakeFiles/livox_ros_driver2.dir/src/comm/comm.cpp.o[0m
[7.074s] [ 56%] [32mBuilding CXX object CMakeFiles/livox_ros_driver2.dir/src/parse_cfg_file/parse_cfg_file.cpp.o[0m
[7.075s] [ 61%] [32mBuilding CXX object CMakeFiles/livox_ros_driver2.dir/src/comm/ldq.cpp.o[0m
[7.076s] [ 63%] [32mBuilding CXX object CMakeFiles/livox_ros_driver2.dir/src/comm/lidar_imu_data_queue.cpp.o[0m
[7.076s] [ 63%] [32mBuilding CXX object CMakeFiles/livox_ros_driver2.dir/src/lddc.cpp.o[0m
[7.076s] [ 63%] [32mBuilding CXX object CMakeFiles/livox_ros_driver2.dir/src/livox_ros_driver2.cpp.o[0m
[7.076s] [ 66%] [32mBuilding CXX object CMakeFiles/livox_ros_driver2.dir/src/comm/semaphore.cpp.o[0m
[7.076s] [ 66%] [32mBuilding CXX object CMakeFiles/livox_ros_driver2.dir/src/parse_cfg_file/parse_livox_lidar_cfg.cpp.o[0m
[7.076s] [ 68%] [32mBuilding CXX object CMakeFiles/livox_ros_driver2.dir/src/comm/pub_handler.cpp.o[0m
[7.077s] [ 70%] [32mBuilding CXX object CMakeFiles/livox_ros_driver2.dir/src/comm/cache_index.cpp.o[0m
[7.080s] [ 71%] [32mBuilding CXX object CMakeFiles/livox_ros_driver2.dir/src/call_back/lidar_common_callback.cpp.o[0m
[7.080s] [ 73%] [32mBuilding CXX object CMakeFiles/livox_ros_driver2.dir/src/call_back/livox_lidar_callback.cpp.o[0m
[7.223s] [ 75%] [32m[1mLinking CXX shared library liblivox_ros_driver2__rosidl_typesupport_fastrtps_cpp.so[0m
[7.317s] [ 77%] [32m[1mLinking CXX shared library liblivox_ros_driver2__rosidl_typesupport_fastrtps_c.so[0m
[7.336s] [ 78%] [32m[1mLinking CXX shared library liblivox_ros_driver2__rosidl_typesupport_introspection_cpp.so[0m
[7.437s] [ 78%] Built target livox_interfaces2__rosidl_typesupport_fastrtps_c
[7.442s] [ 78%] Built target livox_interfaces2__rosidl_typesupport_fastrtps_cpp
[7.464s] [ 78%] Built target livox_interfaces2__rosidl_typesupport_introspection_cpp
[7.486s] [ 78%] Built target livox_interfaces2
[7.507s] [ 80%] [34m[1mGenerating Python code for ROS interfaces[0m
[8.063s] [ 80%] Built target livox_interfaces2__py
[8.079s] [ 82%] [32mBuilding C object CMakeFiles/livox_interfaces2__rosidl_generator_py.dir/rosidl_generator_py/livox_ros_driver2/msg/_custom_msg_s.c.o[0m
[8.081s] [ 84%] [32mBuilding C object CMakeFiles/livox_interfaces2__rosidl_generator_py.dir/rosidl_generator_py/livox_ros_driver2/msg/_custom_point_s.c.o[0m
[8.143s] [ 85%] [32m[1mLinking C shared library rosidl_generator_py/livox_ros_driver2/liblivox_interfaces2__rosidl_generator_py.so[0m
[8.177s] [ 85%] Built target livox_interfaces2__rosidl_generator_py
[8.195s] [ 89%] [32mBuilding C object CMakeFiles/livox_ros_driver2__rosidl_typesupport_introspection_c__pyext.dir/rosidl_generator_py/livox_ros_driver2/_livox_ros_driver2_s.ep.rosidl_typesupport_introspection_c.c.o[0m
[8.195s] [ 89%] [32mBuilding C object CMakeFiles/livox_ros_driver2__rosidl_typesupport_c__pyext.dir/rosidl_generator_py/livox_ros_driver2/_livox_ros_driver2_s.ep.rosidl_typesupport_c.c.o[0m
[8.195s] [ 91%] [32mBuilding C object CMakeFiles/livox_ros_driver2__rosidl_typesupport_fastrtps_c__pyext.dir/rosidl_generator_py/livox_ros_driver2/_livox_ros_driver2_s.ep.rosidl_typesupport_fastrtps_c.c.o[0m
[8.257s] [ 96%] [32m[1mLinking C shared library rosidl_generator_py/livox_ros_driver2/livox_ros_driver2_s__rosidl_typesupport_introspection_c.cpython-310-x86_64-linux-gnu.so[0m
[8.257s] [ 96%] [32m[1mLinking C shared library rosidl_generator_py/livox_ros_driver2/livox_ros_driver2_s__rosidl_typesupport_c.cpython-310-x86_64-linux-gnu.so[0m
[8.257s] [ 96%] [32m[1mLinking C shared library rosidl_generator_py/livox_ros_driver2/livox_ros_driver2_s__rosidl_typesupport_fastrtps_c.cpython-310-x86_64-linux-gnu.so[0m
[8.286s] [ 96%] Built target livox_ros_driver2__rosidl_typesupport_fastrtps_c__pyext
[8.286s] [ 96%] Built target livox_ros_driver2__rosidl_typesupport_introspection_c__pyext
[8.286s] [ 96%] Built target livox_ros_driver2__rosidl_typesupport_c__pyext
[8.488s] [ 98%] [32m[1mLinking CXX executable livox_ros_driver2_node[0m
[8.569s] [ 98%] Built target livox_ros_driver2_node
[11.762s] [100%] [32m[1mLinking CXX shared library liblivox_ros_driver2.so[0m
[12.168s] [100%] Built target livox_ros_driver2
[12.176s] Invoked command in '/home/jienan/automatic_move/build/livox_ros_driver2' returned '0': CMAKE_PREFIX_PATH=${CMAKE_PREFIX_PATH}:/opt/ros/humble /usr/bin/cmake --build /home/jienan/automatic_move/build/livox_ros_driver2 -- -j24 -l24
[12.177s] Invoking command in '/home/jienan/automatic_move/build/livox_ros_driver2': CMAKE_PREFIX_PATH=${CMAKE_PREFIX_PATH}:/opt/ros/humble /usr/bin/cmake --install /home/jienan/automatic_move/build/livox_ros_driver2
[12.182s] -- Install configuration: ""
[12.182s] -- Installing: /home/jienan/automatic_move/install/livox_ros_driver2/share/ament_index/resource_index/rosidl_interfaces/livox_ros_driver2
[12.182s] -- Installing: /home/jienan/automatic_move/install/livox_ros_driver2/include/livox_ros_driver2/livox_ros_driver2
[12.182s] -- Installing: /home/jienan/automatic_move/install/livox_ros_driver2/include/livox_ros_driver2/livox_ros_driver2/msg
[12.182s] -- Installing: /home/jienan/automatic_move/install/livox_ros_driver2/include/livox_ros_driver2/livox_ros_driver2/msg/custom_msg.h
[12.183s] -- Installing: /home/jienan/automatic_move/install/livox_ros_driver2/include/livox_ros_driver2/livox_ros_driver2/msg/rosidl_generator_c__visibility_control.h
[12.183s] -- Installing: /home/jienan/automatic_move/install/livox_ros_driver2/include/livox_ros_driver2/livox_ros_driver2/msg/detail
[12.183s] -- Installing: /home/jienan/automatic_move/install/livox_ros_driver2/include/livox_ros_driver2/livox_ros_driver2/msg/detail/custom_msg__functions.c
[12.183s] -- Installing: /home/jienan/automatic_move/install/livox_ros_driver2/include/livox_ros_driver2/livox_ros_driver2/msg/detail/custom_point__functions.c
[12.183s] -- Installing: /home/jienan/automatic_move/install/livox_ros_driver2/include/livox_ros_driver2/livox_ros_driver2/msg/detail/custom_msg__struct.h
[12.183s] -- Installing: /home/jienan/automatic_move/install/livox_ros_driver2/include/livox_ros_driver2/livox_ros_driver2/msg/detail/custom_msg__functions.h
[12.183s] -- Installing: /home/jienan/automatic_move/install/livox_ros_driver2/include/livox_ros_driver2/livox_ros_driver2/msg/detail/custom_point__struct.h
[12.183s] -- Installing: /home/jienan/automatic_move/install/livox_ros_driver2/include/livox_ros_driver2/livox_ros_driver2/msg/detail/custom_point__type_support.h
[12.183s] -- Installing: /home/jienan/automatic_move/install/livox_ros_driver2/include/livox_ros_driver2/livox_ros_driver2/msg/detail/custom_msg__type_support.h
[12.183s] -- Installing: /home/jienan/automatic_move/install/livox_ros_driver2/include/livox_ros_driver2/livox_ros_driver2/msg/detail/custom_point__functions.h
[12.183s] -- Installing: /home/jienan/automatic_move/install/livox_ros_driver2/include/livox_ros_driver2/livox_ros_driver2/msg/custom_point.h
[12.183s] -- Installing: /home/jienan/automatic_move/install/livox_ros_driver2/share/livox_ros_driver2/environment/library_path.sh
[12.183s] -- Installing: /home/jienan/automatic_move/install/livox_ros_driver2/share/livox_ros_driver2/environment/library_path.dsv
[12.183s] -- Installing: /home/jienan/automatic_move/install/livox_ros_driver2/lib/liblivox_ros_driver2__rosidl_generator_c.so
[12.183s] -- Set runtime path of "/home/jienan/automatic_move/install/livox_ros_driver2/lib/liblivox_ros_driver2__rosidl_generator_c.so" to ""
[12.183s] -- Up-to-date: /home/jienan/automatic_move/install/livox_ros_driver2/include/livox_ros_driver2/livox_ros_driver2
[12.183s] -- Up-to-date: /home/jienan/automatic_move/install/livox_ros_driver2/include/livox_ros_driver2/livox_ros_driver2/msg
[12.183s] -- Installing: /home/jienan/automatic_move/install/livox_ros_driver2/include/livox_ros_driver2/livox_ros_driver2/msg/rosidl_typesupport_fastrtps_c__visibility_control.h
[12.183s] -- Up-to-date: /home/jienan/automatic_move/install/livox_ros_driver2/include/livox_ros_driver2/livox_ros_driver2/msg/detail
[12.183s] -- Installing: /home/jienan/automatic_move/install/livox_ros_driver2/include/livox_ros_driver2/livox_ros_driver2/msg/detail/custom_point__rosidl_typesupport_fastrtps_c.h
[12.184s] -- Installing: /home/jienan/automatic_move/install/livox_ros_driver2/include/livox_ros_driver2/livox_ros_driver2/msg/detail/custom_msg__rosidl_typesupport_fastrtps_c.h
[12.184s] -- Installing: /home/jienan/automatic_move/install/livox_ros_driver2/lib/liblivox_ros_driver2__rosidl_typesupport_fastrtps_c.so
[12.184s] -- Set runtime path of "/home/jienan/automatic_move/install/livox_ros_driver2/lib/liblivox_ros_driver2__rosidl_typesupport_fastrtps_c.so" to ""
[12.184s] -- Up-to-date: /home/jienan/automatic_move/install/livox_ros_driver2/include/livox_ros_driver2/livox_ros_driver2
[12.184s] -- Up-to-date: /home/jienan/automatic_move/install/livox_ros_driver2/include/livox_ros_driver2/livox_ros_driver2/msg
[12.184s] -- Installing: /home/jienan/automatic_move/install/livox_ros_driver2/include/livox_ros_driver2/livox_ros_driver2/msg/rosidl_typesupport_introspection_c__visibility_control.h
[12.184s] -- Up-to-date: /home/jienan/automatic_move/install/livox_ros_driver2/include/livox_ros_driver2/livox_ros_driver2/msg/detail
[12.184s] -- Installing: /home/jienan/automatic_move/install/livox_ros_driver2/include/livox_ros_driver2/livox_ros_driver2/msg/detail/custom_point__type_support.c
[12.184s] -- Installing: /home/jienan/automatic_move/install/livox_ros_driver2/include/livox_ros_driver2/livox_ros_driver2/msg/detail/custom_msg__rosidl_typesupport_introspection_c.h
[12.184s] -- Installing: /home/jienan/automatic_move/install/livox_ros_driver2/include/livox_ros_driver2/livox_ros_driver2/msg/detail/custom_point__rosidl_typesupport_introspection_c.h
[12.184s] -- Installing: /home/jienan/automatic_move/install/livox_ros_driver2/include/livox_ros_driver2/livox_ros_driver2/msg/detail/custom_msg__type_support.c
[12.184s] -- Installing: /home/jienan/automatic_move/install/livox_ros_driver2/lib/liblivox_ros_driver2__rosidl_typesupport_introspection_c.so
[12.184s] -- Set runtime path of "/home/jienan/automatic_move/install/livox_ros_driver2/lib/liblivox_ros_driver2__rosidl_typesupport_introspection_c.so" to ""
[12.184s] -- Installing: /home/jienan/automatic_move/install/livox_ros_driver2/lib/liblivox_ros_driver2__rosidl_typesupport_c.so
[12.184s] -- Set runtime path of "/home/jienan/automatic_move/install/livox_ros_driver2/lib/liblivox_ros_driver2__rosidl_typesupport_c.so" to ""
[12.184s] -- Up-to-date: /home/jienan/automatic_move/install/livox_ros_driver2/include/livox_ros_driver2/livox_ros_driver2
[12.184s] -- Up-to-date: /home/jienan/automatic_move/install/livox_ros_driver2/include/livox_ros_driver2/livox_ros_driver2/msg
[12.184s] -- Installing: /home/jienan/automatic_move/install/livox_ros_driver2/include/livox_ros_driver2/livox_ros_driver2/msg/rosidl_generator_cpp__visibility_control.hpp
[12.184s] -- Up-to-date: /home/jienan/automatic_move/install/livox_ros_driver2/include/livox_ros_driver2/livox_ros_driver2/msg/detail
[12.184s] -- Installing: /home/jienan/automatic_move/install/livox_ros_driver2/include/livox_ros_driver2/livox_ros_driver2/msg/detail/custom_point__type_support.hpp
[12.185s] -- Installing: /home/jienan/automatic_move/install/livox_ros_driver2/include/livox_ros_driver2/livox_ros_driver2/msg/detail/custom_msg__traits.hpp
[12.185s] -- Installing: /home/jienan/automatic_move/install/livox_ros_driver2/include/livox_ros_driver2/livox_ros_driver2/msg/detail/custom_msg__builder.hpp
[12.185s] -- Installing: /home/jienan/automatic_move/install/livox_ros_driver2/include/livox_ros_driver2/livox_ros_driver2/msg/detail/custom_msg__struct.hpp
[12.185s] -- Installing: /home/jienan/automatic_move/install/livox_ros_driver2/include/livox_ros_driver2/livox_ros_driver2/msg/detail/custom_point__struct.hpp
[12.185s] -- Installing: /home/jienan/automatic_move/install/livox_ros_driver2/include/livox_ros_driver2/livox_ros_driver2/msg/detail/custom_point__builder.hpp
[12.185s] -- Installing: /home/jienan/automatic_move/install/livox_ros_driver2/include/livox_ros_driver2/livox_ros_driver2/msg/detail/custom_point__traits.hpp
[12.185s] -- Installing: /home/jienan/automatic_move/install/livox_ros_driver2/include/livox_ros_driver2/livox_ros_driver2/msg/detail/custom_msg__type_support.hpp
[12.185s] -- Installing: /home/jienan/automatic_move/install/livox_ros_driver2/include/livox_ros_driver2/livox_ros_driver2/msg/custom_point.hpp
[12.185s] -- Installing: /home/jienan/automatic_move/install/livox_ros_driver2/include/livox_ros_driver2/livox_ros_driver2/msg/custom_msg.hpp
[12.185s] -- Up-to-date: /home/jienan/automatic_move/install/livox_ros_driver2/include/livox_ros_driver2/livox_ros_driver2
[12.185s] -- Up-to-date: /home/jienan/automatic_move/install/livox_ros_driver2/include/livox_ros_driver2/livox_ros_driver2/msg
[12.185s] -- Installing: /home/jienan/automatic_move/install/livox_ros_driver2/include/livox_ros_driver2/livox_ros_driver2/msg/rosidl_typesupport_fastrtps_cpp__visibility_control.h
[12.185s] -- Up-to-date: /home/jienan/automatic_move/install/livox_ros_driver2/include/livox_ros_driver2/livox_ros_driver2/msg/detail
[12.185s] -- Installing: /home/jienan/automatic_move/install/livox_ros_driver2/include/livox_ros_driver2/livox_ros_driver2/msg/detail/custom_point__rosidl_typesupport_fastrtps_cpp.hpp
[12.185s] -- Installing: /home/jienan/automatic_move/install/livox_ros_driver2/include/livox_ros_driver2/livox_ros_driver2/msg/detail/dds_fastrtps
[12.185s] -- Installing: /home/jienan/automatic_move/install/livox_ros_driver2/include/livox_ros_driver2/livox_ros_driver2/msg/detail/custom_msg__rosidl_typesupport_fastrtps_cpp.hpp
[12.185s] -- Installing: /home/jienan/automatic_move/install/livox_ros_driver2/lib/liblivox_ros_driver2__rosidl_typesupport_fastrtps_cpp.so
[12.185s] -- Set runtime path of "/home/jienan/automatic_move/install/livox_ros_driver2/lib/liblivox_ros_driver2__rosidl_typesupport_fastrtps_cpp.so" to ""
[12.185s] -- Up-to-date: /home/jienan/automatic_move/install/livox_ros_driver2/include/livox_ros_driver2/livox_ros_driver2
[12.185s] -- Up-to-date: /home/jienan/automatic_move/install/livox_ros_driver2/include/livox_ros_driver2/livox_ros_driver2/msg
[12.186s] -- Up-to-date: /home/jienan/automatic_move/install/livox_ros_driver2/include/livox_ros_driver2/livox_ros_driver2/msg/detail
[12.186s] -- Installing: /home/jienan/automatic_move/install/livox_ros_driver2/include/livox_ros_driver2/livox_ros_driver2/msg/detail/custom_msg__type_support.cpp
[12.186s] -- Installing: /home/jienan/automatic_move/install/livox_ros_driver2/include/livox_ros_driver2/livox_ros_driver2/msg/detail/custom_msg__rosidl_typesupport_introspection_cpp.hpp
[12.186s] -- Installing: /home/jienan/automatic_move/install/livox_ros_driver2/include/livox_ros_driver2/livox_ros_driver2/msg/detail/custom_point__rosidl_typesupport_introspection_cpp.hpp
[12.186s] -- Installing: /home/jienan/automatic_move/install/livox_ros_driver2/include/livox_ros_driver2/livox_ros_driver2/msg/detail/custom_point__type_support.cpp
[12.186s] -- Installing: /home/jienan/automatic_move/install/livox_ros_driver2/lib/liblivox_ros_driver2__rosidl_typesupport_introspection_cpp.so
[12.186s] -- Set runtime path of "/home/jienan/automatic_move/install/livox_ros_driver2/lib/liblivox_ros_driver2__rosidl_typesupport_introspection_cpp.so" to ""
[12.186s] -- Installing: /home/jienan/automatic_move/install/livox_ros_driver2/lib/liblivox_ros_driver2__rosidl_typesupport_cpp.so
[12.186s] -- Set runtime path of "/home/jienan/automatic_move/install/livox_ros_driver2/lib/liblivox_ros_driver2__rosidl_typesupport_cpp.so" to ""
[12.186s] -- Installing: /home/jienan/automatic_move/install/livox_ros_driver2/share/livox_ros_driver2/environment/pythonpath.sh
[12.186s] -- Installing: /home/jienan/automatic_move/install/livox_ros_driver2/share/livox_ros_driver2/environment/pythonpath.dsv
[12.186s] -- Installing: /home/jienan/automatic_move/install/livox_ros_driver2/local/lib/python3.10/dist-packages/livox_ros_driver2-1.0.0-py3.10.egg-info
[12.186s] -- Installing: /home/jienan/automatic_move/install/livox_ros_driver2/local/lib/python3.10/dist-packages/livox_ros_driver2-1.0.0-py3.10.egg-info/SOURCES.txt
[12.187s] -- Installing: /home/jienan/automatic_move/install/livox_ros_driver2/local/lib/python3.10/dist-packages/livox_ros_driver2-1.0.0-py3.10.egg-info/PKG-INFO
[12.187s] -- Installing: /home/jienan/automatic_move/install/livox_ros_driver2/local/lib/python3.10/dist-packages/livox_ros_driver2-1.0.0-py3.10.egg-info/top_level.txt
[12.187s] -- Installing: /home/jienan/automatic_move/install/livox_ros_driver2/local/lib/python3.10/dist-packages/livox_ros_driver2-1.0.0-py3.10.egg-info/dependency_links.txt
[12.187s] -- Installing: /home/jienan/automatic_move/install/livox_ros_driver2/local/lib/python3.10/dist-packages/livox_ros_driver2
[12.187s] -- Installing: /home/jienan/automatic_move/install/livox_ros_driver2/local/lib/python3.10/dist-packages/livox_ros_driver2/msg
[12.187s] -- Installing: /home/jienan/automatic_move/install/livox_ros_driver2/local/lib/python3.10/dist-packages/livox_ros_driver2/msg/_custom_point_s.c
[12.187s] -- Installing: /home/jienan/automatic_move/install/livox_ros_driver2/local/lib/python3.10/dist-packages/livox_ros_driver2/msg/__init__.py
[12.187s] -- Installing: /home/jienan/automatic_move/install/livox_ros_driver2/local/lib/python3.10/dist-packages/livox_ros_driver2/msg/_custom_point.py
[12.187s] -- Installing: /home/jienan/automatic_move/install/livox_ros_driver2/local/lib/python3.10/dist-packages/livox_ros_driver2/msg/_custom_msg.py
[12.187s] -- Installing: /home/jienan/automatic_move/install/livox_ros_driver2/local/lib/python3.10/dist-packages/livox_ros_driver2/msg/_custom_msg_s.c
[12.187s] -- Installing: /home/jienan/automatic_move/install/livox_ros_driver2/local/lib/python3.10/dist-packages/livox_ros_driver2/livox_ros_driver2_s__rosidl_typesupport_c.cpython-310-x86_64-linux-gnu.so
[12.187s] -- Installing: /home/jienan/automatic_move/install/livox_ros_driver2/local/lib/python3.10/dist-packages/livox_ros_driver2/_livox_ros_driver2_s.ep.rosidl_typesupport_introspection_c.c
[12.187s] -- Installing: /home/jienan/automatic_move/install/livox_ros_driver2/local/lib/python3.10/dist-packages/livox_ros_driver2/_livox_ros_driver2_s.ep.rosidl_typesupport_c.c
[12.187s] -- Installing: /home/jienan/automatic_move/install/livox_ros_driver2/local/lib/python3.10/dist-packages/livox_ros_driver2/livox_ros_driver2_s__rosidl_typesupport_introspection_c.cpython-310-x86_64-linux-gnu.so
[12.187s] -- Installing: /home/jienan/automatic_move/install/livox_ros_driver2/local/lib/python3.10/dist-packages/livox_ros_driver2/__init__.py
[12.187s] -- Installing: /home/jienan/automatic_move/install/livox_ros_driver2/local/lib/python3.10/dist-packages/livox_ros_driver2/liblivox_interfaces2__rosidl_generator_py.so
[12.188s] -- Installing: /home/jienan/automatic_move/install/livox_ros_driver2/local/lib/python3.10/dist-packages/livox_ros_driver2/_livox_ros_driver2_s.ep.rosidl_typesupport_fastrtps_c.c
[12.188s] -- Installing: /home/jienan/automatic_move/install/livox_ros_driver2/local/lib/python3.10/dist-packages/livox_ros_driver2/livox_ros_driver2_s__rosidl_typesupport_fastrtps_c.cpython-310-x86_64-linux-gnu.so
[12.214s] Listing '/home/jienan/automatic_move/install/livox_ros_driver2/local/lib/python3.10/dist-packages/livox_ros_driver2'...
[12.214s] Compiling '/home/jienan/automatic_move/install/livox_ros_driver2/local/lib/python3.10/dist-packages/livox_ros_driver2/__init__.py'...
[12.214s] Listing '/home/jienan/automatic_move/install/livox_ros_driver2/local/lib/python3.10/dist-packages/livox_ros_driver2/msg'...
[12.214s] Compiling '/home/jienan/automatic_move/install/livox_ros_driver2/local/lib/python3.10/dist-packages/livox_ros_driver2/msg/__init__.py'...
[12.214s] Compiling '/home/jienan/automatic_move/install/livox_ros_driver2/local/lib/python3.10/dist-packages/livox_ros_driver2/msg/_custom_msg.py'...
[12.214s] Compiling '/home/jienan/automatic_move/install/livox_ros_driver2/local/lib/python3.10/dist-packages/livox_ros_driver2/msg/_custom_point.py'...
[12.217s] -- Installing: /home/jienan/automatic_move/install/livox_ros_driver2/local/lib/python3.10/dist-packages/livox_ros_driver2/livox_ros_driver2_s__rosidl_typesupport_fastrtps_c.cpython-310-x86_64-linux-gnu.so
[12.217s] -- Set runtime path of "/home/jienan/automatic_move/install/livox_ros_driver2/local/lib/python3.10/dist-packages/livox_ros_driver2/livox_ros_driver2_s__rosidl_typesupport_fastrtps_c.cpython-310-x86_64-linux-gnu.so" to ""
[12.217s] -- Installing: /home/jienan/automatic_move/install/livox_ros_driver2/local/lib/python3.10/dist-packages/livox_ros_driver2/livox_ros_driver2_s__rosidl_typesupport_introspection_c.cpython-310-x86_64-linux-gnu.so
[12.217s] -- Set runtime path of "/home/jienan/automatic_move/install/livox_ros_driver2/local/lib/python3.10/dist-packages/livox_ros_driver2/livox_ros_driver2_s__rosidl_typesupport_introspection_c.cpython-310-x86_64-linux-gnu.so" to ""
[12.217s] -- Installing: /home/jienan/automatic_move/install/livox_ros_driver2/local/lib/python3.10/dist-packages/livox_ros_driver2/livox_ros_driver2_s__rosidl_typesupport_c.cpython-310-x86_64-linux-gnu.so
[12.217s] -- Set runtime path of "/home/jienan/automatic_move/install/livox_ros_driver2/local/lib/python3.10/dist-packages/livox_ros_driver2/livox_ros_driver2_s__rosidl_typesupport_c.cpython-310-x86_64-linux-gnu.so" to ""
[12.217s] -- Installing: /home/jienan/automatic_move/install/livox_ros_driver2/lib/liblivox_interfaces2__rosidl_generator_py.so
[12.217s] -- Set runtime path of "/home/jienan/automatic_move/install/livox_ros_driver2/lib/liblivox_interfaces2__rosidl_generator_py.so" to ""
[12.217s] -- Installing: /home/jienan/automatic_move/install/livox_ros_driver2/share/livox_ros_driver2/msg/CustomPoint.idl
[12.217s] -- Installing: /home/jienan/automatic_move/install/livox_ros_driver2/share/livox_ros_driver2/msg/CustomMsg.idl
[12.217s] -- Installing: /home/jienan/automatic_move/install/livox_ros_driver2/share/livox_ros_driver2/msg/CustomPoint.msg
[12.218s] -- Installing: /home/jienan/automatic_move/install/livox_ros_driver2/share/livox_ros_driver2/msg/CustomMsg.msg
[12.218s] -- Installing: /home/jienan/automatic_move/install/livox_ros_driver2/lib/livox_ros_driver2/livox_ros_driver2_node
[12.218s] -- Set runtime path of "/home/jienan/automatic_move/install/livox_ros_driver2/lib/livox_ros_driver2/livox_ros_driver2_node" to ""
[12.218s] -- Installing: /home/jienan/automatic_move/install/livox_ros_driver2/lib/liblivox_ros_driver2.so
[12.220s] -- Set runtime path of "/home/jienan/automatic_move/install/livox_ros_driver2/lib/liblivox_ros_driver2.so" to ""
[12.220s] -- Installing: /home/jienan/automatic_move/install/livox_ros_driver2/share/livox_ros_driver2/config
[12.220s] -- Installing: /home/jienan/automatic_move/install/livox_ros_driver2/share/livox_ros_driver2/config/display_point_cloud_ROS1.rviz
[12.220s] -- Installing: /home/jienan/automatic_move/install/livox_ros_driver2/share/livox_ros_driver2/config/HAP_config.json
[12.220s] -- Installing: /home/jienan/automatic_move/install/livox_ros_driver2/share/livox_ros_driver2/config/display_point_cloud_ROS2.rviz
[12.220s] -- Installing: /home/jienan/automatic_move/install/livox_ros_driver2/share/livox_ros_driver2/config/mixed_HAP_MID360_config.json
[12.220s] -- Installing: /home/jienan/automatic_move/install/livox_ros_driver2/share/livox_ros_driver2/config/MID360_config.json
[12.220s] -- Installing: /home/jienan/automatic_move/install/livox_ros_driver2/share/livox_ros_driver2/launch_ROS2
[12.220s] -- Installing: /home/jienan/automatic_move/install/livox_ros_driver2/share/livox_ros_driver2/launch_ROS2/rviz_mixed.py
[12.220s] -- Installing: /home/jienan/automatic_move/install/livox_ros_driver2/share/livox_ros_driver2/launch_ROS2/rviz_MID360_launch.py
[12.220s] -- Installing: /home/jienan/automatic_move/install/livox_ros_driver2/share/livox_ros_driver2/launch_ROS2/rviz_HAP_launch.py
[12.220s] -- Installing: /home/jienan/automatic_move/install/livox_ros_driver2/share/livox_ros_driver2/launch_ROS2/msg_MID360_launch.py
[12.220s] -- Installing: /home/jienan/automatic_move/install/livox_ros_driver2/share/livox_ros_driver2/launch_ROS2/msg_HAP_launch.py
[12.220s] -- Installing: /home/jienan/automatic_move/install/livox_ros_driver2/share/ament_index/resource_index/package_run_dependencies/livox_ros_driver2
[12.221s] -- Installing: /home/jienan/automatic_move/install/livox_ros_driver2/share/ament_index/resource_index/parent_prefix_path/livox_ros_driver2
[12.221s] -- Installing: /home/jienan/automatic_move/install/livox_ros_driver2/share/livox_ros_driver2/environment/ament_prefix_path.sh
[12.221s] -- Installing: /home/jienan/automatic_move/install/livox_ros_driver2/share/livox_ros_driver2/environment/ament_prefix_path.dsv
[12.221s] -- Installing: /home/jienan/automatic_move/install/livox_ros_driver2/share/livox_ros_driver2/environment/path.sh
[12.221s] -- Installing: /home/jienan/automatic_move/install/livox_ros_driver2/share/livox_ros_driver2/environment/path.dsv
[12.221s] -- Installing: /home/jienan/automatic_move/install/livox_ros_driver2/share/livox_ros_driver2/local_setup.bash
[12.221s] -- Installing: /home/jienan/automatic_move/install/livox_ros_driver2/share/livox_ros_driver2/local_setup.sh
[12.221s] -- Installing: /home/jienan/automatic_move/install/livox_ros_driver2/share/livox_ros_driver2/local_setup.zsh
[12.221s] -- Installing: /home/jienan/automatic_move/install/livox_ros_driver2/share/livox_ros_driver2/local_setup.dsv
[12.221s] -- Installing: /home/jienan/automatic_move/install/livox_ros_driver2/share/livox_ros_driver2/package.dsv
[12.221s] -- Installing: /home/jienan/automatic_move/install/livox_ros_driver2/share/ament_index/resource_index/packages/livox_ros_driver2
[12.221s] -- Installing: /home/jienan/automatic_move/install/livox_ros_driver2/share/livox_ros_driver2/cmake/export_livox_interfaces2__rosidl_generator_cExport.cmake
[12.221s] -- Installing: /home/jienan/automatic_move/install/livox_ros_driver2/share/livox_ros_driver2/cmake/export_livox_interfaces2__rosidl_generator_cExport-noconfig.cmake
[12.221s] -- Installing: /home/jienan/automatic_move/install/livox_ros_driver2/share/livox_ros_driver2/cmake/export_livox_interfaces2__rosidl_typesupport_fastrtps_cExport.cmake
[12.221s] -- Installing: /home/jienan/automatic_move/install/livox_ros_driver2/share/livox_ros_driver2/cmake/export_livox_interfaces2__rosidl_typesupport_fastrtps_cExport-noconfig.cmake
[12.221s] -- Installing: /home/jienan/automatic_move/install/livox_ros_driver2/share/livox_ros_driver2/cmake/livox_interfaces2__rosidl_typesupport_introspection_cExport.cmake
[12.221s] -- Installing: /home/jienan/automatic_move/install/livox_ros_driver2/share/livox_ros_driver2/cmake/livox_interfaces2__rosidl_typesupport_introspection_cExport-noconfig.cmake
[12.221s] -- Installing: /home/jienan/automatic_move/install/livox_ros_driver2/share/livox_ros_driver2/cmake/livox_interfaces2__rosidl_typesupport_cExport.cmake
[12.221s] -- Installing: /home/jienan/automatic_move/install/livox_ros_driver2/share/livox_ros_driver2/cmake/livox_interfaces2__rosidl_typesupport_cExport-noconfig.cmake
[12.221s] -- Installing: /home/jienan/automatic_move/install/livox_ros_driver2/share/livox_ros_driver2/cmake/export_livox_interfaces2__rosidl_generator_cppExport.cmake
[12.221s] -- Installing: /home/jienan/automatic_move/install/livox_ros_driver2/share/livox_ros_driver2/cmake/export_livox_interfaces2__rosidl_typesupport_fastrtps_cppExport.cmake
[12.221s] -- Installing: /home/jienan/automatic_move/install/livox_ros_driver2/share/livox_ros_driver2/cmake/export_livox_interfaces2__rosidl_typesupport_fastrtps_cppExport-noconfig.cmake
[12.221s] -- Installing: /home/jienan/automatic_move/install/livox_ros_driver2/share/livox_ros_driver2/cmake/livox_interfaces2__rosidl_typesupport_introspection_cppExport.cmake
[12.221s] -- Installing: /home/jienan/automatic_move/install/livox_ros_driver2/share/livox_ros_driver2/cmake/livox_interfaces2__rosidl_typesupport_introspection_cppExport-noconfig.cmake
[12.221s] -- Installing: /home/jienan/automatic_move/install/livox_ros_driver2/share/livox_ros_driver2/cmake/livox_interfaces2__rosidl_typesupport_cppExport.cmake
[12.221s] -- Installing: /home/jienan/automatic_move/install/livox_ros_driver2/share/livox_ros_driver2/cmake/livox_interfaces2__rosidl_typesupport_cppExport-noconfig.cmake
[12.221s] -- Installing: /home/jienan/automatic_move/install/livox_ros_driver2/share/livox_ros_driver2/cmake/export_livox_interfaces2__rosidl_generator_pyExport.cmake
[12.222s] -- Installing: /home/jienan/automatic_move/install/livox_ros_driver2/share/livox_ros_driver2/cmake/export_livox_interfaces2__rosidl_generator_pyExport-noconfig.cmake
[12.222s] -- Installing: /home/jienan/automatic_move/install/livox_ros_driver2/share/ament_index/resource_index/rclcpp_components/livox_ros_driver2
[12.222s] -- Installing: /home/jienan/automatic_move/install/livox_ros_driver2/share/livox_ros_driver2/cmake/rosidl_cmake-extras.cmake
[12.222s] -- Installing: /home/jienan/automatic_move/install/livox_ros_driver2/share/livox_ros_driver2/cmake/ament_cmake_export_dependencies-extras.cmake
[12.222s] -- Installing: /home/jienan/automatic_move/install/livox_ros_driver2/share/livox_ros_driver2/cmake/ament_cmake_export_include_directories-extras.cmake
[12.222s] -- Installing: /home/jienan/automatic_move/install/livox_ros_driver2/share/livox_ros_driver2/cmake/ament_cmake_export_libraries-extras.cmake
[12.222s] -- Installing: /home/jienan/automatic_move/install/livox_ros_driver2/share/livox_ros_driver2/cmake/ament_cmake_export_targets-extras.cmake
[12.222s] -- Installing: /home/jienan/automatic_move/install/livox_ros_driver2/share/livox_ros_driver2/cmake/rosidl_cmake_export_typesupport_targets-extras.cmake
[12.222s] -- Installing: /home/jienan/automatic_move/install/livox_ros_driver2/share/livox_ros_driver2/cmake/rosidl_cmake_export_typesupport_libraries-extras.cmake
[12.222s] -- Installing: /home/jienan/automatic_move/install/livox_ros_driver2/share/livox_ros_driver2/cmake/livox_ros_driver2Config.cmake
[12.222s] -- Installing: /home/jienan/automatic_move/install/livox_ros_driver2/share/livox_ros_driver2/cmake/livox_ros_driver2Config-version.cmake
[12.222s] -- Installing: /home/jienan/automatic_move/install/livox_ros_driver2/share/livox_ros_driver2/package.xml
[12.224s] Invoked command in '/home/jienan/automatic_move/build/livox_ros_driver2' returned '0': CMAKE_PREFIX_PATH=${CMAKE_PREFIX_PATH}:/opt/ros/humble /usr/bin/cmake --install /home/jienan/automatic_move/build/livox_ros_driver2
