/home/jienan/automatic_move/install/automove_engine/lib/python3.10/site-packages/automove_engine/state.py
/home/jienan/automatic_move/install/automove_engine/lib/python3.10/site-packages/automove_engine/quick_test.py
/home/jienan/automatic_move/install/automove_engine/lib/python3.10/site-packages/automove_engine/states.py
/home/jienan/automatic_move/install/automove_engine/lib/python3.10/site-packages/automove_engine/__init__.py
/home/jienan/automatic_move/install/automove_engine/lib/python3.10/site-packages/automove_engine/test_states.py
/home/jienan/automatic_move/install/automove_engine/lib/python3.10/site-packages/automove_engine/state_manager.py
/home/jienan/automatic_move/install/automove_engine/lib/python3.10/site-packages/automove_engine/__pycache__/state.cpython-310.pyc
/home/jienan/automatic_move/install/automove_engine/lib/python3.10/site-packages/automove_engine/__pycache__/quick_test.cpython-310.pyc
/home/jienan/automatic_move/install/automove_engine/lib/python3.10/site-packages/automove_engine/__pycache__/states.cpython-310.pyc
/home/jienan/automatic_move/install/automove_engine/lib/python3.10/site-packages/automove_engine/__pycache__/__init__.cpython-310.pyc
/home/jienan/automatic_move/install/automove_engine/lib/python3.10/site-packages/automove_engine/__pycache__/test_states.cpython-310.pyc
/home/jienan/automatic_move/install/automove_engine/lib/python3.10/site-packages/automove_engine/__pycache__/state_manager.cpython-310.pyc
/home/jienan/automatic_move/install/automove_engine/share/ament_index/resource_index/packages/automove_engine
/home/jienan/automatic_move/install/automove_engine/share/automove_engine/package.xml
/home/jienan/automatic_move/install/automove_engine/lib/python3.10/site-packages/automove_engine-0.0.0-py3.10.egg-info/SOURCES.txt
/home/jienan/automatic_move/install/automove_engine/lib/python3.10/site-packages/automove_engine-0.0.0-py3.10.egg-info/zip-safe
/home/jienan/automatic_move/install/automove_engine/lib/python3.10/site-packages/automove_engine-0.0.0-py3.10.egg-info/PKG-INFO
/home/jienan/automatic_move/install/automove_engine/lib/python3.10/site-packages/automove_engine-0.0.0-py3.10.egg-info/top_level.txt
/home/jienan/automatic_move/install/automove_engine/lib/python3.10/site-packages/automove_engine-0.0.0-py3.10.egg-info/requires.txt
/home/jienan/automatic_move/install/automove_engine/lib/python3.10/site-packages/automove_engine-0.0.0-py3.10.egg-info/entry_points.txt
/home/jienan/automatic_move/install/automove_engine/lib/python3.10/site-packages/automove_engine-0.0.0-py3.10.egg-info/dependency_links.txt
/home/jienan/automatic_move/install/automove_engine/lib/automove_engine/quick_test
