[0.545s] Invoking command in '/home/jienan/automatic_move/src/automove_engine': PYTHONPATH=/home/jienan/automatic_move/build/automove_engine/prefix_override:/usr/lib/python3/dist-packages/colcon_core/task/python/colcon_distutils_commands:/home/jienan/automatic_move/install/automove_engine/lib/python3.10/site-packages:${PYTHONPATH} /usr/bin/python3 -W ignore:setup.py install is deprecated -W ignore:easy_install command is deprecated setup.py egg_info --egg-base ../../build/automove_engine build --build-base /home/jienan/automatic_move/build/automove_engine/build install --record /home/jienan/automatic_move/build/automove_engine/install.log --single-version-externally-managed install_data
[0.706s] running egg_info
[0.715s] writing ../../build/automove_engine/automove_engine.egg-info/PKG-INFO
[0.717s] writing dependency_links to ../../build/automove_engine/automove_engine.egg-info/dependency_links.txt
[0.717s] writing entry points to ../../build/automove_engine/automove_engine.egg-info/entry_points.txt
[0.717s] writing requirements to ../../build/automove_engine/automove_engine.egg-info/requires.txt
[0.717s] writing top-level names to ../../build/automove_engine/automove_engine.egg-info/top_level.txt
[0.743s] reading manifest file '../../build/automove_engine/automove_engine.egg-info/SOURCES.txt'
[0.743s] writing manifest file '../../build/automove_engine/automove_engine.egg-info/SOURCES.txt'
[0.743s] running build
[0.744s] running build_py
[0.744s] copying automove_engine/quick_test.py -> /home/jienan/automatic_move/build/automove_engine/build/lib/automove_engine
[0.744s] copying automove_engine/__init__.py -> /home/jienan/automatic_move/build/automove_engine/build/lib/automove_engine
[0.744s] running install
[0.747s] running install_lib
[0.760s] running install_data
[0.760s] copying resource/automove_engine -> /home/jienan/automatic_move/install/automove_engine/share/ament_index/resource_index/packages
[0.760s] copying package.xml -> /home/jienan/automatic_move/install/automove_engine/share/automove_engine
[0.760s] running install_egg_info
[0.773s] removing '/home/jienan/automatic_move/install/automove_engine/lib/python3.10/site-packages/automove_engine-0.0.0-py3.10.egg-info' (and everything under it)
[0.773s] Copying ../../build/automove_engine/automove_engine.egg-info to /home/jienan/automatic_move/install/automove_engine/lib/python3.10/site-packages/automove_engine-0.0.0-py3.10.egg-info
[0.774s] running install_scripts
[0.863s] Installing quick_test script to /home/jienan/automatic_move/install/automove_engine/lib/automove_engine
[0.863s] writing list of installed files to '/home/jienan/automatic_move/build/automove_engine/install.log'
[0.879s] Invoked command in '/home/jienan/automatic_move/src/automove_engine' returned '0': PYTHONPATH=/home/jienan/automatic_move/build/automove_engine/prefix_override:/usr/lib/python3/dist-packages/colcon_core/task/python/colcon_distutils_commands:/home/jienan/automatic_move/install/automove_engine/lib/python3.10/site-packages:${PYTHONPATH} /usr/bin/python3 -W ignore:setup.py install is deprecated -W ignore:easy_install command is deprecated setup.py egg_info --egg-base ../../build/automove_engine build --build-base /home/jienan/automatic_move/build/automove_engine/build install --record /home/jienan/automatic_move/build/automove_engine/install.log --single-version-externally-managed install_data
