[0.132s] Invoking command in '/home/jienan/automatic_move/build/livox_sdk2': /usr/bin/cmake /home/jienan/automatic_move/src/Livox-SDK2 -DCMAKE_INSTALL_PREFIX=/home/jienan/automatic_move/install/livox_sdk2
[0.144s] -- main project dir: /home/jienan/automatic_move/src/Livox-SDK2
[0.145s] -- main project dir: /home/jienan/automatic_move/src/Livox-SDK2/samples
[0.146s] -- Configuring done
[0.156s] -- Generating done
[0.159s] -- Build files have been written to: /home/jienan/automatic_move/build/livox_sdk2
[0.160s] Invoked command in '/home/jienan/automatic_move/build/livox_sdk2' returned '0': /usr/bin/cmake /home/jienan/automatic_move/src/Livox-SDK2 -DCMAKE_INSTALL_PREFIX=/home/jienan/automatic_move/install/livox_sdk2
[0.161s] Invoking command in '/home/jienan/automatic_move/build/livox_sdk2': /usr/bin/cmake --build /home/jienan/automatic_move/build/livox_sdk2 -- -j24 -l24
[0.193s] [35m[1mConsolidate compiler generated dependencies of target livox_lidar_sdk_static[0m
[0.195s] [35m[1mConsolidate compiler generated dependencies of target livox_lidar_sdk_shared[0m
[0.215s] [ 73%] Built target livox_lidar_sdk_static
[0.215s] [ 84%] Built target livox_lidar_sdk_shared
[0.222s] [35m[1mConsolidate compiler generated dependencies of target livox_lidar_quick_start[0m
[0.222s] [35m[1mConsolidate compiler generated dependencies of target debug_point_cloud[0m
[0.222s] [35m[1mConsolidate compiler generated dependencies of target livox_lidar_rmc_time_sync[0m
[0.222s] [35m[1mConsolidate compiler generated dependencies of target lidar_cmd_observer[0m
[0.225s] [35m[1mConsolidate compiler generated dependencies of target multi_lidars_upgrade[0m
[0.225s] [35m[1mConsolidate compiler generated dependencies of target logger[0m
[0.230s] [ 91%] Built target debug_point_cloud
[0.230s] [ 91%] Built target lidar_cmd_observer
[0.230s] [ 92%] Built target livox_lidar_rmc_time_sync
[0.232s] [ 95%] Built target livox_lidar_quick_start
[0.234s] [100%] Built target logger
[0.234s] [100%] Built target multi_lidars_upgrade
[0.243s] Invoked command in '/home/jienan/automatic_move/build/livox_sdk2' returned '0': /usr/bin/cmake --build /home/jienan/automatic_move/build/livox_sdk2 -- -j24 -l24
[0.249s] Invoking command in '/home/jienan/automatic_move/build/livox_sdk2': /usr/bin/cmake --install /home/jienan/automatic_move/build/livox_sdk2
[0.253s] -- Install configuration: ""
[0.253s] -- Up-to-date: /home/jienan/automatic_move/install/livox_sdk2/lib/liblivox_lidar_sdk_static.a
[0.253s] -- Up-to-date: /home/jienan/automatic_move/install/livox_sdk2/include/livox_lidar_def.h
[0.253s] -- Up-to-date: /home/jienan/automatic_move/install/livox_sdk2/include/livox_lidar_api.h
[0.253s] -- Up-to-date: /home/jienan/automatic_move/install/livox_sdk2/include/livox_lidar_cfg.h
[0.253s] -- Up-to-date: /home/jienan/automatic_move/install/livox_sdk2/lib/liblivox_lidar_sdk_shared.so
[0.254s] Invoked command in '/home/jienan/automatic_move/build/livox_sdk2' returned '0': /usr/bin/cmake --install /home/jienan/automatic_move/build/livox_sdk2
