[0.011s] Invoking command in '/home/jienan/automatic_move/build/livox_ros_driver2': CMAKE_PREFIX_PATH=/opt/ros/humble /usr/bin/cmake /home/jienan/automatic_move/src/livox_ros_driver2 -DROS_EDITION=ROS2 -DHUMBLE_ROS=humble -DCMAKE_INSTALL_PREFIX=/home/jienan/automatic_move/install/livox_ros_driver2
[0.137s] -- The C compiler identification is GNU 11.4.0
[0.137s] -- The CXX compiler identification is GNU 11.4.0
[0.137s] -- Detecting C compiler ABI info
[0.137s] -- Detecting C compiler ABI info - done
[0.139s] -- Check for working C compiler: /usr/bin/cc - skipped
[0.140s] -- Detecting C compile features
[0.140s] -- Detecting C compile features - done
[0.142s] -- Detecting CXX compiler ABI info
[0.197s] -- Detecting CXX compiler ABI info - done
[0.204s] -- Check for working CXX compiler: /usr/bin/c++ - skipped
[0.204s] -- Detecting CXX compile features
[0.205s] -- Detecting CXX compile features - done
[0.205s] -- livox_ros_driver2 version: 1.2.4
[0.206s] -- Found ament_cmake_auto: 1.3.12 (/opt/ros/humble/share/ament_cmake_auto/cmake)
[0.562s] -- Found Python3: /usr/bin/python3 (found version "3.10.12") found components: Interpreter 
[0.835s] -- Using all available rosidl_typesupport_c: rosidl_typesupport_fastrtps_c;rosidl_typesupport_introspection_c
[0.850s] -- Found rosidl_adapter: 3.1.7 (/opt/ros/humble/share/rosidl_adapter/cmake)
[0.934s] -- Using all available rosidl_typesupport_cpp: rosidl_typesupport_fastrtps_cpp;rosidl_typesupport_introspection_cpp
[1.108s] -- Found rmw_implementation_cmake: 6.1.2 (/opt/ros/humble/share/rmw_implementation_cmake/cmake)
[1.111s] -- Found rmw_fastrtps_cpp: 6.2.8 (/opt/ros/humble/share/rmw_fastrtps_cpp/cmake)
[1.308s] -- Found OpenSSL: /usr/lib/x86_64-linux-gnu/libcrypto.so (found version "3.0.2")  
[1.400s] -- Found FastRTPS: /opt/ros/humble/include  
[1.501s] -- Using RMW implementation 'rmw_fastrtps_cpp' as default
[1.510s] -- Looking for pthread.h
[1.694s] -- Looking for pthread.h - found
[1.694s] -- Performing Test CMAKE_HAVE_LIBC_PTHREAD
[1.872s] -- Performing Test CMAKE_HAVE_LIBC_PTHREAD - Success
[1.878s] -- Found Threads: TRUE  
[2.239s] -- Checking for module 'eigen3'
[2.270s] --   Found eigen3, version 3.4.0
[2.352s] -- Found Eigen: /usr/include/eigen3 (Required is at least version "3.1") 
[2.353s] -- Eigen found (include: /usr/include/eigen3, version: 3.4.0)
[2.390s] -- Checking for module 'flann'
[2.405s] --   Found flann, version 1.9.1
[2.462s] -- Found FLANN: /usr/lib/x86_64-linux-gnu/libflann_cpp.so  
[2.463s] -- FLANN found (include: /usr/include, lib: /usr/lib/x86_64-linux-gnu/libflann_cpp.so)
[4.329s] -- Checking for module 'libusb-1.0'
[4.360s] --   Found libusb-1.0, version 1.0.25
[4.443s] -- Found libusb: /usr/lib/x86_64-linux-gnu/libusb-1.0.so  
[4.446s] -- OpenNI found (version: 1.5.4.0, include: /usr/include/ni, lib: /usr/lib/libOpenNI.so;libusb::libusb)
[4.570s] -- OpenNI2 found (version: 2.2.0.33, include: /usr/include/openni2, lib: /usr/lib/x86_64-linux-gnu/libOpenNI2.so;libusb::libusb)
[4.948s] -- Eigen found (include: /usr/include/eigen3, version: 3.4.0)
[4.958s] -- OpenNI found (version: 1.5.4.0, include: /usr/include/ni, lib: /usr/lib/libOpenNI.so;libusb::libusb)
[4.967s] -- OpenNI2 found (version: 2.2.0.33, include: /usr/include/openni2, lib: /usr/lib/x86_64-linux-gnu/libOpenNI2.so;libusb::libusb)
[5.159s] -- Found Qhull version 8.0.2
[5.330s] -- OpenNI found (version: 1.5.4.0, include: /usr/include/ni, lib: /usr/lib/libOpenNI.so;libusb::libusb)
[5.443s] -- Found PCL_COMMON: /usr/lib/x86_64-linux-gnu/libpcl_common.so  
[5.444s] -- Found PCL_KDTREE: /usr/lib/x86_64-linux-gnu/libpcl_kdtree.so  
[5.445s] -- Found PCL_OCTREE: /usr/lib/x86_64-linux-gnu/libpcl_octree.so  
[5.446s] -- Found PCL_SEARCH: /usr/lib/x86_64-linux-gnu/libpcl_search.so  
[5.447s] -- Found PCL_SAMPLE_CONSENSUS: /usr/lib/x86_64-linux-gnu/libpcl_sample_consensus.so  
[5.447s] -- Found PCL_FILTERS: /usr/lib/x86_64-linux-gnu/libpcl_filters.so  
[5.448s] -- Found PCL_2D: /usr/include/pcl-1.12  
[5.448s] -- Found PCL_GEOMETRY: /usr/include/pcl-1.12  
[5.449s] -- Found PCL_IO: /usr/lib/x86_64-linux-gnu/libpcl_io.so  
[5.450s] -- Found PCL_FEATURES: /usr/lib/x86_64-linux-gnu/libpcl_features.so  
[5.452s] -- Found PCL_ML: /usr/lib/x86_64-linux-gnu/libpcl_ml.so  
[5.453s] -- Found PCL_SEGMENTATION: /usr/lib/x86_64-linux-gnu/libpcl_segmentation.so  
[5.454s] -- Found PCL_VISUALIZATION: /usr/lib/x86_64-linux-gnu/libpcl_visualization.so  
[5.455s] -- Found PCL_SURFACE: /usr/lib/x86_64-linux-gnu/libpcl_surface.so  
[5.456s] -- Found PCL_REGISTRATION: /usr/lib/x86_64-linux-gnu/libpcl_registration.so  
[5.457s] -- Found PCL_KEYPOINTS: /usr/lib/x86_64-linux-gnu/libpcl_keypoints.so  
[5.458s] -- Found PCL_TRACKING: /usr/lib/x86_64-linux-gnu/libpcl_tracking.so  
[5.459s] -- Found PCL_RECOGNITION: /usr/lib/x86_64-linux-gnu/libpcl_recognition.so  
[5.461s] -- Found PCL_STEREO: /usr/lib/x86_64-linux-gnu/libpcl_stereo.so  
[5.462s] -- Found PCL_APPS: /usr/lib/x86_64-linux-gnu/libpcl_apps.so  
[5.462s] -- Found PCL_IN_HAND_SCANNER: /usr/include/pcl-1.12  
[5.463s] -- Found PCL_MODELER: /usr/include/pcl-1.12  
[5.463s] -- Found PCL_POINT_CLOUD_EDITOR: /usr/include/pcl-1.12  
[5.464s] -- Found PCL_OUTOFCORE: /usr/lib/x86_64-linux-gnu/libpcl_outofcore.so  
[5.465s] -- Found PCL_PEOPLE: /usr/lib/x86_64-linux-gnu/libpcl_people.so  
[5.498s] -- Found PkgConfig: /usr/bin/pkg-config (found version "0.29.2") 
[5.499s] -- Checking for module 'apr-1'
[5.502s] --   No package 'apr-1' found
[5.723s] -- Found ament_cmake_ros: 0.10.0 (/opt/ros/humble/share/ament_cmake_ros/cmake)
[5.893s] -- Using all available rosidl_typesupport_c: rosidl_typesupport_fastrtps_c;rosidl_typesupport_introspection_c
[6.138s] -- Using all available rosidl_typesupport_cpp: rosidl_typesupport_fastrtps_cpp;rosidl_typesupport_introspection_cpp
[6.167s] -- Found PythonInterp: /usr/bin/python3 (found suitable version "3.10.12", minimum required is "3.6") 
[6.168s] -- Found python_cmake_module: 0.10.0 (/opt/ros/humble/share/python_cmake_module/cmake)
[6.192s] -- Found PythonLibs: /usr/lib/x86_64-linux-gnu/libpython3.10.so (found suitable version "3.10.12", minimum required is "3.5") 
[6.192s] -- Using PYTHON_EXECUTABLE: /usr/bin/python3
[6.192s] -- Using PYTHON_INCLUDE_DIRS: /usr/include/python3.10
[6.192s] -- Using PYTHON_LIBRARIES: /usr/lib/x86_64-linux-gnu/libpython3.10.so
[6.210s] -- Found PythonExtra: .so  
[6.253s] -- Found ament_lint_auto: 0.12.14 (/opt/ros/humble/share/ament_lint_auto/cmake)
[6.268s] -- Added test 'copyright' to check source files copyright and LICENSE
[6.271s] -- Added test 'cppcheck' to perform static code analysis on C / C++ code
[6.272s] -- Configured cppcheck include dirs: /home/jienan/automatic_move/src/livox_ros_driver2/3rdparty;/home/jienan/automatic_move/src/livox_ros_driver2/src
[6.272s] -- Configured cppcheck exclude dirs and/or files: 
[6.275s] -- Added test 'cpplint' to check C / C++ code against the Google style
[6.275s] -- Configured cpplint exclude dirs and/or files: 
[6.275s] -- Added test 'flake8' to check Python code syntax and style conventions
[6.276s] -- Added test 'lint_cmake' to check CMake code style
[6.277s] -- Added test 'pep257' to check Python code against some of the docstring style conventions in PEP 257
[6.280s] -- Added test 'uncrustify' to check C / C++ code style
[6.280s] -- Configured uncrustify additional arguments: 
[6.280s] -- Added test 'xmllint' to check XML markup files
[6.282s] -- Configuring done
[6.323s] -- Generating done
[6.337s] -- Build files have been written to: /home/jienan/automatic_move/build/livox_ros_driver2
[6.360s] Invoked command in '/home/jienan/automatic_move/build/livox_ros_driver2' returned '0': CMAKE_PREFIX_PATH=/opt/ros/humble /usr/bin/cmake /home/jienan/automatic_move/src/livox_ros_driver2 -DROS_EDITION=ROS2 -DHUMBLE_ROS=humble -DCMAKE_INSTALL_PREFIX=/home/jienan/automatic_move/install/livox_ros_driver2
[6.362s] Invoking command in '/home/jienan/automatic_move/build/livox_ros_driver2': CMAKE_PREFIX_PATH=/opt/ros/humble /usr/bin/cmake --build /home/jienan/automatic_move/build/livox_ros_driver2 -- -j24 -l24
[6.398s] [  1%] [34m[1mGenerating C code for ROS interfaces[0m
[6.406s] [  1%] Built target ament_cmake_python_copy_livox_ros_driver2
[6.407s] [  3%] [34m[1mGenerating C++ code for ROS interfaces[0m
[6.408s] [  5%] [32mBuilding CXX object CMakeFiles/livox_ros_driver2_node.dir/rclcpp_components/node_main_livox_ros_driver2_node.cpp.o[0m
[6.563s] running egg_info
[6.564s] creating livox_ros_driver2.egg-info
[6.575s] writing livox_ros_driver2.egg-info/PKG-INFO
[6.575s] writing dependency_links to livox_ros_driver2.egg-info/dependency_links.txt
[6.575s] writing top-level names to livox_ros_driver2.egg-info/top_level.txt
[6.575s] writing manifest file 'livox_ros_driver2.egg-info/SOURCES.txt'
[6.607s] reading manifest file 'livox_ros_driver2.egg-info/SOURCES.txt'
[6.608s] writing manifest file 'livox_ros_driver2.egg-info/SOURCES.txt'
[6.636s] [  5%] Built target ament_cmake_python_build_livox_ros_driver2_egg
[6.707s] [  5%] Built target livox_interfaces2__cpp
[6.714s] [  7%] [34m[1mGenerating C++ type support dispatch for ROS interfaces[0m
[6.717s] [ 10%] [34m[1mGenerating C++ introspection for ROS interfaces[0m
[6.717s] [ 10%] [34m[1mGenerating C++ type support for eProsima Fast-RTPS[0m
[6.721s] [ 12%] [32mBuilding C object CMakeFiles/livox_interfaces2__rosidl_generator_c.dir/rosidl_generator_c/livox_ros_driver2/msg/detail/custom_msg__functions.c.o[0m
[6.722s] [ 14%] [32mBuilding C object CMakeFiles/livox_interfaces2__rosidl_generator_c.dir/rosidl_generator_c/livox_ros_driver2/msg/detail/custom_point__functions.c.o[0m
[6.773s] [ 15%] [32m[1mLinking C shared library liblivox_ros_driver2__rosidl_generator_c.so[0m
[6.810s] [ 15%] Built target livox_interfaces2__rosidl_generator_c
[6.817s] [ 17%] [34m[1mGenerating C introspection for ROS interfaces[0m
[6.820s] [ 21%] [34m[1mGenerating C type support dispatch for ROS interfaces[0m
[6.820s] [ 21%] [34m[1mGenerating C type support for eProsima Fast-RTPS[0m
[6.993s] [ 22%] [32mBuilding CXX object CMakeFiles/livox_interfaces2__rosidl_typesupport_introspection_cpp.dir/rosidl_typesupport_introspection_cpp/livox_ros_driver2/msg/detail/custom_point__type_support.cpp.o[0m
[6.994s] [ 24%] [32mBuilding CXX object CMakeFiles/livox_interfaces2__rosidl_typesupport_introspection_cpp.dir/rosidl_typesupport_introspection_cpp/livox_ros_driver2/msg/detail/custom_msg__type_support.cpp.o[0m
[7.088s] [ 26%] [32mBuilding C object CMakeFiles/livox_interfaces2__rosidl_typesupport_introspection_c.dir/rosidl_typesupport_introspection_c/livox_ros_driver2/msg/detail/custom_point__type_support.c.o[0m
[7.091s] [ 28%] [32mBuilding C object CMakeFiles/livox_interfaces2__rosidl_typesupport_introspection_c.dir/rosidl_typesupport_introspection_c/livox_ros_driver2/msg/detail/custom_msg__type_support.c.o[0m
[7.121s] [ 29%] [32mBuilding CXX object CMakeFiles/livox_interfaces2__rosidl_typesupport_c.dir/rosidl_typesupport_c/livox_ros_driver2/msg/custom_point__type_support.cpp.o[0m
[7.122s] [ 31%] [32mBuilding CXX object CMakeFiles/livox_interfaces2__rosidl_typesupport_c.dir/rosidl_typesupport_c/livox_ros_driver2/msg/custom_msg__type_support.cpp.o[0m
[7.123s] [ 33%] [32m[1mLinking C shared library liblivox_ros_driver2__rosidl_typesupport_introspection_c.so[0m
[7.134s] [ 35%] [32mBuilding CXX object CMakeFiles/livox_interfaces2__rosidl_typesupport_fastrtps_c.dir/rosidl_typesupport_fastrtps_c/livox_ros_driver2/msg/detail/custom_msg__type_support_c.cpp.o[0m
[7.137s] [ 36%] [32mBuilding CXX object CMakeFiles/livox_interfaces2__rosidl_typesupport_fastrtps_c.dir/rosidl_typesupport_fastrtps_c/livox_ros_driver2/msg/detail/custom_point__type_support_c.cpp.o[0m
[7.140s] [ 38%] [32m[1mLinking CXX shared library liblivox_ros_driver2__rosidl_typesupport_c.so[0m
[7.146s] [ 38%] Built target livox_interfaces2__rosidl_typesupport_introspection_c
[7.152s] [ 40%] [32mBuilding CXX object CMakeFiles/livox_interfaces2__rosidl_typesupport_cpp.dir/rosidl_typesupport_cpp/livox_ros_driver2/msg/custom_point__type_support.cpp.o[0m
[7.155s] [ 42%] [32mBuilding CXX object CMakeFiles/livox_interfaces2__rosidl_typesupport_cpp.dir/rosidl_typesupport_cpp/livox_ros_driver2/msg/custom_msg__type_support.cpp.o[0m
[7.171s] [ 42%] Built target livox_interfaces2__rosidl_typesupport_c
[7.205s] [ 43%] [32mBuilding CXX object CMakeFiles/livox_interfaces2__rosidl_typesupport_fastrtps_cpp.dir/rosidl_typesupport_fastrtps_cpp/livox_ros_driver2/msg/detail/dds_fastrtps/custom_msg__type_support.cpp.o[0m
[7.207s] [ 45%] [32mBuilding CXX object CMakeFiles/livox_interfaces2__rosidl_typesupport_fastrtps_cpp.dir/rosidl_typesupport_fastrtps_cpp/livox_ros_driver2/msg/detail/dds_fastrtps/custom_point__type_support.cpp.o[0m
[7.345s] [ 47%] [32m[1mLinking CXX shared library liblivox_ros_driver2__rosidl_typesupport_fastrtps_c.so[0m
[7.376s] [ 49%] [32m[1mLinking CXX shared library liblivox_ros_driver2__rosidl_typesupport_cpp.so[0m
[7.397s] [ 50%] [32m[1mLinking CXX shared library liblivox_ros_driver2__rosidl_typesupport_introspection_cpp.so[0m
[7.404s] [ 50%] Built target livox_interfaces2__rosidl_typesupport_fastrtps_c
[7.416s] [ 50%] Built target livox_interfaces2__rosidl_typesupport_cpp
[7.437s] [ 52%] [32mBuilding CXX object CMakeFiles/livox_ros_driver2.dir/src/lds_lidar.cpp.o[0m
[7.437s] [ 56%] [32mBuilding CXX object CMakeFiles/livox_ros_driver2.dir/src/comm/ldq.cpp.o[0m
[7.437s] [ 56%] [32mBuilding CXX object CMakeFiles/livox_ros_driver2.dir/src/comm/comm.cpp.o[0m
[7.437s] [ 57%] [32mBuilding CXX object CMakeFiles/livox_ros_driver2.dir/src/livox_ros_driver2.cpp.o[0m
[7.437s] [ 59%] [32mBuilding CXX object CMakeFiles/livox_ros_driver2.dir/src/lddc.cpp.o[0m
[7.437s] [ 63%] [32mBuilding CXX object CMakeFiles/livox_ros_driver2.dir/src/comm/lidar_imu_data_queue.cpp.o[0m
[7.437s] [ 61%] [32mBuilding CXX object CMakeFiles/livox_ros_driver2.dir/src/comm/cache_index.cpp.o[0m
[7.437s] [ 64%] [32mBuilding CXX object CMakeFiles/livox_ros_driver2.dir/src/comm/pub_handler.cpp.o[0m
[7.437s] [ 66%] [32mBuilding CXX object CMakeFiles/livox_ros_driver2.dir/src/driver_node.cpp.o[0m
[7.438s] [ 68%] [32mBuilding CXX object CMakeFiles/livox_ros_driver2.dir/src/lds.cpp.o[0m
[7.438s] [ 70%] [32mBuilding CXX object CMakeFiles/livox_ros_driver2.dir/src/parse_cfg_file/parse_livox_lidar_cfg.cpp.o[0m
[7.438s] [ 73%] [32mBuilding CXX object CMakeFiles/livox_ros_driver2.dir/src/parse_cfg_file/parse_cfg_file.cpp.o[0m
[7.438s] [ 73%] [32mBuilding CXX object CMakeFiles/livox_ros_driver2.dir/src/call_back/lidar_common_callback.cpp.o[0m
[7.438s] [ 75%] [32mBuilding CXX object CMakeFiles/livox_ros_driver2.dir/src/call_back/livox_lidar_callback.cpp.o[0m
[7.438s] [ 77%] [32mBuilding CXX object CMakeFiles/livox_ros_driver2.dir/src/comm/semaphore.cpp.o[0m
[7.489s] [ 77%] Built target livox_interfaces2__rosidl_typesupport_introspection_cpp
[7.515s] [ 78%] [32m[1mLinking CXX shared library liblivox_ros_driver2__rosidl_typesupport_fastrtps_cpp.so[0m
[7.665s] [ 78%] Built target livox_interfaces2__rosidl_typesupport_fastrtps_cpp
[7.687s] [ 78%] Built target livox_interfaces2
[7.708s] [ 80%] [34m[1mGenerating Python code for ROS interfaces[0m
[8.525s] [ 80%] Built target livox_interfaces2__py
[8.546s] [ 84%] [32mBuilding C object CMakeFiles/livox_interfaces2__rosidl_generator_py.dir/rosidl_generator_py/livox_ros_driver2/msg/_custom_msg_s.c.o[0m
[8.547s] [ 84%] [32mBuilding C object CMakeFiles/livox_interfaces2__rosidl_generator_py.dir/rosidl_generator_py/livox_ros_driver2/msg/_custom_point_s.c.o[0m
[8.659s] [ 85%] [32m[1mLinking C shared library rosidl_generator_py/livox_ros_driver2/liblivox_interfaces2__rosidl_generator_py.so[0m
[8.705s] [ 85%] Built target livox_interfaces2__rosidl_generator_py
[8.724s] [ 87%] [32mBuilding C object CMakeFiles/livox_ros_driver2__rosidl_typesupport_c__pyext.dir/rosidl_generator_py/livox_ros_driver2/_livox_ros_driver2_s.ep.rosidl_typesupport_c.c.o[0m
[8.727s] [ 91%] [32mBuilding C object CMakeFiles/livox_ros_driver2__rosidl_typesupport_introspection_c__pyext.dir/rosidl_generator_py/livox_ros_driver2/_livox_ros_driver2_s.ep.rosidl_typesupport_introspection_c.c.o[0m
[8.727s] [ 91%] [32mBuilding C object CMakeFiles/livox_ros_driver2__rosidl_typesupport_fastrtps_c__pyext.dir/rosidl_generator_py/livox_ros_driver2/_livox_ros_driver2_s.ep.rosidl_typesupport_fastrtps_c.c.o[0m
[8.800s] [ 92%] [32m[1mLinking C shared library rosidl_generator_py/livox_ros_driver2/livox_ros_driver2_s__rosidl_typesupport_fastrtps_c.cpython-310-x86_64-linux-gnu.so[0m
[8.821s] [ 94%] [32m[1mLinking C shared library rosidl_generator_py/livox_ros_driver2/livox_ros_driver2_s__rosidl_typesupport_c.cpython-310-x86_64-linux-gnu.so[0m
[8.836s] [ 96%] [32m[1mLinking C shared library rosidl_generator_py/livox_ros_driver2/livox_ros_driver2_s__rosidl_typesupport_introspection_c.cpython-310-x86_64-linux-gnu.so[0m
[8.840s] [ 96%] Built target livox_ros_driver2__rosidl_typesupport_fastrtps_c__pyext
[8.860s] [ 96%] Built target livox_ros_driver2__rosidl_typesupport_c__pyext
[8.879s] [ 96%] Built target livox_ros_driver2__rosidl_typesupport_introspection_c__pyext
[8.915s] [ 98%] [32m[1mLinking CXX executable livox_ros_driver2_node[0m
[9.059s] [ 98%] Built target livox_ros_driver2_node
[12.272s] [100%] [32m[1mLinking CXX shared library liblivox_ros_driver2.so[0m
[12.665s] [100%] Built target livox_ros_driver2
[12.674s] Invoked command in '/home/jienan/automatic_move/build/livox_ros_driver2' returned '0': CMAKE_PREFIX_PATH=/opt/ros/humble /usr/bin/cmake --build /home/jienan/automatic_move/build/livox_ros_driver2 -- -j24 -l24
[12.675s] Invoking command in '/home/jienan/automatic_move/build/livox_ros_driver2': CMAKE_PREFIX_PATH=/opt/ros/humble /usr/bin/cmake --install /home/jienan/automatic_move/build/livox_ros_driver2
[12.681s] -- Install configuration: ""
[12.681s] -- Installing: /home/jienan/automatic_move/install/livox_ros_driver2/share/ament_index/resource_index/rosidl_interfaces/livox_ros_driver2
[12.681s] -- Installing: /home/jienan/automatic_move/install/livox_ros_driver2/include/livox_ros_driver2/livox_ros_driver2
[12.681s] -- Installing: /home/jienan/automatic_move/install/livox_ros_driver2/include/livox_ros_driver2/livox_ros_driver2/msg
[12.681s] -- Installing: /home/jienan/automatic_move/install/livox_ros_driver2/include/livox_ros_driver2/livox_ros_driver2/msg/custom_msg.h
[12.681s] -- Installing: /home/jienan/automatic_move/install/livox_ros_driver2/include/livox_ros_driver2/livox_ros_driver2/msg/rosidl_generator_c__visibility_control.h
[12.681s] -- Installing: /home/jienan/automatic_move/install/livox_ros_driver2/include/livox_ros_driver2/livox_ros_driver2/msg/detail
[12.681s] -- Installing: /home/jienan/automatic_move/install/livox_ros_driver2/include/livox_ros_driver2/livox_ros_driver2/msg/detail/custom_msg__functions.c
[12.681s] -- Installing: /home/jienan/automatic_move/install/livox_ros_driver2/include/livox_ros_driver2/livox_ros_driver2/msg/detail/custom_point__functions.c
[12.681s] -- Installing: /home/jienan/automatic_move/install/livox_ros_driver2/include/livox_ros_driver2/livox_ros_driver2/msg/detail/custom_msg__struct.h
[12.681s] -- Installing: /home/jienan/automatic_move/install/livox_ros_driver2/include/livox_ros_driver2/livox_ros_driver2/msg/detail/custom_msg__functions.h
[12.682s] -- Installing: /home/jienan/automatic_move/install/livox_ros_driver2/include/livox_ros_driver2/livox_ros_driver2/msg/detail/custom_point__struct.h
[12.682s] -- Installing: /home/jienan/automatic_move/install/livox_ros_driver2/include/livox_ros_driver2/livox_ros_driver2/msg/detail/custom_point__type_support.h
[12.682s] -- Installing: /home/jienan/automatic_move/install/livox_ros_driver2/include/livox_ros_driver2/livox_ros_driver2/msg/detail/custom_msg__type_support.h
[12.682s] -- Installing: /home/jienan/automatic_move/install/livox_ros_driver2/include/livox_ros_driver2/livox_ros_driver2/msg/detail/custom_point__functions.h
[12.682s] -- Installing: /home/jienan/automatic_move/install/livox_ros_driver2/include/livox_ros_driver2/livox_ros_driver2/msg/custom_point.h
[12.682s] -- Installing: /home/jienan/automatic_move/install/livox_ros_driver2/share/livox_ros_driver2/environment/library_path.sh
[12.682s] -- Installing: /home/jienan/automatic_move/install/livox_ros_driver2/share/livox_ros_driver2/environment/library_path.dsv
[12.682s] -- Installing: /home/jienan/automatic_move/install/livox_ros_driver2/lib/liblivox_ros_driver2__rosidl_generator_c.so
[12.682s] -- Set runtime path of "/home/jienan/automatic_move/install/livox_ros_driver2/lib/liblivox_ros_driver2__rosidl_generator_c.so" to ""
[12.682s] -- Up-to-date: /home/jienan/automatic_move/install/livox_ros_driver2/include/livox_ros_driver2/livox_ros_driver2
[12.682s] -- Up-to-date: /home/jienan/automatic_move/install/livox_ros_driver2/include/livox_ros_driver2/livox_ros_driver2/msg
[12.682s] -- Installing: /home/jienan/automatic_move/install/livox_ros_driver2/include/livox_ros_driver2/livox_ros_driver2/msg/rosidl_typesupport_fastrtps_c__visibility_control.h
[12.682s] -- Up-to-date: /home/jienan/automatic_move/install/livox_ros_driver2/include/livox_ros_driver2/livox_ros_driver2/msg/detail
[12.682s] -- Installing: /home/jienan/automatic_move/install/livox_ros_driver2/include/livox_ros_driver2/livox_ros_driver2/msg/detail/custom_point__rosidl_typesupport_fastrtps_c.h
[12.682s] -- Installing: /home/jienan/automatic_move/install/livox_ros_driver2/include/livox_ros_driver2/livox_ros_driver2/msg/detail/custom_msg__rosidl_typesupport_fastrtps_c.h
[12.682s] -- Installing: /home/jienan/automatic_move/install/livox_ros_driver2/lib/liblivox_ros_driver2__rosidl_typesupport_fastrtps_c.so
[12.682s] -- Set runtime path of "/home/jienan/automatic_move/install/livox_ros_driver2/lib/liblivox_ros_driver2__rosidl_typesupport_fastrtps_c.so" to ""
[12.682s] -- Up-to-date: /home/jienan/automatic_move/install/livox_ros_driver2/include/livox_ros_driver2/livox_ros_driver2
[12.682s] -- Up-to-date: /home/jienan/automatic_move/install/livox_ros_driver2/include/livox_ros_driver2/livox_ros_driver2/msg
[12.683s] -- Installing: /home/jienan/automatic_move/install/livox_ros_driver2/include/livox_ros_driver2/livox_ros_driver2/msg/rosidl_typesupport_introspection_c__visibility_control.h
[12.683s] -- Up-to-date: /home/jienan/automatic_move/install/livox_ros_driver2/include/livox_ros_driver2/livox_ros_driver2/msg/detail
[12.683s] -- Installing: /home/jienan/automatic_move/install/livox_ros_driver2/include/livox_ros_driver2/livox_ros_driver2/msg/detail/custom_point__type_support.c
[12.683s] -- Installing: /home/jienan/automatic_move/install/livox_ros_driver2/include/livox_ros_driver2/livox_ros_driver2/msg/detail/custom_msg__rosidl_typesupport_introspection_c.h
[12.683s] -- Installing: /home/jienan/automatic_move/install/livox_ros_driver2/include/livox_ros_driver2/livox_ros_driver2/msg/detail/custom_point__rosidl_typesupport_introspection_c.h
[12.683s] -- Installing: /home/jienan/automatic_move/install/livox_ros_driver2/include/livox_ros_driver2/livox_ros_driver2/msg/detail/custom_msg__type_support.c
[12.683s] -- Installing: /home/jienan/automatic_move/install/livox_ros_driver2/lib/liblivox_ros_driver2__rosidl_typesupport_introspection_c.so
[12.683s] -- Set runtime path of "/home/jienan/automatic_move/install/livox_ros_driver2/lib/liblivox_ros_driver2__rosidl_typesupport_introspection_c.so" to ""
[12.683s] -- Installing: /home/jienan/automatic_move/install/livox_ros_driver2/lib/liblivox_ros_driver2__rosidl_typesupport_c.so
[12.683s] -- Set runtime path of "/home/jienan/automatic_move/install/livox_ros_driver2/lib/liblivox_ros_driver2__rosidl_typesupport_c.so" to ""
[12.683s] -- Up-to-date: /home/jienan/automatic_move/install/livox_ros_driver2/include/livox_ros_driver2/livox_ros_driver2
[12.683s] -- Up-to-date: /home/jienan/automatic_move/install/livox_ros_driver2/include/livox_ros_driver2/livox_ros_driver2/msg
[12.683s] -- Installing: /home/jienan/automatic_move/install/livox_ros_driver2/include/livox_ros_driver2/livox_ros_driver2/msg/rosidl_generator_cpp__visibility_control.hpp
[12.683s] -- Up-to-date: /home/jienan/automatic_move/install/livox_ros_driver2/include/livox_ros_driver2/livox_ros_driver2/msg/detail
[12.683s] -- Installing: /home/jienan/automatic_move/install/livox_ros_driver2/include/livox_ros_driver2/livox_ros_driver2/msg/detail/custom_point__type_support.hpp
[12.683s] -- Installing: /home/jienan/automatic_move/install/livox_ros_driver2/include/livox_ros_driver2/livox_ros_driver2/msg/detail/custom_msg__traits.hpp
[12.683s] -- Installing: /home/jienan/automatic_move/install/livox_ros_driver2/include/livox_ros_driver2/livox_ros_driver2/msg/detail/custom_msg__builder.hpp
[12.683s] -- Installing: /home/jienan/automatic_move/install/livox_ros_driver2/include/livox_ros_driver2/livox_ros_driver2/msg/detail/custom_msg__struct.hpp
[12.683s] -- Installing: /home/jienan/automatic_move/install/livox_ros_driver2/include/livox_ros_driver2/livox_ros_driver2/msg/detail/custom_point__struct.hpp
[12.683s] -- Installing: /home/jienan/automatic_move/install/livox_ros_driver2/include/livox_ros_driver2/livox_ros_driver2/msg/detail/custom_point__builder.hpp
[12.683s] -- Installing: /home/jienan/automatic_move/install/livox_ros_driver2/include/livox_ros_driver2/livox_ros_driver2/msg/detail/custom_point__traits.hpp
[12.683s] -- Installing: /home/jienan/automatic_move/install/livox_ros_driver2/include/livox_ros_driver2/livox_ros_driver2/msg/detail/custom_msg__type_support.hpp
[12.683s] -- Installing: /home/jienan/automatic_move/install/livox_ros_driver2/include/livox_ros_driver2/livox_ros_driver2/msg/custom_point.hpp
[12.683s] -- Installing: /home/jienan/automatic_move/install/livox_ros_driver2/include/livox_ros_driver2/livox_ros_driver2/msg/custom_msg.hpp
[12.683s] -- Up-to-date: /home/jienan/automatic_move/install/livox_ros_driver2/include/livox_ros_driver2/livox_ros_driver2
[12.684s] -- Up-to-date: /home/jienan/automatic_move/install/livox_ros_driver2/include/livox_ros_driver2/livox_ros_driver2/msg
[12.684s] -- Installing: /home/jienan/automatic_move/install/livox_ros_driver2/include/livox_ros_driver2/livox_ros_driver2/msg/rosidl_typesupport_fastrtps_cpp__visibility_control.h
[12.684s] -- Up-to-date: /home/jienan/automatic_move/install/livox_ros_driver2/include/livox_ros_driver2/livox_ros_driver2/msg/detail
[12.684s] -- Installing: /home/jienan/automatic_move/install/livox_ros_driver2/include/livox_ros_driver2/livox_ros_driver2/msg/detail/custom_point__rosidl_typesupport_fastrtps_cpp.hpp
[12.684s] -- Installing: /home/jienan/automatic_move/install/livox_ros_driver2/include/livox_ros_driver2/livox_ros_driver2/msg/detail/dds_fastrtps
[12.684s] -- Installing: /home/jienan/automatic_move/install/livox_ros_driver2/include/livox_ros_driver2/livox_ros_driver2/msg/detail/custom_msg__rosidl_typesupport_fastrtps_cpp.hpp
[12.684s] -- Installing: /home/jienan/automatic_move/install/livox_ros_driver2/lib/liblivox_ros_driver2__rosidl_typesupport_fastrtps_cpp.so
[12.684s] -- Set runtime path of "/home/jienan/automatic_move/install/livox_ros_driver2/lib/liblivox_ros_driver2__rosidl_typesupport_fastrtps_cpp.so" to ""
[12.684s] -- Up-to-date: /home/jienan/automatic_move/install/livox_ros_driver2/include/livox_ros_driver2/livox_ros_driver2
[12.684s] -- Up-to-date: /home/jienan/automatic_move/install/livox_ros_driver2/include/livox_ros_driver2/livox_ros_driver2/msg
[12.684s] -- Up-to-date: /home/jienan/automatic_move/install/livox_ros_driver2/include/livox_ros_driver2/livox_ros_driver2/msg/detail
[12.684s] -- Installing: /home/jienan/automatic_move/install/livox_ros_driver2/include/livox_ros_driver2/livox_ros_driver2/msg/detail/custom_msg__type_support.cpp
[12.684s] -- Installing: /home/jienan/automatic_move/install/livox_ros_driver2/include/livox_ros_driver2/livox_ros_driver2/msg/detail/custom_msg__rosidl_typesupport_introspection_cpp.hpp
[12.684s] -- Installing: /home/jienan/automatic_move/install/livox_ros_driver2/include/livox_ros_driver2/livox_ros_driver2/msg/detail/custom_point__rosidl_typesupport_introspection_cpp.hpp
[12.684s] -- Installing: /home/jienan/automatic_move/install/livox_ros_driver2/include/livox_ros_driver2/livox_ros_driver2/msg/detail/custom_point__type_support.cpp
[12.684s] -- Installing: /home/jienan/automatic_move/install/livox_ros_driver2/lib/liblivox_ros_driver2__rosidl_typesupport_introspection_cpp.so
[12.684s] -- Set runtime path of "/home/jienan/automatic_move/install/livox_ros_driver2/lib/liblivox_ros_driver2__rosidl_typesupport_introspection_cpp.so" to ""
[12.685s] -- Installing: /home/jienan/automatic_move/install/livox_ros_driver2/lib/liblivox_ros_driver2__rosidl_typesupport_cpp.so
[12.685s] -- Set runtime path of "/home/jienan/automatic_move/install/livox_ros_driver2/lib/liblivox_ros_driver2__rosidl_typesupport_cpp.so" to ""
[12.685s] -- Installing: /home/jienan/automatic_move/install/livox_ros_driver2/share/livox_ros_driver2/environment/pythonpath.sh
[12.685s] -- Installing: /home/jienan/automatic_move/install/livox_ros_driver2/share/livox_ros_driver2/environment/pythonpath.dsv
[12.685s] -- Installing: /home/jienan/automatic_move/install/livox_ros_driver2/local/lib/python3.10/dist-packages/livox_ros_driver2-1.0.0-py3.10.egg-info
[12.685s] -- Installing: /home/jienan/automatic_move/install/livox_ros_driver2/local/lib/python3.10/dist-packages/livox_ros_driver2-1.0.0-py3.10.egg-info/SOURCES.txt
[12.685s] -- Installing: /home/jienan/automatic_move/install/livox_ros_driver2/local/lib/python3.10/dist-packages/livox_ros_driver2-1.0.0-py3.10.egg-info/PKG-INFO
[12.685s] -- Installing: /home/jienan/automatic_move/install/livox_ros_driver2/local/lib/python3.10/dist-packages/livox_ros_driver2-1.0.0-py3.10.egg-info/top_level.txt
[12.685s] -- Installing: /home/jienan/automatic_move/install/livox_ros_driver2/local/lib/python3.10/dist-packages/livox_ros_driver2-1.0.0-py3.10.egg-info/dependency_links.txt
[12.685s] -- Installing: /home/jienan/automatic_move/install/livox_ros_driver2/local/lib/python3.10/dist-packages/livox_ros_driver2
[12.685s] -- Installing: /home/jienan/automatic_move/install/livox_ros_driver2/local/lib/python3.10/dist-packages/livox_ros_driver2/msg
[12.685s] -- Installing: /home/jienan/automatic_move/install/livox_ros_driver2/local/lib/python3.10/dist-packages/livox_ros_driver2/msg/_custom_point_s.c
[12.686s] -- Installing: /home/jienan/automatic_move/install/livox_ros_driver2/local/lib/python3.10/dist-packages/livox_ros_driver2/msg/__init__.py
[12.686s] -- Installing: /home/jienan/automatic_move/install/livox_ros_driver2/local/lib/python3.10/dist-packages/livox_ros_driver2/msg/_custom_point.py
[12.686s] -- Installing: /home/jienan/automatic_move/install/livox_ros_driver2/local/lib/python3.10/dist-packages/livox_ros_driver2/msg/_custom_msg.py
[12.686s] -- Installing: /home/jienan/automatic_move/install/livox_ros_driver2/local/lib/python3.10/dist-packages/livox_ros_driver2/msg/_custom_msg_s.c
[12.686s] -- Installing: /home/jienan/automatic_move/install/livox_ros_driver2/local/lib/python3.10/dist-packages/livox_ros_driver2/livox_ros_driver2_s__rosidl_typesupport_c.cpython-310-x86_64-linux-gnu.so
[12.686s] -- Installing: /home/jienan/automatic_move/install/livox_ros_driver2/local/lib/python3.10/dist-packages/livox_ros_driver2/_livox_ros_driver2_s.ep.rosidl_typesupport_introspection_c.c
[12.686s] -- Installing: /home/jienan/automatic_move/install/livox_ros_driver2/local/lib/python3.10/dist-packages/livox_ros_driver2/_livox_ros_driver2_s.ep.rosidl_typesupport_c.c
[12.686s] -- Installing: /home/jienan/automatic_move/install/livox_ros_driver2/local/lib/python3.10/dist-packages/livox_ros_driver2/livox_ros_driver2_s__rosidl_typesupport_introspection_c.cpython-310-x86_64-linux-gnu.so
[12.686s] -- Installing: /home/jienan/automatic_move/install/livox_ros_driver2/local/lib/python3.10/dist-packages/livox_ros_driver2/__init__.py
[12.686s] -- Installing: /home/jienan/automatic_move/install/livox_ros_driver2/local/lib/python3.10/dist-packages/livox_ros_driver2/liblivox_interfaces2__rosidl_generator_py.so
[12.686s] -- Installing: /home/jienan/automatic_move/install/livox_ros_driver2/local/lib/python3.10/dist-packages/livox_ros_driver2/_livox_ros_driver2_s.ep.rosidl_typesupport_fastrtps_c.c
[12.686s] -- Installing: /home/jienan/automatic_move/install/livox_ros_driver2/local/lib/python3.10/dist-packages/livox_ros_driver2/livox_ros_driver2_s__rosidl_typesupport_fastrtps_c.cpython-310-x86_64-linux-gnu.so
[12.710s] Listing '/home/jienan/automatic_move/install/livox_ros_driver2/local/lib/python3.10/dist-packages/livox_ros_driver2'...
[12.710s] Compiling '/home/jienan/automatic_move/install/livox_ros_driver2/local/lib/python3.10/dist-packages/livox_ros_driver2/__init__.py'...
[12.710s] Listing '/home/jienan/automatic_move/install/livox_ros_driver2/local/lib/python3.10/dist-packages/livox_ros_driver2/msg'...
[12.710s] Compiling '/home/jienan/automatic_move/install/livox_ros_driver2/local/lib/python3.10/dist-packages/livox_ros_driver2/msg/__init__.py'...
[12.710s] Compiling '/home/jienan/automatic_move/install/livox_ros_driver2/local/lib/python3.10/dist-packages/livox_ros_driver2/msg/_custom_msg.py'...
[12.710s] Compiling '/home/jienan/automatic_move/install/livox_ros_driver2/local/lib/python3.10/dist-packages/livox_ros_driver2/msg/_custom_point.py'...
[12.713s] -- Installing: /home/jienan/automatic_move/install/livox_ros_driver2/local/lib/python3.10/dist-packages/livox_ros_driver2/livox_ros_driver2_s__rosidl_typesupport_fastrtps_c.cpython-310-x86_64-linux-gnu.so
[12.713s] -- Set runtime path of "/home/jienan/automatic_move/install/livox_ros_driver2/local/lib/python3.10/dist-packages/livox_ros_driver2/livox_ros_driver2_s__rosidl_typesupport_fastrtps_c.cpython-310-x86_64-linux-gnu.so" to ""
[12.713s] -- Installing: /home/jienan/automatic_move/install/livox_ros_driver2/local/lib/python3.10/dist-packages/livox_ros_driver2/livox_ros_driver2_s__rosidl_typesupport_introspection_c.cpython-310-x86_64-linux-gnu.so
[12.713s] -- Set runtime path of "/home/jienan/automatic_move/install/livox_ros_driver2/local/lib/python3.10/dist-packages/livox_ros_driver2/livox_ros_driver2_s__rosidl_typesupport_introspection_c.cpython-310-x86_64-linux-gnu.so" to ""
[12.713s] -- Installing: /home/jienan/automatic_move/install/livox_ros_driver2/local/lib/python3.10/dist-packages/livox_ros_driver2/livox_ros_driver2_s__rosidl_typesupport_c.cpython-310-x86_64-linux-gnu.so
[12.713s] -- Set runtime path of "/home/jienan/automatic_move/install/livox_ros_driver2/local/lib/python3.10/dist-packages/livox_ros_driver2/livox_ros_driver2_s__rosidl_typesupport_c.cpython-310-x86_64-linux-gnu.so" to ""
[12.713s] -- Installing: /home/jienan/automatic_move/install/livox_ros_driver2/lib/liblivox_interfaces2__rosidl_generator_py.so
[12.713s] -- Set runtime path of "/home/jienan/automatic_move/install/livox_ros_driver2/lib/liblivox_interfaces2__rosidl_generator_py.so" to ""
[12.714s] -- Installing: /home/jienan/automatic_move/install/livox_ros_driver2/share/livox_ros_driver2/msg/CustomPoint.idl
[12.714s] -- Installing: /home/jienan/automatic_move/install/livox_ros_driver2/share/livox_ros_driver2/msg/CustomMsg.idl
[12.714s] -- Installing: /home/jienan/automatic_move/install/livox_ros_driver2/share/livox_ros_driver2/msg/CustomPoint.msg
[12.714s] -- Installing: /home/jienan/automatic_move/install/livox_ros_driver2/share/livox_ros_driver2/msg/CustomMsg.msg
[12.714s] -- Installing: /home/jienan/automatic_move/install/livox_ros_driver2/lib/livox_ros_driver2/livox_ros_driver2_node
[12.714s] -- Set runtime path of "/home/jienan/automatic_move/install/livox_ros_driver2/lib/livox_ros_driver2/livox_ros_driver2_node" to ""
[12.714s] -- Installing: /home/jienan/automatic_move/install/livox_ros_driver2/lib/liblivox_ros_driver2.so
[12.715s] -- Set runtime path of "/home/jienan/automatic_move/install/livox_ros_driver2/lib/liblivox_ros_driver2.so" to ""
[12.715s] -- Installing: /home/jienan/automatic_move/install/livox_ros_driver2/share/livox_ros_driver2/config
[12.716s] -- Installing: /home/jienan/automatic_move/install/livox_ros_driver2/share/livox_ros_driver2/config/display_point_cloud_ROS1.rviz
[12.716s] -- Installing: /home/jienan/automatic_move/install/livox_ros_driver2/share/livox_ros_driver2/config/HAP_config.json
[12.716s] -- Installing: /home/jienan/automatic_move/install/livox_ros_driver2/share/livox_ros_driver2/config/display_point_cloud_ROS2.rviz
[12.716s] -- Installing: /home/jienan/automatic_move/install/livox_ros_driver2/share/livox_ros_driver2/config/mixed_HAP_MID360_config.json
[12.716s] -- Installing: /home/jienan/automatic_move/install/livox_ros_driver2/share/livox_ros_driver2/config/MID360_config.json
[12.716s] -- Installing: /home/jienan/automatic_move/install/livox_ros_driver2/share/livox_ros_driver2/launch_ROS2
[12.716s] -- Installing: /home/jienan/automatic_move/install/livox_ros_driver2/share/livox_ros_driver2/launch_ROS2/rviz_mixed.py
[12.716s] -- Installing: /home/jienan/automatic_move/install/livox_ros_driver2/share/livox_ros_driver2/launch_ROS2/rviz_MID360_launch.py
[12.716s] -- Installing: /home/jienan/automatic_move/install/livox_ros_driver2/share/livox_ros_driver2/launch_ROS2/rviz_HAP_launch.py
[12.716s] -- Installing: /home/jienan/automatic_move/install/livox_ros_driver2/share/livox_ros_driver2/launch_ROS2/msg_MID360_launch.py
[12.716s] -- Installing: /home/jienan/automatic_move/install/livox_ros_driver2/share/livox_ros_driver2/launch_ROS2/msg_HAP_launch.py
[12.717s] -- Installing: /home/jienan/automatic_move/install/livox_ros_driver2/share/ament_index/resource_index/package_run_dependencies/livox_ros_driver2
[12.717s] -- Installing: /home/jienan/automatic_move/install/livox_ros_driver2/share/ament_index/resource_index/parent_prefix_path/livox_ros_driver2
[12.717s] -- Installing: /home/jienan/automatic_move/install/livox_ros_driver2/share/livox_ros_driver2/environment/ament_prefix_path.sh
[12.717s] -- Installing: /home/jienan/automatic_move/install/livox_ros_driver2/share/livox_ros_driver2/environment/ament_prefix_path.dsv
[12.717s] -- Installing: /home/jienan/automatic_move/install/livox_ros_driver2/share/livox_ros_driver2/environment/path.sh
[12.717s] -- Installing: /home/jienan/automatic_move/install/livox_ros_driver2/share/livox_ros_driver2/environment/path.dsv
[12.717s] -- Installing: /home/jienan/automatic_move/install/livox_ros_driver2/share/livox_ros_driver2/local_setup.bash
[12.717s] -- Installing: /home/jienan/automatic_move/install/livox_ros_driver2/share/livox_ros_driver2/local_setup.sh
[12.717s] -- Installing: /home/jienan/automatic_move/install/livox_ros_driver2/share/livox_ros_driver2/local_setup.zsh
[12.717s] -- Installing: /home/jienan/automatic_move/install/livox_ros_driver2/share/livox_ros_driver2/local_setup.dsv
[12.717s] -- Installing: /home/jienan/automatic_move/install/livox_ros_driver2/share/livox_ros_driver2/package.dsv
[12.717s] -- Installing: /home/jienan/automatic_move/install/livox_ros_driver2/share/ament_index/resource_index/packages/livox_ros_driver2
[12.717s] -- Installing: /home/jienan/automatic_move/install/livox_ros_driver2/share/livox_ros_driver2/cmake/export_livox_interfaces2__rosidl_generator_cExport.cmake
[12.717s] -- Installing: /home/jienan/automatic_move/install/livox_ros_driver2/share/livox_ros_driver2/cmake/export_livox_interfaces2__rosidl_generator_cExport-noconfig.cmake
[12.718s] -- Installing: /home/jienan/automatic_move/install/livox_ros_driver2/share/livox_ros_driver2/cmake/export_livox_interfaces2__rosidl_typesupport_fastrtps_cExport.cmake
[12.718s] -- Installing: /home/jienan/automatic_move/install/livox_ros_driver2/share/livox_ros_driver2/cmake/export_livox_interfaces2__rosidl_typesupport_fastrtps_cExport-noconfig.cmake
[12.718s] -- Installing: /home/jienan/automatic_move/install/livox_ros_driver2/share/livox_ros_driver2/cmake/livox_interfaces2__rosidl_typesupport_introspection_cExport.cmake
[12.718s] -- Installing: /home/jienan/automatic_move/install/livox_ros_driver2/share/livox_ros_driver2/cmake/livox_interfaces2__rosidl_typesupport_introspection_cExport-noconfig.cmake
[12.718s] -- Installing: /home/jienan/automatic_move/install/livox_ros_driver2/share/livox_ros_driver2/cmake/livox_interfaces2__rosidl_typesupport_cExport.cmake
[12.718s] -- Installing: /home/jienan/automatic_move/install/livox_ros_driver2/share/livox_ros_driver2/cmake/livox_interfaces2__rosidl_typesupport_cExport-noconfig.cmake
[12.718s] -- Installing: /home/jienan/automatic_move/install/livox_ros_driver2/share/livox_ros_driver2/cmake/export_livox_interfaces2__rosidl_generator_cppExport.cmake
[12.718s] -- Installing: /home/jienan/automatic_move/install/livox_ros_driver2/share/livox_ros_driver2/cmake/export_livox_interfaces2__rosidl_typesupport_fastrtps_cppExport.cmake
[12.718s] -- Installing: /home/jienan/automatic_move/install/livox_ros_driver2/share/livox_ros_driver2/cmake/export_livox_interfaces2__rosidl_typesupport_fastrtps_cppExport-noconfig.cmake
[12.718s] -- Installing: /home/jienan/automatic_move/install/livox_ros_driver2/share/livox_ros_driver2/cmake/livox_interfaces2__rosidl_typesupport_introspection_cppExport.cmake
[12.718s] -- Installing: /home/jienan/automatic_move/install/livox_ros_driver2/share/livox_ros_driver2/cmake/livox_interfaces2__rosidl_typesupport_introspection_cppExport-noconfig.cmake
[12.718s] -- Installing: /home/jienan/automatic_move/install/livox_ros_driver2/share/livox_ros_driver2/cmake/livox_interfaces2__rosidl_typesupport_cppExport.cmake
[12.718s] -- Installing: /home/jienan/automatic_move/install/livox_ros_driver2/share/livox_ros_driver2/cmake/livox_interfaces2__rosidl_typesupport_cppExport-noconfig.cmake
[12.718s] -- Installing: /home/jienan/automatic_move/install/livox_ros_driver2/share/livox_ros_driver2/cmake/export_livox_interfaces2__rosidl_generator_pyExport.cmake
[12.718s] -- Installing: /home/jienan/automatic_move/install/livox_ros_driver2/share/livox_ros_driver2/cmake/export_livox_interfaces2__rosidl_generator_pyExport-noconfig.cmake
[12.719s] -- Installing: /home/jienan/automatic_move/install/livox_ros_driver2/share/ament_index/resource_index/rclcpp_components/livox_ros_driver2
[12.719s] -- Installing: /home/jienan/automatic_move/install/livox_ros_driver2/share/livox_ros_driver2/cmake/rosidl_cmake-extras.cmake
[12.719s] -- Installing: /home/jienan/automatic_move/install/livox_ros_driver2/share/livox_ros_driver2/cmake/ament_cmake_export_dependencies-extras.cmake
[12.719s] -- Installing: /home/jienan/automatic_move/install/livox_ros_driver2/share/livox_ros_driver2/cmake/ament_cmake_export_include_directories-extras.cmake
[12.719s] -- Installing: /home/jienan/automatic_move/install/livox_ros_driver2/share/livox_ros_driver2/cmake/ament_cmake_export_libraries-extras.cmake
[12.719s] -- Installing: /home/jienan/automatic_move/install/livox_ros_driver2/share/livox_ros_driver2/cmake/ament_cmake_export_targets-extras.cmake
[12.719s] -- Installing: /home/jienan/automatic_move/install/livox_ros_driver2/share/livox_ros_driver2/cmake/rosidl_cmake_export_typesupport_targets-extras.cmake
[12.719s] -- Installing: /home/jienan/automatic_move/install/livox_ros_driver2/share/livox_ros_driver2/cmake/rosidl_cmake_export_typesupport_libraries-extras.cmake
[12.719s] -- Installing: /home/jienan/automatic_move/install/livox_ros_driver2/share/livox_ros_driver2/cmake/livox_ros_driver2Config.cmake
[12.719s] -- Installing: /home/jienan/automatic_move/install/livox_ros_driver2/share/livox_ros_driver2/cmake/livox_ros_driver2Config-version.cmake
[12.719s] -- Installing: /home/jienan/automatic_move/install/livox_ros_driver2/share/livox_ros_driver2/package.xml
[12.720s] Invoked command in '/home/jienan/automatic_move/build/livox_ros_driver2' returned '0': CMAKE_PREFIX_PATH=/opt/ros/humble /usr/bin/cmake --install /home/jienan/automatic_move/build/livox_ros_driver2
