[0.055s] DEBUG:colcon:Command line arguments: ['/usr/bin/colcon', 'build']
[0.055s] DEBUG:colcon:Parsed command line arguments: Namespace(log_base=None, log_level=None, verb_name='build', build_base='build', install_base='install', merge_install=False, symlink_install=False, test_result_base=None, continue_on_error=False, executor='parallel', parallel_workers=24, event_handlers=None, ignore_user_meta=False, metas=['./colcon.meta'], base_paths=['.'], packages_ignore=None, packages_ignore_regex=None, paths=None, packages_up_to=None, packages_up_to_regex=None, packages_above=None, packages_above_and_dependencies=None, packages_above_depth=None, packages_select_by_dep=None, packages_skip_by_dep=None, packages_skip_up_to=None, packages_select_build_failed=False, packages_skip_build_finished=False, packages_select_test_failures=False, packages_skip_test_passed=False, packages_select=None, packages_skip=None, packages_select_regex=None, packages_skip_regex=None, packages_start=None, packages_end=None, allow_overriding=[], cmake_args=None, cmake_target=None, cmake_target_skip_unavailable=False, cmake_clean_cache=False, cmake_clean_first=False, cmake_force_configure=False, ament_cmake_args=None, catkin_cmake_args=None, catkin_skip_building_tests=False, verb_parser=<colcon_defaults.argument_parser.defaults.DefaultArgumentsDecorator object at 0x75458416f6d0>, verb_extension=<colcon_core.verb.build.BuildVerb object at 0x7545842b4b50>, main=<bound method BuildVerb.main of <colcon_core.verb.build.BuildVerb object at 0x7545842b4b50>>)
[0.077s] Level 1:colcon.colcon_core.package_discovery:discover_packages(colcon_meta) check parameters
[0.077s] Level 1:colcon.colcon_core.package_discovery:discover_packages(recursive) check parameters
[0.077s] Level 1:colcon.colcon_core.package_discovery:discover_packages(ignore) check parameters
[0.077s] Level 1:colcon.colcon_core.package_discovery:discover_packages(path) check parameters
[0.077s] Level 1:colcon.colcon_core.package_discovery:discover_packages(colcon_meta) discover
[0.077s] Level 1:colcon.colcon_core.package_discovery:discover_packages(recursive) discover
[0.077s] INFO:colcon.colcon_core.package_discovery:Crawling recursively for packages in '/home/jienan/automatic_move'
[0.077s] Level 1:colcon.colcon_core.package_identification:_identify(.) by extensions ['ignore', 'ignore_ament_install']
[0.078s] Level 1:colcon.colcon_core.package_identification:_identify(.) by extension 'ignore'
[0.078s] Level 1:colcon.colcon_core.package_identification:_identify(.) by extension 'ignore_ament_install'
[0.078s] Level 1:colcon.colcon_core.package_identification:_identify(.) by extensions ['colcon_pkg']
[0.078s] Level 1:colcon.colcon_core.package_identification:_identify(.) by extension 'colcon_pkg'
[0.078s] Level 1:colcon.colcon_core.package_identification:_identify(.) by extensions ['colcon_meta']
[0.078s] Level 1:colcon.colcon_core.package_identification:_identify(.) by extension 'colcon_meta'
[0.078s] Level 1:colcon.colcon_core.package_identification:_identify(.) by extensions ['ros']
[0.078s] Level 1:colcon.colcon_core.package_identification:_identify(.) by extension 'ros'
[0.086s] Level 1:colcon.colcon_core.package_identification:_identify(.) by extensions ['cmake', 'python']
[0.086s] Level 1:colcon.colcon_core.package_identification:_identify(.) by extension 'cmake'
[0.086s] Level 1:colcon.colcon_core.package_identification:_identify(.) by extension 'python'
[0.086s] Level 1:colcon.colcon_core.package_identification:_identify(.) by extensions ['python_setup_py']
[0.086s] Level 1:colcon.colcon_core.package_identification:_identify(.) by extension 'python_setup_py'
[0.086s] Level 1:colcon.colcon_core.package_identification:_identify(build) by extensions ['ignore', 'ignore_ament_install']
[0.086s] Level 1:colcon.colcon_core.package_identification:_identify(build) by extension 'ignore'
[0.087s] Level 1:colcon.colcon_core.package_identification:_identify(build) ignored
[0.087s] Level 1:colcon.colcon_core.package_identification:_identify(install) by extensions ['ignore', 'ignore_ament_install']
[0.087s] Level 1:colcon.colcon_core.package_identification:_identify(install) by extension 'ignore'
[0.087s] Level 1:colcon.colcon_core.package_identification:_identify(install) ignored
[0.087s] Level 1:colcon.colcon_core.package_identification:_identify(log) by extensions ['ignore', 'ignore_ament_install']
[0.087s] Level 1:colcon.colcon_core.package_identification:_identify(log) by extension 'ignore'
[0.087s] Level 1:colcon.colcon_core.package_identification:_identify(log) ignored
[0.087s] Level 1:colcon.colcon_core.package_identification:_identify(src) by extensions ['ignore', 'ignore_ament_install']
[0.087s] Level 1:colcon.colcon_core.package_identification:_identify(src) by extension 'ignore'
[0.087s] Level 1:colcon.colcon_core.package_identification:_identify(src) by extension 'ignore_ament_install'
[0.087s] Level 1:colcon.colcon_core.package_identification:_identify(src) by extensions ['colcon_pkg']
[0.087s] Level 1:colcon.colcon_core.package_identification:_identify(src) by extension 'colcon_pkg'
[0.087s] Level 1:colcon.colcon_core.package_identification:_identify(src) by extensions ['colcon_meta']
[0.087s] Level 1:colcon.colcon_core.package_identification:_identify(src) by extension 'colcon_meta'
[0.087s] Level 1:colcon.colcon_core.package_identification:_identify(src) by extensions ['ros']
[0.087s] Level 1:colcon.colcon_core.package_identification:_identify(src) by extension 'ros'
[0.087s] Level 1:colcon.colcon_core.package_identification:_identify(src) by extensions ['cmake', 'python']
[0.087s] Level 1:colcon.colcon_core.package_identification:_identify(src) by extension 'cmake'
[0.087s] Level 1:colcon.colcon_core.package_identification:_identify(src) by extension 'python'
[0.087s] Level 1:colcon.colcon_core.package_identification:_identify(src) by extensions ['python_setup_py']
[0.087s] Level 1:colcon.colcon_core.package_identification:_identify(src) by extension 'python_setup_py'
[0.087s] Level 1:colcon.colcon_core.package_identification:_identify(src/Livox-SDK2) by extensions ['ignore', 'ignore_ament_install']
[0.087s] Level 1:colcon.colcon_core.package_identification:_identify(src/Livox-SDK2) by extension 'ignore'
[0.087s] Level 1:colcon.colcon_core.package_identification:_identify(src/Livox-SDK2) by extension 'ignore_ament_install'
[0.087s] Level 1:colcon.colcon_core.package_identification:_identify(src/Livox-SDK2) by extensions ['colcon_pkg']
[0.087s] Level 1:colcon.colcon_core.package_identification:_identify(src/Livox-SDK2) by extension 'colcon_pkg'
[0.087s] Level 1:colcon.colcon_core.package_identification:_identify(src/Livox-SDK2) by extensions ['colcon_meta']
[0.087s] Level 1:colcon.colcon_core.package_identification:_identify(src/Livox-SDK2) by extension 'colcon_meta'
[0.087s] Level 1:colcon.colcon_core.package_identification:_identify(src/Livox-SDK2) by extensions ['ros']
[0.087s] Level 1:colcon.colcon_core.package_identification:_identify(src/Livox-SDK2) by extension 'ros'
[0.087s] Level 1:colcon.colcon_core.package_identification:_identify(src/Livox-SDK2) by extensions ['cmake', 'python']
[0.087s] Level 1:colcon.colcon_core.package_identification:_identify(src/Livox-SDK2) by extension 'cmake'
[0.092s] Level 1:colcon.colcon_core.package_identification:_identify(src/Livox-SDK2) by extension 'python'
[0.092s] DEBUG:colcon.colcon_core.package_identification:Package 'src/Livox-SDK2' with type 'cmake' and name 'livox_sdk2'
[0.092s] Level 1:colcon.colcon_core.package_identification:_identify(src/automove_engine) by extensions ['ignore', 'ignore_ament_install']
[0.092s] Level 1:colcon.colcon_core.package_identification:_identify(src/automove_engine) by extension 'ignore'
[0.092s] Level 1:colcon.colcon_core.package_identification:_identify(src/automove_engine) by extension 'ignore_ament_install'
[0.092s] Level 1:colcon.colcon_core.package_identification:_identify(src/automove_engine) by extensions ['colcon_pkg']
[0.093s] Level 1:colcon.colcon_core.package_identification:_identify(src/automove_engine) by extension 'colcon_pkg'
[0.093s] Level 1:colcon.colcon_core.package_identification:_identify(src/automove_engine) by extensions ['colcon_meta']
[0.093s] Level 1:colcon.colcon_core.package_identification:_identify(src/automove_engine) by extension 'colcon_meta'
[0.093s] Level 1:colcon.colcon_core.package_identification:_identify(src/automove_engine) by extensions ['ros']
[0.093s] Level 1:colcon.colcon_core.package_identification:_identify(src/automove_engine) by extension 'ros'
[0.094s] DEBUG:colcon.colcon_core.package_identification:Package 'src/automove_engine' with type 'ros.ament_python' and name 'automove_engine'
[0.094s] Level 1:colcon.colcon_core.package_identification:_identify(src/livox_laser_simulation_ros2) by extensions ['ignore', 'ignore_ament_install']
[0.094s] Level 1:colcon.colcon_core.package_identification:_identify(src/livox_laser_simulation_ros2) by extension 'ignore'
[0.094s] Level 1:colcon.colcon_core.package_identification:_identify(src/livox_laser_simulation_ros2) by extension 'ignore_ament_install'
[0.094s] Level 1:colcon.colcon_core.package_identification:_identify(src/livox_laser_simulation_ros2) by extensions ['colcon_pkg']
[0.094s] Level 1:colcon.colcon_core.package_identification:_identify(src/livox_laser_simulation_ros2) by extension 'colcon_pkg'
[0.094s] Level 1:colcon.colcon_core.package_identification:_identify(src/livox_laser_simulation_ros2) by extensions ['colcon_meta']
[0.094s] Level 1:colcon.colcon_core.package_identification:_identify(src/livox_laser_simulation_ros2) by extension 'colcon_meta'
[0.094s] Level 1:colcon.colcon_core.package_identification:_identify(src/livox_laser_simulation_ros2) by extensions ['ros']
[0.094s] Level 1:colcon.colcon_core.package_identification:_identify(src/livox_laser_simulation_ros2) by extension 'ros'
[0.095s] DEBUG:colcon.colcon_core.package_identification:Package 'src/livox_laser_simulation_ros2' with type 'ros.ament_cmake' and name 'ros2_livox_simulation'
[0.095s] Level 1:colcon.colcon_core.package_identification:_identify(src/livox_ros_driver2) by extensions ['ignore', 'ignore_ament_install']
[0.095s] Level 1:colcon.colcon_core.package_identification:_identify(src/livox_ros_driver2) by extension 'ignore'
[0.095s] Level 1:colcon.colcon_core.package_identification:_identify(src/livox_ros_driver2) by extension 'ignore_ament_install'
[0.095s] Level 1:colcon.colcon_core.package_identification:_identify(src/livox_ros_driver2) by extensions ['colcon_pkg']
[0.095s] Level 1:colcon.colcon_core.package_identification:_identify(src/livox_ros_driver2) by extension 'colcon_pkg'
[0.095s] Level 1:colcon.colcon_core.package_identification:_identify(src/livox_ros_driver2) by extensions ['colcon_meta']
[0.095s] Level 1:colcon.colcon_core.package_identification:_identify(src/livox_ros_driver2) by extension 'colcon_meta'
[0.095s] Level 1:colcon.colcon_core.package_identification:_identify(src/livox_ros_driver2) by extensions ['ros']
[0.095s] Level 1:colcon.colcon_core.package_identification:_identify(src/livox_ros_driver2) by extension 'ros'
[0.096s] DEBUG:colcon.colcon_core.package_identification:Package 'src/livox_ros_driver2' with type 'ros.ament_cmake' and name 'livox_ros_driver2'
[0.096s] Level 1:colcon.colcon_core.package_identification:_identify(src/world_models) by extensions ['ignore', 'ignore_ament_install']
[0.096s] Level 1:colcon.colcon_core.package_identification:_identify(src/world_models) by extension 'ignore'
[0.096s] Level 1:colcon.colcon_core.package_identification:_identify(src/world_models) by extension 'ignore_ament_install'
[0.096s] Level 1:colcon.colcon_core.package_identification:_identify(src/world_models) by extensions ['colcon_pkg']
[0.096s] Level 1:colcon.colcon_core.package_identification:_identify(src/world_models) by extension 'colcon_pkg'
[0.096s] Level 1:colcon.colcon_core.package_identification:_identify(src/world_models) by extensions ['colcon_meta']
[0.096s] Level 1:colcon.colcon_core.package_identification:_identify(src/world_models) by extension 'colcon_meta'
[0.096s] Level 1:colcon.colcon_core.package_identification:_identify(src/world_models) by extensions ['ros']
[0.096s] Level 1:colcon.colcon_core.package_identification:_identify(src/world_models) by extension 'ros'
[0.096s] DEBUG:colcon.colcon_core.package_identification:Package 'src/world_models' with type 'ros.ament_cmake' and name 'world_models'
[0.096s] Level 1:colcon.colcon_core.package_discovery:discover_packages(recursive) using defaults
[0.096s] Level 1:colcon.colcon_core.package_discovery:discover_packages(ignore) discover
[0.096s] Level 1:colcon.colcon_core.package_discovery:discover_packages(ignore) using defaults
[0.096s] Level 1:colcon.colcon_core.package_discovery:discover_packages(path) discover
[0.096s] Level 1:colcon.colcon_core.package_discovery:discover_packages(path) using defaults
[0.107s] Level 1:colcon.colcon_core.package_discovery:discover_packages(prefix_path) check parameters
[0.107s] Level 1:colcon.colcon_core.package_discovery:discover_packages(prefix_path) discover
[0.108s] DEBUG:colcon.colcon_installed_package_information.package_discovery:Found 5 installed packages in /home/jienan/automatic_move/install
[0.109s] DEBUG:colcon.colcon_installed_package_information.package_discovery:Found 284 installed packages in /opt/ros/humble
[0.110s] Level 1:colcon.colcon_core.package_discovery:discover_packages(prefix_path) using defaults
[0.127s] Level 5:colcon.colcon_core.verb:set package 'automove_engine' build argument 'cmake_args' from command line to 'None'
[0.127s] Level 5:colcon.colcon_core.verb:set package 'automove_engine' build argument 'cmake_target' from command line to 'None'
[0.127s] Level 5:colcon.colcon_core.verb:set package 'automove_engine' build argument 'cmake_target_skip_unavailable' from command line to 'False'
[0.127s] Level 5:colcon.colcon_core.verb:set package 'automove_engine' build argument 'cmake_clean_cache' from command line to 'False'
[0.127s] Level 5:colcon.colcon_core.verb:set package 'automove_engine' build argument 'cmake_clean_first' from command line to 'False'
[0.127s] Level 5:colcon.colcon_core.verb:set package 'automove_engine' build argument 'cmake_force_configure' from command line to 'False'
[0.127s] Level 5:colcon.colcon_core.verb:set package 'automove_engine' build argument 'ament_cmake_args' from command line to 'None'
[0.127s] Level 5:colcon.colcon_core.verb:set package 'automove_engine' build argument 'catkin_cmake_args' from command line to 'None'
[0.127s] Level 5:colcon.colcon_core.verb:set package 'automove_engine' build argument 'catkin_skip_building_tests' from command line to 'False'
[0.127s] DEBUG:colcon.colcon_core.verb:Building package 'automove_engine' with the following arguments: {'ament_cmake_args': None, 'build_base': '/home/jienan/automatic_move/build/automove_engine', 'catkin_cmake_args': None, 'catkin_skip_building_tests': False, 'cmake_args': None, 'cmake_clean_cache': False, 'cmake_clean_first': False, 'cmake_force_configure': False, 'cmake_target': None, 'cmake_target_skip_unavailable': False, 'install_base': '/home/jienan/automatic_move/install/automove_engine', 'merge_install': False, 'path': '/home/jienan/automatic_move/src/automove_engine', 'symlink_install': False, 'test_result_base': None}
[0.127s] Level 5:colcon.colcon_core.verb:set package 'livox_ros_driver2' build argument 'cmake_args' from command line to 'None'
[0.127s] Level 5:colcon.colcon_core.verb:set package 'livox_ros_driver2' build argument 'cmake_target' from command line to 'None'
[0.127s] Level 5:colcon.colcon_core.verb:set package 'livox_ros_driver2' build argument 'cmake_target_skip_unavailable' from command line to 'False'
[0.127s] Level 5:colcon.colcon_core.verb:set package 'livox_ros_driver2' build argument 'cmake_clean_cache' from command line to 'False'
[0.127s] Level 5:colcon.colcon_core.verb:set package 'livox_ros_driver2' build argument 'cmake_clean_first' from command line to 'False'
[0.127s] Level 5:colcon.colcon_core.verb:set package 'livox_ros_driver2' build argument 'cmake_force_configure' from command line to 'False'
[0.127s] Level 5:colcon.colcon_core.verb:set package 'livox_ros_driver2' build argument 'ament_cmake_args' from command line to 'None'
[0.127s] Level 5:colcon.colcon_core.verb:set package 'livox_ros_driver2' build argument 'catkin_cmake_args' from command line to 'None'
[0.127s] Level 5:colcon.colcon_core.verb:set package 'livox_ros_driver2' build argument 'catkin_skip_building_tests' from command line to 'False'
[0.127s] DEBUG:colcon.colcon_core.verb:Building package 'livox_ros_driver2' with the following arguments: {'ament_cmake_args': None, 'build_base': '/home/jienan/automatic_move/build/livox_ros_driver2', 'catkin_cmake_args': None, 'catkin_skip_building_tests': False, 'cmake_args': None, 'cmake_clean_cache': False, 'cmake_clean_first': False, 'cmake_force_configure': False, 'cmake_target': None, 'cmake_target_skip_unavailable': False, 'install_base': '/home/jienan/automatic_move/install/livox_ros_driver2', 'merge_install': False, 'path': '/home/jienan/automatic_move/src/livox_ros_driver2', 'symlink_install': False, 'test_result_base': None}
[0.128s] Level 5:colcon.colcon_core.verb:set package 'livox_sdk2' build argument 'cmake_args' from command line to 'None'
[0.128s] Level 5:colcon.colcon_core.verb:set package 'livox_sdk2' build argument 'cmake_target' from command line to 'None'
[0.128s] Level 5:colcon.colcon_core.verb:set package 'livox_sdk2' build argument 'cmake_target_skip_unavailable' from command line to 'False'
[0.128s] Level 5:colcon.colcon_core.verb:set package 'livox_sdk2' build argument 'cmake_clean_cache' from command line to 'False'
[0.128s] Level 5:colcon.colcon_core.verb:set package 'livox_sdk2' build argument 'cmake_clean_first' from command line to 'False'
[0.128s] Level 5:colcon.colcon_core.verb:set package 'livox_sdk2' build argument 'cmake_force_configure' from command line to 'False'
[0.128s] Level 5:colcon.colcon_core.verb:set package 'livox_sdk2' build argument 'ament_cmake_args' from command line to 'None'
[0.128s] Level 5:colcon.colcon_core.verb:set package 'livox_sdk2' build argument 'catkin_cmake_args' from command line to 'None'
[0.128s] Level 5:colcon.colcon_core.verb:set package 'livox_sdk2' build argument 'catkin_skip_building_tests' from command line to 'False'
[0.128s] DEBUG:colcon.colcon_core.verb:Building package 'livox_sdk2' with the following arguments: {'ament_cmake_args': None, 'build_base': '/home/jienan/automatic_move/build/livox_sdk2', 'catkin_cmake_args': None, 'catkin_skip_building_tests': False, 'cmake_args': None, 'cmake_clean_cache': False, 'cmake_clean_first': False, 'cmake_force_configure': False, 'cmake_target': None, 'cmake_target_skip_unavailable': False, 'install_base': '/home/jienan/automatic_move/install/livox_sdk2', 'merge_install': False, 'path': '/home/jienan/automatic_move/src/Livox-SDK2', 'symlink_install': False, 'test_result_base': None}
[0.128s] Level 5:colcon.colcon_core.verb:set package 'world_models' build argument 'cmake_args' from command line to 'None'
[0.128s] Level 5:colcon.colcon_core.verb:set package 'world_models' build argument 'cmake_target' from command line to 'None'
[0.128s] Level 5:colcon.colcon_core.verb:set package 'world_models' build argument 'cmake_target_skip_unavailable' from command line to 'False'
[0.128s] Level 5:colcon.colcon_core.verb:set package 'world_models' build argument 'cmake_clean_cache' from command line to 'False'
[0.128s] Level 5:colcon.colcon_core.verb:set package 'world_models' build argument 'cmake_clean_first' from command line to 'False'
[0.128s] Level 5:colcon.colcon_core.verb:set package 'world_models' build argument 'cmake_force_configure' from command line to 'False'
[0.128s] Level 5:colcon.colcon_core.verb:set package 'world_models' build argument 'ament_cmake_args' from command line to 'None'
[0.128s] Level 5:colcon.colcon_core.verb:set package 'world_models' build argument 'catkin_cmake_args' from command line to 'None'
[0.128s] Level 5:colcon.colcon_core.verb:set package 'world_models' build argument 'catkin_skip_building_tests' from command line to 'False'
[0.128s] DEBUG:colcon.colcon_core.verb:Building package 'world_models' with the following arguments: {'ament_cmake_args': None, 'build_base': '/home/jienan/automatic_move/build/world_models', 'catkin_cmake_args': None, 'catkin_skip_building_tests': False, 'cmake_args': None, 'cmake_clean_cache': False, 'cmake_clean_first': False, 'cmake_force_configure': False, 'cmake_target': None, 'cmake_target_skip_unavailable': False, 'install_base': '/home/jienan/automatic_move/install/world_models', 'merge_install': False, 'path': '/home/jienan/automatic_move/src/world_models', 'symlink_install': False, 'test_result_base': None}
[0.128s] Level 5:colcon.colcon_core.verb:set package 'ros2_livox_simulation' build argument 'cmake_args' from command line to 'None'
[0.128s] Level 5:colcon.colcon_core.verb:set package 'ros2_livox_simulation' build argument 'cmake_target' from command line to 'None'
[0.128s] Level 5:colcon.colcon_core.verb:set package 'ros2_livox_simulation' build argument 'cmake_target_skip_unavailable' from command line to 'False'
[0.128s] Level 5:colcon.colcon_core.verb:set package 'ros2_livox_simulation' build argument 'cmake_clean_cache' from command line to 'False'
[0.128s] Level 5:colcon.colcon_core.verb:set package 'ros2_livox_simulation' build argument 'cmake_clean_first' from command line to 'False'
[0.128s] Level 5:colcon.colcon_core.verb:set package 'ros2_livox_simulation' build argument 'cmake_force_configure' from command line to 'False'
[0.128s] Level 5:colcon.colcon_core.verb:set package 'ros2_livox_simulation' build argument 'ament_cmake_args' from command line to 'None'
[0.128s] Level 5:colcon.colcon_core.verb:set package 'ros2_livox_simulation' build argument 'catkin_cmake_args' from command line to 'None'
[0.128s] Level 5:colcon.colcon_core.verb:set package 'ros2_livox_simulation' build argument 'catkin_skip_building_tests' from command line to 'False'
[0.128s] DEBUG:colcon.colcon_core.verb:Building package 'ros2_livox_simulation' with the following arguments: {'ament_cmake_args': None, 'build_base': '/home/jienan/automatic_move/build/ros2_livox_simulation', 'catkin_cmake_args': None, 'catkin_skip_building_tests': False, 'cmake_args': None, 'cmake_clean_cache': False, 'cmake_clean_first': False, 'cmake_force_configure': False, 'cmake_target': None, 'cmake_target_skip_unavailable': False, 'install_base': '/home/jienan/automatic_move/install/ros2_livox_simulation', 'merge_install': False, 'path': '/home/jienan/automatic_move/src/livox_laser_simulation_ros2', 'symlink_install': False, 'test_result_base': None}
[0.128s] INFO:colcon.colcon_core.executor:Executing jobs using 'parallel' executor
[0.129s] DEBUG:colcon.colcon_parallel_executor.executor.parallel:run_until_complete
[0.129s] INFO:colcon.colcon_ros.task.ament_cmake.build:Building ROS package in '/home/jienan/automatic_move/src/livox_ros_driver2' with build type 'ament_cmake'
[0.130s] INFO:colcon.colcon_cmake.task.cmake.build:Building CMake package in '/home/jienan/automatic_move/src/livox_ros_driver2'
[0.130s] INFO:colcon.colcon_core.plugin_system:Skipping extension 'colcon_core.shell.bat': Not used on non-Windows systems
[0.131s] INFO:colcon.colcon_core.shell:Skip shell extension 'powershell' for command environment: Not usable outside of PowerShell
[0.131s] DEBUG:colcon.colcon_core.shell:Skip shell extension 'dsv' for command environment
[0.133s] INFO:colcon.colcon_ros.task.ament_python.build:Building ROS package in '/home/jienan/automatic_move/src/automove_engine' with build type 'ament_python'
[0.133s] Level 1:colcon.colcon_core.shell:create_environment_hook('automove_engine', 'ament_prefix_path')
[0.133s] INFO:colcon.colcon_core.shell:Creating environment hook '/home/jienan/automatic_move/install/automove_engine/share/automove_engine/hook/ament_prefix_path.ps1'
[0.133s] INFO:colcon.colcon_core.shell:Creating environment descriptor '/home/jienan/automatic_move/install/automove_engine/share/automove_engine/hook/ament_prefix_path.dsv'
[0.133s] INFO:colcon.colcon_core.shell:Creating environment hook '/home/jienan/automatic_move/install/automove_engine/share/automove_engine/hook/ament_prefix_path.sh'
[0.134s] INFO:colcon.colcon_core.shell:Skip shell extension 'powershell' for command environment: Not usable outside of PowerShell
[0.134s] DEBUG:colcon.colcon_core.shell:Skip shell extension 'dsv' for command environment
[0.135s] INFO:colcon.colcon_cmake.task.cmake.build:Building CMake package in '/home/jienan/automatic_move/src/Livox-SDK2'
[0.135s] INFO:colcon.colcon_core.shell:Skip shell extension 'powershell' for command environment: Not usable outside of PowerShell
[0.136s] DEBUG:colcon.colcon_core.shell:Skip shell extension 'dsv' for command environment
[0.137s] INFO:colcon.colcon_ros.task.ament_cmake.build:Building ROS package in '/home/jienan/automatic_move/src/world_models' with build type 'ament_cmake'
[0.137s] INFO:colcon.colcon_cmake.task.cmake.build:Building CMake package in '/home/jienan/automatic_move/src/world_models'
[0.137s] INFO:colcon.colcon_core.shell:Skip shell extension 'powershell' for command environment: Not usable outside of PowerShell
[0.137s] DEBUG:colcon.colcon_core.shell:Skip shell extension 'dsv' for command environment
[0.143s] DEBUG:colcon.colcon_core.event_handler.log_command:Invoking command in '/home/jienan/automatic_move/build/livox_ros_driver2': CMAKE_PREFIX_PATH=${CMAKE_PREFIX_PATH}:/home/jienan/automatic_move/install/automove_engine:/opt/ros/humble /usr/bin/cmake --build /home/jienan/automatic_move/build/livox_ros_driver2 -- -j24 -l24
[0.276s] INFO:colcon.colcon_core.task.python.build:Building Python package in '/home/jienan/automatic_move/src/automove_engine'
[0.276s] INFO:colcon.colcon_core.shell:Skip shell extension 'powershell' for command environment: Not usable outside of PowerShell
[0.276s] DEBUG:colcon.colcon_core.shell:Skip shell extension 'dsv' for command environment
[0.281s] DEBUG:colcon.colcon_core.event_handler.log_command:Invoking command in '/home/jienan/automatic_move/build/livox_sdk2': /usr/bin/cmake --build /home/jienan/automatic_move/build/livox_sdk2 -- -j24 -l24
[0.285s] DEBUG:colcon.colcon_core.event_handler.log_command:Invoking command in '/home/jienan/automatic_move/build/world_models': CMAKE_PREFIX_PATH=${CMAKE_PREFIX_PATH}:/home/jienan/automatic_move/install/automove_engine:/opt/ros/humble /usr/bin/cmake --build /home/jienan/automatic_move/build/world_models -- -j24 -l24
[0.309s] DEBUG:colcon.colcon_core.event_handler.log_command:Invoked command in '/home/jienan/automatic_move/build/world_models' returned '0': CMAKE_PREFIX_PATH=${CMAKE_PREFIX_PATH}:/home/jienan/automatic_move/install/automove_engine:/opt/ros/humble /usr/bin/cmake --build /home/jienan/automatic_move/build/world_models -- -j24 -l24
[0.315s] DEBUG:colcon.colcon_core.event_handler.log_command:Invoking command in '/home/jienan/automatic_move/build/world_models': CMAKE_PREFIX_PATH=${CMAKE_PREFIX_PATH}:/home/jienan/automatic_move/install/automove_engine:/opt/ros/humble /usr/bin/cmake --install /home/jienan/automatic_move/build/world_models
[0.324s] Level 1:colcon.colcon_core.environment:create_environment_scripts_only(world_models)
[0.325s] DEBUG:colcon.colcon_core.event_handler.log_command:Invoked command in '/home/jienan/automatic_move/build/world_models' returned '0': CMAKE_PREFIX_PATH=${CMAKE_PREFIX_PATH}:/home/jienan/automatic_move/install/automove_engine:/opt/ros/humble /usr/bin/cmake --install /home/jienan/automatic_move/build/world_models
[0.328s] Level 1:colcon.colcon_core.environment:checking '/home/jienan/automatic_move/install/world_models' for CMake module files
[0.328s] Level 1:colcon.colcon_core.environment:checking '/home/jienan/automatic_move/install/world_models' for CMake config files
[0.328s] Level 1:colcon.colcon_core.shell:create_environment_hook('world_models', 'cmake_prefix_path')
[0.329s] INFO:colcon.colcon_core.shell:Creating environment hook '/home/jienan/automatic_move/install/world_models/share/world_models/hook/cmake_prefix_path.ps1'
[0.329s] INFO:colcon.colcon_core.shell:Creating environment descriptor '/home/jienan/automatic_move/install/world_models/share/world_models/hook/cmake_prefix_path.dsv'
[0.329s] INFO:colcon.colcon_core.shell:Creating environment hook '/home/jienan/automatic_move/install/world_models/share/world_models/hook/cmake_prefix_path.sh'
[0.330s] Level 1:colcon.colcon_core.environment:checking '/home/jienan/automatic_move/install/world_models/lib'
[0.330s] Level 1:colcon.colcon_core.environment:checking '/home/jienan/automatic_move/install/world_models/bin'
[0.330s] Level 1:colcon.colcon_core.environment:checking '/home/jienan/automatic_move/install/world_models/lib/pkgconfig/world_models.pc'
[0.330s] Level 1:colcon.colcon_core.environment:checking '/home/jienan/automatic_move/install/world_models/lib/python3.10/site-packages'
[0.330s] Level 1:colcon.colcon_core.environment:checking '/home/jienan/automatic_move/install/world_models/bin'
[0.330s] INFO:colcon.colcon_core.shell:Creating package script '/home/jienan/automatic_move/install/world_models/share/world_models/package.ps1'
[0.331s] INFO:colcon.colcon_core.shell:Creating package descriptor '/home/jienan/automatic_move/install/world_models/share/world_models/package.dsv'
[0.331s] INFO:colcon.colcon_core.shell:Creating package script '/home/jienan/automatic_move/install/world_models/share/world_models/package.sh'
[0.331s] INFO:colcon.colcon_core.shell:Creating package script '/home/jienan/automatic_move/install/world_models/share/world_models/package.bash'
[0.332s] INFO:colcon.colcon_core.shell:Creating package script '/home/jienan/automatic_move/install/world_models/share/world_models/package.zsh'
[0.332s] Level 1:colcon.colcon_core.environment:create_file_with_runtime_dependencies(/home/jienan/automatic_move/install/world_models/share/colcon-core/packages/world_models)
[0.333s] Level 1:colcon.colcon_core.environment:create_environment_scripts_only(world_models)
[0.333s] Level 1:colcon.colcon_core.environment:checking '/home/jienan/automatic_move/install/world_models' for CMake module files
[0.333s] Level 1:colcon.colcon_core.environment:checking '/home/jienan/automatic_move/install/world_models' for CMake config files
[0.333s] Level 1:colcon.colcon_core.shell:create_environment_hook('world_models', 'cmake_prefix_path')
[0.333s] INFO:colcon.colcon_core.shell:Creating environment hook '/home/jienan/automatic_move/install/world_models/share/world_models/hook/cmake_prefix_path.ps1'
[0.333s] INFO:colcon.colcon_core.shell:Creating environment descriptor '/home/jienan/automatic_move/install/world_models/share/world_models/hook/cmake_prefix_path.dsv'
[0.334s] INFO:colcon.colcon_core.shell:Creating environment hook '/home/jienan/automatic_move/install/world_models/share/world_models/hook/cmake_prefix_path.sh'
[0.334s] Level 1:colcon.colcon_core.environment:checking '/home/jienan/automatic_move/install/world_models/lib'
[0.334s] Level 1:colcon.colcon_core.environment:checking '/home/jienan/automatic_move/install/world_models/bin'
[0.334s] Level 1:colcon.colcon_core.environment:checking '/home/jienan/automatic_move/install/world_models/lib/pkgconfig/world_models.pc'
[0.335s] Level 1:colcon.colcon_core.environment:checking '/home/jienan/automatic_move/install/world_models/lib/python3.10/site-packages'
[0.335s] Level 1:colcon.colcon_core.environment:checking '/home/jienan/automatic_move/install/world_models/bin'
[0.335s] INFO:colcon.colcon_core.shell:Creating package script '/home/jienan/automatic_move/install/world_models/share/world_models/package.ps1'
[0.336s] INFO:colcon.colcon_core.shell:Creating package descriptor '/home/jienan/automatic_move/install/world_models/share/world_models/package.dsv'
[0.337s] INFO:colcon.colcon_core.shell:Creating package script '/home/jienan/automatic_move/install/world_models/share/world_models/package.sh'
[0.337s] INFO:colcon.colcon_core.shell:Creating package script '/home/jienan/automatic_move/install/world_models/share/world_models/package.bash'
[0.337s] INFO:colcon.colcon_core.shell:Creating package script '/home/jienan/automatic_move/install/world_models/share/world_models/package.zsh'
[0.337s] Level 1:colcon.colcon_core.environment:create_file_with_runtime_dependencies(/home/jienan/automatic_move/install/world_models/share/colcon-core/packages/world_models)
[0.348s] DEBUG:colcon.colcon_core.event_handler.log_command:Invoked command in '/home/jienan/automatic_move/build/livox_sdk2' returned '0': /usr/bin/cmake --build /home/jienan/automatic_move/build/livox_sdk2 -- -j24 -l24
[0.349s] DEBUG:colcon.colcon_core.event_handler.log_command:Invoking command in '/home/jienan/automatic_move/build/livox_sdk2': /usr/bin/cmake --install /home/jienan/automatic_move/build/livox_sdk2
[0.355s] Level 1:colcon.colcon_core.environment:create_environment_scripts_only(livox_sdk2)
[0.355s] Level 1:colcon.colcon_core.environment:checking '/home/jienan/automatic_move/install/livox_sdk2' for CMake module files
[0.356s] DEBUG:colcon.colcon_core.event_handler.log_command:Invoked command in '/home/jienan/automatic_move/build/livox_sdk2' returned '0': /usr/bin/cmake --install /home/jienan/automatic_move/build/livox_sdk2
[0.356s] Level 1:colcon.colcon_core.environment:checking '/home/jienan/automatic_move/install/livox_sdk2' for CMake config files
[0.356s] Level 1:colcon.colcon_core.environment:checking '/home/jienan/automatic_move/install/livox_sdk2/lib'
[0.356s] Level 1:colcon.colcon_core.shell:create_environment_hook('livox_sdk2', 'ld_library_path_lib')
[0.356s] INFO:colcon.colcon_core.shell:Creating environment hook '/home/jienan/automatic_move/install/livox_sdk2/share/livox_sdk2/hook/ld_library_path_lib.ps1'
[0.356s] INFO:colcon.colcon_core.shell:Creating environment descriptor '/home/jienan/automatic_move/install/livox_sdk2/share/livox_sdk2/hook/ld_library_path_lib.dsv'
[0.357s] INFO:colcon.colcon_core.shell:Creating environment hook '/home/jienan/automatic_move/install/livox_sdk2/share/livox_sdk2/hook/ld_library_path_lib.sh'
[0.357s] Level 1:colcon.colcon_core.environment:checking '/home/jienan/automatic_move/install/livox_sdk2/bin'
[0.357s] Level 1:colcon.colcon_core.environment:checking '/home/jienan/automatic_move/install/livox_sdk2/lib/pkgconfig/livox_sdk2.pc'
[0.357s] Level 1:colcon.colcon_core.environment:checking '/home/jienan/automatic_move/install/livox_sdk2/lib/python3.10/site-packages'
[0.357s] Level 1:colcon.colcon_core.environment:checking '/home/jienan/automatic_move/install/livox_sdk2/bin'
[0.357s] INFO:colcon.colcon_core.shell:Creating package script '/home/jienan/automatic_move/install/livox_sdk2/share/livox_sdk2/package.ps1'
[0.358s] INFO:colcon.colcon_core.shell:Creating package descriptor '/home/jienan/automatic_move/install/livox_sdk2/share/livox_sdk2/package.dsv'
[0.358s] INFO:colcon.colcon_core.shell:Creating package script '/home/jienan/automatic_move/install/livox_sdk2/share/livox_sdk2/package.sh'
[0.358s] INFO:colcon.colcon_core.shell:Creating package script '/home/jienan/automatic_move/install/livox_sdk2/share/livox_sdk2/package.bash'
[0.358s] INFO:colcon.colcon_core.shell:Creating package script '/home/jienan/automatic_move/install/livox_sdk2/share/livox_sdk2/package.zsh'
[0.359s] Level 1:colcon.colcon_core.environment:create_file_with_runtime_dependencies(/home/jienan/automatic_move/install/livox_sdk2/share/colcon-core/packages/livox_sdk2)
[0.388s] DEBUG:colcon.colcon_core.event_handler.log_command:Invoked command in '/home/jienan/automatic_move/build/livox_ros_driver2' returned '0': CMAKE_PREFIX_PATH=${CMAKE_PREFIX_PATH}:/home/jienan/automatic_move/install/automove_engine:/opt/ros/humble /usr/bin/cmake --build /home/jienan/automatic_move/build/livox_ros_driver2 -- -j24 -l24
[0.389s] DEBUG:colcon.colcon_core.event_handler.log_command:Invoking command in '/home/jienan/automatic_move/build/livox_ros_driver2': CMAKE_PREFIX_PATH=${CMAKE_PREFIX_PATH}:/home/jienan/automatic_move/install/automove_engine:/opt/ros/humble /usr/bin/cmake --install /home/jienan/automatic_move/build/livox_ros_driver2
[0.422s] Level 1:colcon.colcon_core.environment:create_environment_scripts_only(livox_ros_driver2)
[0.422s] Level 1:colcon.colcon_core.environment:checking '/home/jienan/automatic_move/install/livox_ros_driver2' for CMake module files
[0.422s] DEBUG:colcon.colcon_core.event_handler.log_command:Invoked command in '/home/jienan/automatic_move/build/livox_ros_driver2' returned '0': CMAKE_PREFIX_PATH=${CMAKE_PREFIX_PATH}:/home/jienan/automatic_move/install/automove_engine:/opt/ros/humble /usr/bin/cmake --install /home/jienan/automatic_move/build/livox_ros_driver2
[0.423s] Level 1:colcon.colcon_core.environment:checking '/home/jienan/automatic_move/install/livox_ros_driver2' for CMake config files
[0.423s] Level 1:colcon.colcon_core.shell:create_environment_hook('livox_ros_driver2', 'cmake_prefix_path')
[0.423s] INFO:colcon.colcon_core.shell:Creating environment hook '/home/jienan/automatic_move/install/livox_ros_driver2/share/livox_ros_driver2/hook/cmake_prefix_path.ps1'
[0.423s] INFO:colcon.colcon_core.shell:Creating environment descriptor '/home/jienan/automatic_move/install/livox_ros_driver2/share/livox_ros_driver2/hook/cmake_prefix_path.dsv'
[0.423s] INFO:colcon.colcon_core.shell:Creating environment hook '/home/jienan/automatic_move/install/livox_ros_driver2/share/livox_ros_driver2/hook/cmake_prefix_path.sh'
[0.424s] Level 1:colcon.colcon_core.environment:checking '/home/jienan/automatic_move/install/livox_ros_driver2/lib'
[0.424s] Level 1:colcon.colcon_core.shell:create_environment_hook('livox_ros_driver2', 'ld_library_path_lib')
[0.424s] INFO:colcon.colcon_core.shell:Creating environment hook '/home/jienan/automatic_move/install/livox_ros_driver2/share/livox_ros_driver2/hook/ld_library_path_lib.ps1'
[0.424s] INFO:colcon.colcon_core.shell:Creating environment descriptor '/home/jienan/automatic_move/install/livox_ros_driver2/share/livox_ros_driver2/hook/ld_library_path_lib.dsv'
[0.424s] INFO:colcon.colcon_core.shell:Creating environment hook '/home/jienan/automatic_move/install/livox_ros_driver2/share/livox_ros_driver2/hook/ld_library_path_lib.sh'
[0.424s] Level 1:colcon.colcon_core.environment:checking '/home/jienan/automatic_move/install/livox_ros_driver2/bin'
[0.424s] Level 1:colcon.colcon_core.environment:checking '/home/jienan/automatic_move/install/livox_ros_driver2/lib/pkgconfig/livox_ros_driver2.pc'
[0.425s] Level 1:colcon.colcon_core.environment:checking '/home/jienan/automatic_move/install/livox_ros_driver2/lib/python3.10/site-packages'
[0.425s] Level 1:colcon.colcon_core.environment:checking '/home/jienan/automatic_move/install/livox_ros_driver2/bin'
[0.425s] INFO:colcon.colcon_core.shell:Creating package script '/home/jienan/automatic_move/install/livox_ros_driver2/share/livox_ros_driver2/package.ps1'
[0.425s] INFO:colcon.colcon_core.shell:Creating package descriptor '/home/jienan/automatic_move/install/livox_ros_driver2/share/livox_ros_driver2/package.dsv'
[0.425s] INFO:colcon.colcon_core.shell:Creating package script '/home/jienan/automatic_move/install/livox_ros_driver2/share/livox_ros_driver2/package.sh'
[0.425s] INFO:colcon.colcon_core.shell:Creating package script '/home/jienan/automatic_move/install/livox_ros_driver2/share/livox_ros_driver2/package.bash'
[0.426s] INFO:colcon.colcon_core.shell:Creating package script '/home/jienan/automatic_move/install/livox_ros_driver2/share/livox_ros_driver2/package.zsh'
[0.426s] Level 1:colcon.colcon_core.environment:create_file_with_runtime_dependencies(/home/jienan/automatic_move/install/livox_ros_driver2/share/colcon-core/packages/livox_ros_driver2)
[0.426s] Level 1:colcon.colcon_core.environment:create_environment_scripts_only(livox_ros_driver2)
[0.426s] Level 1:colcon.colcon_core.environment:checking '/home/jienan/automatic_move/install/livox_ros_driver2' for CMake module files
[0.426s] Level 1:colcon.colcon_core.environment:checking '/home/jienan/automatic_move/install/livox_ros_driver2' for CMake config files
[0.427s] Level 1:colcon.colcon_core.shell:create_environment_hook('livox_ros_driver2', 'cmake_prefix_path')
[0.427s] INFO:colcon.colcon_core.shell:Creating environment hook '/home/jienan/automatic_move/install/livox_ros_driver2/share/livox_ros_driver2/hook/cmake_prefix_path.ps1'
[0.427s] INFO:colcon.colcon_core.shell:Creating environment descriptor '/home/jienan/automatic_move/install/livox_ros_driver2/share/livox_ros_driver2/hook/cmake_prefix_path.dsv'
[0.427s] INFO:colcon.colcon_core.shell:Creating environment hook '/home/jienan/automatic_move/install/livox_ros_driver2/share/livox_ros_driver2/hook/cmake_prefix_path.sh'
[0.427s] Level 1:colcon.colcon_core.environment:checking '/home/jienan/automatic_move/install/livox_ros_driver2/lib'
[0.427s] Level 1:colcon.colcon_core.shell:create_environment_hook('livox_ros_driver2', 'ld_library_path_lib')
[0.428s] INFO:colcon.colcon_core.shell:Creating environment hook '/home/jienan/automatic_move/install/livox_ros_driver2/share/livox_ros_driver2/hook/ld_library_path_lib.ps1'
[0.428s] INFO:colcon.colcon_core.shell:Creating environment descriptor '/home/jienan/automatic_move/install/livox_ros_driver2/share/livox_ros_driver2/hook/ld_library_path_lib.dsv'
[0.428s] INFO:colcon.colcon_core.shell:Creating environment hook '/home/jienan/automatic_move/install/livox_ros_driver2/share/livox_ros_driver2/hook/ld_library_path_lib.sh'
[0.428s] Level 1:colcon.colcon_core.environment:checking '/home/jienan/automatic_move/install/livox_ros_driver2/bin'
[0.428s] Level 1:colcon.colcon_core.environment:checking '/home/jienan/automatic_move/install/livox_ros_driver2/lib/pkgconfig/livox_ros_driver2.pc'
[0.428s] Level 1:colcon.colcon_core.environment:checking '/home/jienan/automatic_move/install/livox_ros_driver2/lib/python3.10/site-packages'
[0.428s] Level 1:colcon.colcon_core.environment:checking '/home/jienan/automatic_move/install/livox_ros_driver2/bin'
[0.428s] INFO:colcon.colcon_core.shell:Creating package script '/home/jienan/automatic_move/install/livox_ros_driver2/share/livox_ros_driver2/package.ps1'
[0.429s] INFO:colcon.colcon_core.shell:Creating package descriptor '/home/jienan/automatic_move/install/livox_ros_driver2/share/livox_ros_driver2/package.dsv'
[0.429s] INFO:colcon.colcon_core.shell:Creating package script '/home/jienan/automatic_move/install/livox_ros_driver2/share/livox_ros_driver2/package.sh'
[0.429s] INFO:colcon.colcon_core.shell:Creating package script '/home/jienan/automatic_move/install/livox_ros_driver2/share/livox_ros_driver2/package.bash'
[0.429s] INFO:colcon.colcon_core.shell:Creating package script '/home/jienan/automatic_move/install/livox_ros_driver2/share/livox_ros_driver2/package.zsh'
[0.430s] Level 1:colcon.colcon_core.environment:create_file_with_runtime_dependencies(/home/jienan/automatic_move/install/livox_ros_driver2/share/colcon-core/packages/livox_ros_driver2)
[0.430s] INFO:colcon.colcon_ros.task.ament_cmake.build:Building ROS package in '/home/jienan/automatic_move/src/livox_laser_simulation_ros2' with build type 'ament_cmake'
[0.430s] INFO:colcon.colcon_cmake.task.cmake.build:Building CMake package in '/home/jienan/automatic_move/src/livox_laser_simulation_ros2'
[0.430s] INFO:colcon.colcon_core.shell:Skip shell extension 'powershell' for command environment: Not usable outside of PowerShell
[0.430s] DEBUG:colcon.colcon_core.shell:Skip shell extension 'dsv' for command environment
[0.438s] DEBUG:colcon.colcon_core.event_handler.log_command:Invoking command in '/home/jienan/automatic_move/build/ros2_livox_simulation': CMAKE_PREFIX_PATH=/home/jienan/automatic_move/install/livox_ros_driver2:/home/jienan/automatic_move/install/world_models:/home/jienan/automatic_move/install/ros2_livox_simulation:/home/jienan/automatic_move/install/automove_engine:/opt/ros/humble LD_LIBRARY_PATH=/home/jienan/automatic_move/install/livox_ros_driver2/lib:/home/jienan/automatic_move/install/ros2_livox_simulation/lib:/usr/lib/x86_64-linux-gnu/gazebo-11/plugins:/opt/ros/humble/opt/rviz_ogre_vendor/lib:/opt/ros/humble/lib/x86_64-linux-gnu:/opt/ros/humble/lib:/home/jienan/automatic_move/install/livox_sdk2/lib /usr/bin/cmake --build /home/jienan/automatic_move/build/ros2_livox_simulation -- -j24 -l24
[0.503s] DEBUG:colcon.colcon_core.event_handler.log_command:Invoked command in '/home/jienan/automatic_move/build/ros2_livox_simulation' returned '0': CMAKE_PREFIX_PATH=/home/jienan/automatic_move/install/livox_ros_driver2:/home/jienan/automatic_move/install/world_models:/home/jienan/automatic_move/install/ros2_livox_simulation:/home/jienan/automatic_move/install/automove_engine:/opt/ros/humble LD_LIBRARY_PATH=/home/jienan/automatic_move/install/livox_ros_driver2/lib:/home/jienan/automatic_move/install/ros2_livox_simulation/lib:/usr/lib/x86_64-linux-gnu/gazebo-11/plugins:/opt/ros/humble/opt/rviz_ogre_vendor/lib:/opt/ros/humble/lib/x86_64-linux-gnu:/opt/ros/humble/lib:/home/jienan/automatic_move/install/livox_sdk2/lib /usr/bin/cmake --build /home/jienan/automatic_move/build/ros2_livox_simulation -- -j24 -l24
[0.504s] DEBUG:colcon.colcon_core.event_handler.log_command:Invoking command in '/home/jienan/automatic_move/build/ros2_livox_simulation': CMAKE_PREFIX_PATH=/home/jienan/automatic_move/install/livox_ros_driver2:/home/jienan/automatic_move/install/world_models:/home/jienan/automatic_move/install/ros2_livox_simulation:/home/jienan/automatic_move/install/automove_engine:/opt/ros/humble LD_LIBRARY_PATH=/home/jienan/automatic_move/install/livox_ros_driver2/lib:/home/jienan/automatic_move/install/ros2_livox_simulation/lib:/usr/lib/x86_64-linux-gnu/gazebo-11/plugins:/opt/ros/humble/opt/rviz_ogre_vendor/lib:/opt/ros/humble/lib/x86_64-linux-gnu:/opt/ros/humble/lib:/home/jienan/automatic_move/install/livox_sdk2/lib /usr/bin/cmake --install /home/jienan/automatic_move/build/ros2_livox_simulation
[0.511s] Level 1:colcon.colcon_core.environment:create_environment_scripts_only(ros2_livox_simulation)
[0.511s] Level 1:colcon.colcon_core.environment:checking '/home/jienan/automatic_move/install/ros2_livox_simulation' for CMake module files
[0.511s] DEBUG:colcon.colcon_core.event_handler.log_command:Invoked command in '/home/jienan/automatic_move/build/ros2_livox_simulation' returned '0': CMAKE_PREFIX_PATH=/home/jienan/automatic_move/install/livox_ros_driver2:/home/jienan/automatic_move/install/world_models:/home/jienan/automatic_move/install/ros2_livox_simulation:/home/jienan/automatic_move/install/automove_engine:/opt/ros/humble LD_LIBRARY_PATH=/home/jienan/automatic_move/install/livox_ros_driver2/lib:/home/jienan/automatic_move/install/ros2_livox_simulation/lib:/usr/lib/x86_64-linux-gnu/gazebo-11/plugins:/opt/ros/humble/opt/rviz_ogre_vendor/lib:/opt/ros/humble/lib/x86_64-linux-gnu:/opt/ros/humble/lib:/home/jienan/automatic_move/install/livox_sdk2/lib /usr/bin/cmake --install /home/jienan/automatic_move/build/ros2_livox_simulation
[0.512s] Level 1:colcon.colcon_core.environment:checking '/home/jienan/automatic_move/install/ros2_livox_simulation' for CMake config files
[0.512s] Level 1:colcon.colcon_core.shell:create_environment_hook('ros2_livox_simulation', 'cmake_prefix_path')
[0.512s] INFO:colcon.colcon_core.shell:Creating environment hook '/home/jienan/automatic_move/install/ros2_livox_simulation/share/ros2_livox_simulation/hook/cmake_prefix_path.ps1'
[0.513s] INFO:colcon.colcon_core.shell:Creating environment descriptor '/home/jienan/automatic_move/install/ros2_livox_simulation/share/ros2_livox_simulation/hook/cmake_prefix_path.dsv'
[0.513s] INFO:colcon.colcon_core.shell:Creating environment hook '/home/jienan/automatic_move/install/ros2_livox_simulation/share/ros2_livox_simulation/hook/cmake_prefix_path.sh'
[0.513s] Level 1:colcon.colcon_core.environment:checking '/home/jienan/automatic_move/install/ros2_livox_simulation/lib'
[0.513s] Level 1:colcon.colcon_core.shell:create_environment_hook('ros2_livox_simulation', 'ld_library_path_lib')
[0.513s] INFO:colcon.colcon_core.shell:Creating environment hook '/home/jienan/automatic_move/install/ros2_livox_simulation/share/ros2_livox_simulation/hook/ld_library_path_lib.ps1'
[0.514s] INFO:colcon.colcon_core.shell:Creating environment descriptor '/home/jienan/automatic_move/install/ros2_livox_simulation/share/ros2_livox_simulation/hook/ld_library_path_lib.dsv'
[0.514s] INFO:colcon.colcon_core.shell:Creating environment hook '/home/jienan/automatic_move/install/ros2_livox_simulation/share/ros2_livox_simulation/hook/ld_library_path_lib.sh'
[0.514s] Level 1:colcon.colcon_core.environment:checking '/home/jienan/automatic_move/install/ros2_livox_simulation/bin'
[0.514s] Level 1:colcon.colcon_core.environment:checking '/home/jienan/automatic_move/install/ros2_livox_simulation/lib/pkgconfig/ros2_livox_simulation.pc'
[0.514s] Level 1:colcon.colcon_core.environment:checking '/home/jienan/automatic_move/install/ros2_livox_simulation/lib/python3.10/site-packages'
[0.514s] Level 1:colcon.colcon_core.environment:checking '/home/jienan/automatic_move/install/ros2_livox_simulation/bin'
[0.514s] INFO:colcon.colcon_core.shell:Creating package script '/home/jienan/automatic_move/install/ros2_livox_simulation/share/ros2_livox_simulation/package.ps1'
[0.515s] INFO:colcon.colcon_core.shell:Creating package descriptor '/home/jienan/automatic_move/install/ros2_livox_simulation/share/ros2_livox_simulation/package.dsv'
[0.515s] INFO:colcon.colcon_core.shell:Creating package script '/home/jienan/automatic_move/install/ros2_livox_simulation/share/ros2_livox_simulation/package.sh'
[0.515s] INFO:colcon.colcon_core.shell:Creating package script '/home/jienan/automatic_move/install/ros2_livox_simulation/share/ros2_livox_simulation/package.bash'
[0.515s] INFO:colcon.colcon_core.shell:Creating package script '/home/jienan/automatic_move/install/ros2_livox_simulation/share/ros2_livox_simulation/package.zsh'
[0.515s] Level 1:colcon.colcon_core.environment:create_file_with_runtime_dependencies(/home/jienan/automatic_move/install/ros2_livox_simulation/share/colcon-core/packages/ros2_livox_simulation)
[0.516s] Level 1:colcon.colcon_core.environment:create_environment_scripts_only(ros2_livox_simulation)
[0.516s] Level 1:colcon.colcon_core.environment:checking '/home/jienan/automatic_move/install/ros2_livox_simulation' for CMake module files
[0.516s] Level 1:colcon.colcon_core.environment:checking '/home/jienan/automatic_move/install/ros2_livox_simulation' for CMake config files
[0.516s] Level 1:colcon.colcon_core.shell:create_environment_hook('ros2_livox_simulation', 'cmake_prefix_path')
[0.516s] INFO:colcon.colcon_core.shell:Creating environment hook '/home/jienan/automatic_move/install/ros2_livox_simulation/share/ros2_livox_simulation/hook/cmake_prefix_path.ps1'
[0.517s] INFO:colcon.colcon_core.shell:Creating environment descriptor '/home/jienan/automatic_move/install/ros2_livox_simulation/share/ros2_livox_simulation/hook/cmake_prefix_path.dsv'
[0.517s] INFO:colcon.colcon_core.shell:Creating environment hook '/home/jienan/automatic_move/install/ros2_livox_simulation/share/ros2_livox_simulation/hook/cmake_prefix_path.sh'
[0.517s] Level 1:colcon.colcon_core.environment:checking '/home/jienan/automatic_move/install/ros2_livox_simulation/lib'
[0.517s] Level 1:colcon.colcon_core.shell:create_environment_hook('ros2_livox_simulation', 'ld_library_path_lib')
[0.517s] INFO:colcon.colcon_core.shell:Creating environment hook '/home/jienan/automatic_move/install/ros2_livox_simulation/share/ros2_livox_simulation/hook/ld_library_path_lib.ps1'
[0.517s] INFO:colcon.colcon_core.shell:Creating environment descriptor '/home/jienan/automatic_move/install/ros2_livox_simulation/share/ros2_livox_simulation/hook/ld_library_path_lib.dsv'
[0.517s] INFO:colcon.colcon_core.shell:Creating environment hook '/home/jienan/automatic_move/install/ros2_livox_simulation/share/ros2_livox_simulation/hook/ld_library_path_lib.sh'
[0.518s] Level 1:colcon.colcon_core.environment:checking '/home/jienan/automatic_move/install/ros2_livox_simulation/bin'
[0.518s] Level 1:colcon.colcon_core.environment:checking '/home/jienan/automatic_move/install/ros2_livox_simulation/lib/pkgconfig/ros2_livox_simulation.pc'
[0.518s] Level 1:colcon.colcon_core.environment:checking '/home/jienan/automatic_move/install/ros2_livox_simulation/lib/python3.10/site-packages'
[0.518s] Level 1:colcon.colcon_core.environment:checking '/home/jienan/automatic_move/install/ros2_livox_simulation/bin'
[0.518s] INFO:colcon.colcon_core.shell:Creating package script '/home/jienan/automatic_move/install/ros2_livox_simulation/share/ros2_livox_simulation/package.ps1'
[0.518s] INFO:colcon.colcon_core.shell:Creating package descriptor '/home/jienan/automatic_move/install/ros2_livox_simulation/share/ros2_livox_simulation/package.dsv'
[0.519s] INFO:colcon.colcon_core.shell:Creating package script '/home/jienan/automatic_move/install/ros2_livox_simulation/share/ros2_livox_simulation/package.sh'
[0.519s] INFO:colcon.colcon_core.shell:Creating package script '/home/jienan/automatic_move/install/ros2_livox_simulation/share/ros2_livox_simulation/package.bash'
[0.519s] INFO:colcon.colcon_core.shell:Creating package script '/home/jienan/automatic_move/install/ros2_livox_simulation/share/ros2_livox_simulation/package.zsh'
[0.519s] Level 1:colcon.colcon_core.environment:create_file_with_runtime_dependencies(/home/jienan/automatic_move/install/ros2_livox_simulation/share/colcon-core/packages/ros2_livox_simulation)
[0.618s] DEBUG:colcon.colcon_core.event_handler.log_command:Invoking command in '/home/jienan/automatic_move/src/automove_engine': PYTHONPATH=/home/jienan/automatic_move/build/automove_engine/prefix_override:/usr/lib/python3/dist-packages/colcon_core/task/python/colcon_distutils_commands:/home/jienan/automatic_move/install/automove_engine/lib/python3.10/site-packages:${PYTHONPATH} /usr/bin/python3 -W ignore:setup.py install is deprecated -W ignore:easy_install command is deprecated setup.py egg_info --egg-base ../../build/automove_engine build --build-base /home/jienan/automatic_move/build/automove_engine/build install --record /home/jienan/automatic_move/build/automove_engine/install.log --single-version-externally-managed install_data
[0.894s] Level 1:colcon.colcon_core.environment:checking '/home/jienan/automatic_move/install/automove_engine' for CMake module files
[0.894s] DEBUG:colcon.colcon_core.event_handler.log_command:Invoked command in '/home/jienan/automatic_move/src/automove_engine' returned '0': PYTHONPATH=/home/jienan/automatic_move/build/automove_engine/prefix_override:/usr/lib/python3/dist-packages/colcon_core/task/python/colcon_distutils_commands:/home/jienan/automatic_move/install/automove_engine/lib/python3.10/site-packages:${PYTHONPATH} /usr/bin/python3 -W ignore:setup.py install is deprecated -W ignore:easy_install command is deprecated setup.py egg_info --egg-base ../../build/automove_engine build --build-base /home/jienan/automatic_move/build/automove_engine/build install --record /home/jienan/automatic_move/build/automove_engine/install.log --single-version-externally-managed install_data
[0.895s] Level 1:colcon.colcon_core.environment:checking '/home/jienan/automatic_move/install/automove_engine' for CMake config files
[0.895s] Level 1:colcon.colcon_core.environment:checking '/home/jienan/automatic_move/install/automove_engine/lib'
[0.895s] Level 1:colcon.colcon_core.environment:checking '/home/jienan/automatic_move/install/automove_engine/bin'
[0.895s] Level 1:colcon.colcon_core.environment:checking '/home/jienan/automatic_move/install/automove_engine/lib/pkgconfig/automove_engine.pc'
[0.895s] Level 1:colcon.colcon_core.environment:checking '/home/jienan/automatic_move/install/automove_engine/lib/python3.10/site-packages'
[0.896s] Level 1:colcon.colcon_core.shell:create_environment_hook('automove_engine', 'pythonpath')
[0.896s] INFO:colcon.colcon_core.shell:Creating environment hook '/home/jienan/automatic_move/install/automove_engine/share/automove_engine/hook/pythonpath.ps1'
[0.896s] INFO:colcon.colcon_core.shell:Creating environment descriptor '/home/jienan/automatic_move/install/automove_engine/share/automove_engine/hook/pythonpath.dsv'
[0.897s] INFO:colcon.colcon_core.shell:Creating environment hook '/home/jienan/automatic_move/install/automove_engine/share/automove_engine/hook/pythonpath.sh'
[0.897s] Level 1:colcon.colcon_core.environment:checking '/home/jienan/automatic_move/install/automove_engine/bin'
[0.897s] Level 1:colcon.colcon_core.environment:create_environment_scripts_only(automove_engine)
[0.898s] INFO:colcon.colcon_core.shell:Creating package script '/home/jienan/automatic_move/install/automove_engine/share/automove_engine/package.ps1'
[0.898s] INFO:colcon.colcon_core.shell:Creating package descriptor '/home/jienan/automatic_move/install/automove_engine/share/automove_engine/package.dsv'
[0.898s] INFO:colcon.colcon_core.shell:Creating package script '/home/jienan/automatic_move/install/automove_engine/share/automove_engine/package.sh'
[0.898s] INFO:colcon.colcon_core.shell:Creating package script '/home/jienan/automatic_move/install/automove_engine/share/automove_engine/package.bash'
[0.899s] INFO:colcon.colcon_core.shell:Creating package script '/home/jienan/automatic_move/install/automove_engine/share/automove_engine/package.zsh'
[0.899s] Level 1:colcon.colcon_core.environment:create_file_with_runtime_dependencies(/home/jienan/automatic_move/install/automove_engine/share/colcon-core/packages/automove_engine)
[0.899s] DEBUG:colcon.colcon_parallel_executor.executor.parallel:closing loop
[0.899s] DEBUG:colcon.colcon_parallel_executor.executor.parallel:loop closed
[0.899s] DEBUG:colcon.colcon_parallel_executor.executor.parallel:run_until_complete finished with '0'
[0.899s] DEBUG:colcon.colcon_core.event_reactor:joining thread
[0.902s] INFO:colcon.colcon_core.plugin_system:Skipping extension 'colcon_notification.desktop_notification.terminal_notifier': Not used on non-Darwin systems
[0.902s] INFO:colcon.colcon_core.plugin_system:Skipping extension 'colcon_notification.desktop_notification.win32': Not used on non-Windows systems
[0.902s] INFO:colcon.colcon_notification.desktop_notification:Sending desktop notification using 'notify2'
[0.910s] DEBUG:colcon.colcon_core.event_reactor:joined thread
[0.910s] INFO:colcon.colcon_core.shell:Creating prefix script '/home/jienan/automatic_move/install/local_setup.ps1'
[0.911s] INFO:colcon.colcon_core.shell:Creating prefix util module '/home/jienan/automatic_move/install/_local_setup_util_ps1.py'
[0.911s] INFO:colcon.colcon_core.shell:Creating prefix chain script '/home/jienan/automatic_move/install/setup.ps1'
[0.912s] INFO:colcon.colcon_core.shell:Creating prefix script '/home/jienan/automatic_move/install/local_setup.sh'
[0.912s] INFO:colcon.colcon_core.shell:Creating prefix util module '/home/jienan/automatic_move/install/_local_setup_util_sh.py'
[0.913s] INFO:colcon.colcon_core.shell:Creating prefix chain script '/home/jienan/automatic_move/install/setup.sh'
[0.913s] INFO:colcon.colcon_core.shell:Creating prefix script '/home/jienan/automatic_move/install/local_setup.bash'
[0.913s] INFO:colcon.colcon_core.shell:Creating prefix chain script '/home/jienan/automatic_move/install/setup.bash'
[0.914s] INFO:colcon.colcon_core.shell:Creating prefix script '/home/jienan/automatic_move/install/local_setup.zsh'
[0.914s] INFO:colcon.colcon_core.shell:Creating prefix chain script '/home/jienan/automatic_move/install/setup.zsh'
