[0.006s] Invoking command in '/home/jienan/automatic_move/build/world_models': CMAKE_PREFIX_PATH=${CMAKE_PREFIX_PATH}:/opt/ros/humble /usr/bin/cmake /home/jienan/automatic_move/src/world_models -DROS_EDITION=ROS2 -DHUMBLE_ROS=humble -DCMAKE_INSTALL_PREFIX=/home/jienan/automatic_move/install/world_models
[0.046s] -- The C compiler identification is GNU 11.4.0
[0.089s] -- The CXX compiler identification is GNU 11.4.0
[0.093s] -- Detecting C compiler ABI info
[0.150s] -- Detecting C compiler ABI info - done
[0.156s] -- Check for working C compiler: /usr/bin/cc - skipped
[0.156s] -- Detecting C compile features
[0.156s] -- Detecting C compile features - done
[0.158s] -- Detecting CXX compiler ABI info
[0.217s] -- Detecting CXX compiler ABI info - done
[0.221s] -- Check for working CXX compiler: /usr/bin/c++ - skipped
[0.222s] -- Detecting CXX compile features
[0.222s] -- Detecting CXX compile features - done
[0.223s] -- Found ament_cmake: 1.3.12 (/opt/ros/humble/share/ament_cmake/cmake)
[0.700s] -- Found Python3: /usr/bin/python3 (found version "3.10.12") found components: Interpreter 
[0.825s] -- Found rclpy: 3.3.17 (/opt/ros/humble/share/rclpy/cmake)
[0.942s] -- Configuring done
[0.946s] -- Generating done
[0.947s] [33mCMake Warning:
[0.948s]   Manually-specified variables were not used by the project:
[0.948s] 
[0.948s]     HUMBLE_ROS
[0.948s]     ROS_EDITION
[0.948s] 
[0.948s] [0m
[0.953s] -- Build files have been written to: /home/jienan/automatic_move/build/world_models
[0.960s] Invoked command in '/home/jienan/automatic_move/build/world_models' returned '0': CMAKE_PREFIX_PATH=${CMAKE_PREFIX_PATH}:/opt/ros/humble /usr/bin/cmake /home/jienan/automatic_move/src/world_models -DROS_EDITION=ROS2 -DHUMBLE_ROS=humble -DCMAKE_INSTALL_PREFIX=/home/jienan/automatic_move/install/world_models
[0.961s] Invoking command in '/home/jienan/automatic_move/build/world_models': CMAKE_PREFIX_PATH=${CMAKE_PREFIX_PATH}:/opt/ros/humble /usr/bin/cmake --build /home/jienan/automatic_move/build/world_models -- -j24 -l24
[1.030s] Invoked command in '/home/jienan/automatic_move/build/world_models' returned '0': CMAKE_PREFIX_PATH=${CMAKE_PREFIX_PATH}:/opt/ros/humble /usr/bin/cmake --build /home/jienan/automatic_move/build/world_models -- -j24 -l24
[1.046s] Invoking command in '/home/jienan/automatic_move/build/world_models': CMAKE_PREFIX_PATH=${CMAKE_PREFIX_PATH}:/opt/ros/humble /usr/bin/cmake --install /home/jienan/automatic_move/build/world_models
[1.051s] -- Install configuration: ""
[1.051s] -- Installing: /home/jienan/automatic_move/install/world_models/share/world_models
[1.051s] -- Installing: /home/jienan/automatic_move/install/world_models/share/world_models/competition_field
[1.051s] -- Installing: /home/jienan/automatic_move/install/world_models/share/world_models/competition_field/meshes
[1.051s] -- Installing: /home/jienan/automatic_move/install/world_models/share/world_models/competition_field/meshes/world_no_forest.stl
[1.051s] -- Installing: /home/jienan/automatic_move/install/world_models/share/world_models/competition_field/meshes/world.stl
[1.051s] -- Installing: /home/jienan/automatic_move/install/world_models/share/world_models/competition_field/model.config
[1.052s] -- Installing: /home/jienan/automatic_move/install/world_models/share/world_models/competition_field/model.sdf
[1.052s] -- Installing: /home/jienan/automatic_move/install/world_models/share/world_models/simple_robot
[1.052s] -- Installing: /home/jienan/automatic_move/install/world_models/share/world_models/simple_robot/robot.urdf.xacro
[1.052s] -- Installing: /home/jienan/automatic_move/install/world_models/share/world_models/simple_robot/model.config
[1.052s] -- Up-to-date: /home/jienan/automatic_move/install/world_models/share/world_models
[1.052s] -- Installing: /home/jienan/automatic_move/install/world_models/share/world_models/competition_field_copy.world
[1.052s] -- Installing: /home/jienan/automatic_move/install/world_models/share/world_models/competition_field.world
[1.052s] -- Up-to-date: /home/jienan/automatic_move/install/world_models/share/world_models
[1.052s] -- Installing: /home/jienan/automatic_move/install/world_models/share/world_models/gazebo_launch.py
[1.052s] -- Installing: /home/jienan/automatic_move/install/world_models/lib/world_models/test_robot_movement.py
[1.052s] -- Installing: /home/jienan/automatic_move/install/world_models/share/ament_index/resource_index/package_run_dependencies/world_models
[1.052s] -- Installing: /home/jienan/automatic_move/install/world_models/share/ament_index/resource_index/parent_prefix_path/world_models
[1.052s] -- Installing: /home/jienan/automatic_move/install/world_models/share/world_models/environment/ament_prefix_path.sh
[1.052s] -- Installing: /home/jienan/automatic_move/install/world_models/share/world_models/environment/ament_prefix_path.dsv
[1.052s] -- Installing: /home/jienan/automatic_move/install/world_models/share/world_models/environment/path.sh
[1.053s] -- Installing: /home/jienan/automatic_move/install/world_models/share/world_models/environment/path.dsv
[1.053s] -- Installing: /home/jienan/automatic_move/install/world_models/share/world_models/local_setup.bash
[1.053s] -- Installing: /home/jienan/automatic_move/install/world_models/share/world_models/local_setup.sh
[1.053s] -- Installing: /home/jienan/automatic_move/install/world_models/share/world_models/local_setup.zsh
[1.053s] -- Installing: /home/jienan/automatic_move/install/world_models/share/world_models/local_setup.dsv
[1.053s] -- Installing: /home/jienan/automatic_move/install/world_models/share/world_models/package.dsv
[1.053s] -- Installing: /home/jienan/automatic_move/install/world_models/share/ament_index/resource_index/packages/world_models
[1.053s] -- Installing: /home/jienan/automatic_move/install/world_models/share/world_models/cmake/world_modelsConfig.cmake
[1.053s] -- Installing: /home/jienan/automatic_move/install/world_models/share/world_models/cmake/world_modelsConfig-version.cmake
[1.053s] -- Installing: /home/jienan/automatic_move/install/world_models/share/world_models/package.xml
[1.061s] Invoked command in '/home/jienan/automatic_move/build/world_models' returned '0': CMAKE_PREFIX_PATH=${CMAKE_PREFIX_PATH}:/opt/ros/humble /usr/bin/cmake --install /home/jienan/automatic_move/build/world_models
