[0.132s] Invoking command in '/home/jienan/automatic_move/build/world_models': CMAKE_PREFIX_PATH=/opt/ros/humble /usr/bin/cmake /home/jienan/automatic_move/src/world_models -DROS_EDITION=ROS2 -DHUMBLE_ROS=humble -DCMAKE_INSTALL_PREFIX=/home/jienan/automatic_move/install/world_models
[0.168s] -- The C compiler identification is GNU 11.4.0
[0.203s] -- The CXX compiler identification is GNU 11.4.0
[0.208s] -- Detecting C compiler ABI info
[0.260s] -- Detecting C compiler ABI info - done
[0.265s] -- Check for working C compiler: /usr/bin/cc - skipped
[0.265s] -- Detecting C compile features
[0.265s] -- Detecting C compile features - done
[0.267s] -- Detecting CXX compiler ABI info
[0.324s] -- Detecting CXX compiler ABI info - done
[0.329s] -- Check for working CXX compiler: /usr/bin/c++ - skipped
[0.329s] -- Detecting CXX compile features
[0.330s] -- Detecting CXX compile features - done
[0.331s] -- Found ament_cmake: 1.3.12 (/opt/ros/humble/share/ament_cmake/cmake)
[1.021s] -- Found Python3: /usr/bin/python3 (found version "3.10.12") found components: Interpreter 
[1.250s] -- Found rclpy: 3.3.17 (/opt/ros/humble/share/rclpy/cmake)
[1.414s] -- Configuring done
[1.421s] -- Generating done
[1.424s] -- Build files have been written to: /home/jienan/automatic_move/build/world_models
[1.424s] [33mCMake Warning:
[1.424s]   Manually-specified variables were not used by the project:
[1.424s] 
[1.424s]     HUMBLE_ROS
[1.424s]     ROS_EDITION
[1.424s] 
[1.425s] [0m
[1.442s] Invoked command in '/home/jienan/automatic_move/build/world_models' returned '0': CMAKE_PREFIX_PATH=/opt/ros/humble /usr/bin/cmake /home/jienan/automatic_move/src/world_models -DROS_EDITION=ROS2 -DHUMBLE_ROS=humble -DCMAKE_INSTALL_PREFIX=/home/jienan/automatic_move/install/world_models
[1.447s] Invoking command in '/home/jienan/automatic_move/build/world_models': CMAKE_PREFIX_PATH=/opt/ros/humble /usr/bin/cmake --build /home/jienan/automatic_move/build/world_models -- -j24 -l24
[1.540s] Invoked command in '/home/jienan/automatic_move/build/world_models' returned '0': CMAKE_PREFIX_PATH=/opt/ros/humble /usr/bin/cmake --build /home/jienan/automatic_move/build/world_models -- -j24 -l24
[1.572s] Invoking command in '/home/jienan/automatic_move/build/world_models': CMAKE_PREFIX_PATH=/opt/ros/humble /usr/bin/cmake --install /home/jienan/automatic_move/build/world_models
[1.592s] -- Install configuration: ""
[1.592s] -- Installing: /home/jienan/automatic_move/install/world_models/share/world_models
[1.594s] -- Installing: /home/jienan/automatic_move/install/world_models/share/world_models/competition_field
[1.594s] -- Installing: /home/jienan/automatic_move/install/world_models/share/world_models/competition_field/meshes
[1.594s] -- Installing: /home/jienan/automatic_move/install/world_models/share/world_models/competition_field/meshes/world_no_forest.stl
[1.594s] -- Installing: /home/jienan/automatic_move/install/world_models/share/world_models/competition_field/meshes/world.stl
[1.595s] -- Installing: /home/jienan/automatic_move/install/world_models/share/world_models/competition_field/model.config
[1.595s] -- Installing: /home/jienan/automatic_move/install/world_models/share/world_models/competition_field/model.sdf
[1.595s] -- Installing: /home/jienan/automatic_move/install/world_models/share/world_models/simple_robot
[1.595s] -- Installing: /home/jienan/automatic_move/install/world_models/share/world_models/simple_robot/model.config
[1.595s] -- Installing: /home/jienan/automatic_move/install/world_models/share/world_models/simple_robot/robot.urdf
[1.595s] -- Up-to-date: /home/jienan/automatic_move/install/world_models/share/world_models
[1.595s] -- Installing: /home/jienan/automatic_move/install/world_models/share/world_models/competition_field_copy.world
[1.595s] -- Installing: /home/jienan/automatic_move/install/world_models/share/world_models/competition_field.world
[1.595s] -- Up-to-date: /home/jienan/automatic_move/install/world_models/share/world_models
[1.595s] -- Installing: /home/jienan/automatic_move/install/world_models/share/world_models/gazebo_launch.py
[1.595s] -- Installing: /home/jienan/automatic_move/install/world_models/lib/world_models/test_robot_movement.py
[1.595s] -- Installing: /home/jienan/automatic_move/install/world_models/share/ament_index/resource_index/package_run_dependencies/world_models
[1.595s] -- Installing: /home/jienan/automatic_move/install/world_models/share/ament_index/resource_index/parent_prefix_path/world_models
[1.595s] -- Installing: /home/jienan/automatic_move/install/world_models/share/world_models/environment/ament_prefix_path.sh
[1.595s] -- Installing: /home/jienan/automatic_move/install/world_models/share/world_models/environment/ament_prefix_path.dsv
[1.595s] -- Installing: /home/jienan/automatic_move/install/world_models/share/world_models/environment/path.sh
[1.598s] -- Installing: /home/jienan/automatic_move/install/world_models/share/world_models/environment/path.dsv
[1.599s] -- Installing: /home/jienan/automatic_move/install/world_models/share/world_models/local_setup.bash
[1.599s] -- Installing: /home/jienan/automatic_move/install/world_models/share/world_models/local_setup.sh
[1.599s] -- Installing: /home/jienan/automatic_move/install/world_models/share/world_models/local_setup.zsh
[1.599s] -- Installing: /home/jienan/automatic_move/install/world_models/share/world_models/local_setup.dsv
[1.599s] -- Installing: /home/jienan/automatic_move/install/world_models/share/world_models/package.dsv
[1.599s] -- Installing: /home/jienan/automatic_move/install/world_models/share/ament_index/resource_index/packages/world_models
[1.600s] -- Installing: /home/jienan/automatic_move/install/world_models/share/world_models/cmake/world_modelsConfig.cmake
[1.600s] -- Installing: /home/jienan/automatic_move/install/world_models/share/world_models/cmake/world_modelsConfig-version.cmake
[1.600s] -- Installing: /home/jienan/automatic_move/install/world_models/share/world_models/package.xml
[1.614s] Invoked command in '/home/jienan/automatic_move/build/world_models' returned '0': CMAKE_PREFIX_PATH=/opt/ros/humble /usr/bin/cmake --install /home/jienan/automatic_move/build/world_models
