[0.011s] Invoking command in '/home/jienan/automatic_move/build/livox_ros_driver2': CMAKE_PREFIX_PATH=/opt/ros/humble /usr/bin/cmake /home/jienan/automatic_move/src/livox_ros_driver2 -DCMAKE_INSTALL_PREFIX=/home/jienan/automatic_move/install/livox_ros_driver2
[0.141s] -- The C compiler identification is GNU 11.4.0
[0.141s] -- The CXX compiler identification is GNU 11.4.0
[0.141s] -- Detecting C compiler ABI info
[0.141s] -- Detecting C compiler ABI info - done
[0.141s] -- Check for working C compiler: /usr/bin/cc - skipped
[0.141s] -- Detecting C compile features
[0.141s] -- Detecting C compile features - done
[0.143s] -- Detecting CXX compiler ABI info
[0.197s] -- Detecting CXX compiler ABI info - done
[0.201s] -- Check for working CXX compiler: /usr/bin/c++ - skipped
[0.201s] -- Detecting CXX compile features
[0.202s] -- Detecting CXX compile features - done
[0.202s] -- livox_ros_driver2 version: 1.2.4
[0.203s] -- Found ament_cmake_auto: 1.3.12 (/opt/ros/humble/share/ament_cmake_auto/cmake)
[0.517s] -- Found Python3: /usr/bin/python3 (found version "3.10.12") found components: Interpreter 
[0.880s] -- Using all available rosidl_typesupport_c: rosidl_typesupport_fastrtps_c;rosidl_typesupport_introspection_c
[0.886s] -- Found rosidl_adapter: 3.1.7 (/opt/ros/humble/share/rosidl_adapter/cmake)
[0.933s] -- Using all available rosidl_typesupport_cpp: rosidl_typesupport_fastrtps_cpp;rosidl_typesupport_introspection_cpp
[1.088s] -- Found rmw_implementation_cmake: 6.1.2 (/opt/ros/humble/share/rmw_implementation_cmake/cmake)
[1.091s] -- Found rmw_fastrtps_cpp: 6.2.8 (/opt/ros/humble/share/rmw_fastrtps_cpp/cmake)
[1.265s] -- Found OpenSSL: /usr/lib/x86_64-linux-gnu/libcrypto.so (found version "3.0.2")  
[1.360s] -- Found FastRTPS: /opt/ros/humble/include  
[1.473s] -- Using RMW implementation 'rmw_fastrtps_cpp' as default
[1.491s] -- Looking for pthread.h
[1.647s] -- Looking for pthread.h - found
[1.650s] -- Performing Test CMAKE_HAVE_LIBC_PTHREAD
[1.869s] -- Performing Test CMAKE_HAVE_LIBC_PTHREAD - Success
[1.870s] -- Found Threads: TRUE  
[2.075s] -- Checking for module 'eigen3'
[2.114s] --   Found eigen3, version 3.4.0
[2.201s] -- Found Eigen: /usr/include/eigen3 (Required is at least version "3.1") 
[2.201s] -- Eigen found (include: /usr/include/eigen3, version: 3.4.0)
[2.265s] -- Checking for module 'flann'
[2.291s] --   Found flann, version 1.9.1
[2.391s] -- Found FLANN: /usr/lib/x86_64-linux-gnu/libflann_cpp.so  
[2.391s] -- FLANN found (include: /usr/include, lib: /usr/lib/x86_64-linux-gnu/libflann_cpp.so)
[4.556s] -- Checking for module 'libusb-1.0'
[4.597s] --   Found libusb-1.0, version 1.0.25
[4.682s] -- Found libusb: /usr/lib/x86_64-linux-gnu/libusb-1.0.so  
[4.687s] -- OpenNI found (version: 1.5.4.0, include: /usr/include/ni, lib: /usr/lib/libOpenNI.so;libusb::libusb)
[4.807s] -- OpenNI2 found (version: 2.2.0.33, include: /usr/include/openni2, lib: /usr/lib/x86_64-linux-gnu/libOpenNI2.so;libusb::libusb)
[5.133s] -- Eigen found (include: /usr/include/eigen3, version: 3.4.0)
[5.142s] -- OpenNI found (version: 1.5.4.0, include: /usr/include/ni, lib: /usr/lib/libOpenNI.so;libusb::libusb)
[5.151s] -- OpenNI2 found (version: 2.2.0.33, include: /usr/include/openni2, lib: /usr/lib/x86_64-linux-gnu/libOpenNI2.so;libusb::libusb)
[5.366s] -- Found Qhull version 8.0.2
[5.558s] -- OpenNI found (version: 1.5.4.0, include: /usr/include/ni, lib: /usr/lib/libOpenNI.so;libusb::libusb)
[5.734s] -- Found PCL_COMMON: /usr/lib/x86_64-linux-gnu/libpcl_common.so  
[5.735s] -- Found PCL_KDTREE: /usr/lib/x86_64-linux-gnu/libpcl_kdtree.so  
[5.736s] -- Found PCL_OCTREE: /usr/lib/x86_64-linux-gnu/libpcl_octree.so  
[5.737s] -- Found PCL_SEARCH: /usr/lib/x86_64-linux-gnu/libpcl_search.so  
[5.738s] -- Found PCL_SAMPLE_CONSENSUS: /usr/lib/x86_64-linux-gnu/libpcl_sample_consensus.so  
[5.739s] -- Found PCL_FILTERS: /usr/lib/x86_64-linux-gnu/libpcl_filters.so  
[5.740s] -- Found PCL_2D: /usr/include/pcl-1.12  
[5.740s] -- Found PCL_GEOMETRY: /usr/include/pcl-1.12  
[5.741s] -- Found PCL_IO: /usr/lib/x86_64-linux-gnu/libpcl_io.so  
[5.742s] -- Found PCL_FEATURES: /usr/lib/x86_64-linux-gnu/libpcl_features.so  
[5.743s] -- Found PCL_ML: /usr/lib/x86_64-linux-gnu/libpcl_ml.so  
[5.745s] -- Found PCL_SEGMENTATION: /usr/lib/x86_64-linux-gnu/libpcl_segmentation.so  
[5.746s] -- Found PCL_VISUALIZATION: /usr/lib/x86_64-linux-gnu/libpcl_visualization.so  
[5.747s] -- Found PCL_SURFACE: /usr/lib/x86_64-linux-gnu/libpcl_surface.so  
[5.748s] -- Found PCL_REGISTRATION: /usr/lib/x86_64-linux-gnu/libpcl_registration.so  
[5.750s] -- Found PCL_KEYPOINTS: /usr/lib/x86_64-linux-gnu/libpcl_keypoints.so  
[5.752s] -- Found PCL_TRACKING: /usr/lib/x86_64-linux-gnu/libpcl_tracking.so  
[5.754s] -- Found PCL_RECOGNITION: /usr/lib/x86_64-linux-gnu/libpcl_recognition.so  
[5.756s] -- Found PCL_STEREO: /usr/lib/x86_64-linux-gnu/libpcl_stereo.so  
[5.757s] -- Found PCL_APPS: /usr/lib/x86_64-linux-gnu/libpcl_apps.so  
[5.758s] -- Found PCL_IN_HAND_SCANNER: /usr/include/pcl-1.12  
[5.760s] -- Found PCL_MODELER: /usr/include/pcl-1.12  
[5.760s] -- Found PCL_POINT_CLOUD_EDITOR: /usr/include/pcl-1.12  
[5.762s] -- Found PCL_OUTOFCORE: /usr/lib/x86_64-linux-gnu/libpcl_outofcore.so  
[5.763s] -- Found PCL_PEOPLE: /usr/lib/x86_64-linux-gnu/libpcl_people.so  
[5.806s] -- Found PkgConfig: /usr/bin/pkg-config (found version "0.29.2") 
[5.807s] -- Checking for module 'apr-1'
[5.809s] --   No package 'apr-1' found
[6.012s] -- Found ament_cmake_ros: 0.10.0 (/opt/ros/humble/share/ament_cmake_ros/cmake)
[6.173s] -- Using all available rosidl_typesupport_c: rosidl_typesupport_fastrtps_c;rosidl_typesupport_introspection_c
[6.421s] -- Using all available rosidl_typesupport_cpp: rosidl_typesupport_fastrtps_cpp;rosidl_typesupport_introspection_cpp
[6.445s] -- Found PythonInterp: /usr/bin/python3 (found suitable version "3.10.12", minimum required is "3.6") 
[6.446s] -- Found python_cmake_module: 0.10.0 (/opt/ros/humble/share/python_cmake_module/cmake)
[6.476s] -- Found PythonLibs: /usr/lib/x86_64-linux-gnu/libpython3.10.so (found suitable version "3.10.12", minimum required is "3.5") 
[6.476s] -- Using PYTHON_EXECUTABLE: /usr/bin/python3
[6.476s] -- Using PYTHON_INCLUDE_DIRS: /usr/include/python3.10
[6.476s] -- Using PYTHON_LIBRARIES: /usr/lib/x86_64-linux-gnu/libpython3.10.so
[6.497s] -- Found PythonExtra: .so  
[6.566s] -- Found ament_lint_auto: 0.12.14 (/opt/ros/humble/share/ament_lint_auto/cmake)
[6.586s] -- Added test 'copyright' to check source files copyright and LICENSE
[6.592s] -- Added test 'cppcheck' to perform static code analysis on C / C++ code
[6.593s] -- Configured cppcheck include dirs: /home/jienan/automatic_move/src/livox_ros_driver2/3rdparty;/home/jienan/automatic_move/src/livox_ros_driver2/src
[6.593s] -- Configured cppcheck exclude dirs and/or files: 
[6.599s] -- Added test 'cpplint' to check C / C++ code against the Google style
[6.599s] -- Configured cpplint exclude dirs and/or files: 
[6.600s] -- Added test 'flake8' to check Python code syntax and style conventions
[6.602s] -- Added test 'lint_cmake' to check CMake code style
[6.603s] -- Added test 'pep257' to check Python code against some of the docstring style conventions in PEP 257
[6.608s] -- Added test 'uncrustify' to check C / C++ code style
[6.609s] -- Configured uncrustify additional arguments: 
[6.610s] -- Added test 'xmllint' to check XML markup files
[6.612s] -- Configuring done
[6.617s] [0mCMake Error: The following variables are used in this project, but they are set to NOTFOUND.
[6.617s] Please set them or make sure they are set and tested correctly in the CMake files:
[6.617s] /home/jienan/automatic_move/src/livox_ros_driver2/LIVOX_INTERFACES_INCLUDE_DIRECTORIES
[6.617s]    used as include directory in directory /home/jienan/automatic_move/src/livox_ros_driver2
[6.617s] [0m
[6.668s] -- Generating done
[6.669s] [0mCMake Generate step failed.  Build files cannot be regenerated correctly.[0m
[6.685s] Invoked command in '/home/jienan/automatic_move/build/livox_ros_driver2' returned '1': CMAKE_PREFIX_PATH=/opt/ros/humble /usr/bin/cmake /home/jienan/automatic_move/src/livox_ros_driver2 -DCMAKE_INSTALL_PREFIX=/home/jienan/automatic_move/install/livox_ros_driver2
