[0.136s] Invoking command in '/home/jienan/automatic_move/build/world_models': CMAKE_PREFIX_PATH=/opt/ros/humble /usr/bin/cmake /home/jienan/automatic_move/src/world_models -DCMAKE_INSTALL_PREFIX=/home/jienan/automatic_move/install/world_models
[0.173s] -- The C compiler identification is GNU 11.4.0
[0.209s] -- The CXX compiler identification is GNU 11.4.0
[0.214s] -- Detecting C compiler ABI info
[0.265s] -- Detecting C compiler ABI info - done
[0.269s] -- Check for working C compiler: /usr/bin/cc - skipped
[0.269s] -- Detecting C compile features
[0.269s] -- Detecting C compile features - done
[0.271s] -- Detecting CXX compiler ABI info
[0.326s] -- Detecting CXX compiler ABI info - done
[0.332s] -- Check for working CXX compiler: /usr/bin/c++ - skipped
[0.332s] -- Detecting CXX compile features
[0.332s] -- Detecting CXX compile features - done
[0.333s] -- Found ament_cmake: 1.3.12 (/opt/ros/humble/share/ament_cmake/cmake)
[1.089s] -- Found Python3: /usr/bin/python3 (found version "3.10.12") found components: Interpreter 
[1.224s] -- Found rclpy: 3.3.17 (/opt/ros/humble/share/rclpy/cmake)
[1.341s] -- Configuring done
[1.349s] -- Generating done
[1.349s] -- Build files have been written to: /home/jienan/automatic_move/build/world_models
[1.370s] Invoked command in '/home/jienan/automatic_move/build/world_models' returned '0': CMAKE_PREFIX_PATH=/opt/ros/humble /usr/bin/cmake /home/jienan/automatic_move/src/world_models -DCMAKE_INSTALL_PREFIX=/home/jienan/automatic_move/install/world_models
[1.375s] Invoking command in '/home/jienan/automatic_move/build/world_models': CMAKE_PREFIX_PATH=/opt/ros/humble /usr/bin/cmake --build /home/jienan/automatic_move/build/world_models -- -j24 -l24
[1.486s] Invoked command in '/home/jienan/automatic_move/build/world_models' returned '0': CMAKE_PREFIX_PATH=/opt/ros/humble /usr/bin/cmake --build /home/jienan/automatic_move/build/world_models -- -j24 -l24
[1.513s] Invoking command in '/home/jienan/automatic_move/build/world_models': CMAKE_PREFIX_PATH=/opt/ros/humble /usr/bin/cmake --install /home/jienan/automatic_move/build/world_models
[1.531s] -- Install configuration: ""
[1.531s] -- Installing: /home/jienan/automatic_move/install/world_models/share/world_models
[1.531s] -- Installing: /home/jienan/automatic_move/install/world_models/share/world_models/competition_field
[1.531s] -- Installing: /home/jienan/automatic_move/install/world_models/share/world_models/competition_field/meshes
[1.531s] -- Installing: /home/jienan/automatic_move/install/world_models/share/world_models/competition_field/meshes/world_no_forest.stl
[1.531s] -- Installing: /home/jienan/automatic_move/install/world_models/share/world_models/competition_field/meshes/world.stl
[1.532s] -- Installing: /home/jienan/automatic_move/install/world_models/share/world_models/competition_field/model.config
[1.532s] -- Installing: /home/jienan/automatic_move/install/world_models/share/world_models/competition_field/model.sdf
[1.532s] -- Installing: /home/jienan/automatic_move/install/world_models/share/world_models/simple_robot
[1.532s] -- Installing: /home/jienan/automatic_move/install/world_models/share/world_models/simple_robot/model.config
[1.532s] -- Installing: /home/jienan/automatic_move/install/world_models/share/world_models/simple_robot/robot.urdf
[1.532s] -- Up-to-date: /home/jienan/automatic_move/install/world_models/share/world_models
[1.532s] -- Installing: /home/jienan/automatic_move/install/world_models/share/world_models/competition_field_copy.world
[1.532s] -- Installing: /home/jienan/automatic_move/install/world_models/share/world_models/competition_field.world
[1.535s] -- Up-to-date: /home/jienan/automatic_move/install/world_models/share/world_models
[1.536s] -- Installing: /home/jienan/automatic_move/install/world_models/share/world_models/gazebo_launch.py
[1.545s] -- Installing: /home/jienan/automatic_move/install/world_models/lib/world_models/test_robot_movement.py
[1.545s] -- Installing: /home/jienan/automatic_move/install/world_models/share/ament_index/resource_index/package_run_dependencies/world_models
[1.545s] -- Installing: /home/jienan/automatic_move/install/world_models/share/ament_index/resource_index/parent_prefix_path/world_models
[1.545s] -- Installing: /home/jienan/automatic_move/install/world_models/share/world_models/environment/ament_prefix_path.sh
[1.545s] -- Installing: /home/jienan/automatic_move/install/world_models/share/world_models/environment/ament_prefix_path.dsv
[1.545s] -- Installing: /home/jienan/automatic_move/install/world_models/share/world_models/environment/path.sh
[1.545s] -- Installing: /home/jienan/automatic_move/install/world_models/share/world_models/environment/path.dsv
[1.545s] -- Installing: /home/jienan/automatic_move/install/world_models/share/world_models/local_setup.bash
[1.545s] -- Installing: /home/jienan/automatic_move/install/world_models/share/world_models/local_setup.sh
[1.545s] -- Installing: /home/jienan/automatic_move/install/world_models/share/world_models/local_setup.zsh
[1.545s] -- Installing: /home/jienan/automatic_move/install/world_models/share/world_models/local_setup.dsv
[1.545s] -- Installing: /home/jienan/automatic_move/install/world_models/share/world_models/package.dsv
[1.545s] -- Installing: /home/jienan/automatic_move/install/world_models/share/ament_index/resource_index/packages/world_models
[1.545s] -- Installing: /home/jienan/automatic_move/install/world_models/share/world_models/cmake/world_modelsConfig.cmake
[1.545s] -- Installing: /home/jienan/automatic_move/install/world_models/share/world_models/cmake/world_modelsConfig-version.cmake
[1.545s] -- Installing: /home/jienan/automatic_move/install/world_models/share/world_models/package.xml
[1.546s] Invoked command in '/home/jienan/automatic_move/build/world_models' returned '0': CMAKE_PREFIX_PATH=/opt/ros/humble /usr/bin/cmake --install /home/jienan/automatic_move/build/world_models
