[0.010s] Invoking command in '/home/jienan/automatic_move/build/world_models': CMAKE_PREFIX_PATH=${CMAKE_PREFIX_PATH}:/opt/ros/humble /usr/bin/cmake --build /home/jienan/automatic_move/build/world_models -- -j24 -l24
[0.035s] -- Found ament_cmake: 1.3.12 (/opt/ros/humble/share/ament_cmake/cmake)
[0.183s] -- Configuring done
[0.184s] -- Generating done
[0.185s] -- Build files have been written to: /home/jienan/automatic_move/build/world_models
[0.205s] Invoked command in '/home/jienan/automatic_move/build/world_models' returned '0': CMAKE_PREFIX_PATH=${CMAKE_PREFIX_PATH}:/opt/ros/humble /usr/bin/cmake --build /home/jienan/automatic_move/build/world_models -- -j24 -l24
[0.220s] Invoking command in '/home/jienan/automatic_move/build/world_models': CMAKE_PREFIX_PATH=${CMAKE_PREFIX_PATH}:/opt/ros/humble /usr/bin/cmake --install /home/jienan/automatic_move/build/world_models
[0.233s] -- Install configuration: ""
[0.233s] -- Up-to-date: /home/jienan/automatic_move/install/world_models/share/world_models
[0.233s] -- Up-to-date: /home/jienan/automatic_move/install/world_models/share/world_models/competition_field
[0.233s] -- Up-to-date: /home/jienan/automatic_move/install/world_models/share/world_models/competition_field/meshes
[0.234s] -- Up-to-date: /home/jienan/automatic_move/install/world_models/share/world_models/competition_field/meshes/world.stl
[0.234s] -- Up-to-date: /home/jienan/automatic_move/install/world_models/share/world_models/competition_field/model.config
[0.234s] -- Up-to-date: /home/jienan/automatic_move/install/world_models/share/world_models/competition_field/model.sdf
[0.234s] -- Up-to-date: /home/jienan/automatic_move/install/world_models/share/world_models
[0.234s] -- Up-to-date: /home/jienan/automatic_move/install/world_models/share/world_models/competition_field_copy.world
[0.234s] -- Up-to-date: /home/jienan/automatic_move/install/world_models/share/world_models/competition_field.world
[0.234s] -- Up-to-date: /home/jienan/automatic_move/install/world_models/share/world_models
[0.234s] -- Installing: /home/jienan/automatic_move/install/world_models/share/world_models/gazebo_launch.py
[0.234s] -- Up-to-date: /home/jienan/automatic_move/install/world_models/share/ament_index/resource_index/package_run_dependencies/world_models
[0.234s] -- Up-to-date: /home/jienan/automatic_move/install/world_models/share/ament_index/resource_index/parent_prefix_path/world_models
[0.234s] -- Up-to-date: /home/jienan/automatic_move/install/world_models/share/world_models/environment/ament_prefix_path.sh
[0.234s] -- Installing: /home/jienan/automatic_move/install/world_models/share/world_models/environment/ament_prefix_path.dsv
[0.234s] -- Up-to-date: /home/jienan/automatic_move/install/world_models/share/world_models/environment/path.sh
[0.234s] -- Installing: /home/jienan/automatic_move/install/world_models/share/world_models/environment/path.dsv
[0.234s] -- Up-to-date: /home/jienan/automatic_move/install/world_models/share/world_models/local_setup.bash
[0.234s] -- Up-to-date: /home/jienan/automatic_move/install/world_models/share/world_models/local_setup.sh
[0.234s] -- Up-to-date: /home/jienan/automatic_move/install/world_models/share/world_models/local_setup.zsh
[0.235s] -- Installing: /home/jienan/automatic_move/install/world_models/share/world_models/local_setup.dsv
[0.235s] -- Installing: /home/jienan/automatic_move/install/world_models/share/world_models/package.dsv
[0.235s] -- Up-to-date: /home/jienan/automatic_move/install/world_models/share/ament_index/resource_index/packages/world_models
[0.235s] -- Up-to-date: /home/jienan/automatic_move/install/world_models/share/world_models/cmake/world_modelsConfig.cmake
[0.235s] -- Up-to-date: /home/jienan/automatic_move/install/world_models/share/world_models/cmake/world_modelsConfig-version.cmake
[0.235s] -- Up-to-date: /home/jienan/automatic_move/install/world_models/share/world_models/package.xml
[0.237s] Invoked command in '/home/jienan/automatic_move/build/world_models' returned '0': CMAKE_PREFIX_PATH=${CMAKE_PREFIX_PATH}:/opt/ros/humble /usr/bin/cmake --install /home/jienan/automatic_move/build/world_models
