[0.007s] Invoking command in '/home/jienan/automatic_move/build/ros2_livox_simulation': CMAKE_PREFIX_PATH=/home/jienan/automatic_move/install/livox_ros_driver2:/home/jienan/automatic_move/install/world_models:/home/jienan/automatic_move/install/ros2_livox_simulation:/home/jienan/automatic_move/install/automove_engine:/opt/ros/humble LD_LIBRARY_PATH=/home/jienan/automatic_move/install/livox_ros_driver2/lib:/home/jienan/automatic_move/install/ros2_livox_simulation/lib:/usr/lib/x86_64-linux-gnu/gazebo-11/plugins:/opt/ros/humble/opt/rviz_ogre_vendor/lib:/opt/ros/humble/lib/x86_64-linux-gnu:/opt/ros/humble/lib:/home/jienan/automatic_move/install/livox_sdk2/lib /usr/bin/cmake --build /home/jienan/automatic_move/build/ros2_livox_simulation -- -j24 -l24
[0.062s] [100%] Built target ros2_livox
[0.069s] Invoked command in '/home/jienan/automatic_move/build/ros2_livox_simulation' returned '0': CMAKE_PREFIX_PATH=/home/jienan/automatic_move/install/livox_ros_driver2:/home/jienan/automatic_move/install/world_models:/home/jienan/automatic_move/install/ros2_livox_simulation:/home/jienan/automatic_move/install/automove_engine:/opt/ros/humble LD_LIBRARY_PATH=/home/jienan/automatic_move/install/livox_ros_driver2/lib:/home/jienan/automatic_move/install/ros2_livox_simulation/lib:/usr/lib/x86_64-linux-gnu/gazebo-11/plugins:/opt/ros/humble/opt/rviz_ogre_vendor/lib:/opt/ros/humble/lib/x86_64-linux-gnu:/opt/ros/humble/lib:/home/jienan/automatic_move/install/livox_sdk2/lib /usr/bin/cmake --build /home/jienan/automatic_move/build/ros2_livox_simulation -- -j24 -l24
[0.070s] Invoking command in '/home/jienan/automatic_move/build/ros2_livox_simulation': CMAKE_PREFIX_PATH=/home/jienan/automatic_move/install/livox_ros_driver2:/home/jienan/automatic_move/install/world_models:/home/jienan/automatic_move/install/ros2_livox_simulation:/home/jienan/automatic_move/install/automove_engine:/opt/ros/humble LD_LIBRARY_PATH=/home/jienan/automatic_move/install/livox_ros_driver2/lib:/home/jienan/automatic_move/install/ros2_livox_simulation/lib:/usr/lib/x86_64-linux-gnu/gazebo-11/plugins:/opt/ros/humble/opt/rviz_ogre_vendor/lib:/opt/ros/humble/lib/x86_64-linux-gnu:/opt/ros/humble/lib:/home/jienan/automatic_move/install/livox_sdk2/lib /usr/bin/cmake --install /home/jienan/automatic_move/build/ros2_livox_simulation
[0.075s] -- Install configuration: ""
[0.075s] -- Up-to-date: /home/jienan/automatic_move/install/ros2_livox_simulation/include
[0.075s] -- Up-to-date: /home/jienan/automatic_move/install/ros2_livox_simulation/include/ros2_livox
[0.075s] -- Up-to-date: /home/jienan/automatic_move/install/ros2_livox_simulation/include/ros2_livox/csv_reader.hpp
[0.075s] -- Up-to-date: /home/jienan/automatic_move/install/ros2_livox_simulation/include/ros2_livox/livox_ode_multiray_shape.h
[0.075s] -- Up-to-date: /home/jienan/automatic_move/install/ros2_livox_simulation/include/ros2_livox/livox_points_plugin.h
[0.075s] -- Up-to-date: /home/jienan/automatic_move/install/ros2_livox_simulation/lib/libros2_livox.so
[0.075s] -- Up-to-date: /home/jienan/automatic_move/install/ros2_livox_simulation/share/ros2_livox_simulation/environment/library_path.sh
[0.075s] -- Up-to-date: /home/jienan/automatic_move/install/ros2_livox_simulation/share/ros2_livox_simulation/environment/library_path.dsv
[0.075s] -- Up-to-date: /home/jienan/automatic_move/install/ros2_livox_simulation/share/ros2_livox_simulation/scan_mode/mid40.csv
[0.075s] -- Up-to-date: /home/jienan/automatic_move/install/ros2_livox_simulation/share/ros2_livox_simulation/scan_mode/mid70.csv
[0.075s] -- Up-to-date: /home/jienan/automatic_move/install/ros2_livox_simulation/share/ros2_livox_simulation/scan_mode/mid360.csv
[0.075s] -- Up-to-date: /home/jienan/automatic_move/install/ros2_livox_simulation/share/ros2_livox_simulation/scan_mode/tele.csv
[0.076s] -- Up-to-date: /home/jienan/automatic_move/install/ros2_livox_simulation/share/ros2_livox_simulation/scan_mode/horizon.csv
[0.076s] -- Up-to-date: /home/jienan/automatic_move/install/ros2_livox_simulation/share/ros2_livox_simulation/scan_mode/HAP.csv
[0.076s] -- Up-to-date: /home/jienan/automatic_move/install/ros2_livox_simulation/share/ros2_livox_simulation/scan_mode/avia.csv
[0.076s] -- Up-to-date: /home/jienan/automatic_move/install/ros2_livox_simulation/share/ros2_livox_simulation/urdf/mid40.xacro
[0.076s] -- Up-to-date: /home/jienan/automatic_move/install/ros2_livox_simulation/share/ros2_livox_simulation/urdf/mid70.xacro
[0.076s] -- Up-to-date: /home/jienan/automatic_move/install/ros2_livox_simulation/share/ros2_livox_simulation/urdf/mid360.xacro
[0.076s] -- Up-to-date: /home/jienan/automatic_move/install/ros2_livox_simulation/share/ros2_livox_simulation/urdf/tele.xacro
[0.076s] -- Up-to-date: /home/jienan/automatic_move/install/ros2_livox_simulation/share/ros2_livox_simulation/urdf/horizon.xacro
[0.076s] -- Up-to-date: /home/jienan/automatic_move/install/ros2_livox_simulation/share/ros2_livox_simulation/urdf/HAP.xacro
[0.076s] -- Up-to-date: /home/jienan/automatic_move/install/ros2_livox_simulation/share/ros2_livox_simulation/urdf/avia.xacro
[0.076s] -- Up-to-date: /home/jienan/automatic_move/install/ros2_livox_simulation/share/ros2_livox_simulation/meshes
[0.076s] -- Up-to-date: /home/jienan/automatic_move/install/ros2_livox_simulation/share/ros2_livox_simulation/meshes/mid-360-scaled.dae
[0.076s] -- Up-to-date: /home/jienan/automatic_move/install/ros2_livox_simulation/share/ament_index/resource_index/package_run_dependencies/ros2_livox_simulation
[0.076s] -- Up-to-date: /home/jienan/automatic_move/install/ros2_livox_simulation/share/ament_index/resource_index/parent_prefix_path/ros2_livox_simulation
[0.076s] -- Up-to-date: /home/jienan/automatic_move/install/ros2_livox_simulation/share/ros2_livox_simulation/environment/ament_prefix_path.sh
[0.076s] -- Up-to-date: /home/jienan/automatic_move/install/ros2_livox_simulation/share/ros2_livox_simulation/environment/ament_prefix_path.dsv
[0.076s] -- Up-to-date: /home/jienan/automatic_move/install/ros2_livox_simulation/share/ros2_livox_simulation/environment/path.sh
[0.076s] -- Up-to-date: /home/jienan/automatic_move/install/ros2_livox_simulation/share/ros2_livox_simulation/environment/path.dsv
[0.076s] -- Up-to-date: /home/jienan/automatic_move/install/ros2_livox_simulation/share/ros2_livox_simulation/local_setup.bash
[0.076s] -- Up-to-date: /home/jienan/automatic_move/install/ros2_livox_simulation/share/ros2_livox_simulation/local_setup.sh
[0.076s] -- Up-to-date: /home/jienan/automatic_move/install/ros2_livox_simulation/share/ros2_livox_simulation/local_setup.zsh
[0.076s] -- Up-to-date: /home/jienan/automatic_move/install/ros2_livox_simulation/share/ros2_livox_simulation/local_setup.dsv
[0.076s] -- Installing: /home/jienan/automatic_move/install/ros2_livox_simulation/share/ros2_livox_simulation/package.dsv
[0.076s] -- Up-to-date: /home/jienan/automatic_move/install/ros2_livox_simulation/share/ament_index/resource_index/packages/ros2_livox_simulation
[0.076s] -- Up-to-date: /home/jienan/automatic_move/install/ros2_livox_simulation/share/ros2_livox_simulation/cmake/ament_cmake_export_libraries-extras.cmake
[0.076s] -- Up-to-date: /home/jienan/automatic_move/install/ros2_livox_simulation/share/ros2_livox_simulation/cmake/ros2_livox_simulationConfig.cmake
[0.076s] -- Up-to-date: /home/jienan/automatic_move/install/ros2_livox_simulation/share/ros2_livox_simulation/cmake/ros2_livox_simulationConfig-version.cmake
[0.076s] -- Up-to-date: /home/jienan/automatic_move/install/ros2_livox_simulation/share/ros2_livox_simulation/package.xml
[0.077s] Invoked command in '/home/jienan/automatic_move/build/ros2_livox_simulation' returned '0': CMAKE_PREFIX_PATH=/home/jienan/automatic_move/install/livox_ros_driver2:/home/jienan/automatic_move/install/world_models:/home/jienan/automatic_move/install/ros2_livox_simulation:/home/jienan/automatic_move/install/automove_engine:/opt/ros/humble LD_LIBRARY_PATH=/home/jienan/automatic_move/install/livox_ros_driver2/lib:/home/jienan/automatic_move/install/ros2_livox_simulation/lib:/usr/lib/x86_64-linux-gnu/gazebo-11/plugins:/opt/ros/humble/opt/rviz_ogre_vendor/lib:/opt/ros/humble/lib/x86_64-linux-gnu:/opt/ros/humble/lib:/home/jienan/automatic_move/install/livox_sdk2/lib /usr/bin/cmake --install /home/jienan/automatic_move/build/ros2_livox_simulation
