[0.813s] Invoking command in '/home/jienan/automatic_move/src/automove_engine': PYTHONPATH=/home/jienan/automatic_move/build/automove_engine/prefix_override:/usr/lib/python3/dist-packages/colcon_core/task/python/colcon_distutils_commands:/home/jienan/automatic_move/install/automove_engine/lib/python3.10/site-packages:${PYTHONPATH} /usr/bin/python3 -W ignore:setup.py install is deprecated -W ignore:easy_install command is deprecated setup.py egg_info --egg-base ../../build/automove_engine build --build-base /home/jienan/automatic_move/build/automove_engine/build install --record /home/jienan/automatic_move/build/automove_engine/install.log --single-version-externally-managed install_data
[1.214s] running egg_info
[1.215s] creating ../../build/automove_engine/automove_engine.egg-info
[1.234s] writing ../../build/automove_engine/automove_engine.egg-info/PKG-INFO
[1.236s] writing dependency_links to ../../build/automove_engine/automove_engine.egg-info/dependency_links.txt
[1.237s] writing entry points to ../../build/automove_engine/automove_engine.egg-info/entry_points.txt
[1.237s] writing requirements to ../../build/automove_engine/automove_engine.egg-info/requires.txt
[1.238s] writing top-level names to ../../build/automove_engine/automove_engine.egg-info/top_level.txt
[1.238s] writing manifest file '../../build/automove_engine/automove_engine.egg-info/SOURCES.txt'
[1.279s] reading manifest file '../../build/automove_engine/automove_engine.egg-info/SOURCES.txt'
[1.279s] writing manifest file '../../build/automove_engine/automove_engine.egg-info/SOURCES.txt'
[1.280s] running build
[1.280s] running build_py
[1.281s] creating /home/jienan/automatic_move/build/automove_engine/build
[1.281s] creating /home/jienan/automatic_move/build/automove_engine/build/lib
[1.281s] creating /home/jienan/automatic_move/build/automove_engine/build/lib/automove_engine
[1.281s] copying automove_engine/state.py -> /home/jienan/automatic_move/build/automove_engine/build/lib/automove_engine
[1.291s] copying automove_engine/quick_test.py -> /home/jienan/automatic_move/build/automove_engine/build/lib/automove_engine
[1.292s] copying automove_engine/states.py -> /home/jienan/automatic_move/build/automove_engine/build/lib/automove_engine
[1.292s] copying automove_engine/__init__.py -> /home/jienan/automatic_move/build/automove_engine/build/lib/automove_engine
[1.292s] copying automove_engine/test_states.py -> /home/jienan/automatic_move/build/automove_engine/build/lib/automove_engine
[1.293s] copying automove_engine/state_manager.py -> /home/jienan/automatic_move/build/automove_engine/build/lib/automove_engine
[1.294s] running install
[1.304s] running install_lib
[1.327s] creating /home/jienan/automatic_move/install/automove_engine/lib/python3.10/site-packages/automove_engine
[1.328s] copying /home/jienan/automatic_move/build/automove_engine/build/lib/automove_engine/state.py -> /home/jienan/automatic_move/install/automove_engine/lib/python3.10/site-packages/automove_engine
[1.328s] copying /home/jienan/automatic_move/build/automove_engine/build/lib/automove_engine/quick_test.py -> /home/jienan/automatic_move/install/automove_engine/lib/python3.10/site-packages/automove_engine
[1.328s] copying /home/jienan/automatic_move/build/automove_engine/build/lib/automove_engine/states.py -> /home/jienan/automatic_move/install/automove_engine/lib/python3.10/site-packages/automove_engine
[1.329s] copying /home/jienan/automatic_move/build/automove_engine/build/lib/automove_engine/__init__.py -> /home/jienan/automatic_move/install/automove_engine/lib/python3.10/site-packages/automove_engine
[1.329s] copying /home/jienan/automatic_move/build/automove_engine/build/lib/automove_engine/test_states.py -> /home/jienan/automatic_move/install/automove_engine/lib/python3.10/site-packages/automove_engine
[1.329s] copying /home/jienan/automatic_move/build/automove_engine/build/lib/automove_engine/state_manager.py -> /home/jienan/automatic_move/install/automove_engine/lib/python3.10/site-packages/automove_engine
[1.332s] byte-compiling /home/jienan/automatic_move/install/automove_engine/lib/python3.10/site-packages/automove_engine/state.py to state.cpython-310.pyc
[1.332s] byte-compiling /home/jienan/automatic_move/install/automove_engine/lib/python3.10/site-packages/automove_engine/quick_test.py to quick_test.cpython-310.pyc
[1.333s] byte-compiling /home/jienan/automatic_move/install/automove_engine/lib/python3.10/site-packages/automove_engine/states.py to states.cpython-310.pyc
[1.345s] byte-compiling /home/jienan/automatic_move/install/automove_engine/lib/python3.10/site-packages/automove_engine/__init__.py to __init__.cpython-310.pyc
[1.345s] byte-compiling /home/jienan/automatic_move/install/automove_engine/lib/python3.10/site-packages/automove_engine/test_states.py to test_states.cpython-310.pyc
[1.346s] byte-compiling /home/jienan/automatic_move/install/automove_engine/lib/python3.10/site-packages/automove_engine/state_manager.py to state_manager.cpython-310.pyc
[1.346s] running install_data
[1.346s] creating /home/jienan/automatic_move/install/automove_engine/share/ament_index
[1.346s] creating /home/jienan/automatic_move/install/automove_engine/share/ament_index/resource_index
[1.346s] creating /home/jienan/automatic_move/install/automove_engine/share/ament_index/resource_index/packages
[1.346s] copying resource/automove_engine -> /home/jienan/automatic_move/install/automove_engine/share/ament_index/resource_index/packages
[1.346s] copying package.xml -> /home/jienan/automatic_move/install/automove_engine/share/automove_engine
[1.346s] running install_egg_info
[1.381s] Copying ../../build/automove_engine/automove_engine.egg-info to /home/jienan/automatic_move/install/automove_engine/lib/python3.10/site-packages/automove_engine-0.0.0-py3.10.egg-info
[1.381s] running install_scripts
[1.669s] Installing quick_test script to /home/jienan/automatic_move/install/automove_engine/lib/automove_engine
[1.671s] writing list of installed files to '/home/jienan/automatic_move/build/automove_engine/install.log'
[1.799s] Invoked command in '/home/jienan/automatic_move/src/automove_engine' returned '0': PYTHONPATH=/home/jienan/automatic_move/build/automove_engine/prefix_override:/usr/lib/python3/dist-packages/colcon_core/task/python/colcon_distutils_commands:/home/jienan/automatic_move/install/automove_engine/lib/python3.10/site-packages:${PYTHONPATH} /usr/bin/python3 -W ignore:setup.py install is deprecated -W ignore:easy_install command is deprecated setup.py egg_info --egg-base ../../build/automove_engine build --build-base /home/jienan/automatic_move/build/automove_engine/build install --record /home/jienan/automatic_move/build/automove_engine/install.log --single-version-externally-managed install_data
