[0.056s] DEBUG:colcon:Command line arguments: ['/usr/bin/colcon', 'build', '--cmake-args', '-DROS_EDITION=ROS2', '-DHUMBLE_ROS=humble']
[0.056s] DEBUG:colcon:Parsed command line arguments: Namespace(log_base=None, log_level=None, verb_name='build', build_base='build', install_base='install', merge_install=False, symlink_install=False, test_result_base=None, continue_on_error=False, executor='parallel', parallel_workers=24, event_handlers=None, ignore_user_meta=False, metas=['./colcon.meta'], base_paths=['.'], packages_ignore=None, packages_ignore_regex=None, paths=None, packages_up_to=None, packages_up_to_regex=None, packages_above=None, packages_above_and_dependencies=None, packages_above_depth=None, packages_select_by_dep=None, packages_skip_by_dep=None, packages_skip_up_to=None, packages_select_build_failed=False, packages_skip_build_finished=False, packages_select_test_failures=False, packages_skip_test_passed=False, packages_select=None, packages_skip=None, packages_select_regex=None, packages_skip_regex=None, packages_start=None, packages_end=None, allow_overriding=[], cmake_args=['-DROS_EDITION=ROS2', '-DHUMBLE_ROS=humble'], cmake_target=None, cmake_target_skip_unavailable=False, cmake_clean_cache=False, cmake_clean_first=False, cmake_force_configure=False, ament_cmake_args=None, catkin_cmake_args=None, catkin_skip_building_tests=False, verb_parser=<colcon_defaults.argument_parser.defaults.DefaultArgumentsDecorator object at 0x79b4fa423340>, verb_extension=<colcon_core.verb.build.BuildVerb object at 0x79b4fa5b07c0>, main=<bound method BuildVerb.main of <colcon_core.verb.build.BuildVerb object at 0x79b4fa5b07c0>>)
[0.076s] Level 1:colcon.colcon_core.package_discovery:discover_packages(colcon_meta) check parameters
[0.077s] Level 1:colcon.colcon_core.package_discovery:discover_packages(recursive) check parameters
[0.077s] Level 1:colcon.colcon_core.package_discovery:discover_packages(ignore) check parameters
[0.077s] Level 1:colcon.colcon_core.package_discovery:discover_packages(path) check parameters
[0.077s] Level 1:colcon.colcon_core.package_discovery:discover_packages(colcon_meta) discover
[0.077s] Level 1:colcon.colcon_core.package_discovery:discover_packages(recursive) discover
[0.077s] INFO:colcon.colcon_core.package_discovery:Crawling recursively for packages in '/home/jienan/automatic_move'
[0.077s] Level 1:colcon.colcon_core.package_identification:_identify(.) by extensions ['ignore', 'ignore_ament_install']
[0.077s] Level 1:colcon.colcon_core.package_identification:_identify(.) by extension 'ignore'
[0.077s] Level 1:colcon.colcon_core.package_identification:_identify(.) by extension 'ignore_ament_install'
[0.077s] Level 1:colcon.colcon_core.package_identification:_identify(.) by extensions ['colcon_pkg']
[0.077s] Level 1:colcon.colcon_core.package_identification:_identify(.) by extension 'colcon_pkg'
[0.077s] Level 1:colcon.colcon_core.package_identification:_identify(.) by extensions ['colcon_meta']
[0.077s] Level 1:colcon.colcon_core.package_identification:_identify(.) by extension 'colcon_meta'
[0.077s] Level 1:colcon.colcon_core.package_identification:_identify(.) by extensions ['ros']
[0.077s] Level 1:colcon.colcon_core.package_identification:_identify(.) by extension 'ros'
[0.085s] Level 1:colcon.colcon_core.package_identification:_identify(.) by extensions ['cmake', 'python']
[0.085s] Level 1:colcon.colcon_core.package_identification:_identify(.) by extension 'cmake'
[0.085s] Level 1:colcon.colcon_core.package_identification:_identify(.) by extension 'python'
[0.085s] Level 1:colcon.colcon_core.package_identification:_identify(.) by extensions ['python_setup_py']
[0.085s] Level 1:colcon.colcon_core.package_identification:_identify(.) by extension 'python_setup_py'
[0.085s] Level 1:colcon.colcon_core.package_identification:_identify(build) by extensions ['ignore', 'ignore_ament_install']
[0.085s] Level 1:colcon.colcon_core.package_identification:_identify(build) by extension 'ignore'
[0.085s] Level 1:colcon.colcon_core.package_identification:_identify(build) ignored
[0.085s] Level 1:colcon.colcon_core.package_identification:_identify(install) by extensions ['ignore', 'ignore_ament_install']
[0.085s] Level 1:colcon.colcon_core.package_identification:_identify(install) by extension 'ignore'
[0.085s] Level 1:colcon.colcon_core.package_identification:_identify(install) ignored
[0.086s] Level 1:colcon.colcon_core.package_identification:_identify(log) by extensions ['ignore', 'ignore_ament_install']
[0.086s] Level 1:colcon.colcon_core.package_identification:_identify(log) by extension 'ignore'
[0.086s] Level 1:colcon.colcon_core.package_identification:_identify(log) ignored
[0.086s] Level 1:colcon.colcon_core.package_identification:_identify(src) by extensions ['ignore', 'ignore_ament_install']
[0.086s] Level 1:colcon.colcon_core.package_identification:_identify(src) by extension 'ignore'
[0.086s] Level 1:colcon.colcon_core.package_identification:_identify(src) by extension 'ignore_ament_install'
[0.086s] Level 1:colcon.colcon_core.package_identification:_identify(src) by extensions ['colcon_pkg']
[0.086s] Level 1:colcon.colcon_core.package_identification:_identify(src) by extension 'colcon_pkg'
[0.086s] Level 1:colcon.colcon_core.package_identification:_identify(src) by extensions ['colcon_meta']
[0.086s] Level 1:colcon.colcon_core.package_identification:_identify(src) by extension 'colcon_meta'
[0.086s] Level 1:colcon.colcon_core.package_identification:_identify(src) by extensions ['ros']
[0.086s] Level 1:colcon.colcon_core.package_identification:_identify(src) by extension 'ros'
[0.086s] Level 1:colcon.colcon_core.package_identification:_identify(src) by extensions ['cmake', 'python']
[0.086s] Level 1:colcon.colcon_core.package_identification:_identify(src) by extension 'cmake'
[0.086s] Level 1:colcon.colcon_core.package_identification:_identify(src) by extension 'python'
[0.086s] Level 1:colcon.colcon_core.package_identification:_identify(src) by extensions ['python_setup_py']
[0.086s] Level 1:colcon.colcon_core.package_identification:_identify(src) by extension 'python_setup_py'
[0.086s] Level 1:colcon.colcon_core.package_identification:_identify(src/Livox-SDK2) by extensions ['ignore', 'ignore_ament_install']
[0.086s] Level 1:colcon.colcon_core.package_identification:_identify(src/Livox-SDK2) by extension 'ignore'
[0.086s] Level 1:colcon.colcon_core.package_identification:_identify(src/Livox-SDK2) by extension 'ignore_ament_install'
[0.086s] Level 1:colcon.colcon_core.package_identification:_identify(src/Livox-SDK2) by extensions ['colcon_pkg']
[0.086s] Level 1:colcon.colcon_core.package_identification:_identify(src/Livox-SDK2) by extension 'colcon_pkg'
[0.086s] Level 1:colcon.colcon_core.package_identification:_identify(src/Livox-SDK2) by extensions ['colcon_meta']
[0.086s] Level 1:colcon.colcon_core.package_identification:_identify(src/Livox-SDK2) by extension 'colcon_meta'
[0.086s] Level 1:colcon.colcon_core.package_identification:_identify(src/Livox-SDK2) by extensions ['ros']
[0.086s] Level 1:colcon.colcon_core.package_identification:_identify(src/Livox-SDK2) by extension 'ros'
[0.086s] Level 1:colcon.colcon_core.package_identification:_identify(src/Livox-SDK2) by extensions ['cmake', 'python']
[0.086s] Level 1:colcon.colcon_core.package_identification:_identify(src/Livox-SDK2) by extension 'cmake'
[0.091s] Level 1:colcon.colcon_core.package_identification:_identify(src/Livox-SDK2) by extension 'python'
[0.091s] DEBUG:colcon.colcon_core.package_identification:Package 'src/Livox-SDK2' with type 'cmake' and name 'livox_sdk2'
[0.091s] Level 1:colcon.colcon_core.package_identification:_identify(src/automove_engine) by extensions ['ignore', 'ignore_ament_install']
[0.091s] Level 1:colcon.colcon_core.package_identification:_identify(src/automove_engine) by extension 'ignore'
[0.091s] Level 1:colcon.colcon_core.package_identification:_identify(src/automove_engine) by extension 'ignore_ament_install'
[0.091s] Level 1:colcon.colcon_core.package_identification:_identify(src/automove_engine) by extensions ['colcon_pkg']
[0.091s] Level 1:colcon.colcon_core.package_identification:_identify(src/automove_engine) by extension 'colcon_pkg'
[0.091s] Level 1:colcon.colcon_core.package_identification:_identify(src/automove_engine) by extensions ['colcon_meta']
[0.091s] Level 1:colcon.colcon_core.package_identification:_identify(src/automove_engine) by extension 'colcon_meta'
[0.091s] Level 1:colcon.colcon_core.package_identification:_identify(src/automove_engine) by extensions ['ros']
[0.091s] Level 1:colcon.colcon_core.package_identification:_identify(src/automove_engine) by extension 'ros'
[0.093s] DEBUG:colcon.colcon_core.package_identification:Package 'src/automove_engine' with type 'ros.ament_python' and name 'automove_engine'
[0.093s] Level 1:colcon.colcon_core.package_identification:_identify(src/livox_laser_simulation_ros2) by extensions ['ignore', 'ignore_ament_install']
[0.093s] Level 1:colcon.colcon_core.package_identification:_identify(src/livox_laser_simulation_ros2) by extension 'ignore'
[0.093s] Level 1:colcon.colcon_core.package_identification:_identify(src/livox_laser_simulation_ros2) by extension 'ignore_ament_install'
[0.093s] Level 1:colcon.colcon_core.package_identification:_identify(src/livox_laser_simulation_ros2) by extensions ['colcon_pkg']
[0.093s] Level 1:colcon.colcon_core.package_identification:_identify(src/livox_laser_simulation_ros2) by extension 'colcon_pkg'
[0.093s] Level 1:colcon.colcon_core.package_identification:_identify(src/livox_laser_simulation_ros2) by extensions ['colcon_meta']
[0.093s] Level 1:colcon.colcon_core.package_identification:_identify(src/livox_laser_simulation_ros2) by extension 'colcon_meta'
[0.093s] Level 1:colcon.colcon_core.package_identification:_identify(src/livox_laser_simulation_ros2) by extensions ['ros']
[0.093s] Level 1:colcon.colcon_core.package_identification:_identify(src/livox_laser_simulation_ros2) by extension 'ros'
[0.094s] DEBUG:colcon.colcon_core.package_identification:Package 'src/livox_laser_simulation_ros2' with type 'ros.ament_cmake' and name 'ros2_livox_simulation'
[0.094s] Level 1:colcon.colcon_core.package_identification:_identify(src/livox_ros_driver2) by extensions ['ignore', 'ignore_ament_install']
[0.094s] Level 1:colcon.colcon_core.package_identification:_identify(src/livox_ros_driver2) by extension 'ignore'
[0.094s] Level 1:colcon.colcon_core.package_identification:_identify(src/livox_ros_driver2) by extension 'ignore_ament_install'
[0.094s] Level 1:colcon.colcon_core.package_identification:_identify(src/livox_ros_driver2) by extensions ['colcon_pkg']
[0.094s] Level 1:colcon.colcon_core.package_identification:_identify(src/livox_ros_driver2) by extension 'colcon_pkg'
[0.094s] Level 1:colcon.colcon_core.package_identification:_identify(src/livox_ros_driver2) by extensions ['colcon_meta']
[0.094s] Level 1:colcon.colcon_core.package_identification:_identify(src/livox_ros_driver2) by extension 'colcon_meta'
[0.094s] Level 1:colcon.colcon_core.package_identification:_identify(src/livox_ros_driver2) by extensions ['ros']
[0.094s] Level 1:colcon.colcon_core.package_identification:_identify(src/livox_ros_driver2) by extension 'ros'
[0.094s] DEBUG:colcon.colcon_core.package_identification:Package 'src/livox_ros_driver2' with type 'ros.ament_cmake' and name 'livox_ros_driver2'
[0.094s] Level 1:colcon.colcon_core.package_identification:_identify(src/world_models) by extensions ['ignore', 'ignore_ament_install']
[0.094s] Level 1:colcon.colcon_core.package_identification:_identify(src/world_models) by extension 'ignore'
[0.094s] Level 1:colcon.colcon_core.package_identification:_identify(src/world_models) by extension 'ignore_ament_install'
[0.095s] Level 1:colcon.colcon_core.package_identification:_identify(src/world_models) by extensions ['colcon_pkg']
[0.095s] Level 1:colcon.colcon_core.package_identification:_identify(src/world_models) by extension 'colcon_pkg'
[0.095s] Level 1:colcon.colcon_core.package_identification:_identify(src/world_models) by extensions ['colcon_meta']
[0.095s] Level 1:colcon.colcon_core.package_identification:_identify(src/world_models) by extension 'colcon_meta'
[0.095s] Level 1:colcon.colcon_core.package_identification:_identify(src/world_models) by extensions ['ros']
[0.095s] Level 1:colcon.colcon_core.package_identification:_identify(src/world_models) by extension 'ros'
[0.095s] DEBUG:colcon.colcon_core.package_identification:Package 'src/world_models' with type 'ros.ament_cmake' and name 'world_models'
[0.095s] Level 1:colcon.colcon_core.package_discovery:discover_packages(recursive) using defaults
[0.095s] Level 1:colcon.colcon_core.package_discovery:discover_packages(ignore) discover
[0.095s] Level 1:colcon.colcon_core.package_discovery:discover_packages(ignore) using defaults
[0.095s] Level 1:colcon.colcon_core.package_discovery:discover_packages(path) discover
[0.095s] Level 1:colcon.colcon_core.package_discovery:discover_packages(path) using defaults
[0.106s] Level 1:colcon.colcon_core.package_discovery:discover_packages(prefix_path) check parameters
[0.106s] Level 1:colcon.colcon_core.package_discovery:discover_packages(prefix_path) discover
[0.107s] DEBUG:colcon.colcon_installed_package_information.package_discovery:Found 284 installed packages in /opt/ros/humble
[0.108s] Level 1:colcon.colcon_core.package_discovery:discover_packages(prefix_path) using defaults
[0.126s] Level 5:colcon.colcon_core.verb:set package 'automove_engine' build argument 'cmake_args' from command line to '['-DROS_EDITION=ROS2', '-DHUMBLE_ROS=humble']'
[0.126s] Level 5:colcon.colcon_core.verb:set package 'automove_engine' build argument 'cmake_target' from command line to 'None'
[0.126s] Level 5:colcon.colcon_core.verb:set package 'automove_engine' build argument 'cmake_target_skip_unavailable' from command line to 'False'
[0.126s] Level 5:colcon.colcon_core.verb:set package 'automove_engine' build argument 'cmake_clean_cache' from command line to 'False'
[0.126s] Level 5:colcon.colcon_core.verb:set package 'automove_engine' build argument 'cmake_clean_first' from command line to 'False'
[0.126s] Level 5:colcon.colcon_core.verb:set package 'automove_engine' build argument 'cmake_force_configure' from command line to 'False'
[0.126s] Level 5:colcon.colcon_core.verb:set package 'automove_engine' build argument 'ament_cmake_args' from command line to 'None'
[0.126s] Level 5:colcon.colcon_core.verb:set package 'automove_engine' build argument 'catkin_cmake_args' from command line to 'None'
[0.126s] Level 5:colcon.colcon_core.verb:set package 'automove_engine' build argument 'catkin_skip_building_tests' from command line to 'False'
[0.126s] DEBUG:colcon.colcon_core.verb:Building package 'automove_engine' with the following arguments: {'ament_cmake_args': None, 'build_base': '/home/jienan/automatic_move/build/automove_engine', 'catkin_cmake_args': None, 'catkin_skip_building_tests': False, 'cmake_args': ['-DROS_EDITION=ROS2', '-DHUMBLE_ROS=humble'], 'cmake_clean_cache': False, 'cmake_clean_first': False, 'cmake_force_configure': False, 'cmake_target': None, 'cmake_target_skip_unavailable': False, 'install_base': '/home/jienan/automatic_move/install/automove_engine', 'merge_install': False, 'path': '/home/jienan/automatic_move/src/automove_engine', 'symlink_install': False, 'test_result_base': None}
[0.126s] Level 5:colcon.colcon_core.verb:set package 'livox_ros_driver2' build argument 'cmake_args' from command line to '['-DROS_EDITION=ROS2', '-DHUMBLE_ROS=humble']'
[0.126s] Level 5:colcon.colcon_core.verb:set package 'livox_ros_driver2' build argument 'cmake_target' from command line to 'None'
[0.126s] Level 5:colcon.colcon_core.verb:set package 'livox_ros_driver2' build argument 'cmake_target_skip_unavailable' from command line to 'False'
[0.126s] Level 5:colcon.colcon_core.verb:set package 'livox_ros_driver2' build argument 'cmake_clean_cache' from command line to 'False'
[0.126s] Level 5:colcon.colcon_core.verb:set package 'livox_ros_driver2' build argument 'cmake_clean_first' from command line to 'False'
[0.126s] Level 5:colcon.colcon_core.verb:set package 'livox_ros_driver2' build argument 'cmake_force_configure' from command line to 'False'
[0.126s] Level 5:colcon.colcon_core.verb:set package 'livox_ros_driver2' build argument 'ament_cmake_args' from command line to 'None'
[0.126s] Level 5:colcon.colcon_core.verb:set package 'livox_ros_driver2' build argument 'catkin_cmake_args' from command line to 'None'
[0.126s] Level 5:colcon.colcon_core.verb:set package 'livox_ros_driver2' build argument 'catkin_skip_building_tests' from command line to 'False'
[0.126s] DEBUG:colcon.colcon_core.verb:Building package 'livox_ros_driver2' with the following arguments: {'ament_cmake_args': None, 'build_base': '/home/jienan/automatic_move/build/livox_ros_driver2', 'catkin_cmake_args': None, 'catkin_skip_building_tests': False, 'cmake_args': ['-DROS_EDITION=ROS2', '-DHUMBLE_ROS=humble'], 'cmake_clean_cache': False, 'cmake_clean_first': False, 'cmake_force_configure': False, 'cmake_target': None, 'cmake_target_skip_unavailable': False, 'install_base': '/home/jienan/automatic_move/install/livox_ros_driver2', 'merge_install': False, 'path': '/home/jienan/automatic_move/src/livox_ros_driver2', 'symlink_install': False, 'test_result_base': None}
[0.127s] Level 5:colcon.colcon_core.verb:set package 'livox_sdk2' build argument 'cmake_args' from command line to '['-DROS_EDITION=ROS2', '-DHUMBLE_ROS=humble']'
[0.127s] Level 5:colcon.colcon_core.verb:set package 'livox_sdk2' build argument 'cmake_target' from command line to 'None'
[0.127s] Level 5:colcon.colcon_core.verb:set package 'livox_sdk2' build argument 'cmake_target_skip_unavailable' from command line to 'False'
[0.127s] Level 5:colcon.colcon_core.verb:set package 'livox_sdk2' build argument 'cmake_clean_cache' from command line to 'False'
[0.127s] Level 5:colcon.colcon_core.verb:set package 'livox_sdk2' build argument 'cmake_clean_first' from command line to 'False'
[0.127s] Level 5:colcon.colcon_core.verb:set package 'livox_sdk2' build argument 'cmake_force_configure' from command line to 'False'
[0.127s] Level 5:colcon.colcon_core.verb:set package 'livox_sdk2' build argument 'ament_cmake_args' from command line to 'None'
[0.127s] Level 5:colcon.colcon_core.verb:set package 'livox_sdk2' build argument 'catkin_cmake_args' from command line to 'None'
[0.127s] Level 5:colcon.colcon_core.verb:set package 'livox_sdk2' build argument 'catkin_skip_building_tests' from command line to 'False'
[0.127s] DEBUG:colcon.colcon_core.verb:Building package 'livox_sdk2' with the following arguments: {'ament_cmake_args': None, 'build_base': '/home/jienan/automatic_move/build/livox_sdk2', 'catkin_cmake_args': None, 'catkin_skip_building_tests': False, 'cmake_args': ['-DROS_EDITION=ROS2', '-DHUMBLE_ROS=humble'], 'cmake_clean_cache': False, 'cmake_clean_first': False, 'cmake_force_configure': False, 'cmake_target': None, 'cmake_target_skip_unavailable': False, 'install_base': '/home/jienan/automatic_move/install/livox_sdk2', 'merge_install': False, 'path': '/home/jienan/automatic_move/src/Livox-SDK2', 'symlink_install': False, 'test_result_base': None}
[0.127s] Level 5:colcon.colcon_core.verb:set package 'world_models' build argument 'cmake_args' from command line to '['-DROS_EDITION=ROS2', '-DHUMBLE_ROS=humble']'
[0.127s] Level 5:colcon.colcon_core.verb:set package 'world_models' build argument 'cmake_target' from command line to 'None'
[0.127s] Level 5:colcon.colcon_core.verb:set package 'world_models' build argument 'cmake_target_skip_unavailable' from command line to 'False'
[0.127s] Level 5:colcon.colcon_core.verb:set package 'world_models' build argument 'cmake_clean_cache' from command line to 'False'
[0.127s] Level 5:colcon.colcon_core.verb:set package 'world_models' build argument 'cmake_clean_first' from command line to 'False'
[0.127s] Level 5:colcon.colcon_core.verb:set package 'world_models' build argument 'cmake_force_configure' from command line to 'False'
[0.127s] Level 5:colcon.colcon_core.verb:set package 'world_models' build argument 'ament_cmake_args' from command line to 'None'
[0.127s] Level 5:colcon.colcon_core.verb:set package 'world_models' build argument 'catkin_cmake_args' from command line to 'None'
[0.127s] Level 5:colcon.colcon_core.verb:set package 'world_models' build argument 'catkin_skip_building_tests' from command line to 'False'
[0.127s] DEBUG:colcon.colcon_core.verb:Building package 'world_models' with the following arguments: {'ament_cmake_args': None, 'build_base': '/home/jienan/automatic_move/build/world_models', 'catkin_cmake_args': None, 'catkin_skip_building_tests': False, 'cmake_args': ['-DROS_EDITION=ROS2', '-DHUMBLE_ROS=humble'], 'cmake_clean_cache': False, 'cmake_clean_first': False, 'cmake_force_configure': False, 'cmake_target': None, 'cmake_target_skip_unavailable': False, 'install_base': '/home/jienan/automatic_move/install/world_models', 'merge_install': False, 'path': '/home/jienan/automatic_move/src/world_models', 'symlink_install': False, 'test_result_base': None}
[0.127s] Level 5:colcon.colcon_core.verb:set package 'ros2_livox_simulation' build argument 'cmake_args' from command line to '['-DROS_EDITION=ROS2', '-DHUMBLE_ROS=humble']'
[0.127s] Level 5:colcon.colcon_core.verb:set package 'ros2_livox_simulation' build argument 'cmake_target' from command line to 'None'
[0.127s] Level 5:colcon.colcon_core.verb:set package 'ros2_livox_simulation' build argument 'cmake_target_skip_unavailable' from command line to 'False'
[0.127s] Level 5:colcon.colcon_core.verb:set package 'ros2_livox_simulation' build argument 'cmake_clean_cache' from command line to 'False'
[0.127s] Level 5:colcon.colcon_core.verb:set package 'ros2_livox_simulation' build argument 'cmake_clean_first' from command line to 'False'
[0.127s] Level 5:colcon.colcon_core.verb:set package 'ros2_livox_simulation' build argument 'cmake_force_configure' from command line to 'False'
[0.127s] Level 5:colcon.colcon_core.verb:set package 'ros2_livox_simulation' build argument 'ament_cmake_args' from command line to 'None'
[0.127s] Level 5:colcon.colcon_core.verb:set package 'ros2_livox_simulation' build argument 'catkin_cmake_args' from command line to 'None'
[0.127s] Level 5:colcon.colcon_core.verb:set package 'ros2_livox_simulation' build argument 'catkin_skip_building_tests' from command line to 'False'
[0.127s] DEBUG:colcon.colcon_core.verb:Building package 'ros2_livox_simulation' with the following arguments: {'ament_cmake_args': None, 'build_base': '/home/jienan/automatic_move/build/ros2_livox_simulation', 'catkin_cmake_args': None, 'catkin_skip_building_tests': False, 'cmake_args': ['-DROS_EDITION=ROS2', '-DHUMBLE_ROS=humble'], 'cmake_clean_cache': False, 'cmake_clean_first': False, 'cmake_force_configure': False, 'cmake_target': None, 'cmake_target_skip_unavailable': False, 'install_base': '/home/jienan/automatic_move/install/ros2_livox_simulation', 'merge_install': False, 'path': '/home/jienan/automatic_move/src/livox_laser_simulation_ros2', 'symlink_install': False, 'test_result_base': None}
[0.127s] INFO:colcon.colcon_core.executor:Executing jobs using 'parallel' executor
[0.128s] DEBUG:colcon.colcon_parallel_executor.executor.parallel:run_until_complete
[0.128s] INFO:colcon.colcon_ros.task.ament_cmake.build:Building ROS package in '/home/jienan/automatic_move/src/livox_ros_driver2' with build type 'ament_cmake'
[0.128s] INFO:colcon.colcon_cmake.task.cmake.build:Building CMake package in '/home/jienan/automatic_move/src/livox_ros_driver2'
[0.130s] INFO:colcon.colcon_core.plugin_system:Skipping extension 'colcon_core.shell.bat': Not used on non-Windows systems
[0.130s] INFO:colcon.colcon_core.shell:Skip shell extension 'powershell' for command environment: Not usable outside of PowerShell
[0.130s] DEBUG:colcon.colcon_core.shell:Skip shell extension 'dsv' for command environment
[0.131s] INFO:colcon.colcon_ros.task.ament_python.build:Building ROS package in '/home/jienan/automatic_move/src/automove_engine' with build type 'ament_python'
[0.131s] Level 1:colcon.colcon_core.shell:create_environment_hook('automove_engine', 'ament_prefix_path')
[0.131s] INFO:colcon.colcon_core.shell:Creating environment hook '/home/jienan/automatic_move/install/automove_engine/share/automove_engine/hook/ament_prefix_path.ps1'
[0.132s] INFO:colcon.colcon_core.shell:Creating environment descriptor '/home/jienan/automatic_move/install/automove_engine/share/automove_engine/hook/ament_prefix_path.dsv'
[0.132s] INFO:colcon.colcon_core.shell:Creating environment hook '/home/jienan/automatic_move/install/automove_engine/share/automove_engine/hook/ament_prefix_path.sh'
[0.132s] INFO:colcon.colcon_core.shell:Skip shell extension 'powershell' for command environment: Not usable outside of PowerShell
[0.132s] DEBUG:colcon.colcon_core.shell:Skip shell extension 'dsv' for command environment
[0.134s] INFO:colcon.colcon_cmake.task.cmake.build:Building CMake package in '/home/jienan/automatic_move/src/Livox-SDK2'
[0.134s] INFO:colcon.colcon_core.shell:Skip shell extension 'powershell' for command environment: Not usable outside of PowerShell
[0.134s] DEBUG:colcon.colcon_core.shell:Skip shell extension 'dsv' for command environment
[0.135s] INFO:colcon.colcon_ros.task.ament_cmake.build:Building ROS package in '/home/jienan/automatic_move/src/world_models' with build type 'ament_cmake'
[0.135s] INFO:colcon.colcon_cmake.task.cmake.build:Building CMake package in '/home/jienan/automatic_move/src/world_models'
[0.136s] INFO:colcon.colcon_core.shell:Skip shell extension 'powershell' for command environment: Not usable outside of PowerShell
[0.136s] DEBUG:colcon.colcon_core.shell:Skip shell extension 'dsv' for command environment
[0.140s] DEBUG:colcon.colcon_core.event_handler.log_command:Invoking command in '/home/jienan/automatic_move/build/livox_ros_driver2': CMAKE_PREFIX_PATH=/opt/ros/humble /usr/bin/cmake /home/jienan/automatic_move/src/livox_ros_driver2 -DROS_EDITION=ROS2 -DHUMBLE_ROS=humble -DCMAKE_INSTALL_PREFIX=/home/jienan/automatic_move/install/livox_ros_driver2
[0.261s] INFO:colcon.colcon_core.task.python.build:Building Python package in '/home/jienan/automatic_move/src/automove_engine'
[0.262s] INFO:colcon.colcon_core.shell:Skip shell extension 'powershell' for command environment: Not usable outside of PowerShell
[0.262s] DEBUG:colcon.colcon_core.shell:Skip shell extension 'dsv' for command environment
[0.265s] DEBUG:colcon.colcon_core.event_handler.log_command:Invoking command in '/home/jienan/automatic_move/build/livox_sdk2': /usr/bin/cmake /home/jienan/automatic_move/src/Livox-SDK2 -DROS_EDITION=ROS2 -DHUMBLE_ROS=humble -DCMAKE_INSTALL_PREFIX=/home/jienan/automatic_move/install/livox_sdk2
[0.268s] DEBUG:colcon.colcon_core.event_handler.log_command:Invoking command in '/home/jienan/automatic_move/build/world_models': CMAKE_PREFIX_PATH=/opt/ros/humble /usr/bin/cmake /home/jienan/automatic_move/src/world_models -DROS_EDITION=ROS2 -DHUMBLE_ROS=humble -DCMAKE_INSTALL_PREFIX=/home/jienan/automatic_move/install/world_models
[0.495s] DEBUG:colcon.colcon_core.event_handler.log_command:Invoked command in '/home/jienan/automatic_move/build/livox_sdk2' returned '0': /usr/bin/cmake /home/jienan/automatic_move/src/Livox-SDK2 -DROS_EDITION=ROS2 -DHUMBLE_ROS=humble -DCMAKE_INSTALL_PREFIX=/home/jienan/automatic_move/install/livox_sdk2
[0.496s] DEBUG:colcon.colcon_core.event_handler.log_command:Invoking command in '/home/jienan/automatic_move/build/livox_sdk2': /usr/bin/cmake --build /home/jienan/automatic_move/build/livox_sdk2 -- -j24 -l24
[1.080s] DEBUG:colcon.colcon_core.event_handler.log_command:Invoking command in '/home/jienan/automatic_move/src/automove_engine': PYTHONPATH=/home/jienan/automatic_move/build/automove_engine/prefix_override:/usr/lib/python3/dist-packages/colcon_core/task/python/colcon_distutils_commands:/home/jienan/automatic_move/install/automove_engine/lib/python3.10/site-packages:${PYTHONPATH} /usr/bin/python3 -W ignore:setup.py install is deprecated -W ignore:easy_install command is deprecated setup.py egg_info --egg-base ../../build/automove_engine build --build-base /home/jienan/automatic_move/build/automove_engine/build install --record /home/jienan/automatic_move/build/automove_engine/install.log --single-version-externally-managed install_data
[1.578s] DEBUG:colcon.colcon_core.event_handler.log_command:Invoked command in '/home/jienan/automatic_move/build/world_models' returned '0': CMAKE_PREFIX_PATH=/opt/ros/humble /usr/bin/cmake /home/jienan/automatic_move/src/world_models -DROS_EDITION=ROS2 -DHUMBLE_ROS=humble -DCMAKE_INSTALL_PREFIX=/home/jienan/automatic_move/install/world_models
[1.587s] DEBUG:colcon.colcon_core.event_handler.log_command:Invoking command in '/home/jienan/automatic_move/build/world_models': CMAKE_PREFIX_PATH=/opt/ros/humble /usr/bin/cmake --build /home/jienan/automatic_move/build/world_models -- -j24 -l24
[1.676s] DEBUG:colcon.colcon_core.event_handler.log_command:Invoked command in '/home/jienan/automatic_move/build/world_models' returned '0': CMAKE_PREFIX_PATH=/opt/ros/humble /usr/bin/cmake --build /home/jienan/automatic_move/build/world_models -- -j24 -l24
[1.708s] DEBUG:colcon.colcon_core.event_handler.log_command:Invoking command in '/home/jienan/automatic_move/build/world_models': CMAKE_PREFIX_PATH=/opt/ros/humble /usr/bin/cmake --install /home/jienan/automatic_move/build/world_models
[1.738s] Level 1:colcon.colcon_core.environment:create_environment_scripts_only(world_models)
[1.749s] Level 1:colcon.colcon_core.environment:checking '/home/jienan/automatic_move/install/world_models' for CMake module files
[1.750s] Level 1:colcon.colcon_core.environment:checking '/home/jienan/automatic_move/install/world_models' for CMake config files
[1.751s] Level 1:colcon.colcon_core.shell:create_environment_hook('world_models', 'cmake_prefix_path')
[1.752s] INFO:colcon.colcon_core.shell:Creating environment hook '/home/jienan/automatic_move/install/world_models/share/world_models/hook/cmake_prefix_path.ps1'
[1.752s] INFO:colcon.colcon_core.shell:Creating environment descriptor '/home/jienan/automatic_move/install/world_models/share/world_models/hook/cmake_prefix_path.dsv'
[1.753s] INFO:colcon.colcon_core.shell:Creating environment hook '/home/jienan/automatic_move/install/world_models/share/world_models/hook/cmake_prefix_path.sh'
[1.750s] DEBUG:colcon.colcon_core.event_handler.log_command:Invoked command in '/home/jienan/automatic_move/build/world_models' returned '0': CMAKE_PREFIX_PATH=/opt/ros/humble /usr/bin/cmake --install /home/jienan/automatic_move/build/world_models
[1.754s] Level 1:colcon.colcon_core.environment:checking '/home/jienan/automatic_move/install/world_models/lib'
[1.754s] Level 1:colcon.colcon_core.environment:checking '/home/jienan/automatic_move/install/world_models/bin'
[1.754s] Level 1:colcon.colcon_core.environment:checking '/home/jienan/automatic_move/install/world_models/lib/pkgconfig/world_models.pc'
[1.755s] Level 1:colcon.colcon_core.environment:checking '/home/jienan/automatic_move/install/world_models/lib/python3.10/site-packages'
[1.755s] Level 1:colcon.colcon_core.environment:checking '/home/jienan/automatic_move/install/world_models/bin'
[1.756s] INFO:colcon.colcon_core.shell:Creating package script '/home/jienan/automatic_move/install/world_models/share/world_models/package.ps1'
[1.757s] INFO:colcon.colcon_core.shell:Creating package descriptor '/home/jienan/automatic_move/install/world_models/share/world_models/package.dsv'
[1.762s] INFO:colcon.colcon_core.shell:Creating package script '/home/jienan/automatic_move/install/world_models/share/world_models/package.sh'
[1.767s] INFO:colcon.colcon_core.shell:Creating package script '/home/jienan/automatic_move/install/world_models/share/world_models/package.bash'
[1.769s] INFO:colcon.colcon_core.shell:Creating package script '/home/jienan/automatic_move/install/world_models/share/world_models/package.zsh'
[1.770s] Level 1:colcon.colcon_core.environment:create_file_with_runtime_dependencies(/home/jienan/automatic_move/install/world_models/share/colcon-core/packages/world_models)
[1.773s] Level 1:colcon.colcon_core.environment:create_environment_scripts_only(world_models)
[1.774s] Level 1:colcon.colcon_core.environment:checking '/home/jienan/automatic_move/install/world_models' for CMake module files
[1.775s] Level 1:colcon.colcon_core.environment:checking '/home/jienan/automatic_move/install/world_models' for CMake config files
[1.775s] Level 1:colcon.colcon_core.shell:create_environment_hook('world_models', 'cmake_prefix_path')
[1.775s] INFO:colcon.colcon_core.shell:Creating environment hook '/home/jienan/automatic_move/install/world_models/share/world_models/hook/cmake_prefix_path.ps1'
[1.776s] INFO:colcon.colcon_core.shell:Creating environment descriptor '/home/jienan/automatic_move/install/world_models/share/world_models/hook/cmake_prefix_path.dsv'
[1.782s] INFO:colcon.colcon_core.shell:Creating environment hook '/home/jienan/automatic_move/install/world_models/share/world_models/hook/cmake_prefix_path.sh'
[1.786s] Level 1:colcon.colcon_core.environment:checking '/home/jienan/automatic_move/install/world_models/lib'
[1.786s] Level 1:colcon.colcon_core.environment:checking '/home/jienan/automatic_move/install/world_models/bin'
[1.786s] Level 1:colcon.colcon_core.environment:checking '/home/jienan/automatic_move/install/world_models/lib/pkgconfig/world_models.pc'
[1.787s] Level 1:colcon.colcon_core.environment:checking '/home/jienan/automatic_move/install/world_models/lib/python3.10/site-packages'
[1.787s] Level 1:colcon.colcon_core.environment:checking '/home/jienan/automatic_move/install/world_models/bin'
[1.788s] INFO:colcon.colcon_core.shell:Creating package script '/home/jienan/automatic_move/install/world_models/share/world_models/package.ps1'
[1.789s] INFO:colcon.colcon_core.shell:Creating package descriptor '/home/jienan/automatic_move/install/world_models/share/world_models/package.dsv'
[1.789s] INFO:colcon.colcon_core.shell:Creating package script '/home/jienan/automatic_move/install/world_models/share/world_models/package.sh'
[1.792s] INFO:colcon.colcon_core.shell:Creating package script '/home/jienan/automatic_move/install/world_models/share/world_models/package.bash'
[1.796s] INFO:colcon.colcon_core.shell:Creating package script '/home/jienan/automatic_move/install/world_models/share/world_models/package.zsh'
[1.796s] Level 1:colcon.colcon_core.environment:create_file_with_runtime_dependencies(/home/jienan/automatic_move/install/world_models/share/colcon-core/packages/world_models)
[2.114s] Level 1:colcon.colcon_core.environment:checking '/home/jienan/automatic_move/install/automove_engine' for CMake module files
[2.117s] Level 1:colcon.colcon_core.environment:checking '/home/jienan/automatic_move/install/automove_engine' for CMake config files
[2.118s] Level 1:colcon.colcon_core.environment:checking '/home/jienan/automatic_move/install/automove_engine/lib'
[2.118s] Level 1:colcon.colcon_core.environment:checking '/home/jienan/automatic_move/install/automove_engine/bin'
[2.118s] Level 1:colcon.colcon_core.environment:checking '/home/jienan/automatic_move/install/automove_engine/lib/pkgconfig/automove_engine.pc'
[2.119s] Level 1:colcon.colcon_core.environment:checking '/home/jienan/automatic_move/install/automove_engine/lib/python3.10/site-packages'
[2.119s] Level 1:colcon.colcon_core.shell:create_environment_hook('automove_engine', 'pythonpath')
[2.119s] INFO:colcon.colcon_core.shell:Creating environment hook '/home/jienan/automatic_move/install/automove_engine/share/automove_engine/hook/pythonpath.ps1'
[2.114s] DEBUG:colcon.colcon_core.event_handler.log_command:Invoked command in '/home/jienan/automatic_move/src/automove_engine' returned '0': PYTHONPATH=/home/jienan/automatic_move/build/automove_engine/prefix_override:/usr/lib/python3/dist-packages/colcon_core/task/python/colcon_distutils_commands:/home/jienan/automatic_move/install/automove_engine/lib/python3.10/site-packages:${PYTHONPATH} /usr/bin/python3 -W ignore:setup.py install is deprecated -W ignore:easy_install command is deprecated setup.py egg_info --egg-base ../../build/automove_engine build --build-base /home/jienan/automatic_move/build/automove_engine/build install --record /home/jienan/automatic_move/build/automove_engine/install.log --single-version-externally-managed install_data
[2.124s] INFO:colcon.colcon_core.shell:Creating environment descriptor '/home/jienan/automatic_move/install/automove_engine/share/automove_engine/hook/pythonpath.dsv'
[2.125s] INFO:colcon.colcon_core.shell:Creating environment hook '/home/jienan/automatic_move/install/automove_engine/share/automove_engine/hook/pythonpath.sh'
[2.126s] Level 1:colcon.colcon_core.environment:checking '/home/jienan/automatic_move/install/automove_engine/bin'
[2.126s] Level 1:colcon.colcon_core.environment:create_environment_scripts_only(automove_engine)
[2.127s] INFO:colcon.colcon_core.shell:Creating package script '/home/jienan/automatic_move/install/automove_engine/share/automove_engine/package.ps1'
[2.132s] INFO:colcon.colcon_core.shell:Creating package descriptor '/home/jienan/automatic_move/install/automove_engine/share/automove_engine/package.dsv'
[2.133s] INFO:colcon.colcon_core.shell:Creating package script '/home/jienan/automatic_move/install/automove_engine/share/automove_engine/package.sh'
[2.133s] INFO:colcon.colcon_core.shell:Creating package script '/home/jienan/automatic_move/install/automove_engine/share/automove_engine/package.bash'
[2.134s] INFO:colcon.colcon_core.shell:Creating package script '/home/jienan/automatic_move/install/automove_engine/share/automove_engine/package.zsh'
[2.134s] Level 1:colcon.colcon_core.environment:create_file_with_runtime_dependencies(/home/jienan/automatic_move/install/automove_engine/share/colcon-core/packages/automove_engine)
[6.489s] DEBUG:colcon.colcon_core.event_handler.log_command:Invoked command in '/home/jienan/automatic_move/build/livox_ros_driver2' returned '0': CMAKE_PREFIX_PATH=/opt/ros/humble /usr/bin/cmake /home/jienan/automatic_move/src/livox_ros_driver2 -DROS_EDITION=ROS2 -DHUMBLE_ROS=humble -DCMAKE_INSTALL_PREFIX=/home/jienan/automatic_move/install/livox_ros_driver2
[6.491s] DEBUG:colcon.colcon_core.event_handler.log_command:Invoking command in '/home/jienan/automatic_move/build/livox_ros_driver2': CMAKE_PREFIX_PATH=/opt/ros/humble /usr/bin/cmake --build /home/jienan/automatic_move/build/livox_ros_driver2 -- -j24 -l24
[9.333s] DEBUG:colcon.colcon_core.event_handler.log_command:Invoked command in '/home/jienan/automatic_move/build/livox_sdk2' returned '0': /usr/bin/cmake --build /home/jienan/automatic_move/build/livox_sdk2 -- -j24 -l24
[9.334s] DEBUG:colcon.colcon_core.event_handler.log_command:Invoking command in '/home/jienan/automatic_move/build/livox_sdk2': /usr/bin/cmake --install /home/jienan/automatic_move/build/livox_sdk2
[9.356s] Level 1:colcon.colcon_core.environment:create_environment_scripts_only(livox_sdk2)
[9.356s] Level 1:colcon.colcon_core.environment:checking '/home/jienan/automatic_move/install/livox_sdk2' for CMake module files
[9.357s] Level 1:colcon.colcon_core.environment:checking '/home/jienan/automatic_move/install/livox_sdk2' for CMake config files
[9.357s] DEBUG:colcon.colcon_core.event_handler.log_command:Invoked command in '/home/jienan/automatic_move/build/livox_sdk2' returned '0': /usr/bin/cmake --install /home/jienan/automatic_move/build/livox_sdk2
[9.357s] Level 1:colcon.colcon_core.environment:checking '/home/jienan/automatic_move/install/livox_sdk2/lib'
[9.357s] Level 1:colcon.colcon_core.shell:create_environment_hook('livox_sdk2', 'ld_library_path_lib')
[9.357s] INFO:colcon.colcon_core.shell:Creating environment hook '/home/jienan/automatic_move/install/livox_sdk2/share/livox_sdk2/hook/ld_library_path_lib.ps1'
[9.358s] INFO:colcon.colcon_core.shell:Creating environment descriptor '/home/jienan/automatic_move/install/livox_sdk2/share/livox_sdk2/hook/ld_library_path_lib.dsv'
[9.358s] INFO:colcon.colcon_core.shell:Creating environment hook '/home/jienan/automatic_move/install/livox_sdk2/share/livox_sdk2/hook/ld_library_path_lib.sh'
[9.358s] Level 1:colcon.colcon_core.environment:checking '/home/jienan/automatic_move/install/livox_sdk2/bin'
[9.358s] Level 1:colcon.colcon_core.environment:checking '/home/jienan/automatic_move/install/livox_sdk2/lib/pkgconfig/livox_sdk2.pc'
[9.358s] Level 1:colcon.colcon_core.environment:checking '/home/jienan/automatic_move/install/livox_sdk2/lib/python3.10/site-packages'
[9.358s] Level 1:colcon.colcon_core.environment:checking '/home/jienan/automatic_move/install/livox_sdk2/bin'
[9.358s] INFO:colcon.colcon_core.shell:Creating package script '/home/jienan/automatic_move/install/livox_sdk2/share/livox_sdk2/package.ps1'
[9.359s] INFO:colcon.colcon_core.shell:Creating package descriptor '/home/jienan/automatic_move/install/livox_sdk2/share/livox_sdk2/package.dsv'
[9.359s] INFO:colcon.colcon_core.shell:Creating package script '/home/jienan/automatic_move/install/livox_sdk2/share/livox_sdk2/package.sh'
[9.359s] INFO:colcon.colcon_core.shell:Creating package script '/home/jienan/automatic_move/install/livox_sdk2/share/livox_sdk2/package.bash'
[9.359s] INFO:colcon.colcon_core.shell:Creating package script '/home/jienan/automatic_move/install/livox_sdk2/share/livox_sdk2/package.zsh'
[9.359s] Level 1:colcon.colcon_core.environment:create_file_with_runtime_dependencies(/home/jienan/automatic_move/install/livox_sdk2/share/colcon-core/packages/livox_sdk2)
[12.803s] DEBUG:colcon.colcon_core.event_handler.log_command:Invoked command in '/home/jienan/automatic_move/build/livox_ros_driver2' returned '0': CMAKE_PREFIX_PATH=/opt/ros/humble /usr/bin/cmake --build /home/jienan/automatic_move/build/livox_ros_driver2 -- -j24 -l24
[12.804s] DEBUG:colcon.colcon_core.event_handler.log_command:Invoking command in '/home/jienan/automatic_move/build/livox_ros_driver2': CMAKE_PREFIX_PATH=/opt/ros/humble /usr/bin/cmake --install /home/jienan/automatic_move/build/livox_ros_driver2
[12.848s] Level 1:colcon.colcon_core.environment:create_environment_scripts_only(livox_ros_driver2)
[12.849s] Level 1:colcon.colcon_core.environment:checking '/home/jienan/automatic_move/install/livox_ros_driver2' for CMake module files
[12.849s] DEBUG:colcon.colcon_core.event_handler.log_command:Invoked command in '/home/jienan/automatic_move/build/livox_ros_driver2' returned '0': CMAKE_PREFIX_PATH=/opt/ros/humble /usr/bin/cmake --install /home/jienan/automatic_move/build/livox_ros_driver2
[12.849s] Level 1:colcon.colcon_core.environment:checking '/home/jienan/automatic_move/install/livox_ros_driver2' for CMake config files
[12.849s] Level 1:colcon.colcon_core.shell:create_environment_hook('livox_ros_driver2', 'cmake_prefix_path')
[12.850s] INFO:colcon.colcon_core.shell:Creating environment hook '/home/jienan/automatic_move/install/livox_ros_driver2/share/livox_ros_driver2/hook/cmake_prefix_path.ps1'
[12.850s] INFO:colcon.colcon_core.shell:Creating environment descriptor '/home/jienan/automatic_move/install/livox_ros_driver2/share/livox_ros_driver2/hook/cmake_prefix_path.dsv'
[12.850s] INFO:colcon.colcon_core.shell:Creating environment hook '/home/jienan/automatic_move/install/livox_ros_driver2/share/livox_ros_driver2/hook/cmake_prefix_path.sh'
[12.850s] Level 1:colcon.colcon_core.environment:checking '/home/jienan/automatic_move/install/livox_ros_driver2/lib'
[12.850s] Level 1:colcon.colcon_core.shell:create_environment_hook('livox_ros_driver2', 'ld_library_path_lib')
[12.851s] INFO:colcon.colcon_core.shell:Creating environment hook '/home/jienan/automatic_move/install/livox_ros_driver2/share/livox_ros_driver2/hook/ld_library_path_lib.ps1'
[12.851s] INFO:colcon.colcon_core.shell:Creating environment descriptor '/home/jienan/automatic_move/install/livox_ros_driver2/share/livox_ros_driver2/hook/ld_library_path_lib.dsv'
[12.851s] INFO:colcon.colcon_core.shell:Creating environment hook '/home/jienan/automatic_move/install/livox_ros_driver2/share/livox_ros_driver2/hook/ld_library_path_lib.sh'
[12.851s] Level 1:colcon.colcon_core.environment:checking '/home/jienan/automatic_move/install/livox_ros_driver2/bin'
[12.851s] Level 1:colcon.colcon_core.environment:checking '/home/jienan/automatic_move/install/livox_ros_driver2/lib/pkgconfig/livox_ros_driver2.pc'
[12.851s] Level 1:colcon.colcon_core.environment:checking '/home/jienan/automatic_move/install/livox_ros_driver2/lib/python3.10/site-packages'
[12.851s] Level 1:colcon.colcon_core.environment:checking '/home/jienan/automatic_move/install/livox_ros_driver2/bin'
[12.851s] INFO:colcon.colcon_core.shell:Creating package script '/home/jienan/automatic_move/install/livox_ros_driver2/share/livox_ros_driver2/package.ps1'
[12.852s] INFO:colcon.colcon_core.shell:Creating package descriptor '/home/jienan/automatic_move/install/livox_ros_driver2/share/livox_ros_driver2/package.dsv'
[12.852s] INFO:colcon.colcon_core.shell:Creating package script '/home/jienan/automatic_move/install/livox_ros_driver2/share/livox_ros_driver2/package.sh'
[12.852s] INFO:colcon.colcon_core.shell:Creating package script '/home/jienan/automatic_move/install/livox_ros_driver2/share/livox_ros_driver2/package.bash'
[12.852s] INFO:colcon.colcon_core.shell:Creating package script '/home/jienan/automatic_move/install/livox_ros_driver2/share/livox_ros_driver2/package.zsh'
[12.852s] Level 1:colcon.colcon_core.environment:create_file_with_runtime_dependencies(/home/jienan/automatic_move/install/livox_ros_driver2/share/colcon-core/packages/livox_ros_driver2)
[12.853s] Level 1:colcon.colcon_core.environment:create_environment_scripts_only(livox_ros_driver2)
[12.853s] Level 1:colcon.colcon_core.environment:checking '/home/jienan/automatic_move/install/livox_ros_driver2' for CMake module files
[12.853s] Level 1:colcon.colcon_core.environment:checking '/home/jienan/automatic_move/install/livox_ros_driver2' for CMake config files
[12.853s] Level 1:colcon.colcon_core.shell:create_environment_hook('livox_ros_driver2', 'cmake_prefix_path')
[12.854s] INFO:colcon.colcon_core.shell:Creating environment hook '/home/jienan/automatic_move/install/livox_ros_driver2/share/livox_ros_driver2/hook/cmake_prefix_path.ps1'
[12.854s] INFO:colcon.colcon_core.shell:Creating environment descriptor '/home/jienan/automatic_move/install/livox_ros_driver2/share/livox_ros_driver2/hook/cmake_prefix_path.dsv'
[12.854s] INFO:colcon.colcon_core.shell:Creating environment hook '/home/jienan/automatic_move/install/livox_ros_driver2/share/livox_ros_driver2/hook/cmake_prefix_path.sh'
[12.854s] Level 1:colcon.colcon_core.environment:checking '/home/jienan/automatic_move/install/livox_ros_driver2/lib'
[12.854s] Level 1:colcon.colcon_core.shell:create_environment_hook('livox_ros_driver2', 'ld_library_path_lib')
[12.854s] INFO:colcon.colcon_core.shell:Creating environment hook '/home/jienan/automatic_move/install/livox_ros_driver2/share/livox_ros_driver2/hook/ld_library_path_lib.ps1'
[12.855s] INFO:colcon.colcon_core.shell:Creating environment descriptor '/home/jienan/automatic_move/install/livox_ros_driver2/share/livox_ros_driver2/hook/ld_library_path_lib.dsv'
[12.855s] INFO:colcon.colcon_core.shell:Creating environment hook '/home/jienan/automatic_move/install/livox_ros_driver2/share/livox_ros_driver2/hook/ld_library_path_lib.sh'
[12.855s] Level 1:colcon.colcon_core.environment:checking '/home/jienan/automatic_move/install/livox_ros_driver2/bin'
[12.855s] Level 1:colcon.colcon_core.environment:checking '/home/jienan/automatic_move/install/livox_ros_driver2/lib/pkgconfig/livox_ros_driver2.pc'
[12.855s] Level 1:colcon.colcon_core.environment:checking '/home/jienan/automatic_move/install/livox_ros_driver2/lib/python3.10/site-packages'
[12.855s] Level 1:colcon.colcon_core.environment:checking '/home/jienan/automatic_move/install/livox_ros_driver2/bin'
[12.855s] INFO:colcon.colcon_core.shell:Creating package script '/home/jienan/automatic_move/install/livox_ros_driver2/share/livox_ros_driver2/package.ps1'
[12.856s] INFO:colcon.colcon_core.shell:Creating package descriptor '/home/jienan/automatic_move/install/livox_ros_driver2/share/livox_ros_driver2/package.dsv'
[12.856s] INFO:colcon.colcon_core.shell:Creating package script '/home/jienan/automatic_move/install/livox_ros_driver2/share/livox_ros_driver2/package.sh'
[12.856s] INFO:colcon.colcon_core.shell:Creating package script '/home/jienan/automatic_move/install/livox_ros_driver2/share/livox_ros_driver2/package.bash'
[12.856s] INFO:colcon.colcon_core.shell:Creating package script '/home/jienan/automatic_move/install/livox_ros_driver2/share/livox_ros_driver2/package.zsh'
[12.856s] Level 1:colcon.colcon_core.environment:create_file_with_runtime_dependencies(/home/jienan/automatic_move/install/livox_ros_driver2/share/colcon-core/packages/livox_ros_driver2)
[12.857s] INFO:colcon.colcon_ros.task.ament_cmake.build:Building ROS package in '/home/jienan/automatic_move/src/livox_laser_simulation_ros2' with build type 'ament_cmake'
[12.857s] INFO:colcon.colcon_cmake.task.cmake.build:Building CMake package in '/home/jienan/automatic_move/src/livox_laser_simulation_ros2'
[12.857s] INFO:colcon.colcon_core.shell:Skip shell extension 'powershell' for command environment: Not usable outside of PowerShell
[12.857s] DEBUG:colcon.colcon_core.shell:Skip shell extension 'dsv' for command environment
[12.863s] DEBUG:colcon.colcon_core.event_handler.log_command:Invoking command in '/home/jienan/automatic_move/build/ros2_livox_simulation': AMENT_PREFIX_PATH=/home/jienan/automatic_move/install/livox_ros_driver2:${AMENT_PREFIX_PATH} CMAKE_PREFIX_PATH=/home/jienan/automatic_move/install/livox_ros_driver2:/opt/ros/humble LD_LIBRARY_PATH=/home/jienan/automatic_move/install/livox_ros_driver2/lib:/usr/lib/x86_64-linux-gnu/gazebo-11/plugins:/opt/ros/humble/opt/rviz_ogre_vendor/lib:/opt/ros/humble/lib/x86_64-linux-gnu:/opt/ros/humble/lib:/home/jienan/automatic_move/install/livox_sdk2/lib PYTHONPATH=/home/jienan/automatic_move/install/livox_ros_driver2/local/lib/python3.10/dist-packages:${PYTHONPATH} /usr/bin/cmake /home/jienan/automatic_move/src/livox_laser_simulation_ros2 -DROS_EDITION=ROS2 -DHUMBLE_ROS=humble -DCMAKE_INSTALL_PREFIX=/home/jienan/automatic_move/install/ros2_livox_simulation
[16.931s] DEBUG:colcon.colcon_core.event_handler.log_command:Invoked command in '/home/jienan/automatic_move/build/ros2_livox_simulation' returned '0': AMENT_PREFIX_PATH=/home/jienan/automatic_move/install/livox_ros_driver2:${AMENT_PREFIX_PATH} CMAKE_PREFIX_PATH=/home/jienan/automatic_move/install/livox_ros_driver2:/opt/ros/humble LD_LIBRARY_PATH=/home/jienan/automatic_move/install/livox_ros_driver2/lib:/usr/lib/x86_64-linux-gnu/gazebo-11/plugins:/opt/ros/humble/opt/rviz_ogre_vendor/lib:/opt/ros/humble/lib/x86_64-linux-gnu:/opt/ros/humble/lib:/home/jienan/automatic_move/install/livox_sdk2/lib PYTHONPATH=/home/jienan/automatic_move/install/livox_ros_driver2/local/lib/python3.10/dist-packages:${PYTHONPATH} /usr/bin/cmake /home/jienan/automatic_move/src/livox_laser_simulation_ros2 -DROS_EDITION=ROS2 -DHUMBLE_ROS=humble -DCMAKE_INSTALL_PREFIX=/home/jienan/automatic_move/install/ros2_livox_simulation
[16.932s] DEBUG:colcon.colcon_core.event_handler.log_command:Invoking command in '/home/jienan/automatic_move/build/ros2_livox_simulation': AMENT_PREFIX_PATH=/home/jienan/automatic_move/install/livox_ros_driver2:${AMENT_PREFIX_PATH} CMAKE_PREFIX_PATH=/home/jienan/automatic_move/install/livox_ros_driver2:/opt/ros/humble LD_LIBRARY_PATH=/home/jienan/automatic_move/install/livox_ros_driver2/lib:/usr/lib/x86_64-linux-gnu/gazebo-11/plugins:/opt/ros/humble/opt/rviz_ogre_vendor/lib:/opt/ros/humble/lib/x86_64-linux-gnu:/opt/ros/humble/lib:/home/jienan/automatic_move/install/livox_sdk2/lib PYTHONPATH=/home/jienan/automatic_move/install/livox_ros_driver2/local/lib/python3.10/dist-packages:${PYTHONPATH} /usr/bin/cmake --build /home/jienan/automatic_move/build/ros2_livox_simulation -- -j24 -l24
[25.837s] DEBUG:colcon.colcon_core.event_handler.log_command:Invoked command in '/home/jienan/automatic_move/build/ros2_livox_simulation' returned '0': AMENT_PREFIX_PATH=/home/jienan/automatic_move/install/livox_ros_driver2:${AMENT_PREFIX_PATH} CMAKE_PREFIX_PATH=/home/jienan/automatic_move/install/livox_ros_driver2:/opt/ros/humble LD_LIBRARY_PATH=/home/jienan/automatic_move/install/livox_ros_driver2/lib:/usr/lib/x86_64-linux-gnu/gazebo-11/plugins:/opt/ros/humble/opt/rviz_ogre_vendor/lib:/opt/ros/humble/lib/x86_64-linux-gnu:/opt/ros/humble/lib:/home/jienan/automatic_move/install/livox_sdk2/lib PYTHONPATH=/home/jienan/automatic_move/install/livox_ros_driver2/local/lib/python3.10/dist-packages:${PYTHONPATH} /usr/bin/cmake --build /home/jienan/automatic_move/build/ros2_livox_simulation -- -j24 -l24
[25.839s] DEBUG:colcon.colcon_core.event_handler.log_command:Invoking command in '/home/jienan/automatic_move/build/ros2_livox_simulation': AMENT_PREFIX_PATH=/home/jienan/automatic_move/install/livox_ros_driver2:${AMENT_PREFIX_PATH} CMAKE_PREFIX_PATH=/home/jienan/automatic_move/install/livox_ros_driver2:/opt/ros/humble LD_LIBRARY_PATH=/home/jienan/automatic_move/install/livox_ros_driver2/lib:/usr/lib/x86_64-linux-gnu/gazebo-11/plugins:/opt/ros/humble/opt/rviz_ogre_vendor/lib:/opt/ros/humble/lib/x86_64-linux-gnu:/opt/ros/humble/lib:/home/jienan/automatic_move/install/livox_sdk2/lib PYTHONPATH=/home/jienan/automatic_move/install/livox_ros_driver2/local/lib/python3.10/dist-packages:${PYTHONPATH} /usr/bin/cmake --install /home/jienan/automatic_move/build/ros2_livox_simulation
[25.935s] Level 1:colcon.colcon_core.environment:create_environment_scripts_only(ros2_livox_simulation)
[25.935s] Level 1:colcon.colcon_core.environment:checking '/home/jienan/automatic_move/install/ros2_livox_simulation' for CMake module files
[25.935s] DEBUG:colcon.colcon_core.event_handler.log_command:Invoked command in '/home/jienan/automatic_move/build/ros2_livox_simulation' returned '0': AMENT_PREFIX_PATH=/home/jienan/automatic_move/install/livox_ros_driver2:${AMENT_PREFIX_PATH} CMAKE_PREFIX_PATH=/home/jienan/automatic_move/install/livox_ros_driver2:/opt/ros/humble LD_LIBRARY_PATH=/home/jienan/automatic_move/install/livox_ros_driver2/lib:/usr/lib/x86_64-linux-gnu/gazebo-11/plugins:/opt/ros/humble/opt/rviz_ogre_vendor/lib:/opt/ros/humble/lib/x86_64-linux-gnu:/opt/ros/humble/lib:/home/jienan/automatic_move/install/livox_sdk2/lib PYTHONPATH=/home/jienan/automatic_move/install/livox_ros_driver2/local/lib/python3.10/dist-packages:${PYTHONPATH} /usr/bin/cmake --install /home/jienan/automatic_move/build/ros2_livox_simulation
[25.935s] Level 1:colcon.colcon_core.environment:checking '/home/jienan/automatic_move/install/ros2_livox_simulation' for CMake config files
[25.936s] Level 1:colcon.colcon_core.shell:create_environment_hook('ros2_livox_simulation', 'cmake_prefix_path')
[25.936s] INFO:colcon.colcon_core.shell:Creating environment hook '/home/jienan/automatic_move/install/ros2_livox_simulation/share/ros2_livox_simulation/hook/cmake_prefix_path.ps1'
[25.936s] INFO:colcon.colcon_core.shell:Creating environment descriptor '/home/jienan/automatic_move/install/ros2_livox_simulation/share/ros2_livox_simulation/hook/cmake_prefix_path.dsv'
[25.936s] INFO:colcon.colcon_core.shell:Creating environment hook '/home/jienan/automatic_move/install/ros2_livox_simulation/share/ros2_livox_simulation/hook/cmake_prefix_path.sh'
[25.936s] Level 1:colcon.colcon_core.environment:checking '/home/jienan/automatic_move/install/ros2_livox_simulation/lib'
[25.937s] Level 1:colcon.colcon_core.shell:create_environment_hook('ros2_livox_simulation', 'ld_library_path_lib')
[25.937s] INFO:colcon.colcon_core.shell:Creating environment hook '/home/jienan/automatic_move/install/ros2_livox_simulation/share/ros2_livox_simulation/hook/ld_library_path_lib.ps1'
[25.937s] INFO:colcon.colcon_core.shell:Creating environment descriptor '/home/jienan/automatic_move/install/ros2_livox_simulation/share/ros2_livox_simulation/hook/ld_library_path_lib.dsv'
[25.937s] INFO:colcon.colcon_core.shell:Creating environment hook '/home/jienan/automatic_move/install/ros2_livox_simulation/share/ros2_livox_simulation/hook/ld_library_path_lib.sh'
[25.937s] Level 1:colcon.colcon_core.environment:checking '/home/jienan/automatic_move/install/ros2_livox_simulation/bin'
[25.937s] Level 1:colcon.colcon_core.environment:checking '/home/jienan/automatic_move/install/ros2_livox_simulation/lib/pkgconfig/ros2_livox_simulation.pc'
[25.937s] Level 1:colcon.colcon_core.environment:checking '/home/jienan/automatic_move/install/ros2_livox_simulation/lib/python3.10/site-packages'
[25.937s] Level 1:colcon.colcon_core.environment:checking '/home/jienan/automatic_move/install/ros2_livox_simulation/bin'
[25.938s] INFO:colcon.colcon_core.shell:Creating package script '/home/jienan/automatic_move/install/ros2_livox_simulation/share/ros2_livox_simulation/package.ps1'
[25.938s] INFO:colcon.colcon_core.shell:Creating package descriptor '/home/jienan/automatic_move/install/ros2_livox_simulation/share/ros2_livox_simulation/package.dsv'
[25.938s] INFO:colcon.colcon_core.shell:Creating package script '/home/jienan/automatic_move/install/ros2_livox_simulation/share/ros2_livox_simulation/package.sh'
[25.938s] INFO:colcon.colcon_core.shell:Creating package script '/home/jienan/automatic_move/install/ros2_livox_simulation/share/ros2_livox_simulation/package.bash'
[25.938s] INFO:colcon.colcon_core.shell:Creating package script '/home/jienan/automatic_move/install/ros2_livox_simulation/share/ros2_livox_simulation/package.zsh'
[25.939s] Level 1:colcon.colcon_core.environment:create_file_with_runtime_dependencies(/home/jienan/automatic_move/install/ros2_livox_simulation/share/colcon-core/packages/ros2_livox_simulation)
[25.939s] Level 1:colcon.colcon_core.environment:create_environment_scripts_only(ros2_livox_simulation)
[25.939s] Level 1:colcon.colcon_core.environment:checking '/home/jienan/automatic_move/install/ros2_livox_simulation' for CMake module files
[25.939s] Level 1:colcon.colcon_core.environment:checking '/home/jienan/automatic_move/install/ros2_livox_simulation' for CMake config files
[25.939s] Level 1:colcon.colcon_core.shell:create_environment_hook('ros2_livox_simulation', 'cmake_prefix_path')
[25.939s] INFO:colcon.colcon_core.shell:Creating environment hook '/home/jienan/automatic_move/install/ros2_livox_simulation/share/ros2_livox_simulation/hook/cmake_prefix_path.ps1'
[25.940s] INFO:colcon.colcon_core.shell:Creating environment descriptor '/home/jienan/automatic_move/install/ros2_livox_simulation/share/ros2_livox_simulation/hook/cmake_prefix_path.dsv'
[25.940s] INFO:colcon.colcon_core.shell:Creating environment hook '/home/jienan/automatic_move/install/ros2_livox_simulation/share/ros2_livox_simulation/hook/cmake_prefix_path.sh'
[25.940s] Level 1:colcon.colcon_core.environment:checking '/home/jienan/automatic_move/install/ros2_livox_simulation/lib'
[25.940s] Level 1:colcon.colcon_core.shell:create_environment_hook('ros2_livox_simulation', 'ld_library_path_lib')
[25.940s] INFO:colcon.colcon_core.shell:Creating environment hook '/home/jienan/automatic_move/install/ros2_livox_simulation/share/ros2_livox_simulation/hook/ld_library_path_lib.ps1'
[25.940s] INFO:colcon.colcon_core.shell:Creating environment descriptor '/home/jienan/automatic_move/install/ros2_livox_simulation/share/ros2_livox_simulation/hook/ld_library_path_lib.dsv'
[25.941s] INFO:colcon.colcon_core.shell:Creating environment hook '/home/jienan/automatic_move/install/ros2_livox_simulation/share/ros2_livox_simulation/hook/ld_library_path_lib.sh'
[25.941s] Level 1:colcon.colcon_core.environment:checking '/home/jienan/automatic_move/install/ros2_livox_simulation/bin'
[25.941s] Level 1:colcon.colcon_core.environment:checking '/home/jienan/automatic_move/install/ros2_livox_simulation/lib/pkgconfig/ros2_livox_simulation.pc'
[25.941s] Level 1:colcon.colcon_core.environment:checking '/home/jienan/automatic_move/install/ros2_livox_simulation/lib/python3.10/site-packages'
[25.941s] Level 1:colcon.colcon_core.environment:checking '/home/jienan/automatic_move/install/ros2_livox_simulation/bin'
[25.941s] INFO:colcon.colcon_core.shell:Creating package script '/home/jienan/automatic_move/install/ros2_livox_simulation/share/ros2_livox_simulation/package.ps1'
[25.942s] INFO:colcon.colcon_core.shell:Creating package descriptor '/home/jienan/automatic_move/install/ros2_livox_simulation/share/ros2_livox_simulation/package.dsv'
[25.942s] INFO:colcon.colcon_core.shell:Creating package script '/home/jienan/automatic_move/install/ros2_livox_simulation/share/ros2_livox_simulation/package.sh'
[25.942s] INFO:colcon.colcon_core.shell:Creating package script '/home/jienan/automatic_move/install/ros2_livox_simulation/share/ros2_livox_simulation/package.bash'
[25.942s] INFO:colcon.colcon_core.shell:Creating package script '/home/jienan/automatic_move/install/ros2_livox_simulation/share/ros2_livox_simulation/package.zsh'
[25.942s] Level 1:colcon.colcon_core.environment:create_file_with_runtime_dependencies(/home/jienan/automatic_move/install/ros2_livox_simulation/share/colcon-core/packages/ros2_livox_simulation)
[25.943s] DEBUG:colcon.colcon_parallel_executor.executor.parallel:closing loop
[25.943s] DEBUG:colcon.colcon_parallel_executor.executor.parallel:loop closed
[25.943s] DEBUG:colcon.colcon_parallel_executor.executor.parallel:run_until_complete finished with '0'
[25.943s] DEBUG:colcon.colcon_core.event_reactor:joining thread
[25.946s] INFO:colcon.colcon_core.plugin_system:Skipping extension 'colcon_notification.desktop_notification.terminal_notifier': Not used on non-Darwin systems
[25.946s] INFO:colcon.colcon_core.plugin_system:Skipping extension 'colcon_notification.desktop_notification.win32': Not used on non-Windows systems
[25.946s] INFO:colcon.colcon_notification.desktop_notification:Sending desktop notification using 'notify2'
[25.953s] DEBUG:colcon.colcon_core.event_reactor:joined thread
[25.954s] INFO:colcon.colcon_core.shell:Creating prefix script '/home/jienan/automatic_move/install/local_setup.ps1'
[25.954s] INFO:colcon.colcon_core.shell:Creating prefix util module '/home/jienan/automatic_move/install/_local_setup_util_ps1.py'
[25.955s] INFO:colcon.colcon_core.shell:Creating prefix chain script '/home/jienan/automatic_move/install/setup.ps1'
[25.955s] INFO:colcon.colcon_core.shell:Creating prefix script '/home/jienan/automatic_move/install/local_setup.sh'
[25.956s] INFO:colcon.colcon_core.shell:Creating prefix util module '/home/jienan/automatic_move/install/_local_setup_util_sh.py'
[25.956s] INFO:colcon.colcon_core.shell:Creating prefix chain script '/home/jienan/automatic_move/install/setup.sh'
[25.956s] INFO:colcon.colcon_core.shell:Creating prefix script '/home/jienan/automatic_move/install/local_setup.bash'
[25.957s] INFO:colcon.colcon_core.shell:Creating prefix chain script '/home/jienan/automatic_move/install/setup.bash'
[25.957s] INFO:colcon.colcon_core.shell:Creating prefix script '/home/jienan/automatic_move/install/local_setup.zsh'
[25.957s] INFO:colcon.colcon_core.shell:Creating prefix chain script '/home/jienan/automatic_move/install/setup.zsh'
