[0.011s] Invoking command in '/home/jienan/automatic_move/build/world_models': CMAKE_PREFIX_PATH=${CMAKE_PREFIX_PATH}:/opt/ros/humble /usr/bin/cmake /home/jienan/automatic_move/src/world_models -DCMAKE_INSTALL_PREFIX=/home/jienan/automatic_move/install/world_models
[0.084s] -- The C compiler identification is GNU 11.4.0
[0.145s] -- The CXX compiler identification is GNU 11.4.0
[0.152s] -- Detecting C compiler ABI info
[0.289s] -- Detecting C compiler ABI info - done
[0.300s] -- Check for working C compiler: /usr/bin/cc - skipped
[0.301s] -- Detecting C compile features
[0.301s] -- Detecting C compile features - done
[0.305s] -- Detecting CXX compiler ABI info
[0.418s] -- Detecting CXX compiler ABI info - done
[0.423s] -- Check for working CXX compiler: /usr/bin/c++ - skipped
[0.423s] -- Detecting CXX compile features
[0.423s] -- Detecting CXX compile features - done
[0.425s] -- Found ament_cmake: 1.3.12 (/opt/ros/humble/share/ament_cmake/cmake)
[0.719s] -- Found Python3: /usr/bin/python3 (found version "3.10.12") found components: Interpreter 
[0.826s] -- Configuring done
[0.828s] -- Generating done
[0.829s] -- Build files have been written to: /home/jienan/automatic_move/build/world_models
[0.832s] Invoked command in '/home/jienan/automatic_move/build/world_models' returned '0': CMAKE_PREFIX_PATH=${CMAKE_PREFIX_PATH}:/opt/ros/humble /usr/bin/cmake /home/jienan/automatic_move/src/world_models -DCMAKE_INSTALL_PREFIX=/home/jienan/automatic_move/install/world_models
[0.833s] Invoking command in '/home/jienan/automatic_move/build/world_models': CMAKE_PREFIX_PATH=${CMAKE_PREFIX_PATH}:/opt/ros/humble /usr/bin/cmake --build /home/jienan/automatic_move/build/world_models -- -j24 -l24
[0.891s] Invoked command in '/home/jienan/automatic_move/build/world_models' returned '0': CMAKE_PREFIX_PATH=${CMAKE_PREFIX_PATH}:/opt/ros/humble /usr/bin/cmake --build /home/jienan/automatic_move/build/world_models -- -j24 -l24
[0.906s] Invoking command in '/home/jienan/automatic_move/build/world_models': CMAKE_PREFIX_PATH=${CMAKE_PREFIX_PATH}:/opt/ros/humble /usr/bin/cmake --install /home/jienan/automatic_move/build/world_models
[0.918s] -- Install configuration: ""
[0.918s] -- Installing: /home/jienan/automatic_move/install/world_models/share/world_models
[0.919s] -- Installing: /home/jienan/automatic_move/install/world_models/share/world_models/competition_field
[0.919s] -- Installing: /home/jienan/automatic_move/install/world_models/share/world_models/competition_field/meshes
[0.919s] -- Installing: /home/jienan/automatic_move/install/world_models/share/world_models/competition_field/meshes/world.stl
[0.919s] -- Installing: /home/jienan/automatic_move/install/world_models/share/world_models/competition_field/model.config
[0.919s] -- Installing: /home/jienan/automatic_move/install/world_models/share/world_models/competition_field/model.sdf
[0.919s] -- Up-to-date: /home/jienan/automatic_move/install/world_models/share/world_models
[0.919s] -- Installing: /home/jienan/automatic_move/install/world_models/share/world_models/competition_field_copy.world
[0.919s] -- Installing: /home/jienan/automatic_move/install/world_models/share/world_models/competition_field.world
[0.919s] -- Installing: /home/jienan/automatic_move/install/world_models/share/ament_index/resource_index/package_run_dependencies/world_models
[0.919s] -- Installing: /home/jienan/automatic_move/install/world_models/share/ament_index/resource_index/parent_prefix_path/world_models
[0.919s] -- Installing: /home/jienan/automatic_move/install/world_models/share/world_models/environment/ament_prefix_path.sh
[0.920s] -- Installing: /home/jienan/automatic_move/install/world_models/share/world_models/environment/ament_prefix_path.dsv
[0.920s] -- Installing: /home/jienan/automatic_move/install/world_models/share/world_models/environment/path.sh
[0.920s] -- Installing: /home/jienan/automatic_move/install/world_models/share/world_models/environment/path.dsv
[0.920s] -- Installing: /home/jienan/automatic_move/install/world_models/share/world_models/local_setup.bash
[0.920s] -- Installing: /home/jienan/automatic_move/install/world_models/share/world_models/local_setup.sh
[0.920s] -- Installing: /home/jienan/automatic_move/install/world_models/share/world_models/local_setup.zsh
[0.920s] -- Installing: /home/jienan/automatic_move/install/world_models/share/world_models/local_setup.dsv
[0.920s] -- Installing: /home/jienan/automatic_move/install/world_models/share/world_models/package.dsv
[0.920s] -- Installing: /home/jienan/automatic_move/install/world_models/share/ament_index/resource_index/packages/world_models
[0.920s] -- Installing: /home/jienan/automatic_move/install/world_models/share/world_models/cmake/world_modelsConfig.cmake
[0.921s] -- Installing: /home/jienan/automatic_move/install/world_models/share/world_models/cmake/world_modelsConfig-version.cmake
[0.921s] -- Installing: /home/jienan/automatic_move/install/world_models/share/world_models/package.xml
[0.924s] Invoked command in '/home/jienan/automatic_move/build/world_models' returned '0': CMAKE_PREFIX_PATH=${CMAKE_PREFIX_PATH}:/opt/ros/humble /usr/bin/cmake --install /home/jienan/automatic_move/build/world_models
