[0.007s] Invoking command in '/home/jienan/automatic_move/build/fast_lio': AMENT_PREFIX_PATH=/home/jienan/automatic_move/install/livox_ros_driver2:${AMENT_PREFIX_PATH} CMAKE_PREFIX_PATH=/home/jienan/automatic_move/install/livox_ros_driver2:/home/jienan/automatic_move/install/world_models:/opt/ros/humble LD_LIBRARY_PATH=/home/jienan/automatic_move/install/livox_ros_driver2/lib:/usr/lib/x86_64-linux-gnu/gazebo-11/plugins:/opt/ros/humble/opt/rviz_ogre_vendor/lib:/opt/ros/humble/lib/x86_64-linux-gnu:/opt/ros/humble/lib:/home/jienan/automatic_move/install/livox_sdk2/lib PYTHONPATH=/home/jienan/automatic_move/install/livox_ros_driver2/local/lib/python3.10/dist-packages:${PYTHONPATH} /usr/bin/cmake /home/jienan/automatic_move/src/FAST_LIO_ROS2 -DROS_EDITION=ROS2 -DHUMBLE_ROS=humble -DCMAKE_INSTALL_PREFIX=/home/jienan/automatic_move/install/fast_lio
[0.053s] -- The C compiler identification is GNU 11.4.0
[0.098s] -- The CXX compiler identification is GNU 11.4.0
[0.102s] -- Detecting C compiler ABI info
[0.171s] -- Detecting C compiler ABI info - done
[0.176s] -- Check for working C compiler: /usr/bin/cc - skipped
[0.176s] -- Detecting C compile features
[0.176s] -- Detecting C compile features - done
[0.178s] -- Detecting CXX compiler ABI info
[0.262s] -- Detecting CXX compiler ABI info - done
[0.267s] -- Check for working CXX compiler: /usr/bin/c++ - skipped
[0.267s] -- Detecting CXX compile features
[0.267s] -- Detecting CXX compile features - done
[0.268s] [0mCurrent CPU archtecture: x86_64[0m
[0.271s] [0mProcesser number:  24[0m
[0.271s] [0mcore for MP: 3[0m
[0.504s] -- Found PythonLibs: /usr/lib/x86_64-linux-gnu/libpython3.10.so (found version "3.10.12") 
[0.505s] -- Found ament_cmake: 1.3.12 (/opt/ros/humble/share/ament_cmake/cmake)
[0.726s] -- Found Python3: /usr/bin/python3 (found version "3.10.12") found components: Interpreter 
[0.777s] -- Found rclcpp: 16.0.15 (/opt/ros/humble/share/rclcpp/cmake)
[0.794s] -- Found rosidl_generator_c: 3.1.7 (/opt/ros/humble/share/rosidl_generator_c/cmake)
[0.797s] -- Found rosidl_adapter: 3.1.7 (/opt/ros/humble/share/rosidl_adapter/cmake)
[0.801s] -- Found rosidl_generator_cpp: 3.1.7 (/opt/ros/humble/share/rosidl_generator_cpp/cmake)
[0.807s] -- Using all available rosidl_typesupport_c: rosidl_typesupport_fastrtps_c;rosidl_typesupport_introspection_c
[0.815s] -- Using all available rosidl_typesupport_cpp: rosidl_typesupport_fastrtps_cpp;rosidl_typesupport_introspection_cpp
[0.837s] -- Found rmw_implementation_cmake: 6.1.2 (/opt/ros/humble/share/rmw_implementation_cmake/cmake)
[0.839s] -- Found rmw_fastrtps_cpp: 6.2.8 (/opt/ros/humble/share/rmw_fastrtps_cpp/cmake)
[0.908s] -- Found OpenSSL: /usr/lib/x86_64-linux-gnu/libcrypto.so (found version "3.0.2")  
[0.926s] -- Found FastRTPS: /opt/ros/humble/include  
[0.955s] -- Using RMW implementation 'rmw_fastrtps_cpp' as default
[0.960s] -- Looking for pthread.h
[1.024s] -- Looking for pthread.h - found
[1.024s] -- Performing Test CMAKE_HAVE_LIBC_PTHREAD
[1.080s] -- Performing Test CMAKE_HAVE_LIBC_PTHREAD - Success
[1.081s] -- Found Threads: TRUE  
[1.113s] -- Found rclcpp_components: 16.0.15 (/opt/ros/humble/share/rclcpp_components/cmake)
[1.128s] -- Found geometry_msgs: 4.9.0 (/opt/ros/humble/share/geometry_msgs/cmake)
[1.135s] -- Found nav_msgs: 4.9.0 (/opt/ros/humble/share/nav_msgs/cmake)
[1.145s] -- Found sensor_msgs: 4.9.0 (/opt/ros/humble/share/sensor_msgs/cmake)
[1.155s] -- Found std_srvs: 4.9.0 (/opt/ros/humble/share/std_srvs/cmake)
[1.160s] -- Found visualization_msgs: 4.9.0 (/opt/ros/humble/share/visualization_msgs/cmake)
[1.171s] -- Found pcl_ros: 2.4.5 (/opt/ros/humble/share/pcl_ros/cmake)
[1.195s] -- Checking for module 'eigen3'
[1.204s] --   Found eigen3, version 3.4.0
[1.245s] -- Found Eigen: /usr/include/eigen3 (Required is at least version "3.1") 
[1.245s] -- Eigen found (include: /usr/include/eigen3, version: 3.4.0)
[1.271s] -- Checking for module 'flann'
[1.280s] --   Found flann, version 1.9.1
[1.331s] -- Found FLANN: /usr/lib/x86_64-linux-gnu/libflann_cpp.so  
[1.331s] -- FLANN found (include: /usr/include, lib: /usr/lib/x86_64-linux-gnu/libflann_cpp.so)
[2.113s] -- Checking for module 'libusb-1.0'
[2.131s] --   Found libusb-1.0, version 1.0.25
[2.173s] -- Found libusb: /usr/lib/x86_64-linux-gnu/libusb-1.0.so  
[2.175s] -- OpenNI found (version: 1.5.4.0, include: /usr/include/ni, lib: /usr/lib/libOpenNI.so;libusb::libusb)
[2.254s] -- OpenNI2 found (version: 2.2.0.33, include: /usr/include/openni2, lib: /usr/lib/x86_64-linux-gnu/libOpenNI2.so;libusb::libusb)
[2.359s] -- Eigen found (include: /usr/include/eigen3, version: 3.4.0)
[2.364s] -- OpenNI found (version: 1.5.4.0, include: /usr/include/ni, lib: /usr/lib/libOpenNI.so;libusb::libusb)
[2.369s] -- OpenNI2 found (version: 2.2.0.33, include: /usr/include/openni2, lib: /usr/lib/x86_64-linux-gnu/libOpenNI2.so;libusb::libusb)
[2.468s] -- Found Qhull version 8.0.2
[2.561s] -- OpenNI found (version: 1.5.4.0, include: /usr/include/ni, lib: /usr/lib/libOpenNI.so;libusb::libusb)
[2.651s] -- Found PCL_COMMON: /usr/lib/x86_64-linux-gnu/libpcl_common.so  
[2.652s] -- Found PCL_KDTREE: /usr/lib/x86_64-linux-gnu/libpcl_kdtree.so  
[2.653s] -- Found PCL_OCTREE: /usr/lib/x86_64-linux-gnu/libpcl_octree.so  
[2.653s] -- Found PCL_SEARCH: /usr/lib/x86_64-linux-gnu/libpcl_search.so  
[2.654s] -- Found PCL_SAMPLE_CONSENSUS: /usr/lib/x86_64-linux-gnu/libpcl_sample_consensus.so  
[2.654s] -- Found PCL_FILTERS: /usr/lib/x86_64-linux-gnu/libpcl_filters.so  
[2.654s] -- Found PCL_2D: /usr/include/pcl-1.12  
[2.655s] -- Found PCL_GEOMETRY: /usr/include/pcl-1.12  
[2.655s] -- Found PCL_IO: /usr/lib/x86_64-linux-gnu/libpcl_io.so  
[2.656s] -- Found PCL_FEATURES: /usr/lib/x86_64-linux-gnu/libpcl_features.so  
[2.656s] -- Found PCL_ML: /usr/lib/x86_64-linux-gnu/libpcl_ml.so  
[2.657s] -- Found PCL_SEGMENTATION: /usr/lib/x86_64-linux-gnu/libpcl_segmentation.so  
[2.658s] -- Found PCL_VISUALIZATION: /usr/lib/x86_64-linux-gnu/libpcl_visualization.so  
[2.658s] -- Found PCL_SURFACE: /usr/lib/x86_64-linux-gnu/libpcl_surface.so  
[2.659s] -- Found PCL_REGISTRATION: /usr/lib/x86_64-linux-gnu/libpcl_registration.so  
[2.660s] -- Found PCL_KEYPOINTS: /usr/lib/x86_64-linux-gnu/libpcl_keypoints.so  
[2.660s] -- Found PCL_TRACKING: /usr/lib/x86_64-linux-gnu/libpcl_tracking.so  
[2.661s] -- Found PCL_RECOGNITION: /usr/lib/x86_64-linux-gnu/libpcl_recognition.so  
[2.662s] -- Found PCL_STEREO: /usr/lib/x86_64-linux-gnu/libpcl_stereo.so  
[2.662s] -- Found PCL_APPS: /usr/lib/x86_64-linux-gnu/libpcl_apps.so  
[2.663s] -- Found PCL_IN_HAND_SCANNER: /usr/include/pcl-1.12  
[2.663s] -- Found PCL_MODELER: /usr/include/pcl-1.12  
[2.663s] -- Found PCL_POINT_CLOUD_EDITOR: /usr/include/pcl-1.12  
[2.664s] -- Found PCL_OUTOFCORE: /usr/lib/x86_64-linux-gnu/libpcl_outofcore.so  
[2.664s] -- Found PCL_PEOPLE: /usr/lib/x86_64-linux-gnu/libpcl_people.so  
[2.678s] -- Found eigen3_cmake_module: 0.1.1 (/opt/ros/humble/share/eigen3_cmake_module/cmake)
[2.679s] -- Found Eigen3: TRUE (found version "3.4.0") 
[2.679s] -- Ensuring Eigen3 include directory is part of orocos-kdl CMake target
[2.716s] -- Found livox_ros_driver2: 1.0.0 (/home/jienan/automatic_move/install/livox_ros_driver2/share/livox_ros_driver2/cmake)
[2.728s] -- Found rosidl_default_generators: 1.2.0 (/opt/ros/humble/share/rosidl_default_generators/cmake)
[2.733s] [33mCMake Warning (dev) at CMakeLists.txt:81 (find_package):
[2.733s]   Policy CMP0074 is not set: find_package uses <PackageName>_ROOT variables.
[2.733s]   Run "cmake --help-policy CMP0074" for policy details.  Use the cmake_policy
[2.733s]   command to set the policy and suppress this warning.
[2.733s] 
[2.733s]   CMake variable PCL_ROOT is set to:
[2.733s] 
[2.733s]     /usr
[2.733s] 
[2.733s]   For compatibility, CMake is ignoring the variable.
[2.733s] This warning is for project developers.  Use -Wno-dev to suppress it.
[2.733s] [0m
[2.738s] [0mEigen:/usr/include/eigen3[0m
[2.738s] -- PCL: /usr/include/pcl-1.12
[2.891s] -- Found ament_cmake_ros: 0.10.0 (/opt/ros/humble/share/ament_cmake_ros/cmake)
[3.095s] -- Using all available rosidl_typesupport_c: rosidl_typesupport_fastrtps_c;rosidl_typesupport_introspection_c
[3.178s] -- Using all available rosidl_typesupport_cpp: rosidl_typesupport_fastrtps_cpp;rosidl_typesupport_introspection_cpp
[3.197s] -- Found PythonInterp: /usr/bin/python3 (found suitable version "3.10.12", minimum required is "3.6") 
[3.197s] -- Found python_cmake_module: 0.10.0 (/opt/ros/humble/share/python_cmake_module/cmake)
[3.214s] -- Found PythonLibs: /usr/lib/x86_64-linux-gnu/libpython3.10.so (found suitable version "3.10.12", minimum required is "3.5") 
[3.214s] -- Using PYTHON_EXECUTABLE: /usr/bin/python3
[3.214s] -- Using PYTHON_INCLUDE_DIRS: /usr/include/python3.10
[3.214s] -- Using PYTHON_LIBRARIES: /usr/lib/x86_64-linux-gnu/libpython3.10.so
[3.228s] -- Found PythonExtra: .so  
[3.264s] -- Configuring done
[3.300s] -- Generating done
[3.302s] [33mCMake Warning:
[3.302s]   Manually-specified variables were not used by the project:
[3.302s] 
[3.302s]     HUMBLE_ROS
[3.302s]     ROS_EDITION
[3.302s] 
[3.302s] [0m
[3.311s] -- Build files have been written to: /home/jienan/automatic_move/build/fast_lio
[3.325s] Invoked command in '/home/jienan/automatic_move/build/fast_lio' returned '0': AMENT_PREFIX_PATH=/home/jienan/automatic_move/install/livox_ros_driver2:${AMENT_PREFIX_PATH} CMAKE_PREFIX_PATH=/home/jienan/automatic_move/install/livox_ros_driver2:/home/jienan/automatic_move/install/world_models:/opt/ros/humble LD_LIBRARY_PATH=/home/jienan/automatic_move/install/livox_ros_driver2/lib:/usr/lib/x86_64-linux-gnu/gazebo-11/plugins:/opt/ros/humble/opt/rviz_ogre_vendor/lib:/opt/ros/humble/lib/x86_64-linux-gnu:/opt/ros/humble/lib:/home/jienan/automatic_move/install/livox_sdk2/lib PYTHONPATH=/home/jienan/automatic_move/install/livox_ros_driver2/local/lib/python3.10/dist-packages:${PYTHONPATH} /usr/bin/cmake /home/jienan/automatic_move/src/FAST_LIO_ROS2 -DROS_EDITION=ROS2 -DHUMBLE_ROS=humble -DCMAKE_INSTALL_PREFIX=/home/jienan/automatic_move/install/fast_lio
[3.325s] Invoking command in '/home/jienan/automatic_move/build/fast_lio': AMENT_PREFIX_PATH=/home/jienan/automatic_move/install/livox_ros_driver2:${AMENT_PREFIX_PATH} CMAKE_PREFIX_PATH=/home/jienan/automatic_move/install/livox_ros_driver2:/home/jienan/automatic_move/install/world_models:/opt/ros/humble LD_LIBRARY_PATH=/home/jienan/automatic_move/install/livox_ros_driver2/lib:/usr/lib/x86_64-linux-gnu/gazebo-11/plugins:/opt/ros/humble/opt/rviz_ogre_vendor/lib:/opt/ros/humble/lib/x86_64-linux-gnu:/opt/ros/humble/lib:/home/jienan/automatic_move/install/livox_sdk2/lib PYTHONPATH=/home/jienan/automatic_move/install/livox_ros_driver2/local/lib/python3.10/dist-packages:${PYTHONPATH} /usr/bin/cmake --build /home/jienan/automatic_move/build/fast_lio -- -j24 -l24
[3.355s] [  2%] [34m[1mGenerating C code for ROS interfaces[0m
[3.362s] [  5%] [34m[1mGenerating C++ code for ROS interfaces[0m
[3.367s] [  5%] Built target ament_cmake_python_copy_fast_lio
[3.502s] running egg_info
[3.503s] creating fast_lio.egg-info
[3.513s] writing fast_lio.egg-info/PKG-INFO
[3.513s] writing dependency_links to fast_lio.egg-info/dependency_links.txt
[3.513s] writing top-level names to fast_lio.egg-info/top_level.txt
[3.513s] writing manifest file 'fast_lio.egg-info/SOURCES.txt'
[3.543s] reading manifest file 'fast_lio.egg-info/SOURCES.txt'
[3.543s] writing manifest file 'fast_lio.egg-info/SOURCES.txt'
[3.568s] [  5%] Built target ament_cmake_python_build_fast_lio_egg
[3.569s] [  5%] Built target fast_lio__cpp
[3.577s] [  8%] [34m[1mGenerating C++ type support for eProsima Fast-RTPS[0m
[3.579s] [ 11%] [32mBuilding C object CMakeFiles/fast_lio__rosidl_generator_c.dir/rosidl_generator_c/fast_lio/msg/detail/pose6_d__functions.c.o[0m
[3.579s] [ 17%] [34m[1mGenerating C++ introspection for ROS interfaces[0m
[3.579s] [ 17%] [34m[1mGenerating C++ type support dispatch for ROS interfaces[0m
[3.641s] [ 20%] [32m[1mLinking C shared library libfast_lio__rosidl_generator_c.so[0m
[3.672s] [ 20%] Built target fast_lio__rosidl_generator_c
[3.681s] [ 22%] [34m[1mGenerating C type support for eProsima Fast-RTPS[0m
[3.681s] [ 25%] [34m[1mGenerating C type support dispatch for ROS interfaces[0m
[3.681s] [ 28%] [34m[1mGenerating C introspection for ROS interfaces[0m
[3.765s] [ 31%] [32mBuilding CXX object CMakeFiles/fast_lio__rosidl_typesupport_cpp.dir/rosidl_typesupport_cpp/fast_lio/msg/pose6_d__type_support.cpp.o[0m
[3.778s] [ 34%] [32mBuilding CXX object CMakeFiles/fast_lio__rosidl_typesupport_introspection_cpp.dir/rosidl_typesupport_introspection_cpp/fast_lio/msg/detail/pose6_d__type_support.cpp.o[0m
[3.780s] [ 37%] [32mBuilding CXX object CMakeFiles/fast_lio__rosidl_typesupport_fastrtps_cpp.dir/rosidl_typesupport_fastrtps_cpp/fast_lio/msg/detail/dds_fastrtps/pose6_d__type_support.cpp.o[0m
[3.877s] [ 40%] [32mBuilding CXX object CMakeFiles/fast_lio__rosidl_typesupport_c.dir/rosidl_typesupport_c/fast_lio/msg/pose6_d__type_support.cpp.o[0m
[3.894s] [ 42%] [32mBuilding C object CMakeFiles/fast_lio__rosidl_typesupport_introspection_c.dir/rosidl_typesupport_introspection_c/fast_lio/msg/detail/pose6_d__type_support.c.o[0m
[3.896s] [ 45%] [32mBuilding CXX object CMakeFiles/fast_lio__rosidl_typesupport_fastrtps_c.dir/rosidl_typesupport_fastrtps_c/fast_lio/msg/detail/pose6_d__type_support_c.cpp.o[0m
[3.905s] [ 48%] [32m[1mLinking CXX shared library libfast_lio__rosidl_typesupport_c.so[0m
[3.929s] [ 51%] [32m[1mLinking CXX shared library libfast_lio__rosidl_typesupport_cpp.so[0m
[3.934s] [ 51%] Built target fast_lio__rosidl_typesupport_c
[3.939s] [ 54%] [32m[1mLinking C shared library libfast_lio__rosidl_typesupport_introspection_c.so[0m
[3.962s] [ 54%] Built target fast_lio__rosidl_typesupport_cpp
[3.964s] [ 54%] Built target fast_lio__rosidl_typesupport_introspection_c
[3.979s] [ 60%] [32mBuilding CXX object CMakeFiles/fastlio_mapping.dir/include/ikd-Tree/ikd_Tree.cpp.o[0m
[3.979s] [ 60%] [32mBuilding CXX object CMakeFiles/fastlio_mapping.dir/src/laserMapping.cpp.o[0m
[3.981s] [ 62%] [32mBuilding CXX object CMakeFiles/fastlio_mapping.dir/src/preprocess.cpp.o[0m
[4.015s] [ 65%] [32m[1mLinking CXX shared library libfast_lio__rosidl_typesupport_fastrtps_cpp.so[0m
[4.029s] [ 68%] [32m[1mLinking CXX shared library libfast_lio__rosidl_typesupport_introspection_cpp.so[0m
[4.061s] [ 68%] Built target fast_lio__rosidl_typesupport_introspection_cpp
[4.066s] [ 68%] Built target fast_lio__rosidl_typesupport_fastrtps_cpp
[4.161s] [ 71%] [32m[1mLinking CXX shared library libfast_lio__rosidl_typesupport_fastrtps_c.so[0m
[4.214s] [ 71%] Built target fast_lio__rosidl_typesupport_fastrtps_c
[4.231s] [ 71%] Built target fast_lio
[4.249s] [ 74%] [34m[1mGenerating Python code for ROS interfaces[0m
[4.509s] [ 74%] Built target fast_lio__py
[4.526s] [ 77%] [32mBuilding C object CMakeFiles/fast_lio__rosidl_generator_py.dir/rosidl_generator_py/fast_lio/msg/_pose6_d_s.c.o[0m
[4.615s] [ 80%] [32m[1mLinking C shared library rosidl_generator_py/fast_lio/libfast_lio__rosidl_generator_py.so[0m
[4.645s] [ 80%] Built target fast_lio__rosidl_generator_py
[4.662s] [ 82%] [32mBuilding C object CMakeFiles/fast_lio__rosidl_typesupport_fastrtps_c__pyext.dir/rosidl_generator_py/fast_lio/_fast_lio_s.ep.rosidl_typesupport_fastrtps_c.c.o[0m
[4.663s] [ 85%] [32mBuilding C object CMakeFiles/fast_lio__rosidl_typesupport_introspection_c__pyext.dir/rosidl_generator_py/fast_lio/_fast_lio_s.ep.rosidl_typesupport_introspection_c.c.o[0m
[4.663s] [ 88%] [32mBuilding C object CMakeFiles/fast_lio__rosidl_typesupport_c__pyext.dir/rosidl_generator_py/fast_lio/_fast_lio_s.ep.rosidl_typesupport_c.c.o[0m
[4.730s] [ 91%] [32m[1mLinking C shared library rosidl_generator_py/fast_lio/fast_lio_s__rosidl_typesupport_c.cpython-310-x86_64-linux-gnu.so[0m
[4.731s] [ 94%] [32m[1mLinking C shared library rosidl_generator_py/fast_lio/fast_lio_s__rosidl_typesupport_introspection_c.cpython-310-x86_64-linux-gnu.so[0m
[4.748s] [ 97%] [32m[1mLinking C shared library rosidl_generator_py/fast_lio/fast_lio_s__rosidl_typesupport_fastrtps_c.cpython-310-x86_64-linux-gnu.so[0m
[4.758s] [ 97%] Built target fast_lio__rosidl_typesupport_introspection_c__pyext
[4.762s] [ 97%] Built target fast_lio__rosidl_typesupport_c__pyext
[4.778s] [ 97%] Built target fast_lio__rosidl_typesupport_fastrtps_c__pyext
[7.819s] In file included from [01m[K/usr/include/boost/smart_ptr/detail/sp_thread_sleep.hpp:22[m[K,
[7.819s]                  from [01m[K/usr/include/boost/smart_ptr/detail/yield_k.hpp:23[m[K,
[7.819s]                  from [01m[K/usr/include/boost/smart_ptr/detail/spinlock_gcc_atomic.hpp:14[m[K,
[7.819s]                  from [01m[K/usr/include/boost/smart_ptr/detail/spinlock.hpp:42[m[K,
[7.819s]                  from [01m[K/usr/include/boost/smart_ptr/detail/spinlock_pool.hpp:25[m[K,
[7.819s]                  from [01m[K/usr/include/boost/smart_ptr/shared_ptr.hpp:29[m[K,
[7.819s]                  from [01m[K/usr/include/boost/shared_ptr.hpp:17[m[K,
[7.819s]                  from [01m[K/usr/include/boost/date_time/microsec_time_clock.hpp:18[m[K,
[7.819s]                  from [01m[K/usr/include/boost/interprocess/detail/posix_time_types_wrk.hpp:31[m[K,
[7.820s]                  from [01m[K/usr/include/boost/interprocess/detail/os_thread_functions.hpp:36[m[K,
[7.820s]                  from [01m[K/usr/include/boost/interprocess/sync/file_lock.hpp:26[m[K,
[7.820s]                  from [01m[K/usr/include/pcl-1.12/pcl/io/pcd_io.h:46[m[K,
[7.820s]                  from [01m[K/opt/ros/humble/include/pcl_conversions/pcl_conversions/pcl_conversions.h:73[m[K,
[7.820s]                  from [01m[K/home/jienan/automatic_move/src/FAST_LIO_ROS2/src/IMU_Processing.hpp:18[m[K,
[7.820s]                  from [01m[K/home/jienan/automatic_move/src/FAST_LIO_ROS2/src/laserMapping.cpp:47[m[K:
[7.820s] [01m[K/usr/include/boost/bind.hpp:36:1:[m[K [01;36m[Knote: [m[K‘[01m[K#pragma message: The practice of declaring the Bind placeholders (_1, _2, ...) in the global namespace is deprecated. Please use <boost/bind/bind.hpp> + using namespace boost::placeholders, or define BOOST_BIND_GLOBAL_PLACEHOLDERS to retain the current behavior.[m[K’
[7.820s]    36 | [01;36m[KBOOST_PRAGMA_MESSAGE[m[K(
[7.820s]       | [01;36m[K^~~~~~~~~~~~~~~~~~~~[m[K
[44.587s] [100%] [32m[1mLinking CXX executable fastlio_mapping[0m
[45.264s] [100%] Built target fastlio_mapping
[45.272s] Invoked command in '/home/jienan/automatic_move/build/fast_lio' returned '0': AMENT_PREFIX_PATH=/home/jienan/automatic_move/install/livox_ros_driver2:${AMENT_PREFIX_PATH} CMAKE_PREFIX_PATH=/home/jienan/automatic_move/install/livox_ros_driver2:/home/jienan/automatic_move/install/world_models:/opt/ros/humble LD_LIBRARY_PATH=/home/jienan/automatic_move/install/livox_ros_driver2/lib:/usr/lib/x86_64-linux-gnu/gazebo-11/plugins:/opt/ros/humble/opt/rviz_ogre_vendor/lib:/opt/ros/humble/lib/x86_64-linux-gnu:/opt/ros/humble/lib:/home/jienan/automatic_move/install/livox_sdk2/lib PYTHONPATH=/home/jienan/automatic_move/install/livox_ros_driver2/local/lib/python3.10/dist-packages:${PYTHONPATH} /usr/bin/cmake --build /home/jienan/automatic_move/build/fast_lio -- -j24 -l24
[45.274s] Invoking command in '/home/jienan/automatic_move/build/fast_lio': AMENT_PREFIX_PATH=/home/jienan/automatic_move/install/livox_ros_driver2:${AMENT_PREFIX_PATH} CMAKE_PREFIX_PATH=/home/jienan/automatic_move/install/livox_ros_driver2:/home/jienan/automatic_move/install/world_models:/opt/ros/humble LD_LIBRARY_PATH=/home/jienan/automatic_move/install/livox_ros_driver2/lib:/usr/lib/x86_64-linux-gnu/gazebo-11/plugins:/opt/ros/humble/opt/rviz_ogre_vendor/lib:/opt/ros/humble/lib/x86_64-linux-gnu:/opt/ros/humble/lib:/home/jienan/automatic_move/install/livox_sdk2/lib PYTHONPATH=/home/jienan/automatic_move/install/livox_ros_driver2/local/lib/python3.10/dist-packages:${PYTHONPATH} /usr/bin/cmake --install /home/jienan/automatic_move/build/fast_lio
[45.280s] -- Install configuration: "Release"
[45.280s] -- Installing: /home/jienan/automatic_move/install/fast_lio/share/ament_index/resource_index/rosidl_interfaces/fast_lio
[45.280s] -- Installing: /home/jienan/automatic_move/install/fast_lio/include/fast_lio/fast_lio
[45.280s] -- Installing: /home/jienan/automatic_move/install/fast_lio/include/fast_lio/fast_lio/msg
[45.280s] -- Installing: /home/jienan/automatic_move/install/fast_lio/include/fast_lio/fast_lio/msg/rosidl_generator_c__visibility_control.h
[45.280s] -- Installing: /home/jienan/automatic_move/install/fast_lio/include/fast_lio/fast_lio/msg/pose6_d.h
[45.280s] -- Installing: /home/jienan/automatic_move/install/fast_lio/include/fast_lio/fast_lio/msg/detail
[45.280s] -- Installing: /home/jienan/automatic_move/install/fast_lio/include/fast_lio/fast_lio/msg/detail/pose6_d__functions.h
[45.280s] -- Installing: /home/jienan/automatic_move/install/fast_lio/include/fast_lio/fast_lio/msg/detail/pose6_d__struct.h
[45.280s] -- Installing: /home/jienan/automatic_move/install/fast_lio/include/fast_lio/fast_lio/msg/detail/pose6_d__type_support.h
[45.280s] -- Installing: /home/jienan/automatic_move/install/fast_lio/include/fast_lio/fast_lio/msg/detail/pose6_d__functions.c
[45.280s] -- Installing: /home/jienan/automatic_move/install/fast_lio/share/fast_lio/environment/library_path.sh
[45.280s] -- Installing: /home/jienan/automatic_move/install/fast_lio/share/fast_lio/environment/library_path.dsv
[45.280s] -- Installing: /home/jienan/automatic_move/install/fast_lio/lib/libfast_lio__rosidl_generator_c.so
[45.281s] -- Set runtime path of "/home/jienan/automatic_move/install/fast_lio/lib/libfast_lio__rosidl_generator_c.so" to ""
[45.281s] -- Up-to-date: /home/jienan/automatic_move/install/fast_lio/include/fast_lio/fast_lio
[45.281s] -- Up-to-date: /home/jienan/automatic_move/install/fast_lio/include/fast_lio/fast_lio/msg
[45.281s] -- Installing: /home/jienan/automatic_move/install/fast_lio/include/fast_lio/fast_lio/msg/rosidl_typesupport_fastrtps_c__visibility_control.h
[45.281s] -- Up-to-date: /home/jienan/automatic_move/install/fast_lio/include/fast_lio/fast_lio/msg/detail
[45.281s] -- Installing: /home/jienan/automatic_move/install/fast_lio/include/fast_lio/fast_lio/msg/detail/pose6_d__rosidl_typesupport_fastrtps_c.h
[45.281s] -- Installing: /home/jienan/automatic_move/install/fast_lio/lib/libfast_lio__rosidl_typesupport_fastrtps_c.so
[45.281s] -- Set runtime path of "/home/jienan/automatic_move/install/fast_lio/lib/libfast_lio__rosidl_typesupport_fastrtps_c.so" to ""
[45.281s] -- Up-to-date: /home/jienan/automatic_move/install/fast_lio/include/fast_lio/fast_lio
[45.281s] -- Up-to-date: /home/jienan/automatic_move/install/fast_lio/include/fast_lio/fast_lio/msg
[45.282s] -- Installing: /home/jienan/automatic_move/install/fast_lio/include/fast_lio/fast_lio/msg/pose6_d.hpp
[45.282s] -- Installing: /home/jienan/automatic_move/install/fast_lio/include/fast_lio/fast_lio/msg/rosidl_generator_cpp__visibility_control.hpp
[45.282s] -- Up-to-date: /home/jienan/automatic_move/install/fast_lio/include/fast_lio/fast_lio/msg/detail
[45.282s] -- Installing: /home/jienan/automatic_move/install/fast_lio/include/fast_lio/fast_lio/msg/detail/pose6_d__type_support.hpp
[45.282s] -- Installing: /home/jienan/automatic_move/install/fast_lio/include/fast_lio/fast_lio/msg/detail/pose6_d__traits.hpp
[45.282s] -- Installing: /home/jienan/automatic_move/install/fast_lio/include/fast_lio/fast_lio/msg/detail/pose6_d__builder.hpp
[45.282s] -- Installing: /home/jienan/automatic_move/install/fast_lio/include/fast_lio/fast_lio/msg/detail/pose6_d__struct.hpp
[45.282s] -- Up-to-date: /home/jienan/automatic_move/install/fast_lio/include/fast_lio/fast_lio
[45.282s] -- Up-to-date: /home/jienan/automatic_move/install/fast_lio/include/fast_lio/fast_lio/msg
[45.282s] -- Installing: /home/jienan/automatic_move/install/fast_lio/include/fast_lio/fast_lio/msg/rosidl_typesupport_fastrtps_cpp__visibility_control.h
[45.282s] -- Up-to-date: /home/jienan/automatic_move/install/fast_lio/include/fast_lio/fast_lio/msg/detail
[45.282s] -- Installing: /home/jienan/automatic_move/install/fast_lio/include/fast_lio/fast_lio/msg/detail/dds_fastrtps
[45.282s] -- Installing: /home/jienan/automatic_move/install/fast_lio/include/fast_lio/fast_lio/msg/detail/pose6_d__rosidl_typesupport_fastrtps_cpp.hpp
[45.282s] -- Installing: /home/jienan/automatic_move/install/fast_lio/lib/libfast_lio__rosidl_typesupport_fastrtps_cpp.so
[45.282s] -- Set runtime path of "/home/jienan/automatic_move/install/fast_lio/lib/libfast_lio__rosidl_typesupport_fastrtps_cpp.so" to ""
[45.282s] -- Up-to-date: /home/jienan/automatic_move/install/fast_lio/include/fast_lio/fast_lio
[45.282s] -- Up-to-date: /home/jienan/automatic_move/install/fast_lio/include/fast_lio/fast_lio/msg
[45.282s] -- Installing: /home/jienan/automatic_move/install/fast_lio/include/fast_lio/fast_lio/msg/rosidl_typesupport_introspection_c__visibility_control.h
[45.282s] -- Up-to-date: /home/jienan/automatic_move/install/fast_lio/include/fast_lio/fast_lio/msg/detail
[45.282s] -- Installing: /home/jienan/automatic_move/install/fast_lio/include/fast_lio/fast_lio/msg/detail/pose6_d__rosidl_typesupport_introspection_c.h
[45.282s] -- Installing: /home/jienan/automatic_move/install/fast_lio/include/fast_lio/fast_lio/msg/detail/pose6_d__type_support.c
[45.282s] -- Installing: /home/jienan/automatic_move/install/fast_lio/lib/libfast_lio__rosidl_typesupport_introspection_c.so
[45.282s] -- Set runtime path of "/home/jienan/automatic_move/install/fast_lio/lib/libfast_lio__rosidl_typesupport_introspection_c.so" to ""
[45.283s] -- Installing: /home/jienan/automatic_move/install/fast_lio/lib/libfast_lio__rosidl_typesupport_c.so
[45.283s] -- Set runtime path of "/home/jienan/automatic_move/install/fast_lio/lib/libfast_lio__rosidl_typesupport_c.so" to ""
[45.283s] -- Up-to-date: /home/jienan/automatic_move/install/fast_lio/include/fast_lio/fast_lio
[45.283s] -- Up-to-date: /home/jienan/automatic_move/install/fast_lio/include/fast_lio/fast_lio/msg
[45.283s] -- Up-to-date: /home/jienan/automatic_move/install/fast_lio/include/fast_lio/fast_lio/msg/detail
[45.283s] -- Installing: /home/jienan/automatic_move/install/fast_lio/include/fast_lio/fast_lio/msg/detail/pose6_d__type_support.cpp
[45.283s] -- Installing: /home/jienan/automatic_move/install/fast_lio/include/fast_lio/fast_lio/msg/detail/pose6_d__rosidl_typesupport_introspection_cpp.hpp
[45.283s] -- Installing: /home/jienan/automatic_move/install/fast_lio/lib/libfast_lio__rosidl_typesupport_introspection_cpp.so
[45.283s] -- Set runtime path of "/home/jienan/automatic_move/install/fast_lio/lib/libfast_lio__rosidl_typesupport_introspection_cpp.so" to ""
[45.283s] -- Installing: /home/jienan/automatic_move/install/fast_lio/lib/libfast_lio__rosidl_typesupport_cpp.so
[45.283s] -- Set runtime path of "/home/jienan/automatic_move/install/fast_lio/lib/libfast_lio__rosidl_typesupport_cpp.so" to ""
[45.283s] -- Installing: /home/jienan/automatic_move/install/fast_lio/share/fast_lio/environment/pythonpath.sh
[45.283s] -- Installing: /home/jienan/automatic_move/install/fast_lio/share/fast_lio/environment/pythonpath.dsv
[45.283s] -- Installing: /home/jienan/automatic_move/install/fast_lio/local/lib/python3.10/dist-packages/fast_lio-0.0.0-py3.10.egg-info
[45.283s] -- Installing: /home/jienan/automatic_move/install/fast_lio/local/lib/python3.10/dist-packages/fast_lio-0.0.0-py3.10.egg-info/SOURCES.txt
[45.283s] -- Installing: /home/jienan/automatic_move/install/fast_lio/local/lib/python3.10/dist-packages/fast_lio-0.0.0-py3.10.egg-info/PKG-INFO
[45.283s] -- Installing: /home/jienan/automatic_move/install/fast_lio/local/lib/python3.10/dist-packages/fast_lio-0.0.0-py3.10.egg-info/top_level.txt
[45.283s] -- Installing: /home/jienan/automatic_move/install/fast_lio/local/lib/python3.10/dist-packages/fast_lio-0.0.0-py3.10.egg-info/dependency_links.txt
[45.283s] -- Installing: /home/jienan/automatic_move/install/fast_lio/local/lib/python3.10/dist-packages/fast_lio
[45.283s] -- Installing: /home/jienan/automatic_move/install/fast_lio/local/lib/python3.10/dist-packages/fast_lio/msg
[45.284s] -- Installing: /home/jienan/automatic_move/install/fast_lio/local/lib/python3.10/dist-packages/fast_lio/msg/_pose6_d_s.c
[45.284s] -- Installing: /home/jienan/automatic_move/install/fast_lio/local/lib/python3.10/dist-packages/fast_lio/msg/_pose6_d.py
[45.284s] -- Installing: /home/jienan/automatic_move/install/fast_lio/local/lib/python3.10/dist-packages/fast_lio/msg/__init__.py
[45.284s] -- Installing: /home/jienan/automatic_move/install/fast_lio/local/lib/python3.10/dist-packages/fast_lio/fast_lio_s__rosidl_typesupport_fastrtps_c.cpython-310-x86_64-linux-gnu.so
[45.284s] -- Installing: /home/jienan/automatic_move/install/fast_lio/local/lib/python3.10/dist-packages/fast_lio/_fast_lio_s.ep.rosidl_typesupport_introspection_c.c
[45.284s] -- Installing: /home/jienan/automatic_move/install/fast_lio/local/lib/python3.10/dist-packages/fast_lio/_fast_lio_s.ep.rosidl_typesupport_fastrtps_c.c
[45.284s] -- Installing: /home/jienan/automatic_move/install/fast_lio/local/lib/python3.10/dist-packages/fast_lio/_fast_lio_s.ep.rosidl_typesupport_c.c
[45.284s] -- Installing: /home/jienan/automatic_move/install/fast_lio/local/lib/python3.10/dist-packages/fast_lio/libfast_lio__rosidl_generator_py.so
[45.284s] -- Installing: /home/jienan/automatic_move/install/fast_lio/local/lib/python3.10/dist-packages/fast_lio/fast_lio_s__rosidl_typesupport_c.cpython-310-x86_64-linux-gnu.so
[45.284s] -- Installing: /home/jienan/automatic_move/install/fast_lio/local/lib/python3.10/dist-packages/fast_lio/__init__.py
[45.284s] -- Installing: /home/jienan/automatic_move/install/fast_lio/local/lib/python3.10/dist-packages/fast_lio/fast_lio_s__rosidl_typesupport_introspection_c.cpython-310-x86_64-linux-gnu.so
[45.310s] Listing '/home/jienan/automatic_move/install/fast_lio/local/lib/python3.10/dist-packages/fast_lio'...
[45.310s] Compiling '/home/jienan/automatic_move/install/fast_lio/local/lib/python3.10/dist-packages/fast_lio/__init__.py'...
[45.310s] Listing '/home/jienan/automatic_move/install/fast_lio/local/lib/python3.10/dist-packages/fast_lio/msg'...
[45.310s] Compiling '/home/jienan/automatic_move/install/fast_lio/local/lib/python3.10/dist-packages/fast_lio/msg/__init__.py'...
[45.310s] Compiling '/home/jienan/automatic_move/install/fast_lio/local/lib/python3.10/dist-packages/fast_lio/msg/_pose6_d.py'...
[45.317s] -- Installing: /home/jienan/automatic_move/install/fast_lio/local/lib/python3.10/dist-packages/fast_lio/fast_lio_s__rosidl_typesupport_fastrtps_c.cpython-310-x86_64-linux-gnu.so
[45.317s] -- Set runtime path of "/home/jienan/automatic_move/install/fast_lio/local/lib/python3.10/dist-packages/fast_lio/fast_lio_s__rosidl_typesupport_fastrtps_c.cpython-310-x86_64-linux-gnu.so" to ""
[45.317s] -- Installing: /home/jienan/automatic_move/install/fast_lio/local/lib/python3.10/dist-packages/fast_lio/fast_lio_s__rosidl_typesupport_introspection_c.cpython-310-x86_64-linux-gnu.so
[45.317s] -- Set runtime path of "/home/jienan/automatic_move/install/fast_lio/local/lib/python3.10/dist-packages/fast_lio/fast_lio_s__rosidl_typesupport_introspection_c.cpython-310-x86_64-linux-gnu.so" to ""
[45.317s] -- Installing: /home/jienan/automatic_move/install/fast_lio/local/lib/python3.10/dist-packages/fast_lio/fast_lio_s__rosidl_typesupport_c.cpython-310-x86_64-linux-gnu.so
[45.317s] -- Set runtime path of "/home/jienan/automatic_move/install/fast_lio/local/lib/python3.10/dist-packages/fast_lio/fast_lio_s__rosidl_typesupport_c.cpython-310-x86_64-linux-gnu.so" to ""
[45.317s] -- Installing: /home/jienan/automatic_move/install/fast_lio/lib/libfast_lio__rosidl_generator_py.so
[45.317s] -- Set runtime path of "/home/jienan/automatic_move/install/fast_lio/lib/libfast_lio__rosidl_generator_py.so" to ""
[45.318s] -- Installing: /home/jienan/automatic_move/install/fast_lio/share/fast_lio/msg/Pose6D.idl
[45.318s] -- Installing: /home/jienan/automatic_move/install/fast_lio/share/fast_lio/msg/Pose6D.msg
[45.318s] -- Installing: /home/jienan/automatic_move/install/fast_lio/lib/fast_lio/fastlio_mapping
[45.319s] -- Set runtime path of "/home/jienan/automatic_move/install/fast_lio/lib/fast_lio/fastlio_mapping" to ""
[45.320s] -- Installing: /home/jienan/automatic_move/install/fast_lio/share/fast_lio/config
[45.320s] -- Installing: /home/jienan/automatic_move/install/fast_lio/share/fast_lio/config/avia.yaml
[45.320s] -- Installing: /home/jienan/automatic_move/install/fast_lio/share/fast_lio/config/velodyne.yaml
[45.320s] -- Installing: /home/jienan/automatic_move/install/fast_lio/share/fast_lio/config/horizon.yaml
[45.320s] -- Installing: /home/jienan/automatic_move/install/fast_lio/share/fast_lio/config/mid360.yaml
[45.320s] -- Installing: /home/jienan/automatic_move/install/fast_lio/share/fast_lio/config/ouster64.yaml
[45.320s] -- Installing: /home/jienan/automatic_move/install/fast_lio/share/fast_lio/launch
[45.321s] -- Installing: /home/jienan/automatic_move/install/fast_lio/share/fast_lio/launch/mapping.launch.py
[45.321s] -- Installing: /home/jienan/automatic_move/install/fast_lio/share/fast_lio/launch/gdb_debug_example.launch
[45.321s] -- Installing: /home/jienan/automatic_move/install/fast_lio/share/fast_lio/rviz
[45.321s] -- Installing: /home/jienan/automatic_move/install/fast_lio/share/fast_lio/rviz/fastlio.rviz
[45.321s] -- Installing: /home/jienan/automatic_move/install/fast_lio/share/ament_index/resource_index/package_run_dependencies/fast_lio
[45.321s] -- Installing: /home/jienan/automatic_move/install/fast_lio/share/ament_index/resource_index/parent_prefix_path/fast_lio
[45.321s] -- Installing: /home/jienan/automatic_move/install/fast_lio/share/fast_lio/environment/ament_prefix_path.sh
[45.321s] -- Installing: /home/jienan/automatic_move/install/fast_lio/share/fast_lio/environment/ament_prefix_path.dsv
[45.321s] -- Installing: /home/jienan/automatic_move/install/fast_lio/share/fast_lio/environment/path.sh
[45.321s] -- Installing: /home/jienan/automatic_move/install/fast_lio/share/fast_lio/environment/path.dsv
[45.321s] -- Installing: /home/jienan/automatic_move/install/fast_lio/share/fast_lio/local_setup.bash
[45.321s] -- Installing: /home/jienan/automatic_move/install/fast_lio/share/fast_lio/local_setup.sh
[45.321s] -- Installing: /home/jienan/automatic_move/install/fast_lio/share/fast_lio/local_setup.zsh
[45.321s] -- Installing: /home/jienan/automatic_move/install/fast_lio/share/fast_lio/local_setup.dsv
[45.321s] -- Installing: /home/jienan/automatic_move/install/fast_lio/share/fast_lio/package.dsv
[45.322s] -- Installing: /home/jienan/automatic_move/install/fast_lio/share/ament_index/resource_index/packages/fast_lio
[45.322s] -- Installing: /home/jienan/automatic_move/install/fast_lio/share/fast_lio/cmake/export_fast_lio__rosidl_generator_cExport.cmake
[45.322s] -- Installing: /home/jienan/automatic_move/install/fast_lio/share/fast_lio/cmake/export_fast_lio__rosidl_generator_cExport-release.cmake
[45.322s] -- Installing: /home/jienan/automatic_move/install/fast_lio/share/fast_lio/cmake/export_fast_lio__rosidl_typesupport_fastrtps_cExport.cmake
[45.322s] -- Installing: /home/jienan/automatic_move/install/fast_lio/share/fast_lio/cmake/export_fast_lio__rosidl_typesupport_fastrtps_cExport-release.cmake
[45.322s] -- Installing: /home/jienan/automatic_move/install/fast_lio/share/fast_lio/cmake/export_fast_lio__rosidl_generator_cppExport.cmake
[45.322s] -- Installing: /home/jienan/automatic_move/install/fast_lio/share/fast_lio/cmake/export_fast_lio__rosidl_typesupport_fastrtps_cppExport.cmake
[45.322s] -- Installing: /home/jienan/automatic_move/install/fast_lio/share/fast_lio/cmake/export_fast_lio__rosidl_typesupport_fastrtps_cppExport-release.cmake
[45.322s] -- Installing: /home/jienan/automatic_move/install/fast_lio/share/fast_lio/cmake/fast_lio__rosidl_typesupport_introspection_cExport.cmake
[45.322s] -- Installing: /home/jienan/automatic_move/install/fast_lio/share/fast_lio/cmake/fast_lio__rosidl_typesupport_introspection_cExport-release.cmake
[45.322s] -- Installing: /home/jienan/automatic_move/install/fast_lio/share/fast_lio/cmake/fast_lio__rosidl_typesupport_cExport.cmake
[45.322s] -- Installing: /home/jienan/automatic_move/install/fast_lio/share/fast_lio/cmake/fast_lio__rosidl_typesupport_cExport-release.cmake
[45.322s] -- Installing: /home/jienan/automatic_move/install/fast_lio/share/fast_lio/cmake/fast_lio__rosidl_typesupport_introspection_cppExport.cmake
[45.322s] -- Installing: /home/jienan/automatic_move/install/fast_lio/share/fast_lio/cmake/fast_lio__rosidl_typesupport_introspection_cppExport-release.cmake
[45.322s] -- Installing: /home/jienan/automatic_move/install/fast_lio/share/fast_lio/cmake/fast_lio__rosidl_typesupport_cppExport.cmake
[45.322s] -- Installing: /home/jienan/automatic_move/install/fast_lio/share/fast_lio/cmake/fast_lio__rosidl_typesupport_cppExport-release.cmake
[45.322s] -- Installing: /home/jienan/automatic_move/install/fast_lio/share/fast_lio/cmake/export_fast_lio__rosidl_generator_pyExport.cmake
[45.323s] -- Installing: /home/jienan/automatic_move/install/fast_lio/share/fast_lio/cmake/export_fast_lio__rosidl_generator_pyExport-release.cmake
[45.323s] -- Installing: /home/jienan/automatic_move/install/fast_lio/share/fast_lio/cmake/rosidl_cmake-extras.cmake
[45.323s] -- Installing: /home/jienan/automatic_move/install/fast_lio/share/fast_lio/cmake/ament_cmake_export_include_directories-extras.cmake
[45.323s] -- Installing: /home/jienan/automatic_move/install/fast_lio/share/fast_lio/cmake/ament_cmake_export_libraries-extras.cmake
[45.323s] -- Installing: /home/jienan/automatic_move/install/fast_lio/share/fast_lio/cmake/ament_cmake_export_targets-extras.cmake
[45.323s] -- Installing: /home/jienan/automatic_move/install/fast_lio/share/fast_lio/cmake/rosidl_cmake_export_typesupport_targets-extras.cmake
[45.323s] -- Installing: /home/jienan/automatic_move/install/fast_lio/share/fast_lio/cmake/ament_cmake_export_dependencies-extras.cmake
[45.323s] -- Installing: /home/jienan/automatic_move/install/fast_lio/share/fast_lio/cmake/rosidl_cmake_export_typesupport_libraries-extras.cmake
[45.323s] -- Installing: /home/jienan/automatic_move/install/fast_lio/share/fast_lio/cmake/fast_lioConfig.cmake
[45.323s] -- Installing: /home/jienan/automatic_move/install/fast_lio/share/fast_lio/cmake/fast_lioConfig-version.cmake
[45.323s] -- Installing: /home/jienan/automatic_move/install/fast_lio/share/fast_lio/package.xml
[45.325s] Invoked command in '/home/jienan/automatic_move/build/fast_lio' returned '0': AMENT_PREFIX_PATH=/home/jienan/automatic_move/install/livox_ros_driver2:${AMENT_PREFIX_PATH} CMAKE_PREFIX_PATH=/home/jienan/automatic_move/install/livox_ros_driver2:/home/jienan/automatic_move/install/world_models:/opt/ros/humble LD_LIBRARY_PATH=/home/jienan/automatic_move/install/livox_ros_driver2/lib:/usr/lib/x86_64-linux-gnu/gazebo-11/plugins:/opt/ros/humble/opt/rviz_ogre_vendor/lib:/opt/ros/humble/lib/x86_64-linux-gnu:/opt/ros/humble/lib:/home/jienan/automatic_move/install/livox_sdk2/lib PYTHONPATH=/home/jienan/automatic_move/install/livox_ros_driver2/local/lib/python3.10/dist-packages:${PYTHONPATH} /usr/bin/cmake --install /home/jienan/automatic_move/build/fast_lio
