[0.949s] Invoking command in '/home/jienan/automatic_move/src/automove_engine': PYTHONPATH=/home/jienan/automatic_move/build/automove_engine/prefix_override:/usr/lib/python3/dist-packages/colcon_core/task/python/colcon_distutils_commands:/home/jienan/automatic_move/install/automove_engine/lib/python3.10/site-packages:${PYTHONPATH} /usr/bin/python3 -W ignore:setup.py install is deprecated -W ignore:easy_install command is deprecated setup.py egg_info --egg-base ../../build/automove_engine build --build-base /home/jienan/automatic_move/build/automove_engine/build install --record /home/jienan/automatic_move/build/automove_engine/install.log --single-version-externally-managed install_data
[1.350s] running egg_info
[1.351s] creating ../../build/automove_engine/automove_engine.egg-info
[1.369s] writing ../../build/automove_engine/automove_engine.egg-info/PKG-INFO
[1.370s] writing dependency_links to ../../build/automove_engine/automove_engine.egg-info/dependency_links.txt
[1.370s] writing entry points to ../../build/automove_engine/automove_engine.egg-info/entry_points.txt
[1.370s] writing requirements to ../../build/automove_engine/automove_engine.egg-info/requires.txt
[1.371s] writing top-level names to ../../build/automove_engine/automove_engine.egg-info/top_level.txt
[1.371s] writing manifest file '../../build/automove_engine/automove_engine.egg-info/SOURCES.txt'
[1.426s] reading manifest file '../../build/automove_engine/automove_engine.egg-info/SOURCES.txt'
[1.430s] writing manifest file '../../build/automove_engine/automove_engine.egg-info/SOURCES.txt'
[1.433s] running build
[1.433s] running build_py
[1.434s] creating /home/jienan/automatic_move/build/automove_engine/build
[1.434s] creating /home/jienan/automatic_move/build/automove_engine/build/lib
[1.434s] creating /home/jienan/automatic_move/build/automove_engine/build/lib/automove_engine
[1.434s] copying automove_engine/state.py -> /home/jienan/automatic_move/build/automove_engine/build/lib/automove_engine
[1.434s] copying automove_engine/quick_test.py -> /home/jienan/automatic_move/build/automove_engine/build/lib/automove_engine
[1.434s] copying automove_engine/states.py -> /home/jienan/automatic_move/build/automove_engine/build/lib/automove_engine
[1.434s] copying automove_engine/__init__.py -> /home/jienan/automatic_move/build/automove_engine/build/lib/automove_engine
[1.434s] copying automove_engine/test_states.py -> /home/jienan/automatic_move/build/automove_engine/build/lib/automove_engine
[1.434s] copying automove_engine/state_manager.py -> /home/jienan/automatic_move/build/automove_engine/build/lib/automove_engine
[1.434s] running install
[1.442s] running install_lib
[1.462s] creating /home/jienan/automatic_move/install/automove_engine/lib/python3.10/site-packages/automove_engine
[1.462s] copying /home/jienan/automatic_move/build/automove_engine/build/lib/automove_engine/state.py -> /home/jienan/automatic_move/install/automove_engine/lib/python3.10/site-packages/automove_engine
[1.462s] copying /home/jienan/automatic_move/build/automove_engine/build/lib/automove_engine/quick_test.py -> /home/jienan/automatic_move/install/automove_engine/lib/python3.10/site-packages/automove_engine
[1.462s] copying /home/jienan/automatic_move/build/automove_engine/build/lib/automove_engine/states.py -> /home/jienan/automatic_move/install/automove_engine/lib/python3.10/site-packages/automove_engine
[1.462s] copying /home/jienan/automatic_move/build/automove_engine/build/lib/automove_engine/__init__.py -> /home/jienan/automatic_move/install/automove_engine/lib/python3.10/site-packages/automove_engine
[1.463s] copying /home/jienan/automatic_move/build/automove_engine/build/lib/automove_engine/test_states.py -> /home/jienan/automatic_move/install/automove_engine/lib/python3.10/site-packages/automove_engine
[1.463s] copying /home/jienan/automatic_move/build/automove_engine/build/lib/automove_engine/state_manager.py -> /home/jienan/automatic_move/install/automove_engine/lib/python3.10/site-packages/automove_engine
[1.466s] byte-compiling /home/jienan/automatic_move/install/automove_engine/lib/python3.10/site-packages/automove_engine/state.py to state.cpython-310.pyc
[1.468s] byte-compiling /home/jienan/automatic_move/install/automove_engine/lib/python3.10/site-packages/automove_engine/quick_test.py to quick_test.cpython-310.pyc
[1.468s] byte-compiling /home/jienan/automatic_move/install/automove_engine/lib/python3.10/site-packages/automove_engine/states.py to states.cpython-310.pyc
[1.472s] byte-compiling /home/jienan/automatic_move/install/automove_engine/lib/python3.10/site-packages/automove_engine/__init__.py to __init__.cpython-310.pyc
[1.472s] byte-compiling /home/jienan/automatic_move/install/automove_engine/lib/python3.10/site-packages/automove_engine/test_states.py to test_states.cpython-310.pyc
[1.472s] byte-compiling /home/jienan/automatic_move/install/automove_engine/lib/python3.10/site-packages/automove_engine/state_manager.py to state_manager.cpython-310.pyc
[1.472s] running install_data
[1.472s] creating /home/jienan/automatic_move/install/automove_engine/share/ament_index
[1.472s] creating /home/jienan/automatic_move/install/automove_engine/share/ament_index/resource_index
[1.472s] creating /home/jienan/automatic_move/install/automove_engine/share/ament_index/resource_index/packages
[1.472s] copying resource/automove_engine -> /home/jienan/automatic_move/install/automove_engine/share/ament_index/resource_index/packages
[1.472s] copying package.xml -> /home/jienan/automatic_move/install/automove_engine/share/automove_engine
[1.472s] running install_egg_info
[1.496s] Copying ../../build/automove_engine/automove_engine.egg-info to /home/jienan/automatic_move/install/automove_engine/lib/python3.10/site-packages/automove_engine-0.0.0-py3.10.egg-info
[1.497s] running install_scripts
[1.765s] Installing quick_test script to /home/jienan/automatic_move/install/automove_engine/lib/automove_engine
[1.767s] writing list of installed files to '/home/jienan/automatic_move/build/automove_engine/install.log'
[1.983s] Invoked command in '/home/jienan/automatic_move/src/automove_engine' returned '0': PYTHONPATH=/home/jienan/automatic_move/build/automove_engine/prefix_override:/usr/lib/python3/dist-packages/colcon_core/task/python/colcon_distutils_commands:/home/jienan/automatic_move/install/automove_engine/lib/python3.10/site-packages:${PYTHONPATH} /usr/bin/python3 -W ignore:setup.py install is deprecated -W ignore:easy_install command is deprecated setup.py egg_info --egg-base ../../build/automove_engine build --build-base /home/jienan/automatic_move/build/automove_engine/build install --record /home/jienan/automatic_move/build/automove_engine/install.log --single-version-externally-managed install_data
