running egg_info
writing ../../build/automove_engine/automove_engine.egg-info/PKG-INFO
writing dependency_links to ../../build/automove_engine/automove_engine.egg-info/dependency_links.txt
writing entry points to ../../build/automove_engine/automove_engine.egg-info/entry_points.txt
writing requirements to ../../build/automove_engine/automove_engine.egg-info/requires.txt
writing top-level names to ../../build/automove_engine/automove_engine.egg-info/top_level.txt
reading manifest file '../../build/automove_engine/automove_engine.egg-info/SOURCES.txt'
writing manifest file '../../build/automove_engine/automove_engine.egg-info/SOURCES.txt'
running build
running build_py
copying automove_engine/quick_test.py -> /home/jienan/automatic_move/build/automove_engine/build/lib/automove_engine
copying automove_engine/__init__.py -> /home/jienan/automatic_move/build/automove_engine/build/lib/automove_engine
running install
running install_lib
running install_data
copying resource/automove_engine -> /home/jienan/automatic_move/install/automove_engine/share/ament_index/resource_index/packages
copying package.xml -> /home/jienan/automatic_move/install/automove_engine/share/automove_engine
running install_egg_info
removing '/home/jienan/automatic_move/install/automove_engine/lib/python3.10/site-packages/automove_engine-0.0.0-py3.10.egg-info' (and everything under it)
Copying ../../build/automove_engine/automove_engine.egg-info to /home/jienan/automatic_move/install/automove_engine/lib/python3.10/site-packages/automove_engine-0.0.0-py3.10.egg-info
running install_scripts
Installing quick_test script to /home/jienan/automatic_move/install/automove_engine/lib/automove_engine
writing list of installed files to '/home/jienan/automatic_move/build/automove_engine/install.log'
