[0.056s] DEBUG:colcon:Command line arguments: ['/usr/bin/colcon', 'build']
[0.056s] DEBUG:colcon:Parsed command line arguments: Namespace(log_base=None, log_level=None, verb_name='build', build_base='build', install_base='install', merge_install=False, symlink_install=False, test_result_base=None, continue_on_error=False, executor='parallel', parallel_workers=24, event_handlers=None, ignore_user_meta=False, metas=['./colcon.meta'], base_paths=['.'], packages_ignore=None, packages_ignore_regex=None, paths=None, packages_up_to=None, packages_up_to_regex=None, packages_above=None, packages_above_and_dependencies=None, packages_above_depth=None, packages_select_by_dep=None, packages_skip_by_dep=None, packages_skip_up_to=None, packages_select_build_failed=False, packages_skip_build_finished=False, packages_select_test_failures=False, packages_skip_test_passed=False, packages_select=None, packages_skip=None, packages_select_regex=None, packages_skip_regex=None, packages_start=None, packages_end=None, allow_overriding=[], cmake_args=None, cmake_target=None, cmake_target_skip_unavailable=False, cmake_clean_cache=False, cmake_clean_first=False, cmake_force_configure=False, ament_cmake_args=None, catkin_cmake_args=None, catkin_skip_building_tests=False, verb_parser=<colcon_defaults.argument_parser.defaults.DefaultArgumentsDecorator object at 0x73a6504736d0>, verb_extension=<colcon_core.verb.build.BuildVerb object at 0x73a6505b8b50>, main=<bound method BuildVerb.main of <colcon_core.verb.build.BuildVerb object at 0x73a6505b8b50>>)
[0.076s] Level 1:colcon.colcon_core.package_discovery:discover_packages(colcon_meta) check parameters
[0.076s] Level 1:colcon.colcon_core.package_discovery:discover_packages(recursive) check parameters
[0.076s] Level 1:colcon.colcon_core.package_discovery:discover_packages(ignore) check parameters
[0.076s] Level 1:colcon.colcon_core.package_discovery:discover_packages(path) check parameters
[0.077s] Level 1:colcon.colcon_core.package_discovery:discover_packages(colcon_meta) discover
[0.077s] Level 1:colcon.colcon_core.package_discovery:discover_packages(recursive) discover
[0.077s] INFO:colcon.colcon_core.package_discovery:Crawling recursively for packages in '/home/jienan/automatic_move'
[0.077s] Level 1:colcon.colcon_core.package_identification:_identify(.) by extensions ['ignore', 'ignore_ament_install']
[0.077s] Level 1:colcon.colcon_core.package_identification:_identify(.) by extension 'ignore'
[0.077s] Level 1:colcon.colcon_core.package_identification:_identify(.) by extension 'ignore_ament_install'
[0.077s] Level 1:colcon.colcon_core.package_identification:_identify(.) by extensions ['colcon_pkg']
[0.077s] Level 1:colcon.colcon_core.package_identification:_identify(.) by extension 'colcon_pkg'
[0.077s] Level 1:colcon.colcon_core.package_identification:_identify(.) by extensions ['colcon_meta']
[0.077s] Level 1:colcon.colcon_core.package_identification:_identify(.) by extension 'colcon_meta'
[0.077s] Level 1:colcon.colcon_core.package_identification:_identify(.) by extensions ['ros']
[0.077s] Level 1:colcon.colcon_core.package_identification:_identify(.) by extension 'ros'
[0.085s] Level 1:colcon.colcon_core.package_identification:_identify(.) by extensions ['cmake', 'python']
[0.085s] Level 1:colcon.colcon_core.package_identification:_identify(.) by extension 'cmake'
[0.085s] Level 1:colcon.colcon_core.package_identification:_identify(.) by extension 'python'
[0.085s] Level 1:colcon.colcon_core.package_identification:_identify(.) by extensions ['python_setup_py']
[0.085s] Level 1:colcon.colcon_core.package_identification:_identify(.) by extension 'python_setup_py'
[0.085s] Level 1:colcon.colcon_core.package_identification:_identify(build) by extensions ['ignore', 'ignore_ament_install']
[0.085s] Level 1:colcon.colcon_core.package_identification:_identify(build) by extension 'ignore'
[0.085s] Level 1:colcon.colcon_core.package_identification:_identify(build) ignored
[0.085s] Level 1:colcon.colcon_core.package_identification:_identify(install) by extensions ['ignore', 'ignore_ament_install']
[0.085s] Level 1:colcon.colcon_core.package_identification:_identify(install) by extension 'ignore'
[0.085s] Level 1:colcon.colcon_core.package_identification:_identify(install) ignored
[0.085s] Level 1:colcon.colcon_core.package_identification:_identify(log) by extensions ['ignore', 'ignore_ament_install']
[0.085s] Level 1:colcon.colcon_core.package_identification:_identify(log) by extension 'ignore'
[0.086s] Level 1:colcon.colcon_core.package_identification:_identify(log) ignored
[0.086s] Level 1:colcon.colcon_core.package_identification:_identify(src) by extensions ['ignore', 'ignore_ament_install']
[0.086s] Level 1:colcon.colcon_core.package_identification:_identify(src) by extension 'ignore'
[0.086s] Level 1:colcon.colcon_core.package_identification:_identify(src) by extension 'ignore_ament_install'
[0.086s] Level 1:colcon.colcon_core.package_identification:_identify(src) by extensions ['colcon_pkg']
[0.086s] Level 1:colcon.colcon_core.package_identification:_identify(src) by extension 'colcon_pkg'
[0.086s] Level 1:colcon.colcon_core.package_identification:_identify(src) by extensions ['colcon_meta']
[0.086s] Level 1:colcon.colcon_core.package_identification:_identify(src) by extension 'colcon_meta'
[0.086s] Level 1:colcon.colcon_core.package_identification:_identify(src) by extensions ['ros']
[0.086s] Level 1:colcon.colcon_core.package_identification:_identify(src) by extension 'ros'
[0.086s] Level 1:colcon.colcon_core.package_identification:_identify(src) by extensions ['cmake', 'python']
[0.086s] Level 1:colcon.colcon_core.package_identification:_identify(src) by extension 'cmake'
[0.086s] Level 1:colcon.colcon_core.package_identification:_identify(src) by extension 'python'
[0.086s] Level 1:colcon.colcon_core.package_identification:_identify(src) by extensions ['python_setup_py']
[0.086s] Level 1:colcon.colcon_core.package_identification:_identify(src) by extension 'python_setup_py'
[0.086s] Level 1:colcon.colcon_core.package_identification:_identify(src/Livox-SDK2) by extensions ['ignore', 'ignore_ament_install']
[0.086s] Level 1:colcon.colcon_core.package_identification:_identify(src/Livox-SDK2) by extension 'ignore'
[0.086s] Level 1:colcon.colcon_core.package_identification:_identify(src/Livox-SDK2) by extension 'ignore_ament_install'
[0.086s] Level 1:colcon.colcon_core.package_identification:_identify(src/Livox-SDK2) by extensions ['colcon_pkg']
[0.086s] Level 1:colcon.colcon_core.package_identification:_identify(src/Livox-SDK2) by extension 'colcon_pkg'
[0.086s] Level 1:colcon.colcon_core.package_identification:_identify(src/Livox-SDK2) by extensions ['colcon_meta']
[0.086s] Level 1:colcon.colcon_core.package_identification:_identify(src/Livox-SDK2) by extension 'colcon_meta'
[0.086s] Level 1:colcon.colcon_core.package_identification:_identify(src/Livox-SDK2) by extensions ['ros']
[0.086s] Level 1:colcon.colcon_core.package_identification:_identify(src/Livox-SDK2) by extension 'ros'
[0.086s] Level 1:colcon.colcon_core.package_identification:_identify(src/Livox-SDK2) by extensions ['cmake', 'python']
[0.086s] Level 1:colcon.colcon_core.package_identification:_identify(src/Livox-SDK2) by extension 'cmake'
[0.091s] Level 1:colcon.colcon_core.package_identification:_identify(src/Livox-SDK2) by extension 'python'
[0.091s] DEBUG:colcon.colcon_core.package_identification:Package 'src/Livox-SDK2' with type 'cmake' and name 'livox_sdk2'
[0.091s] Level 1:colcon.colcon_core.package_identification:_identify(src/automove_engine) by extensions ['ignore', 'ignore_ament_install']
[0.091s] Level 1:colcon.colcon_core.package_identification:_identify(src/automove_engine) by extension 'ignore'
[0.091s] Level 1:colcon.colcon_core.package_identification:_identify(src/automove_engine) by extension 'ignore_ament_install'
[0.091s] Level 1:colcon.colcon_core.package_identification:_identify(src/automove_engine) by extensions ['colcon_pkg']
[0.091s] Level 1:colcon.colcon_core.package_identification:_identify(src/automove_engine) by extension 'colcon_pkg'
[0.091s] Level 1:colcon.colcon_core.package_identification:_identify(src/automove_engine) by extensions ['colcon_meta']
[0.091s] Level 1:colcon.colcon_core.package_identification:_identify(src/automove_engine) by extension 'colcon_meta'
[0.091s] Level 1:colcon.colcon_core.package_identification:_identify(src/automove_engine) by extensions ['ros']
[0.091s] Level 1:colcon.colcon_core.package_identification:_identify(src/automove_engine) by extension 'ros'
[0.092s] DEBUG:colcon.colcon_core.package_identification:Package 'src/automove_engine' with type 'ros.ament_python' and name 'automove_engine'
[0.092s] Level 1:colcon.colcon_core.package_identification:_identify(src/livox_laser_simulation_ros2) by extensions ['ignore', 'ignore_ament_install']
[0.092s] Level 1:colcon.colcon_core.package_identification:_identify(src/livox_laser_simulation_ros2) by extension 'ignore'
[0.093s] Level 1:colcon.colcon_core.package_identification:_identify(src/livox_laser_simulation_ros2) by extension 'ignore_ament_install'
[0.093s] Level 1:colcon.colcon_core.package_identification:_identify(src/livox_laser_simulation_ros2) by extensions ['colcon_pkg']
[0.093s] Level 1:colcon.colcon_core.package_identification:_identify(src/livox_laser_simulation_ros2) by extension 'colcon_pkg'
[0.093s] Level 1:colcon.colcon_core.package_identification:_identify(src/livox_laser_simulation_ros2) by extensions ['colcon_meta']
[0.093s] Level 1:colcon.colcon_core.package_identification:_identify(src/livox_laser_simulation_ros2) by extension 'colcon_meta'
[0.093s] Level 1:colcon.colcon_core.package_identification:_identify(src/livox_laser_simulation_ros2) by extensions ['ros']
[0.093s] Level 1:colcon.colcon_core.package_identification:_identify(src/livox_laser_simulation_ros2) by extension 'ros'
[0.093s] DEBUG:colcon.colcon_core.package_identification:Package 'src/livox_laser_simulation_ros2' with type 'ros.ament_cmake' and name 'ros2_livox_simulation'
[0.093s] Level 1:colcon.colcon_core.package_identification:_identify(src/livox_ros_driver2) by extensions ['ignore', 'ignore_ament_install']
[0.093s] Level 1:colcon.colcon_core.package_identification:_identify(src/livox_ros_driver2) by extension 'ignore'
[0.093s] Level 1:colcon.colcon_core.package_identification:_identify(src/livox_ros_driver2) by extension 'ignore_ament_install'
[0.094s] Level 1:colcon.colcon_core.package_identification:_identify(src/livox_ros_driver2) by extensions ['colcon_pkg']
[0.094s] Level 1:colcon.colcon_core.package_identification:_identify(src/livox_ros_driver2) by extension 'colcon_pkg'
[0.094s] Level 1:colcon.colcon_core.package_identification:_identify(src/livox_ros_driver2) by extensions ['colcon_meta']
[0.094s] Level 1:colcon.colcon_core.package_identification:_identify(src/livox_ros_driver2) by extension 'colcon_meta'
[0.094s] Level 1:colcon.colcon_core.package_identification:_identify(src/livox_ros_driver2) by extensions ['ros']
[0.094s] Level 1:colcon.colcon_core.package_identification:_identify(src/livox_ros_driver2) by extension 'ros'
[0.094s] DEBUG:colcon.colcon_core.package_identification:Package 'src/livox_ros_driver2' with type 'ros.ament_cmake' and name 'livox_ros_driver2'
[0.094s] Level 1:colcon.colcon_core.package_identification:_identify(src/world_models) by extensions ['ignore', 'ignore_ament_install']
[0.094s] Level 1:colcon.colcon_core.package_identification:_identify(src/world_models) by extension 'ignore'
[0.094s] Level 1:colcon.colcon_core.package_identification:_identify(src/world_models) by extension 'ignore_ament_install'
[0.094s] Level 1:colcon.colcon_core.package_identification:_identify(src/world_models) by extensions ['colcon_pkg']
[0.094s] Level 1:colcon.colcon_core.package_identification:_identify(src/world_models) by extension 'colcon_pkg'
[0.094s] Level 1:colcon.colcon_core.package_identification:_identify(src/world_models) by extensions ['colcon_meta']
[0.094s] Level 1:colcon.colcon_core.package_identification:_identify(src/world_models) by extension 'colcon_meta'
[0.094s] Level 1:colcon.colcon_core.package_identification:_identify(src/world_models) by extensions ['ros']
[0.095s] Level 1:colcon.colcon_core.package_identification:_identify(src/world_models) by extension 'ros'
[0.095s] DEBUG:colcon.colcon_core.package_identification:Package 'src/world_models' with type 'ros.ament_cmake' and name 'world_models'
[0.095s] Level 1:colcon.colcon_core.package_discovery:discover_packages(recursive) using defaults
[0.095s] Level 1:colcon.colcon_core.package_discovery:discover_packages(ignore) discover
[0.095s] Level 1:colcon.colcon_core.package_discovery:discover_packages(ignore) using defaults
[0.095s] Level 1:colcon.colcon_core.package_discovery:discover_packages(path) discover
[0.095s] Level 1:colcon.colcon_core.package_discovery:discover_packages(path) using defaults
[0.106s] Level 1:colcon.colcon_core.package_discovery:discover_packages(prefix_path) check parameters
[0.106s] Level 1:colcon.colcon_core.package_discovery:discover_packages(prefix_path) discover
[0.107s] DEBUG:colcon.colcon_installed_package_information.package_discovery:Found 5 installed packages in /home/jienan/automatic_move/install
[0.108s] DEBUG:colcon.colcon_installed_package_information.package_discovery:Found 284 installed packages in /opt/ros/humble
[0.108s] Level 1:colcon.colcon_core.package_discovery:discover_packages(prefix_path) using defaults
[0.126s] Level 5:colcon.colcon_core.verb:set package 'automove_engine' build argument 'cmake_args' from command line to 'None'
[0.126s] Level 5:colcon.colcon_core.verb:set package 'automove_engine' build argument 'cmake_target' from command line to 'None'
[0.126s] Level 5:colcon.colcon_core.verb:set package 'automove_engine' build argument 'cmake_target_skip_unavailable' from command line to 'False'
[0.126s] Level 5:colcon.colcon_core.verb:set package 'automove_engine' build argument 'cmake_clean_cache' from command line to 'False'
[0.126s] Level 5:colcon.colcon_core.verb:set package 'automove_engine' build argument 'cmake_clean_first' from command line to 'False'
[0.126s] Level 5:colcon.colcon_core.verb:set package 'automove_engine' build argument 'cmake_force_configure' from command line to 'False'
[0.126s] Level 5:colcon.colcon_core.verb:set package 'automove_engine' build argument 'ament_cmake_args' from command line to 'None'
[0.126s] Level 5:colcon.colcon_core.verb:set package 'automove_engine' build argument 'catkin_cmake_args' from command line to 'None'
[0.126s] Level 5:colcon.colcon_core.verb:set package 'automove_engine' build argument 'catkin_skip_building_tests' from command line to 'False'
[0.126s] DEBUG:colcon.colcon_core.verb:Building package 'automove_engine' with the following arguments: {'ament_cmake_args': None, 'build_base': '/home/jienan/automatic_move/build/automove_engine', 'catkin_cmake_args': None, 'catkin_skip_building_tests': False, 'cmake_args': None, 'cmake_clean_cache': False, 'cmake_clean_first': False, 'cmake_force_configure': False, 'cmake_target': None, 'cmake_target_skip_unavailable': False, 'install_base': '/home/jienan/automatic_move/install/automove_engine', 'merge_install': False, 'path': '/home/jienan/automatic_move/src/automove_engine', 'symlink_install': False, 'test_result_base': None}
[0.126s] Level 5:colcon.colcon_core.verb:set package 'livox_ros_driver2' build argument 'cmake_args' from command line to 'None'
[0.126s] Level 5:colcon.colcon_core.verb:set package 'livox_ros_driver2' build argument 'cmake_target' from command line to 'None'
[0.126s] Level 5:colcon.colcon_core.verb:set package 'livox_ros_driver2' build argument 'cmake_target_skip_unavailable' from command line to 'False'
[0.126s] Level 5:colcon.colcon_core.verb:set package 'livox_ros_driver2' build argument 'cmake_clean_cache' from command line to 'False'
[0.126s] Level 5:colcon.colcon_core.verb:set package 'livox_ros_driver2' build argument 'cmake_clean_first' from command line to 'False'
[0.126s] Level 5:colcon.colcon_core.verb:set package 'livox_ros_driver2' build argument 'cmake_force_configure' from command line to 'False'
[0.126s] Level 5:colcon.colcon_core.verb:set package 'livox_ros_driver2' build argument 'ament_cmake_args' from command line to 'None'
[0.126s] Level 5:colcon.colcon_core.verb:set package 'livox_ros_driver2' build argument 'catkin_cmake_args' from command line to 'None'
[0.126s] Level 5:colcon.colcon_core.verb:set package 'livox_ros_driver2' build argument 'catkin_skip_building_tests' from command line to 'False'
[0.126s] DEBUG:colcon.colcon_core.verb:Building package 'livox_ros_driver2' with the following arguments: {'ament_cmake_args': None, 'build_base': '/home/jienan/automatic_move/build/livox_ros_driver2', 'catkin_cmake_args': None, 'catkin_skip_building_tests': False, 'cmake_args': None, 'cmake_clean_cache': False, 'cmake_clean_first': False, 'cmake_force_configure': False, 'cmake_target': None, 'cmake_target_skip_unavailable': False, 'install_base': '/home/jienan/automatic_move/install/livox_ros_driver2', 'merge_install': False, 'path': '/home/jienan/automatic_move/src/livox_ros_driver2', 'symlink_install': False, 'test_result_base': None}
[0.126s] Level 5:colcon.colcon_core.verb:set package 'livox_sdk2' build argument 'cmake_args' from command line to 'None'
[0.126s] Level 5:colcon.colcon_core.verb:set package 'livox_sdk2' build argument 'cmake_target' from command line to 'None'
[0.126s] Level 5:colcon.colcon_core.verb:set package 'livox_sdk2' build argument 'cmake_target_skip_unavailable' from command line to 'False'
[0.126s] Level 5:colcon.colcon_core.verb:set package 'livox_sdk2' build argument 'cmake_clean_cache' from command line to 'False'
[0.126s] Level 5:colcon.colcon_core.verb:set package 'livox_sdk2' build argument 'cmake_clean_first' from command line to 'False'
[0.126s] Level 5:colcon.colcon_core.verb:set package 'livox_sdk2' build argument 'cmake_force_configure' from command line to 'False'
[0.126s] Level 5:colcon.colcon_core.verb:set package 'livox_sdk2' build argument 'ament_cmake_args' from command line to 'None'
[0.127s] Level 5:colcon.colcon_core.verb:set package 'livox_sdk2' build argument 'catkin_cmake_args' from command line to 'None'
[0.127s] Level 5:colcon.colcon_core.verb:set package 'livox_sdk2' build argument 'catkin_skip_building_tests' from command line to 'False'
[0.127s] DEBUG:colcon.colcon_core.verb:Building package 'livox_sdk2' with the following arguments: {'ament_cmake_args': None, 'build_base': '/home/jienan/automatic_move/build/livox_sdk2', 'catkin_cmake_args': None, 'catkin_skip_building_tests': False, 'cmake_args': None, 'cmake_clean_cache': False, 'cmake_clean_first': False, 'cmake_force_configure': False, 'cmake_target': None, 'cmake_target_skip_unavailable': False, 'install_base': '/home/jienan/automatic_move/install/livox_sdk2', 'merge_install': False, 'path': '/home/jienan/automatic_move/src/Livox-SDK2', 'symlink_install': False, 'test_result_base': None}
[0.127s] Level 5:colcon.colcon_core.verb:set package 'world_models' build argument 'cmake_args' from command line to 'None'
[0.127s] Level 5:colcon.colcon_core.verb:set package 'world_models' build argument 'cmake_target' from command line to 'None'
[0.127s] Level 5:colcon.colcon_core.verb:set package 'world_models' build argument 'cmake_target_skip_unavailable' from command line to 'False'
[0.127s] Level 5:colcon.colcon_core.verb:set package 'world_models' build argument 'cmake_clean_cache' from command line to 'False'
[0.127s] Level 5:colcon.colcon_core.verb:set package 'world_models' build argument 'cmake_clean_first' from command line to 'False'
[0.127s] Level 5:colcon.colcon_core.verb:set package 'world_models' build argument 'cmake_force_configure' from command line to 'False'
[0.127s] Level 5:colcon.colcon_core.verb:set package 'world_models' build argument 'ament_cmake_args' from command line to 'None'
[0.127s] Level 5:colcon.colcon_core.verb:set package 'world_models' build argument 'catkin_cmake_args' from command line to 'None'
[0.127s] Level 5:colcon.colcon_core.verb:set package 'world_models' build argument 'catkin_skip_building_tests' from command line to 'False'
[0.127s] DEBUG:colcon.colcon_core.verb:Building package 'world_models' with the following arguments: {'ament_cmake_args': None, 'build_base': '/home/jienan/automatic_move/build/world_models', 'catkin_cmake_args': None, 'catkin_skip_building_tests': False, 'cmake_args': None, 'cmake_clean_cache': False, 'cmake_clean_first': False, 'cmake_force_configure': False, 'cmake_target': None, 'cmake_target_skip_unavailable': False, 'install_base': '/home/jienan/automatic_move/install/world_models', 'merge_install': False, 'path': '/home/jienan/automatic_move/src/world_models', 'symlink_install': False, 'test_result_base': None}
[0.127s] Level 5:colcon.colcon_core.verb:set package 'ros2_livox_simulation' build argument 'cmake_args' from command line to 'None'
[0.127s] Level 5:colcon.colcon_core.verb:set package 'ros2_livox_simulation' build argument 'cmake_target' from command line to 'None'
[0.127s] Level 5:colcon.colcon_core.verb:set package 'ros2_livox_simulation' build argument 'cmake_target_skip_unavailable' from command line to 'False'
[0.127s] Level 5:colcon.colcon_core.verb:set package 'ros2_livox_simulation' build argument 'cmake_clean_cache' from command line to 'False'
[0.127s] Level 5:colcon.colcon_core.verb:set package 'ros2_livox_simulation' build argument 'cmake_clean_first' from command line to 'False'
[0.127s] Level 5:colcon.colcon_core.verb:set package 'ros2_livox_simulation' build argument 'cmake_force_configure' from command line to 'False'
[0.127s] Level 5:colcon.colcon_core.verb:set package 'ros2_livox_simulation' build argument 'ament_cmake_args' from command line to 'None'
[0.127s] Level 5:colcon.colcon_core.verb:set package 'ros2_livox_simulation' build argument 'catkin_cmake_args' from command line to 'None'
[0.127s] Level 5:colcon.colcon_core.verb:set package 'ros2_livox_simulation' build argument 'catkin_skip_building_tests' from command line to 'False'
[0.127s] DEBUG:colcon.colcon_core.verb:Building package 'ros2_livox_simulation' with the following arguments: {'ament_cmake_args': None, 'build_base': '/home/jienan/automatic_move/build/ros2_livox_simulation', 'catkin_cmake_args': None, 'catkin_skip_building_tests': False, 'cmake_args': None, 'cmake_clean_cache': False, 'cmake_clean_first': False, 'cmake_force_configure': False, 'cmake_target': None, 'cmake_target_skip_unavailable': False, 'install_base': '/home/jienan/automatic_move/install/ros2_livox_simulation', 'merge_install': False, 'path': '/home/jienan/automatic_move/src/livox_laser_simulation_ros2', 'symlink_install': False, 'test_result_base': None}
[0.127s] INFO:colcon.colcon_core.executor:Executing jobs using 'parallel' executor
[0.128s] DEBUG:colcon.colcon_parallel_executor.executor.parallel:run_until_complete
[0.128s] INFO:colcon.colcon_ros.task.ament_cmake.build:Building ROS package in '/home/jienan/automatic_move/src/livox_ros_driver2' with build type 'ament_cmake'
[0.128s] INFO:colcon.colcon_cmake.task.cmake.build:Building CMake package in '/home/jienan/automatic_move/src/livox_ros_driver2'
[0.129s] INFO:colcon.colcon_core.plugin_system:Skipping extension 'colcon_core.shell.bat': Not used on non-Windows systems
[0.129s] INFO:colcon.colcon_core.shell:Skip shell extension 'powershell' for command environment: Not usable outside of PowerShell
[0.129s] DEBUG:colcon.colcon_core.shell:Skip shell extension 'dsv' for command environment
[0.131s] INFO:colcon.colcon_ros.task.ament_python.build:Building ROS package in '/home/jienan/automatic_move/src/automove_engine' with build type 'ament_python'
[0.131s] Level 1:colcon.colcon_core.shell:create_environment_hook('automove_engine', 'ament_prefix_path')
[0.131s] INFO:colcon.colcon_core.shell:Creating environment hook '/home/jienan/automatic_move/install/automove_engine/share/automove_engine/hook/ament_prefix_path.ps1'
[0.132s] INFO:colcon.colcon_core.shell:Creating environment descriptor '/home/jienan/automatic_move/install/automove_engine/share/automove_engine/hook/ament_prefix_path.dsv'
[0.132s] INFO:colcon.colcon_core.shell:Creating environment hook '/home/jienan/automatic_move/install/automove_engine/share/automove_engine/hook/ament_prefix_path.sh'
[0.132s] INFO:colcon.colcon_core.shell:Skip shell extension 'powershell' for command environment: Not usable outside of PowerShell
[0.132s] DEBUG:colcon.colcon_core.shell:Skip shell extension 'dsv' for command environment
[0.134s] INFO:colcon.colcon_cmake.task.cmake.build:Building CMake package in '/home/jienan/automatic_move/src/Livox-SDK2'
[0.134s] INFO:colcon.colcon_core.shell:Skip shell extension 'powershell' for command environment: Not usable outside of PowerShell
[0.134s] DEBUG:colcon.colcon_core.shell:Skip shell extension 'dsv' for command environment
[0.136s] INFO:colcon.colcon_ros.task.ament_cmake.build:Building ROS package in '/home/jienan/automatic_move/src/world_models' with build type 'ament_cmake'
[0.136s] INFO:colcon.colcon_cmake.task.cmake.build:Building CMake package in '/home/jienan/automatic_move/src/world_models'
[0.136s] INFO:colcon.colcon_core.shell:Skip shell extension 'powershell' for command environment: Not usable outside of PowerShell
[0.136s] DEBUG:colcon.colcon_core.shell:Skip shell extension 'dsv' for command environment
[0.140s] DEBUG:colcon.colcon_core.event_handler.log_command:Invoking command in '/home/jienan/automatic_move/build/livox_ros_driver2': CMAKE_PREFIX_PATH=${CMAKE_PREFIX_PATH}:/home/jienan/automatic_move/install/automove_engine:/opt/ros/humble /usr/bin/cmake /home/jienan/automatic_move/src/livox_ros_driver2 -DCMAKE_INSTALL_PREFIX=/home/jienan/automatic_move/install/livox_ros_driver2
[0.262s] INFO:colcon.colcon_core.task.python.build:Building Python package in '/home/jienan/automatic_move/src/automove_engine'
[0.263s] INFO:colcon.colcon_core.shell:Skip shell extension 'powershell' for command environment: Not usable outside of PowerShell
[0.263s] DEBUG:colcon.colcon_core.shell:Skip shell extension 'dsv' for command environment
[0.266s] DEBUG:colcon.colcon_core.event_handler.log_command:Invoking command in '/home/jienan/automatic_move/build/livox_sdk2': /usr/bin/cmake /home/jienan/automatic_move/src/Livox-SDK2 -DCMAKE_INSTALL_PREFIX=/home/jienan/automatic_move/install/livox_sdk2
[0.270s] DEBUG:colcon.colcon_core.event_handler.log_command:Invoking command in '/home/jienan/automatic_move/build/world_models': CMAKE_PREFIX_PATH=${CMAKE_PREFIX_PATH}:/home/jienan/automatic_move/install/automove_engine:/opt/ros/humble /usr/bin/cmake /home/jienan/automatic_move/src/world_models -DCMAKE_INSTALL_PREFIX=/home/jienan/automatic_move/install/world_models
[0.294s] DEBUG:colcon.colcon_core.event_handler.log_command:Invoked command in '/home/jienan/automatic_move/build/livox_sdk2' returned '0': /usr/bin/cmake /home/jienan/automatic_move/src/Livox-SDK2 -DCMAKE_INSTALL_PREFIX=/home/jienan/automatic_move/install/livox_sdk2
[0.295s] DEBUG:colcon.colcon_core.event_handler.log_command:Invoking command in '/home/jienan/automatic_move/build/livox_sdk2': /usr/bin/cmake --build /home/jienan/automatic_move/build/livox_sdk2 -- -j24 -l24
[0.377s] DEBUG:colcon.colcon_core.event_handler.log_command:Invoked command in '/home/jienan/automatic_move/build/livox_sdk2' returned '0': /usr/bin/cmake --build /home/jienan/automatic_move/build/livox_sdk2 -- -j24 -l24
[0.383s] DEBUG:colcon.colcon_core.event_handler.log_command:Invoking command in '/home/jienan/automatic_move/build/livox_sdk2': /usr/bin/cmake --install /home/jienan/automatic_move/build/livox_sdk2
[0.388s] Level 1:colcon.colcon_core.environment:create_environment_scripts_only(livox_sdk2)
[0.389s] DEBUG:colcon.colcon_core.event_handler.log_command:Invoked command in '/home/jienan/automatic_move/build/livox_sdk2' returned '0': /usr/bin/cmake --install /home/jienan/automatic_move/build/livox_sdk2
[0.389s] Level 1:colcon.colcon_core.environment:checking '/home/jienan/automatic_move/install/livox_sdk2' for CMake module files
[0.390s] Level 1:colcon.colcon_core.environment:checking '/home/jienan/automatic_move/install/livox_sdk2' for CMake config files
[0.390s] Level 1:colcon.colcon_core.environment:checking '/home/jienan/automatic_move/install/livox_sdk2/lib'
[0.390s] Level 1:colcon.colcon_core.shell:create_environment_hook('livox_sdk2', 'ld_library_path_lib')
[0.390s] INFO:colcon.colcon_core.shell:Creating environment hook '/home/jienan/automatic_move/install/livox_sdk2/share/livox_sdk2/hook/ld_library_path_lib.ps1'
[0.390s] INFO:colcon.colcon_core.shell:Creating environment descriptor '/home/jienan/automatic_move/install/livox_sdk2/share/livox_sdk2/hook/ld_library_path_lib.dsv'
[0.391s] INFO:colcon.colcon_core.shell:Creating environment hook '/home/jienan/automatic_move/install/livox_sdk2/share/livox_sdk2/hook/ld_library_path_lib.sh'
[0.391s] Level 1:colcon.colcon_core.environment:checking '/home/jienan/automatic_move/install/livox_sdk2/bin'
[0.391s] Level 1:colcon.colcon_core.environment:checking '/home/jienan/automatic_move/install/livox_sdk2/lib/pkgconfig/livox_sdk2.pc'
[0.391s] Level 1:colcon.colcon_core.environment:checking '/home/jienan/automatic_move/install/livox_sdk2/lib/python3.10/site-packages'
[0.391s] Level 1:colcon.colcon_core.environment:checking '/home/jienan/automatic_move/install/livox_sdk2/bin'
[0.391s] INFO:colcon.colcon_core.shell:Creating package script '/home/jienan/automatic_move/install/livox_sdk2/share/livox_sdk2/package.ps1'
[0.392s] INFO:colcon.colcon_core.shell:Creating package descriptor '/home/jienan/automatic_move/install/livox_sdk2/share/livox_sdk2/package.dsv'
[0.392s] INFO:colcon.colcon_core.shell:Creating package script '/home/jienan/automatic_move/install/livox_sdk2/share/livox_sdk2/package.sh'
[0.392s] INFO:colcon.colcon_core.shell:Creating package script '/home/jienan/automatic_move/install/livox_sdk2/share/livox_sdk2/package.bash'
[0.393s] INFO:colcon.colcon_core.shell:Creating package script '/home/jienan/automatic_move/install/livox_sdk2/share/livox_sdk2/package.zsh'
[0.393s] Level 1:colcon.colcon_core.environment:create_file_with_runtime_dependencies(/home/jienan/automatic_move/install/livox_sdk2/share/colcon-core/packages/livox_sdk2)
[0.412s] DEBUG:colcon.colcon_core.event_handler.log_command:Invoked command in '/home/jienan/automatic_move/build/world_models' returned '0': CMAKE_PREFIX_PATH=${CMAKE_PREFIX_PATH}:/home/jienan/automatic_move/install/automove_engine:/opt/ros/humble /usr/bin/cmake /home/jienan/automatic_move/src/world_models -DCMAKE_INSTALL_PREFIX=/home/jienan/automatic_move/install/world_models
[0.413s] DEBUG:colcon.colcon_core.event_handler.log_command:Invoking command in '/home/jienan/automatic_move/build/world_models': CMAKE_PREFIX_PATH=${CMAKE_PREFIX_PATH}:/home/jienan/automatic_move/install/automove_engine:/opt/ros/humble /usr/bin/cmake --build /home/jienan/automatic_move/build/world_models -- -j24 -l24
[0.441s] DEBUG:colcon.colcon_core.event_handler.log_command:Invoked command in '/home/jienan/automatic_move/build/world_models' returned '0': CMAKE_PREFIX_PATH=${CMAKE_PREFIX_PATH}:/home/jienan/automatic_move/install/automove_engine:/opt/ros/humble /usr/bin/cmake --build /home/jienan/automatic_move/build/world_models -- -j24 -l24
[0.442s] DEBUG:colcon.colcon_core.event_handler.log_command:Invoking command in '/home/jienan/automatic_move/build/world_models': CMAKE_PREFIX_PATH=${CMAKE_PREFIX_PATH}:/home/jienan/automatic_move/install/automove_engine:/opt/ros/humble /usr/bin/cmake --install /home/jienan/automatic_move/build/world_models
[0.449s] Level 1:colcon.colcon_core.environment:create_environment_scripts_only(world_models)
[0.450s] Level 1:colcon.colcon_core.environment:checking '/home/jienan/automatic_move/install/world_models' for CMake module files
[0.450s] DEBUG:colcon.colcon_core.event_handler.log_command:Invoked command in '/home/jienan/automatic_move/build/world_models' returned '0': CMAKE_PREFIX_PATH=${CMAKE_PREFIX_PATH}:/home/jienan/automatic_move/install/automove_engine:/opt/ros/humble /usr/bin/cmake --install /home/jienan/automatic_move/build/world_models
[0.450s] Level 1:colcon.colcon_core.environment:checking '/home/jienan/automatic_move/install/world_models' for CMake config files
[0.450s] Level 1:colcon.colcon_core.shell:create_environment_hook('world_models', 'cmake_prefix_path')
[0.450s] INFO:colcon.colcon_core.shell:Creating environment hook '/home/jienan/automatic_move/install/world_models/share/world_models/hook/cmake_prefix_path.ps1'
[0.451s] INFO:colcon.colcon_core.shell:Creating environment descriptor '/home/jienan/automatic_move/install/world_models/share/world_models/hook/cmake_prefix_path.dsv'
[0.451s] INFO:colcon.colcon_core.shell:Creating environment hook '/home/jienan/automatic_move/install/world_models/share/world_models/hook/cmake_prefix_path.sh'
[0.451s] Level 1:colcon.colcon_core.environment:checking '/home/jienan/automatic_move/install/world_models/lib'
[0.451s] Level 1:colcon.colcon_core.environment:checking '/home/jienan/automatic_move/install/world_models/bin'
[0.451s] Level 1:colcon.colcon_core.environment:checking '/home/jienan/automatic_move/install/world_models/lib/pkgconfig/world_models.pc'
[0.451s] Level 1:colcon.colcon_core.environment:checking '/home/jienan/automatic_move/install/world_models/lib/python3.10/site-packages'
[0.451s] Level 1:colcon.colcon_core.environment:checking '/home/jienan/automatic_move/install/world_models/bin'
[0.452s] INFO:colcon.colcon_core.shell:Creating package script '/home/jienan/automatic_move/install/world_models/share/world_models/package.ps1'
[0.452s] INFO:colcon.colcon_core.shell:Creating package descriptor '/home/jienan/automatic_move/install/world_models/share/world_models/package.dsv'
[0.452s] INFO:colcon.colcon_core.shell:Creating package script '/home/jienan/automatic_move/install/world_models/share/world_models/package.sh'
[0.452s] INFO:colcon.colcon_core.shell:Creating package script '/home/jienan/automatic_move/install/world_models/share/world_models/package.bash'
[0.452s] INFO:colcon.colcon_core.shell:Creating package script '/home/jienan/automatic_move/install/world_models/share/world_models/package.zsh'
[0.452s] Level 1:colcon.colcon_core.environment:create_file_with_runtime_dependencies(/home/jienan/automatic_move/install/world_models/share/colcon-core/packages/world_models)
[0.453s] Level 1:colcon.colcon_core.environment:create_environment_scripts_only(world_models)
[0.453s] Level 1:colcon.colcon_core.environment:checking '/home/jienan/automatic_move/install/world_models' for CMake module files
[0.453s] Level 1:colcon.colcon_core.environment:checking '/home/jienan/automatic_move/install/world_models' for CMake config files
[0.453s] Level 1:colcon.colcon_core.shell:create_environment_hook('world_models', 'cmake_prefix_path')
[0.453s] INFO:colcon.colcon_core.shell:Creating environment hook '/home/jienan/automatic_move/install/world_models/share/world_models/hook/cmake_prefix_path.ps1'
[0.453s] INFO:colcon.colcon_core.shell:Creating environment descriptor '/home/jienan/automatic_move/install/world_models/share/world_models/hook/cmake_prefix_path.dsv'
[0.454s] INFO:colcon.colcon_core.shell:Creating environment hook '/home/jienan/automatic_move/install/world_models/share/world_models/hook/cmake_prefix_path.sh'
[0.454s] Level 1:colcon.colcon_core.environment:checking '/home/jienan/automatic_move/install/world_models/lib'
[0.454s] Level 1:colcon.colcon_core.environment:checking '/home/jienan/automatic_move/install/world_models/bin'
[0.454s] Level 1:colcon.colcon_core.environment:checking '/home/jienan/automatic_move/install/world_models/lib/pkgconfig/world_models.pc'
[0.454s] Level 1:colcon.colcon_core.environment:checking '/home/jienan/automatic_move/install/world_models/lib/python3.10/site-packages'
[0.454s] Level 1:colcon.colcon_core.environment:checking '/home/jienan/automatic_move/install/world_models/bin'
[0.454s] INFO:colcon.colcon_core.shell:Creating package script '/home/jienan/automatic_move/install/world_models/share/world_models/package.ps1'
[0.455s] INFO:colcon.colcon_core.shell:Creating package descriptor '/home/jienan/automatic_move/install/world_models/share/world_models/package.dsv'
[0.455s] INFO:colcon.colcon_core.shell:Creating package script '/home/jienan/automatic_move/install/world_models/share/world_models/package.sh'
[0.455s] INFO:colcon.colcon_core.shell:Creating package script '/home/jienan/automatic_move/install/world_models/share/world_models/package.bash'
[0.455s] INFO:colcon.colcon_core.shell:Creating package script '/home/jienan/automatic_move/install/world_models/share/world_models/package.zsh'
[0.455s] Level 1:colcon.colcon_core.environment:create_file_with_runtime_dependencies(/home/jienan/automatic_move/install/world_models/share/colcon-core/packages/world_models)
[0.605s] DEBUG:colcon.colcon_core.event_handler.log_command:Invoking command in '/home/jienan/automatic_move/src/automove_engine': PYTHONPATH=/home/jienan/automatic_move/build/automove_engine/prefix_override:/usr/lib/python3/dist-packages/colcon_core/task/python/colcon_distutils_commands:/home/jienan/automatic_move/install/automove_engine/lib/python3.10/site-packages:${PYTHONPATH} /usr/bin/python3 -W ignore:setup.py install is deprecated -W ignore:easy_install command is deprecated setup.py egg_info --egg-base ../../build/automove_engine build --build-base /home/jienan/automatic_move/build/automove_engine/build install --record /home/jienan/automatic_move/build/automove_engine/install.log --single-version-externally-managed install_data
[0.890s] Level 1:colcon.colcon_core.environment:checking '/home/jienan/automatic_move/install/automove_engine' for CMake module files
[0.890s] DEBUG:colcon.colcon_core.event_handler.log_command:Invoked command in '/home/jienan/automatic_move/src/automove_engine' returned '0': PYTHONPATH=/home/jienan/automatic_move/build/automove_engine/prefix_override:/usr/lib/python3/dist-packages/colcon_core/task/python/colcon_distutils_commands:/home/jienan/automatic_move/install/automove_engine/lib/python3.10/site-packages:${PYTHONPATH} /usr/bin/python3 -W ignore:setup.py install is deprecated -W ignore:easy_install command is deprecated setup.py egg_info --egg-base ../../build/automove_engine build --build-base /home/jienan/automatic_move/build/automove_engine/build install --record /home/jienan/automatic_move/build/automove_engine/install.log --single-version-externally-managed install_data
[0.891s] Level 1:colcon.colcon_core.environment:checking '/home/jienan/automatic_move/install/automove_engine' for CMake config files
[0.891s] Level 1:colcon.colcon_core.environment:checking '/home/jienan/automatic_move/install/automove_engine/lib'
[0.891s] Level 1:colcon.colcon_core.environment:checking '/home/jienan/automatic_move/install/automove_engine/bin'
[0.891s] Level 1:colcon.colcon_core.environment:checking '/home/jienan/automatic_move/install/automove_engine/lib/pkgconfig/automove_engine.pc'
[0.891s] Level 1:colcon.colcon_core.environment:checking '/home/jienan/automatic_move/install/automove_engine/lib/python3.10/site-packages'
[0.891s] Level 1:colcon.colcon_core.shell:create_environment_hook('automove_engine', 'pythonpath')
[0.891s] INFO:colcon.colcon_core.shell:Creating environment hook '/home/jienan/automatic_move/install/automove_engine/share/automove_engine/hook/pythonpath.ps1'
[0.891s] INFO:colcon.colcon_core.shell:Creating environment descriptor '/home/jienan/automatic_move/install/automove_engine/share/automove_engine/hook/pythonpath.dsv'
[0.892s] INFO:colcon.colcon_core.shell:Creating environment hook '/home/jienan/automatic_move/install/automove_engine/share/automove_engine/hook/pythonpath.sh'
[0.892s] Level 1:colcon.colcon_core.environment:checking '/home/jienan/automatic_move/install/automove_engine/bin'
[0.892s] Level 1:colcon.colcon_core.environment:create_environment_scripts_only(automove_engine)
[0.892s] INFO:colcon.colcon_core.shell:Creating package script '/home/jienan/automatic_move/install/automove_engine/share/automove_engine/package.ps1'
[0.892s] INFO:colcon.colcon_core.shell:Creating package descriptor '/home/jienan/automatic_move/install/automove_engine/share/automove_engine/package.dsv'
[0.893s] INFO:colcon.colcon_core.shell:Creating package script '/home/jienan/automatic_move/install/automove_engine/share/automove_engine/package.sh'
[0.893s] INFO:colcon.colcon_core.shell:Creating package script '/home/jienan/automatic_move/install/automove_engine/share/automove_engine/package.bash'
[0.893s] INFO:colcon.colcon_core.shell:Creating package script '/home/jienan/automatic_move/install/automove_engine/share/automove_engine/package.zsh'
[0.893s] Level 1:colcon.colcon_core.environment:create_file_with_runtime_dependencies(/home/jienan/automatic_move/install/automove_engine/share/colcon-core/packages/automove_engine)
[1.766s] DEBUG:colcon.colcon_core.event_handler.log_command:Invoked command in '/home/jienan/automatic_move/build/livox_ros_driver2' returned '0': CMAKE_PREFIX_PATH=${CMAKE_PREFIX_PATH}:/home/jienan/automatic_move/install/automove_engine:/opt/ros/humble /usr/bin/cmake /home/jienan/automatic_move/src/livox_ros_driver2 -DCMAKE_INSTALL_PREFIX=/home/jienan/automatic_move/install/livox_ros_driver2
[1.766s] DEBUG:colcon.colcon_core.event_handler.log_command:Invoking command in '/home/jienan/automatic_move/build/livox_ros_driver2': CMAKE_PREFIX_PATH=${CMAKE_PREFIX_PATH}:/home/jienan/automatic_move/install/automove_engine:/opt/ros/humble /usr/bin/cmake --build /home/jienan/automatic_move/build/livox_ros_driver2 -- -j24 -l24
[2.019s] DEBUG:colcon.colcon_core.event_handler.log_command:Invoked command in '/home/jienan/automatic_move/build/livox_ros_driver2' returned '0': CMAKE_PREFIX_PATH=${CMAKE_PREFIX_PATH}:/home/jienan/automatic_move/install/automove_engine:/opt/ros/humble /usr/bin/cmake --build /home/jienan/automatic_move/build/livox_ros_driver2 -- -j24 -l24
[2.020s] DEBUG:colcon.colcon_core.event_handler.log_command:Invoking command in '/home/jienan/automatic_move/build/livox_ros_driver2': CMAKE_PREFIX_PATH=${CMAKE_PREFIX_PATH}:/home/jienan/automatic_move/install/automove_engine:/opt/ros/humble /usr/bin/cmake --install /home/jienan/automatic_move/build/livox_ros_driver2
[2.057s] Level 1:colcon.colcon_core.environment:create_environment_scripts_only(livox_ros_driver2)
[2.057s] Level 1:colcon.colcon_core.environment:checking '/home/jienan/automatic_move/install/livox_ros_driver2' for CMake module files
[2.057s] DEBUG:colcon.colcon_core.event_handler.log_command:Invoked command in '/home/jienan/automatic_move/build/livox_ros_driver2' returned '0': CMAKE_PREFIX_PATH=${CMAKE_PREFIX_PATH}:/home/jienan/automatic_move/install/automove_engine:/opt/ros/humble /usr/bin/cmake --install /home/jienan/automatic_move/build/livox_ros_driver2
[2.058s] Level 1:colcon.colcon_core.environment:checking '/home/jienan/automatic_move/install/livox_ros_driver2' for CMake config files
[2.058s] Level 1:colcon.colcon_core.shell:create_environment_hook('livox_ros_driver2', 'cmake_prefix_path')
[2.058s] INFO:colcon.colcon_core.shell:Creating environment hook '/home/jienan/automatic_move/install/livox_ros_driver2/share/livox_ros_driver2/hook/cmake_prefix_path.ps1'
[2.058s] INFO:colcon.colcon_core.shell:Creating environment descriptor '/home/jienan/automatic_move/install/livox_ros_driver2/share/livox_ros_driver2/hook/cmake_prefix_path.dsv'
[2.059s] INFO:colcon.colcon_core.shell:Creating environment hook '/home/jienan/automatic_move/install/livox_ros_driver2/share/livox_ros_driver2/hook/cmake_prefix_path.sh'
[2.059s] Level 1:colcon.colcon_core.environment:checking '/home/jienan/automatic_move/install/livox_ros_driver2/lib'
[2.059s] Level 1:colcon.colcon_core.shell:create_environment_hook('livox_ros_driver2', 'ld_library_path_lib')
[2.059s] INFO:colcon.colcon_core.shell:Creating environment hook '/home/jienan/automatic_move/install/livox_ros_driver2/share/livox_ros_driver2/hook/ld_library_path_lib.ps1'
[2.059s] INFO:colcon.colcon_core.shell:Creating environment descriptor '/home/jienan/automatic_move/install/livox_ros_driver2/share/livox_ros_driver2/hook/ld_library_path_lib.dsv'
[2.060s] INFO:colcon.colcon_core.shell:Creating environment hook '/home/jienan/automatic_move/install/livox_ros_driver2/share/livox_ros_driver2/hook/ld_library_path_lib.sh'
[2.060s] Level 1:colcon.colcon_core.environment:checking '/home/jienan/automatic_move/install/livox_ros_driver2/bin'
[2.060s] Level 1:colcon.colcon_core.environment:checking '/home/jienan/automatic_move/install/livox_ros_driver2/lib/pkgconfig/livox_ros_driver2.pc'
[2.060s] Level 1:colcon.colcon_core.environment:checking '/home/jienan/automatic_move/install/livox_ros_driver2/lib/python3.10/site-packages'
[2.060s] Level 1:colcon.colcon_core.environment:checking '/home/jienan/automatic_move/install/livox_ros_driver2/bin'
[2.060s] INFO:colcon.colcon_core.shell:Creating package script '/home/jienan/automatic_move/install/livox_ros_driver2/share/livox_ros_driver2/package.ps1'
[2.060s] INFO:colcon.colcon_core.shell:Creating package descriptor '/home/jienan/automatic_move/install/livox_ros_driver2/share/livox_ros_driver2/package.dsv'
[2.061s] INFO:colcon.colcon_core.shell:Creating package script '/home/jienan/automatic_move/install/livox_ros_driver2/share/livox_ros_driver2/package.sh'
[2.061s] INFO:colcon.colcon_core.shell:Creating package script '/home/jienan/automatic_move/install/livox_ros_driver2/share/livox_ros_driver2/package.bash'
[2.061s] INFO:colcon.colcon_core.shell:Creating package script '/home/jienan/automatic_move/install/livox_ros_driver2/share/livox_ros_driver2/package.zsh'
[2.061s] Level 1:colcon.colcon_core.environment:create_file_with_runtime_dependencies(/home/jienan/automatic_move/install/livox_ros_driver2/share/colcon-core/packages/livox_ros_driver2)
[2.061s] Level 1:colcon.colcon_core.environment:create_environment_scripts_only(livox_ros_driver2)
[2.062s] Level 1:colcon.colcon_core.environment:checking '/home/jienan/automatic_move/install/livox_ros_driver2' for CMake module files
[2.062s] Level 1:colcon.colcon_core.environment:checking '/home/jienan/automatic_move/install/livox_ros_driver2' for CMake config files
[2.062s] Level 1:colcon.colcon_core.shell:create_environment_hook('livox_ros_driver2', 'cmake_prefix_path')
[2.062s] INFO:colcon.colcon_core.shell:Creating environment hook '/home/jienan/automatic_move/install/livox_ros_driver2/share/livox_ros_driver2/hook/cmake_prefix_path.ps1'
[2.062s] INFO:colcon.colcon_core.shell:Creating environment descriptor '/home/jienan/automatic_move/install/livox_ros_driver2/share/livox_ros_driver2/hook/cmake_prefix_path.dsv'
[2.063s] INFO:colcon.colcon_core.shell:Creating environment hook '/home/jienan/automatic_move/install/livox_ros_driver2/share/livox_ros_driver2/hook/cmake_prefix_path.sh'
[2.063s] Level 1:colcon.colcon_core.environment:checking '/home/jienan/automatic_move/install/livox_ros_driver2/lib'
[2.063s] Level 1:colcon.colcon_core.shell:create_environment_hook('livox_ros_driver2', 'ld_library_path_lib')
[2.063s] INFO:colcon.colcon_core.shell:Creating environment hook '/home/jienan/automatic_move/install/livox_ros_driver2/share/livox_ros_driver2/hook/ld_library_path_lib.ps1'
[2.063s] INFO:colcon.colcon_core.shell:Creating environment descriptor '/home/jienan/automatic_move/install/livox_ros_driver2/share/livox_ros_driver2/hook/ld_library_path_lib.dsv'
[2.063s] INFO:colcon.colcon_core.shell:Creating environment hook '/home/jienan/automatic_move/install/livox_ros_driver2/share/livox_ros_driver2/hook/ld_library_path_lib.sh'
[2.064s] Level 1:colcon.colcon_core.environment:checking '/home/jienan/automatic_move/install/livox_ros_driver2/bin'
[2.064s] Level 1:colcon.colcon_core.environment:checking '/home/jienan/automatic_move/install/livox_ros_driver2/lib/pkgconfig/livox_ros_driver2.pc'
[2.064s] Level 1:colcon.colcon_core.environment:checking '/home/jienan/automatic_move/install/livox_ros_driver2/lib/python3.10/site-packages'
[2.064s] Level 1:colcon.colcon_core.environment:checking '/home/jienan/automatic_move/install/livox_ros_driver2/bin'
[2.064s] INFO:colcon.colcon_core.shell:Creating package script '/home/jienan/automatic_move/install/livox_ros_driver2/share/livox_ros_driver2/package.ps1'
[2.064s] INFO:colcon.colcon_core.shell:Creating package descriptor '/home/jienan/automatic_move/install/livox_ros_driver2/share/livox_ros_driver2/package.dsv'
[2.065s] INFO:colcon.colcon_core.shell:Creating package script '/home/jienan/automatic_move/install/livox_ros_driver2/share/livox_ros_driver2/package.sh'
[2.065s] INFO:colcon.colcon_core.shell:Creating package script '/home/jienan/automatic_move/install/livox_ros_driver2/share/livox_ros_driver2/package.bash'
[2.065s] INFO:colcon.colcon_core.shell:Creating package script '/home/jienan/automatic_move/install/livox_ros_driver2/share/livox_ros_driver2/package.zsh'
[2.065s] Level 1:colcon.colcon_core.environment:create_file_with_runtime_dependencies(/home/jienan/automatic_move/install/livox_ros_driver2/share/colcon-core/packages/livox_ros_driver2)
[2.065s] INFO:colcon.colcon_ros.task.ament_cmake.build:Building ROS package in '/home/jienan/automatic_move/src/livox_laser_simulation_ros2' with build type 'ament_cmake'
[2.065s] INFO:colcon.colcon_cmake.task.cmake.build:Building CMake package in '/home/jienan/automatic_move/src/livox_laser_simulation_ros2'
[2.066s] INFO:colcon.colcon_core.shell:Skip shell extension 'powershell' for command environment: Not usable outside of PowerShell
[2.066s] DEBUG:colcon.colcon_core.shell:Skip shell extension 'dsv' for command environment
[2.074s] DEBUG:colcon.colcon_core.event_handler.log_command:Invoking command in '/home/jienan/automatic_move/build/ros2_livox_simulation': CMAKE_PREFIX_PATH=/home/jienan/automatic_move/install/livox_ros_driver2:/home/jienan/automatic_move/install/world_models:/home/jienan/automatic_move/install/ros2_livox_simulation:/home/jienan/automatic_move/install/automove_engine:/opt/ros/humble LD_LIBRARY_PATH=/home/jienan/automatic_move/install/livox_ros_driver2/lib:/home/jienan/automatic_move/install/ros2_livox_simulation/lib:/usr/lib/x86_64-linux-gnu/gazebo-11/plugins:/opt/ros/humble/opt/rviz_ogre_vendor/lib:/opt/ros/humble/lib/x86_64-linux-gnu:/opt/ros/humble/lib:/home/jienan/automatic_move/install/livox_sdk2/lib /usr/bin/cmake /home/jienan/automatic_move/src/livox_laser_simulation_ros2 -DCMAKE_INSTALL_PREFIX=/home/jienan/automatic_move/install/ros2_livox_simulation
[3.805s] DEBUG:colcon.colcon_core.event_handler.log_command:Invoked command in '/home/jienan/automatic_move/build/ros2_livox_simulation' returned '0': CMAKE_PREFIX_PATH=/home/jienan/automatic_move/install/livox_ros_driver2:/home/jienan/automatic_move/install/world_models:/home/jienan/automatic_move/install/ros2_livox_simulation:/home/jienan/automatic_move/install/automove_engine:/opt/ros/humble LD_LIBRARY_PATH=/home/jienan/automatic_move/install/livox_ros_driver2/lib:/home/jienan/automatic_move/install/ros2_livox_simulation/lib:/usr/lib/x86_64-linux-gnu/gazebo-11/plugins:/opt/ros/humble/opt/rviz_ogre_vendor/lib:/opt/ros/humble/lib/x86_64-linux-gnu:/opt/ros/humble/lib:/home/jienan/automatic_move/install/livox_sdk2/lib /usr/bin/cmake /home/jienan/automatic_move/src/livox_laser_simulation_ros2 -DCMAKE_INSTALL_PREFIX=/home/jienan/automatic_move/install/ros2_livox_simulation
[3.807s] DEBUG:colcon.colcon_core.event_handler.log_command:Invoking command in '/home/jienan/automatic_move/build/ros2_livox_simulation': CMAKE_PREFIX_PATH=/home/jienan/automatic_move/install/livox_ros_driver2:/home/jienan/automatic_move/install/world_models:/home/jienan/automatic_move/install/ros2_livox_simulation:/home/jienan/automatic_move/install/automove_engine:/opt/ros/humble LD_LIBRARY_PATH=/home/jienan/automatic_move/install/livox_ros_driver2/lib:/home/jienan/automatic_move/install/ros2_livox_simulation/lib:/usr/lib/x86_64-linux-gnu/gazebo-11/plugins:/opt/ros/humble/opt/rviz_ogre_vendor/lib:/opt/ros/humble/lib/x86_64-linux-gnu:/opt/ros/humble/lib:/home/jienan/automatic_move/install/livox_sdk2/lib /usr/bin/cmake --build /home/jienan/automatic_move/build/ros2_livox_simulation -- -j24 -l24
[3.890s] DEBUG:colcon.colcon_core.event_handler.log_command:Invoked command in '/home/jienan/automatic_move/build/ros2_livox_simulation' returned '0': CMAKE_PREFIX_PATH=/home/jienan/automatic_move/install/livox_ros_driver2:/home/jienan/automatic_move/install/world_models:/home/jienan/automatic_move/install/ros2_livox_simulation:/home/jienan/automatic_move/install/automove_engine:/opt/ros/humble LD_LIBRARY_PATH=/home/jienan/automatic_move/install/livox_ros_driver2/lib:/home/jienan/automatic_move/install/ros2_livox_simulation/lib:/usr/lib/x86_64-linux-gnu/gazebo-11/plugins:/opt/ros/humble/opt/rviz_ogre_vendor/lib:/opt/ros/humble/lib/x86_64-linux-gnu:/opt/ros/humble/lib:/home/jienan/automatic_move/install/livox_sdk2/lib /usr/bin/cmake --build /home/jienan/automatic_move/build/ros2_livox_simulation -- -j24 -l24
[3.893s] DEBUG:colcon.colcon_core.event_handler.log_command:Invoking command in '/home/jienan/automatic_move/build/ros2_livox_simulation': CMAKE_PREFIX_PATH=/home/jienan/automatic_move/install/livox_ros_driver2:/home/jienan/automatic_move/install/world_models:/home/jienan/automatic_move/install/ros2_livox_simulation:/home/jienan/automatic_move/install/automove_engine:/opt/ros/humble LD_LIBRARY_PATH=/home/jienan/automatic_move/install/livox_ros_driver2/lib:/home/jienan/automatic_move/install/ros2_livox_simulation/lib:/usr/lib/x86_64-linux-gnu/gazebo-11/plugins:/opt/ros/humble/opt/rviz_ogre_vendor/lib:/opt/ros/humble/lib/x86_64-linux-gnu:/opt/ros/humble/lib:/home/jienan/automatic_move/install/livox_sdk2/lib /usr/bin/cmake --install /home/jienan/automatic_move/build/ros2_livox_simulation
[3.906s] Level 1:colcon.colcon_core.environment:create_environment_scripts_only(ros2_livox_simulation)
[3.907s] Level 1:colcon.colcon_core.environment:checking '/home/jienan/automatic_move/install/ros2_livox_simulation' for CMake module files
[3.907s] DEBUG:colcon.colcon_core.event_handler.log_command:Invoked command in '/home/jienan/automatic_move/build/ros2_livox_simulation' returned '0': CMAKE_PREFIX_PATH=/home/jienan/automatic_move/install/livox_ros_driver2:/home/jienan/automatic_move/install/world_models:/home/jienan/automatic_move/install/ros2_livox_simulation:/home/jienan/automatic_move/install/automove_engine:/opt/ros/humble LD_LIBRARY_PATH=/home/jienan/automatic_move/install/livox_ros_driver2/lib:/home/jienan/automatic_move/install/ros2_livox_simulation/lib:/usr/lib/x86_64-linux-gnu/gazebo-11/plugins:/opt/ros/humble/opt/rviz_ogre_vendor/lib:/opt/ros/humble/lib/x86_64-linux-gnu:/opt/ros/humble/lib:/home/jienan/automatic_move/install/livox_sdk2/lib /usr/bin/cmake --install /home/jienan/automatic_move/build/ros2_livox_simulation
[3.908s] Level 1:colcon.colcon_core.environment:checking '/home/jienan/automatic_move/install/ros2_livox_simulation' for CMake config files
[3.908s] Level 1:colcon.colcon_core.shell:create_environment_hook('ros2_livox_simulation', 'cmake_prefix_path')
[3.908s] INFO:colcon.colcon_core.shell:Creating environment hook '/home/jienan/automatic_move/install/ros2_livox_simulation/share/ros2_livox_simulation/hook/cmake_prefix_path.ps1'
[3.909s] INFO:colcon.colcon_core.shell:Creating environment descriptor '/home/jienan/automatic_move/install/ros2_livox_simulation/share/ros2_livox_simulation/hook/cmake_prefix_path.dsv'
[3.909s] INFO:colcon.colcon_core.shell:Creating environment hook '/home/jienan/automatic_move/install/ros2_livox_simulation/share/ros2_livox_simulation/hook/cmake_prefix_path.sh'
[3.910s] Level 1:colcon.colcon_core.environment:checking '/home/jienan/automatic_move/install/ros2_livox_simulation/lib'
[3.910s] Level 1:colcon.colcon_core.shell:create_environment_hook('ros2_livox_simulation', 'ld_library_path_lib')
[3.910s] INFO:colcon.colcon_core.shell:Creating environment hook '/home/jienan/automatic_move/install/ros2_livox_simulation/share/ros2_livox_simulation/hook/ld_library_path_lib.ps1'
[3.911s] INFO:colcon.colcon_core.shell:Creating environment descriptor '/home/jienan/automatic_move/install/ros2_livox_simulation/share/ros2_livox_simulation/hook/ld_library_path_lib.dsv'
[3.911s] INFO:colcon.colcon_core.shell:Creating environment hook '/home/jienan/automatic_move/install/ros2_livox_simulation/share/ros2_livox_simulation/hook/ld_library_path_lib.sh'
[3.912s] Level 1:colcon.colcon_core.environment:checking '/home/jienan/automatic_move/install/ros2_livox_simulation/bin'
[3.912s] Level 1:colcon.colcon_core.environment:checking '/home/jienan/automatic_move/install/ros2_livox_simulation/lib/pkgconfig/ros2_livox_simulation.pc'
[3.912s] Level 1:colcon.colcon_core.environment:checking '/home/jienan/automatic_move/install/ros2_livox_simulation/lib/python3.10/site-packages'
[3.912s] Level 1:colcon.colcon_core.environment:checking '/home/jienan/automatic_move/install/ros2_livox_simulation/bin'
[3.913s] INFO:colcon.colcon_core.shell:Creating package script '/home/jienan/automatic_move/install/ros2_livox_simulation/share/ros2_livox_simulation/package.ps1'
[3.913s] INFO:colcon.colcon_core.shell:Creating package descriptor '/home/jienan/automatic_move/install/ros2_livox_simulation/share/ros2_livox_simulation/package.dsv'
[3.914s] INFO:colcon.colcon_core.shell:Creating package script '/home/jienan/automatic_move/install/ros2_livox_simulation/share/ros2_livox_simulation/package.sh'
[3.914s] INFO:colcon.colcon_core.shell:Creating package script '/home/jienan/automatic_move/install/ros2_livox_simulation/share/ros2_livox_simulation/package.bash'
[3.914s] INFO:colcon.colcon_core.shell:Creating package script '/home/jienan/automatic_move/install/ros2_livox_simulation/share/ros2_livox_simulation/package.zsh'
[3.915s] Level 1:colcon.colcon_core.environment:create_file_with_runtime_dependencies(/home/jienan/automatic_move/install/ros2_livox_simulation/share/colcon-core/packages/ros2_livox_simulation)
[3.915s] Level 1:colcon.colcon_core.environment:create_environment_scripts_only(ros2_livox_simulation)
[3.915s] Level 1:colcon.colcon_core.environment:checking '/home/jienan/automatic_move/install/ros2_livox_simulation' for CMake module files
[3.916s] Level 1:colcon.colcon_core.environment:checking '/home/jienan/automatic_move/install/ros2_livox_simulation' for CMake config files
[3.916s] Level 1:colcon.colcon_core.shell:create_environment_hook('ros2_livox_simulation', 'cmake_prefix_path')
[3.916s] INFO:colcon.colcon_core.shell:Creating environment hook '/home/jienan/automatic_move/install/ros2_livox_simulation/share/ros2_livox_simulation/hook/cmake_prefix_path.ps1'
[3.916s] INFO:colcon.colcon_core.shell:Creating environment descriptor '/home/jienan/automatic_move/install/ros2_livox_simulation/share/ros2_livox_simulation/hook/cmake_prefix_path.dsv'
[3.917s] INFO:colcon.colcon_core.shell:Creating environment hook '/home/jienan/automatic_move/install/ros2_livox_simulation/share/ros2_livox_simulation/hook/cmake_prefix_path.sh'
[3.917s] Level 1:colcon.colcon_core.environment:checking '/home/jienan/automatic_move/install/ros2_livox_simulation/lib'
[3.917s] Level 1:colcon.colcon_core.shell:create_environment_hook('ros2_livox_simulation', 'ld_library_path_lib')
[3.917s] INFO:colcon.colcon_core.shell:Creating environment hook '/home/jienan/automatic_move/install/ros2_livox_simulation/share/ros2_livox_simulation/hook/ld_library_path_lib.ps1'
[3.918s] INFO:colcon.colcon_core.shell:Creating environment descriptor '/home/jienan/automatic_move/install/ros2_livox_simulation/share/ros2_livox_simulation/hook/ld_library_path_lib.dsv'
[3.918s] INFO:colcon.colcon_core.shell:Creating environment hook '/home/jienan/automatic_move/install/ros2_livox_simulation/share/ros2_livox_simulation/hook/ld_library_path_lib.sh'
[3.918s] Level 1:colcon.colcon_core.environment:checking '/home/jienan/automatic_move/install/ros2_livox_simulation/bin'
[3.918s] Level 1:colcon.colcon_core.environment:checking '/home/jienan/automatic_move/install/ros2_livox_simulation/lib/pkgconfig/ros2_livox_simulation.pc'
[3.918s] Level 1:colcon.colcon_core.environment:checking '/home/jienan/automatic_move/install/ros2_livox_simulation/lib/python3.10/site-packages'
[3.919s] Level 1:colcon.colcon_core.environment:checking '/home/jienan/automatic_move/install/ros2_livox_simulation/bin'
[3.919s] INFO:colcon.colcon_core.shell:Creating package script '/home/jienan/automatic_move/install/ros2_livox_simulation/share/ros2_livox_simulation/package.ps1'
[3.919s] INFO:colcon.colcon_core.shell:Creating package descriptor '/home/jienan/automatic_move/install/ros2_livox_simulation/share/ros2_livox_simulation/package.dsv'
[3.920s] INFO:colcon.colcon_core.shell:Creating package script '/home/jienan/automatic_move/install/ros2_livox_simulation/share/ros2_livox_simulation/package.sh'
[3.920s] INFO:colcon.colcon_core.shell:Creating package script '/home/jienan/automatic_move/install/ros2_livox_simulation/share/ros2_livox_simulation/package.bash'
[3.920s] INFO:colcon.colcon_core.shell:Creating package script '/home/jienan/automatic_move/install/ros2_livox_simulation/share/ros2_livox_simulation/package.zsh'
[3.921s] Level 1:colcon.colcon_core.environment:create_file_with_runtime_dependencies(/home/jienan/automatic_move/install/ros2_livox_simulation/share/colcon-core/packages/ros2_livox_simulation)
[3.921s] DEBUG:colcon.colcon_parallel_executor.executor.parallel:closing loop
[3.921s] DEBUG:colcon.colcon_parallel_executor.executor.parallel:loop closed
[3.921s] DEBUG:colcon.colcon_parallel_executor.executor.parallel:run_until_complete finished with '0'
[3.921s] DEBUG:colcon.colcon_core.event_reactor:joining thread
[3.926s] INFO:colcon.colcon_core.plugin_system:Skipping extension 'colcon_notification.desktop_notification.terminal_notifier': Not used on non-Darwin systems
[3.926s] INFO:colcon.colcon_core.plugin_system:Skipping extension 'colcon_notification.desktop_notification.win32': Not used on non-Windows systems
[3.926s] INFO:colcon.colcon_notification.desktop_notification:Sending desktop notification using 'notify2'
[3.940s] DEBUG:colcon.colcon_core.event_reactor:joined thread
[3.940s] INFO:colcon.colcon_core.shell:Creating prefix script '/home/jienan/automatic_move/install/local_setup.ps1'
[3.941s] INFO:colcon.colcon_core.shell:Creating prefix util module '/home/jienan/automatic_move/install/_local_setup_util_ps1.py'
[3.942s] INFO:colcon.colcon_core.shell:Creating prefix chain script '/home/jienan/automatic_move/install/setup.ps1'
[3.943s] INFO:colcon.colcon_core.shell:Creating prefix script '/home/jienan/automatic_move/install/local_setup.sh'
[3.943s] INFO:colcon.colcon_core.shell:Creating prefix util module '/home/jienan/automatic_move/install/_local_setup_util_sh.py'
[3.943s] INFO:colcon.colcon_core.shell:Creating prefix chain script '/home/jienan/automatic_move/install/setup.sh'
[3.944s] INFO:colcon.colcon_core.shell:Creating prefix script '/home/jienan/automatic_move/install/local_setup.bash'
[3.944s] INFO:colcon.colcon_core.shell:Creating prefix chain script '/home/jienan/automatic_move/install/setup.bash'
[3.945s] INFO:colcon.colcon_core.shell:Creating prefix script '/home/jienan/automatic_move/install/local_setup.zsh'
[3.945s] INFO:colcon.colcon_core.shell:Creating prefix chain script '/home/jienan/automatic_move/install/setup.zsh'
