-- Found ament_cmake: 1.3.12 (/opt/ros/humble/share/ament_cmake/cmake)
-- Override CMake install command with custom implementation using symlinks instead of copying resources
-- Found rclpy: 3.3.17 (/opt/ros/humble/share/rclpy/cmake)
-- Configuring done
-- Generating done
-- Build files have been written to: /home/jienan/automatic_move/build/world_models
-- Install configuration: ""
-- Execute custom install script
-- Symlinking: /home/jienan/automatic_move/install/world_models/share/world_models/competition_field/meshes/world.stl
-- Symlinking: /home/jienan/automatic_move/install/world_models/share/world_models/competition_field/model.config
-- Symlinking: /home/jienan/automatic_move/install/world_models/share/world_models/competition_field/model.sdf
-- Symlinking: /home/jienan/automatic_move/install/world_models/share/world_models/simple_robot/model.config
-- Symlinking: /home/jienan/automatic_move/install/world_models/share/world_models/simple_robot/robot.urdf
-- Symlinking: /home/jienan/automatic_move/install/world_models/share/world_models/competition_field.world
-- Symlinking: /home/jienan/automatic_move/install/world_models/share/world_models/competition_field_copy.world
-- Symlinking: /home/jienan/automatic_move/install/world_models/share/world_models/gazebo_launch.py
-- Symlinking: /home/jienan/automatic_move/install/world_models/lib/world_models/test_robot_movement.py
-- Symlinking: /home/jienan/automatic_move/install/world_models/share/ament_index/resource_index/package_run_dependencies/world_models
-- Symlinking: /home/jienan/automatic_move/install/world_models/share/ament_index/resource_index/parent_prefix_path/world_models
-- Symlinking: /home/jienan/automatic_move/install/world_models/share/world_models/environment/ament_prefix_path.sh
-- Symlinking: /home/jienan/automatic_move/install/world_models/share/world_models/environment/ament_prefix_path.dsv
-- Symlinking: /home/jienan/automatic_move/install/world_models/share/world_models/environment/path.sh
-- Symlinking: /home/jienan/automatic_move/install/world_models/share/world_models/environment/path.dsv
-- Symlinking: /home/jienan/automatic_move/install/world_models/share/world_models/local_setup.bash
-- Symlinking: /home/jienan/automatic_move/install/world_models/share/world_models/local_setup.sh
-- Symlinking: /home/jienan/automatic_move/install/world_models/share/world_models/local_setup.zsh
-- Symlinking: /home/jienan/automatic_move/install/world_models/share/world_models/local_setup.dsv
-- Symlinking: /home/jienan/automatic_move/install/world_models/share/world_models/package.dsv
-- Symlinking: /home/jienan/automatic_move/install/world_models/share/ament_index/resource_index/packages/world_models
-- Symlinking: /home/jienan/automatic_move/install/world_models/share/world_models/cmake/world_modelsConfig.cmake
-- Symlinking: /home/jienan/automatic_move/install/world_models/share/world_models/cmake/world_modelsConfig-version.cmake
-- Symlinking: /home/jienan/automatic_move/install/world_models/share/world_models/package.xml
