[0.170s] Invoking command in '/home/jienan/automatic_move/build/world_models': CMAKE_PREFIX_PATH=${CMAKE_PREFIX_PATH}:/home/jienan/automatic_move/install/automove_engine:/opt/ros/humble /usr/bin/cmake /home/jienan/automatic_move/src/world_models -DAMENT_CMAKE_SYMLINK_INSTALL=1 -DCMAKE_INSTALL_PREFIX=/home/jienan/automatic_move/install/world_models
[0.195s] -- Found ament_cmake: 1.3.12 (/opt/ros/humble/share/ament_cmake/cmake)
[0.318s] -- Override CMake install command with custom implementation using symlinks instead of copying resources
[0.357s] -- Found rclpy: 3.3.17 (/opt/ros/humble/share/rclpy/cmake)
[0.401s] -- Configuring done
[0.404s] -- Generating done
[0.405s] -- Build files have been written to: /home/jienan/automatic_move/build/world_models
[0.407s] Invoked command in '/home/jienan/automatic_move/build/world_models' returned '0': CMAKE_PREFIX_PATH=${CMAKE_PREFIX_PATH}:/home/jienan/automatic_move/install/automove_engine:/opt/ros/humble /usr/bin/cmake /home/jienan/automatic_move/src/world_models -DAMENT_CMAKE_SYMLINK_INSTALL=1 -DCMAKE_INSTALL_PREFIX=/home/jienan/automatic_move/install/world_models
[0.409s] Invoking command in '/home/jienan/automatic_move/build/world_models': CMAKE_PREFIX_PATH=${CMAKE_PREFIX_PATH}:/home/jienan/automatic_move/install/automove_engine:/opt/ros/humble /usr/bin/cmake --build /home/jienan/automatic_move/build/world_models -- -j24 -l24
[0.458s] Invoked command in '/home/jienan/automatic_move/build/world_models' returned '0': CMAKE_PREFIX_PATH=${CMAKE_PREFIX_PATH}:/home/jienan/automatic_move/install/automove_engine:/opt/ros/humble /usr/bin/cmake --build /home/jienan/automatic_move/build/world_models -- -j24 -l24
[0.466s] Invoking command in '/home/jienan/automatic_move/build/world_models': CMAKE_PREFIX_PATH=${CMAKE_PREFIX_PATH}:/home/jienan/automatic_move/install/automove_engine:/opt/ros/humble /usr/bin/cmake --install /home/jienan/automatic_move/build/world_models
[0.472s] -- Install configuration: ""
[0.472s] -- Execute custom install script
[0.472s] -- Symlinking: /home/jienan/automatic_move/install/world_models/share/world_models/competition_field/meshes/world.stl
[0.481s] -- Symlinking: /home/jienan/automatic_move/install/world_models/share/world_models/competition_field/model.config
[0.495s] -- Symlinking: /home/jienan/automatic_move/install/world_models/share/world_models/competition_field/model.sdf
[0.509s] -- Symlinking: /home/jienan/automatic_move/install/world_models/share/world_models/simple_robot/model.config
[0.532s] -- Symlinking: /home/jienan/automatic_move/install/world_models/share/world_models/simple_robot/robot.urdf
[0.546s] -- Symlinking: /home/jienan/automatic_move/install/world_models/share/world_models/competition_field.world
[0.559s] -- Symlinking: /home/jienan/automatic_move/install/world_models/share/world_models/competition_field_copy.world
[0.575s] -- Symlinking: /home/jienan/automatic_move/install/world_models/share/world_models/gazebo_launch.py
[0.588s] -- Symlinking: /home/jienan/automatic_move/install/world_models/lib/world_models/test_robot_movement.py
[0.597s] -- Symlinking: /home/jienan/automatic_move/install/world_models/share/ament_index/resource_index/package_run_dependencies/world_models
[0.603s] -- Symlinking: /home/jienan/automatic_move/install/world_models/share/ament_index/resource_index/parent_prefix_path/world_models
[0.611s] -- Symlinking: /home/jienan/automatic_move/install/world_models/share/world_models/environment/ament_prefix_path.sh
[0.621s] -- Symlinking: /home/jienan/automatic_move/install/world_models/share/world_models/environment/ament_prefix_path.dsv
[0.632s] -- Symlinking: /home/jienan/automatic_move/install/world_models/share/world_models/environment/path.sh
[0.646s] -- Symlinking: /home/jienan/automatic_move/install/world_models/share/world_models/environment/path.dsv
[0.654s] -- Symlinking: /home/jienan/automatic_move/install/world_models/share/world_models/local_setup.bash
[0.660s] -- Symlinking: /home/jienan/automatic_move/install/world_models/share/world_models/local_setup.sh
[0.668s] -- Symlinking: /home/jienan/automatic_move/install/world_models/share/world_models/local_setup.zsh
[0.674s] -- Symlinking: /home/jienan/automatic_move/install/world_models/share/world_models/local_setup.dsv
[0.683s] -- Symlinking: /home/jienan/automatic_move/install/world_models/share/world_models/package.dsv
[0.691s] -- Symlinking: /home/jienan/automatic_move/install/world_models/share/ament_index/resource_index/packages/world_models
[0.699s] -- Symlinking: /home/jienan/automatic_move/install/world_models/share/world_models/cmake/world_modelsConfig.cmake
[0.708s] -- Symlinking: /home/jienan/automatic_move/install/world_models/share/world_models/cmake/world_modelsConfig-version.cmake
[0.717s] -- Symlinking: /home/jienan/automatic_move/install/world_models/share/world_models/package.xml
[0.726s] Invoked command in '/home/jienan/automatic_move/build/world_models' returned '0': CMAKE_PREFIX_PATH=${CMAKE_PREFIX_PATH}:/home/jienan/automatic_move/install/automove_engine:/opt/ros/humble /usr/bin/cmake --install /home/jienan/automatic_move/build/world_models
