[0.134s] Invoking command in '/home/jienan/automatic_move/build/world_models': CMAKE_PREFIX_PATH=${CMAKE_PREFIX_PATH}:/home/jienan/automatic_move/install/automove_engine:/opt/ros/humble /usr/bin/cmake /home/jienan/automatic_move/src/world_models -DCMAKE_INSTALL_PREFIX=/home/jienan/automatic_move/install/world_models
[0.141s] -- Found ament_cmake: 1.3.12 (/opt/ros/humble/share/ament_cmake/cmake)
[0.231s] -- Found rclpy: 3.3.17 (/opt/ros/humble/share/rclpy/cmake)
[0.272s] -- Configuring done
[0.273s] -- Generating done
[0.275s] -- Build files have been written to: /home/jienan/automatic_move/build/world_models
[0.277s] Invoked command in '/home/jienan/automatic_move/build/world_models' returned '0': CMAKE_PREFIX_PATH=${CMAKE_PREFIX_PATH}:/home/jienan/automatic_move/install/automove_engine:/opt/ros/humble /usr/bin/cmake /home/jienan/automatic_move/src/world_models -DCMAKE_INSTALL_PREFIX=/home/jienan/automatic_move/install/world_models
[0.278s] Invoking command in '/home/jienan/automatic_move/build/world_models': CMAKE_PREFIX_PATH=${CMAKE_PREFIX_PATH}:/home/jienan/automatic_move/install/automove_engine:/opt/ros/humble /usr/bin/cmake --build /home/jienan/automatic_move/build/world_models -- -j24 -l24
[0.305s] Invoked command in '/home/jienan/automatic_move/build/world_models' returned '0': CMAKE_PREFIX_PATH=${CMAKE_PREFIX_PATH}:/home/jienan/automatic_move/install/automove_engine:/opt/ros/humble /usr/bin/cmake --build /home/jienan/automatic_move/build/world_models -- -j24 -l24
[0.306s] Invoking command in '/home/jienan/automatic_move/build/world_models': CMAKE_PREFIX_PATH=${CMAKE_PREFIX_PATH}:/home/jienan/automatic_move/install/automove_engine:/opt/ros/humble /usr/bin/cmake --install /home/jienan/automatic_move/build/world_models
[0.312s] -- Install configuration: ""
[0.312s] -- Up-to-date: /home/jienan/automatic_move/install/world_models/share/world_models
[0.312s] -- Up-to-date: /home/jienan/automatic_move/install/world_models/share/world_models/competition_field
[0.312s] -- Up-to-date: /home/jienan/automatic_move/install/world_models/share/world_models/competition_field/meshes
[0.312s] -- Up-to-date: /home/jienan/automatic_move/install/world_models/share/world_models/competition_field/meshes/world_no_forest.stl
[0.312s] -- Up-to-date: /home/jienan/automatic_move/install/world_models/share/world_models/competition_field/meshes/world.stl
[0.312s] -- Up-to-date: /home/jienan/automatic_move/install/world_models/share/world_models/competition_field/model.config
[0.312s] -- Up-to-date: /home/jienan/automatic_move/install/world_models/share/world_models/competition_field/model.sdf
[0.312s] -- Up-to-date: /home/jienan/automatic_move/install/world_models/share/world_models/simple_robot
[0.312s] -- Up-to-date: /home/jienan/automatic_move/install/world_models/share/world_models/simple_robot/model.config
[0.312s] -- Installing: /home/jienan/automatic_move/install/world_models/share/world_models/simple_robot/robot.urdf
[0.312s] -- Up-to-date: /home/jienan/automatic_move/install/world_models/share/world_models
[0.312s] -- Up-to-date: /home/jienan/automatic_move/install/world_models/share/world_models/competition_field_copy.world
[0.313s] -- Up-to-date: /home/jienan/automatic_move/install/world_models/share/world_models/competition_field.world
[0.313s] -- Up-to-date: /home/jienan/automatic_move/install/world_models/share/world_models
[0.313s] -- Up-to-date: /home/jienan/automatic_move/install/world_models/share/world_models/gazebo_launch.py
[0.313s] -- Up-to-date: /home/jienan/automatic_move/install/world_models/lib/world_models/test_robot_movement.py
[0.313s] -- Up-to-date: /home/jienan/automatic_move/install/world_models/share/ament_index/resource_index/package_run_dependencies/world_models
[0.313s] -- Installing: /home/jienan/automatic_move/install/world_models/share/ament_index/resource_index/parent_prefix_path/world_models
[0.313s] -- Up-to-date: /home/jienan/automatic_move/install/world_models/share/world_models/environment/ament_prefix_path.sh
[0.313s] -- Installing: /home/jienan/automatic_move/install/world_models/share/world_models/environment/ament_prefix_path.dsv
[0.313s] -- Up-to-date: /home/jienan/automatic_move/install/world_models/share/world_models/environment/path.sh
[0.313s] -- Installing: /home/jienan/automatic_move/install/world_models/share/world_models/environment/path.dsv
[0.313s] -- Up-to-date: /home/jienan/automatic_move/install/world_models/share/world_models/local_setup.bash
[0.313s] -- Up-to-date: /home/jienan/automatic_move/install/world_models/share/world_models/local_setup.sh
[0.313s] -- Up-to-date: /home/jienan/automatic_move/install/world_models/share/world_models/local_setup.zsh
[0.313s] -- Installing: /home/jienan/automatic_move/install/world_models/share/world_models/local_setup.dsv
[0.313s] -- Installing: /home/jienan/automatic_move/install/world_models/share/world_models/package.dsv
[0.313s] -- Up-to-date: /home/jienan/automatic_move/install/world_models/share/ament_index/resource_index/packages/world_models
[0.313s] -- Up-to-date: /home/jienan/automatic_move/install/world_models/share/world_models/cmake/world_modelsConfig.cmake
[0.313s] -- Up-to-date: /home/jienan/automatic_move/install/world_models/share/world_models/cmake/world_modelsConfig-version.cmake
[0.313s] -- Up-to-date: /home/jienan/automatic_move/install/world_models/share/world_models/package.xml
[0.314s] Invoked command in '/home/jienan/automatic_move/build/world_models' returned '0': CMAKE_PREFIX_PATH=${CMAKE_PREFIX_PATH}:/home/jienan/automatic_move/install/automove_engine:/opt/ros/humble /usr/bin/cmake --install /home/jienan/automatic_move/build/world_models
