[0.008s] Invoking command in '/home/jienan/automatic_move/build/ros2_livox_simulation': CMAKE_PREFIX_PATH=/home/jienan/automatic_move/install/livox_ros_driver2:/home/jienan/automatic_move/install/world_models:/home/jienan/automatic_move/install/ros2_livox_simulation:/home/jienan/automatic_move/install/automove_engine:/opt/ros/humble LD_LIBRARY_PATH=/home/jienan/automatic_move/install/livox_ros_driver2/lib:/home/jienan/automatic_move/install/ros2_livox_simulation/lib:/usr/lib/x86_64-linux-gnu/gazebo-11/plugins:/opt/ros/humble/opt/rviz_ogre_vendor/lib:/opt/ros/humble/lib/x86_64-linux-gnu:/opt/ros/humble/lib:/home/jienan/automatic_move/install/livox_sdk2/lib /usr/bin/cmake /home/jienan/automatic_move/src/livox_laser_simulation_ros2 -DCMAKE_INSTALL_PREFIX=/home/jienan/automatic_move/install/ros2_livox_simulation
[0.018s] -- Found ament_cmake: 1.3.12 (/opt/ros/humble/share/ament_cmake/cmake)
[0.099s] -- Found rclcpp: 16.0.15 (/opt/ros/humble/share/rclcpp/cmake)
[0.115s] -- Found rosidl_generator_c: 3.1.7 (/opt/ros/humble/share/rosidl_generator_c/cmake)
[0.116s] -- Found rosidl_adapter: 3.1.7 (/opt/ros/humble/share/rosidl_adapter/cmake)
[0.119s] -- Found rosidl_generator_cpp: 3.1.7 (/opt/ros/humble/share/rosidl_generator_cpp/cmake)
[0.124s] -- Using all available rosidl_typesupport_c: rosidl_typesupport_fastrtps_c;rosidl_typesupport_introspection_c
[0.130s] -- Using all available rosidl_typesupport_cpp: rosidl_typesupport_fastrtps_cpp;rosidl_typesupport_introspection_cpp
[0.148s] -- Found rmw_implementation_cmake: 6.1.2 (/opt/ros/humble/share/rmw_implementation_cmake/cmake)
[0.148s] -- Found rmw_fastrtps_cpp: 6.2.8 (/opt/ros/humble/share/rmw_fastrtps_cpp/cmake)
[0.217s] -- Using RMW implementation 'rmw_fastrtps_cpp' as default
[0.250s] -- Found gazebo_dev: 3.9.0 (/opt/ros/humble/share/gazebo_dev/cmake)
[0.274s] -- Found DART: /usr/include (Required is at least version "6.6") found components: dart 
[0.296s] -- Found Boost: /usr/lib/x86_64-linux-gnu/cmake/Boost-1.74.0/BoostConfig.cmake (found suitable version "1.74.0", minimum required is "1.40.0") found components: thread system filesystem program_options regex iostreams date_time 
[0.307s] -- Found Protobuf: /usr/lib/x86_64-linux-gnu/libprotobuf.so (found version "3.12.4") 
[0.308s] -- Looking for ignition-math6 -- found version 6.15.1
[0.312s] -- Searching for dependencies of ignition-math6
[0.312s] -- Looking for OGRE...
[0.316s] -- Found Ogre Ghadamon (1.9.0)
[0.316s] -- Found OGRE: optimized;/usr/lib/x86_64-linux-gnu/libOgreMain.so;debug;/usr/lib/x86_64-linux-gnu/libOgreMain.so
[0.323s] -- Looking for OGRE_Paging...
[0.323s] -- Found OGRE_Paging: optimized;/usr/lib/x86_64-linux-gnu/libOgrePaging.so;debug;/usr/lib/x86_64-linux-gnu/libOgrePaging.so
[0.323s] -- Looking for OGRE_Terrain...
[0.324s] -- Found OGRE_Terrain: optimized;/usr/lib/x86_64-linux-gnu/libOgreTerrain.so;debug;/usr/lib/x86_64-linux-gnu/libOgreTerrain.so
[0.324s] -- Looking for OGRE_Property...
[0.324s] -- Found OGRE_Property: optimized;/usr/lib/x86_64-linux-gnu/libOgreProperty.so;debug;/usr/lib/x86_64-linux-gnu/libOgreProperty.so
[0.324s] -- Looking for OGRE_RTShaderSystem...
[0.324s] -- Found OGRE_RTShaderSystem: optimized;/usr/lib/x86_64-linux-gnu/libOgreRTShaderSystem.so;debug;/usr/lib/x86_64-linux-gnu/libOgreRTShaderSystem.so
[0.324s] -- Looking for OGRE_Volume...
[0.324s] -- Found OGRE_Volume: optimized;/usr/lib/x86_64-linux-gnu/libOgreVolume.so;debug;/usr/lib/x86_64-linux-gnu/libOgreVolume.so
[0.324s] -- Looking for OGRE_Overlay...
[0.324s] -- Found OGRE_Overlay: optimized;/usr/lib/x86_64-linux-gnu/libOgreOverlay.so;debug;/usr/lib/x86_64-linux-gnu/libOgreOverlay.so
[0.386s] -- Looking for ignition-math6 -- found version 6.15.1
[0.386s] -- Looking for ignition-transport8 -- found version 8.2.1
[0.386s] -- Searching for dependencies of ignition-transport8
[0.397s] -- Found Protobuf: /usr/lib/x86_64-linux-gnu/libprotobuf.so (found suitable version "3.12.4", minimum required is "3") 
[0.403s] -- Config-file not installed for ZeroMQ -- checking for pkg-config
[0.407s] -- Checking for module 'libzmq >= 4'
[0.418s] --   Found libzmq , version 4.3.4
[0.470s] -- Checking for module 'uuid'
[0.492s] --   Found uuid, version 2.37.2
[0.537s] -- Looking for ignition-msgs5 -- found version 5.8.1
[0.537s] -- Searching for dependencies of ignition-msgs5
[0.562s] -- Looking for ignition-math6 -- found version 6.15.1
[0.568s] -- Checking for module 'tinyxml2'
[0.585s] --   Found tinyxml2, version 9.0.0
[0.635s] -- Looking for ignition-msgs5 -- found version 5.8.1
[0.635s] -- Looking for ignition-common3 -- found version 3.14.0
[0.636s] -- Searching for dependencies of ignition-common3
[0.636s] -- Looking for dlfcn.h - found
[0.636s] -- Looking for libdl - found
[0.646s] -- Searching for <ignition-common3> component [graphics]
[0.646s] -- Looking for ignition-common3-graphics -- found version 3.14.0
[0.646s] -- Searching for dependencies of ignition-common3-graphics
[0.647s] -- Looking for ignition-math6 -- found version 6.15.1
[0.647s] -- Looking for ignition-fuel_tools4 -- found version 4.4.0
[0.648s] -- Searching for dependencies of ignition-fuel_tools4
[0.675s] -- Checking for module 'jsoncpp'
[0.686s] --   Found jsoncpp, version 1.9.5
[0.741s] -- Checking for module 'libzip'
[0.759s] --   Found libzip, version 1.7.3
[0.810s] -- Looking for ignition-common3 -- found version 3.14.0
[0.811s] -- Looking for ignition-math6 -- found version 6.15.1
[0.811s] -- Looking for ignition-msgs5 -- found version 5.8.1
[0.814s] -- Gazebo version: 11.10
[0.814s] -- Found gazebo_ros: 3.9.0 (/opt/ros/humble/share/gazebo_ros/cmake)
[0.818s] -- Found sensor_msgs: 4.9.0 (/opt/ros/humble/share/sensor_msgs/cmake)
[0.838s] -- Found tf2_ros: 0.25.16 (/opt/ros/humble/share/tf2_ros/cmake)
[0.882s] -- Found rosidl_default_generators: 1.2.0 (/opt/ros/humble/share/rosidl_default_generators/cmake)
[0.886s] -- Found livox_ros_driver2: 1.0.0 (/home/jienan/automatic_move/install/livox_ros_driver2/share/livox_ros_driver2/cmake)
[0.913s] -- Eigen found (include: /usr/include/eigen3, version: 3.4.0)
[0.941s] -- FLANN found (include: /usr/include, lib: /usr/lib/x86_64-linux-gnu/libflann_cpp.so)
[1.185s] -- OpenNI found (version: 1.5.4.0, include: /usr/include/ni, lib: /usr/lib/libOpenNI.so;libusb::libusb)
[1.190s] -- OpenNI2 found (version: 2.2.0.33, include: /usr/include/openni2, lib: /usr/lib/x86_64-linux-gnu/libOpenNI2.so;libusb::libusb)
[1.304s] -- Eigen found (include: /usr/include/eigen3, version: 3.4.0)
[1.308s] -- OpenNI found (version: 1.5.4.0, include: /usr/include/ni, lib: /usr/lib/libOpenNI.so;libusb::libusb)
[1.312s] -- OpenNI2 found (version: 2.2.0.33, include: /usr/include/openni2, lib: /usr/lib/x86_64-linux-gnu/libOpenNI2.so;libusb::libusb)
[1.405s] -- Found Qhull version 8.0.2
[1.497s] -- OpenNI found (version: 1.5.4.0, include: /usr/include/ni, lib: /usr/lib/libOpenNI.so;libusb::libusb)
[1.601s] -- Found Boost: /usr/lib/x86_64-linux-gnu/cmake/Boost-1.74.0/BoostConfig.cmake (found version "1.74.0") found components: chrono 
[1.604s] -- Found ament_lint_auto: 0.12.14 (/opt/ros/humble/share/ament_lint_auto/cmake)
[1.707s] -- Added test 'copyright' to check source files copyright and LICENSE
[1.708s] -- Added test 'cppcheck' to perform static code analysis on C / C++ code
[1.708s] -- Configured cppcheck include dirs: /home/jienan/automatic_move/src/livox_laser_simulation_ros2/include
[1.709s] -- Configured cppcheck exclude dirs and/or files: 
[1.710s] -- Added test 'cpplint' to check C / C++ code against the Google style
[1.710s] -- Configured cpplint exclude dirs and/or files: 
[1.711s] -- Added test 'lint_cmake' to check CMake code style
[1.712s] -- Added test 'uncrustify' to check C / C++ code style
[1.712s] -- Configured uncrustify additional arguments: 
[1.712s] -- Added test 'xmllint' to check XML markup files
[1.713s] -- Configuring done
[1.726s] -- Generating done
[1.729s] -- Build files have been written to: /home/jienan/automatic_move/build/ros2_livox_simulation
[1.740s] Invoked command in '/home/jienan/automatic_move/build/ros2_livox_simulation' returned '0': CMAKE_PREFIX_PATH=/home/jienan/automatic_move/install/livox_ros_driver2:/home/jienan/automatic_move/install/world_models:/home/jienan/automatic_move/install/ros2_livox_simulation:/home/jienan/automatic_move/install/automove_engine:/opt/ros/humble LD_LIBRARY_PATH=/home/jienan/automatic_move/install/livox_ros_driver2/lib:/home/jienan/automatic_move/install/ros2_livox_simulation/lib:/usr/lib/x86_64-linux-gnu/gazebo-11/plugins:/opt/ros/humble/opt/rviz_ogre_vendor/lib:/opt/ros/humble/lib/x86_64-linux-gnu:/opt/ros/humble/lib:/home/jienan/automatic_move/install/livox_sdk2/lib /usr/bin/cmake /home/jienan/automatic_move/src/livox_laser_simulation_ros2 -DCMAKE_INSTALL_PREFIX=/home/jienan/automatic_move/install/ros2_livox_simulation
[1.741s] Invoking command in '/home/jienan/automatic_move/build/ros2_livox_simulation': CMAKE_PREFIX_PATH=/home/jienan/automatic_move/install/livox_ros_driver2:/home/jienan/automatic_move/install/world_models:/home/jienan/automatic_move/install/ros2_livox_simulation:/home/jienan/automatic_move/install/automove_engine:/opt/ros/humble LD_LIBRARY_PATH=/home/jienan/automatic_move/install/livox_ros_driver2/lib:/home/jienan/automatic_move/install/ros2_livox_simulation/lib:/usr/lib/x86_64-linux-gnu/gazebo-11/plugins:/opt/ros/humble/opt/rviz_ogre_vendor/lib:/opt/ros/humble/lib/x86_64-linux-gnu:/opt/ros/humble/lib:/home/jienan/automatic_move/install/livox_sdk2/lib /usr/bin/cmake --build /home/jienan/automatic_move/build/ros2_livox_simulation -- -j24 -l24
[1.780s] [35m[1mConsolidate compiler generated dependencies of target ros2_livox[0m
[1.812s] [100%] Built target ros2_livox
[1.824s] Invoked command in '/home/jienan/automatic_move/build/ros2_livox_simulation' returned '0': CMAKE_PREFIX_PATH=/home/jienan/automatic_move/install/livox_ros_driver2:/home/jienan/automatic_move/install/world_models:/home/jienan/automatic_move/install/ros2_livox_simulation:/home/jienan/automatic_move/install/automove_engine:/opt/ros/humble LD_LIBRARY_PATH=/home/jienan/automatic_move/install/livox_ros_driver2/lib:/home/jienan/automatic_move/install/ros2_livox_simulation/lib:/usr/lib/x86_64-linux-gnu/gazebo-11/plugins:/opt/ros/humble/opt/rviz_ogre_vendor/lib:/opt/ros/humble/lib/x86_64-linux-gnu:/opt/ros/humble/lib:/home/jienan/automatic_move/install/livox_sdk2/lib /usr/bin/cmake --build /home/jienan/automatic_move/build/ros2_livox_simulation -- -j24 -l24
[1.827s] Invoking command in '/home/jienan/automatic_move/build/ros2_livox_simulation': CMAKE_PREFIX_PATH=/home/jienan/automatic_move/install/livox_ros_driver2:/home/jienan/automatic_move/install/world_models:/home/jienan/automatic_move/install/ros2_livox_simulation:/home/jienan/automatic_move/install/automove_engine:/opt/ros/humble LD_LIBRARY_PATH=/home/jienan/automatic_move/install/livox_ros_driver2/lib:/home/jienan/automatic_move/install/ros2_livox_simulation/lib:/usr/lib/x86_64-linux-gnu/gazebo-11/plugins:/opt/ros/humble/opt/rviz_ogre_vendor/lib:/opt/ros/humble/lib/x86_64-linux-gnu:/opt/ros/humble/lib:/home/jienan/automatic_move/install/livox_sdk2/lib /usr/bin/cmake --install /home/jienan/automatic_move/build/ros2_livox_simulation
[1.836s] -- Install configuration: ""
[1.836s] -- Up-to-date: /home/jienan/automatic_move/install/ros2_livox_simulation/include
[1.836s] -- Up-to-date: /home/jienan/automatic_move/install/ros2_livox_simulation/include/ros2_livox
[1.837s] -- Up-to-date: /home/jienan/automatic_move/install/ros2_livox_simulation/include/ros2_livox/csv_reader.hpp
[1.837s] -- Up-to-date: /home/jienan/automatic_move/install/ros2_livox_simulation/include/ros2_livox/livox_ode_multiray_shape.h
[1.837s] -- Up-to-date: /home/jienan/automatic_move/install/ros2_livox_simulation/include/ros2_livox/livox_points_plugin.h
[1.837s] -- Up-to-date: /home/jienan/automatic_move/install/ros2_livox_simulation/lib/libros2_livox.so
[1.837s] -- Up-to-date: /home/jienan/automatic_move/install/ros2_livox_simulation/share/ros2_livox_simulation/environment/library_path.sh
[1.837s] -- Installing: /home/jienan/automatic_move/install/ros2_livox_simulation/share/ros2_livox_simulation/environment/library_path.dsv
[1.837s] -- Up-to-date: /home/jienan/automatic_move/install/ros2_livox_simulation/share/ros2_livox_simulation/scan_mode/mid40.csv
[1.837s] -- Up-to-date: /home/jienan/automatic_move/install/ros2_livox_simulation/share/ros2_livox_simulation/scan_mode/mid70.csv
[1.837s] -- Up-to-date: /home/jienan/automatic_move/install/ros2_livox_simulation/share/ros2_livox_simulation/scan_mode/mid360.csv
[1.837s] -- Up-to-date: /home/jienan/automatic_move/install/ros2_livox_simulation/share/ros2_livox_simulation/scan_mode/tele.csv
[1.837s] -- Up-to-date: /home/jienan/automatic_move/install/ros2_livox_simulation/share/ros2_livox_simulation/scan_mode/horizon.csv
[1.837s] -- Up-to-date: /home/jienan/automatic_move/install/ros2_livox_simulation/share/ros2_livox_simulation/scan_mode/HAP.csv
[1.838s] -- Up-to-date: /home/jienan/automatic_move/install/ros2_livox_simulation/share/ros2_livox_simulation/scan_mode/avia.csv
[1.838s] -- Up-to-date: /home/jienan/automatic_move/install/ros2_livox_simulation/share/ros2_livox_simulation/urdf/mid40.xacro
[1.838s] -- Up-to-date: /home/jienan/automatic_move/install/ros2_livox_simulation/share/ros2_livox_simulation/urdf/mid70.xacro
[1.838s] -- Up-to-date: /home/jienan/automatic_move/install/ros2_livox_simulation/share/ros2_livox_simulation/urdf/mid360.xacro
[1.838s] -- Up-to-date: /home/jienan/automatic_move/install/ros2_livox_simulation/share/ros2_livox_simulation/urdf/tele.xacro
[1.838s] -- Up-to-date: /home/jienan/automatic_move/install/ros2_livox_simulation/share/ros2_livox_simulation/urdf/horizon.xacro
[1.838s] -- Up-to-date: /home/jienan/automatic_move/install/ros2_livox_simulation/share/ros2_livox_simulation/urdf/HAP.xacro
[1.838s] -- Up-to-date: /home/jienan/automatic_move/install/ros2_livox_simulation/share/ros2_livox_simulation/urdf/avia.xacro
[1.838s] -- Up-to-date: /home/jienan/automatic_move/install/ros2_livox_simulation/share/ros2_livox_simulation/meshes
[1.838s] -- Up-to-date: /home/jienan/automatic_move/install/ros2_livox_simulation/share/ros2_livox_simulation/meshes/mid-360-scaled.dae
[1.838s] -- Up-to-date: /home/jienan/automatic_move/install/ros2_livox_simulation/share/ament_index/resource_index/package_run_dependencies/ros2_livox_simulation
[1.838s] -- Installing: /home/jienan/automatic_move/install/ros2_livox_simulation/share/ament_index/resource_index/parent_prefix_path/ros2_livox_simulation
[1.838s] -- Up-to-date: /home/jienan/automatic_move/install/ros2_livox_simulation/share/ros2_livox_simulation/environment/ament_prefix_path.sh
[1.838s] -- Installing: /home/jienan/automatic_move/install/ros2_livox_simulation/share/ros2_livox_simulation/environment/ament_prefix_path.dsv
[1.839s] -- Up-to-date: /home/jienan/automatic_move/install/ros2_livox_simulation/share/ros2_livox_simulation/environment/path.sh
[1.839s] -- Installing: /home/jienan/automatic_move/install/ros2_livox_simulation/share/ros2_livox_simulation/environment/path.dsv
[1.839s] -- Up-to-date: /home/jienan/automatic_move/install/ros2_livox_simulation/share/ros2_livox_simulation/local_setup.bash
[1.839s] -- Up-to-date: /home/jienan/automatic_move/install/ros2_livox_simulation/share/ros2_livox_simulation/local_setup.sh
[1.839s] -- Up-to-date: /home/jienan/automatic_move/install/ros2_livox_simulation/share/ros2_livox_simulation/local_setup.zsh
[1.839s] -- Installing: /home/jienan/automatic_move/install/ros2_livox_simulation/share/ros2_livox_simulation/local_setup.dsv
[1.839s] -- Installing: /home/jienan/automatic_move/install/ros2_livox_simulation/share/ros2_livox_simulation/package.dsv
[1.839s] -- Up-to-date: /home/jienan/automatic_move/install/ros2_livox_simulation/share/ament_index/resource_index/packages/ros2_livox_simulation
[1.839s] -- Up-to-date: /home/jienan/automatic_move/install/ros2_livox_simulation/share/ros2_livox_simulation/cmake/ament_cmake_export_libraries-extras.cmake
[1.839s] -- Up-to-date: /home/jienan/automatic_move/install/ros2_livox_simulation/share/ros2_livox_simulation/cmake/ros2_livox_simulationConfig.cmake
[1.839s] -- Up-to-date: /home/jienan/automatic_move/install/ros2_livox_simulation/share/ros2_livox_simulation/cmake/ros2_livox_simulationConfig-version.cmake
[1.839s] -- Up-to-date: /home/jienan/automatic_move/install/ros2_livox_simulation/share/ros2_livox_simulation/package.xml
[1.841s] Invoked command in '/home/jienan/automatic_move/build/ros2_livox_simulation' returned '0': CMAKE_PREFIX_PATH=/home/jienan/automatic_move/install/livox_ros_driver2:/home/jienan/automatic_move/install/world_models:/home/jienan/automatic_move/install/ros2_livox_simulation:/home/jienan/automatic_move/install/automove_engine:/opt/ros/humble LD_LIBRARY_PATH=/home/jienan/automatic_move/install/livox_ros_driver2/lib:/home/jienan/automatic_move/install/ros2_livox_simulation/lib:/usr/lib/x86_64-linux-gnu/gazebo-11/plugins:/opt/ros/humble/opt/rviz_ogre_vendor/lib:/opt/ros/humble/lib/x86_64-linux-gnu:/opt/ros/humble/lib:/home/jienan/automatic_move/install/livox_sdk2/lib /usr/bin/cmake --install /home/jienan/automatic_move/build/ros2_livox_simulation
